2018-04-01T06:17:21+00:00 CRITICAL Uncaught Error: Class 'WPSEO_Import_WPSEO_Hooks' not found in /data/wwwroot/www.plastic-crate.co.uk/wp-content/plugins/wordpress-seo/admin/class-admin.php:111
Stack trace:
#0 /data/wwwroot/www.plastic-crate.co.uk/wp-includes/class-wp-hook.php(286): WPSEO_Admin->import_plugin_hooks('')
#1 /data/wwwroot/www.plastic-crate.co.uk/wp-includes/class-wp-hook.php(310): WP_Hook->apply_filters(NULL, Array)
#2 /data/wwwroot/www.plastic-crate.co.uk/wp-includes/plugin.php(453): WP_Hook->do_action(Array)
#3 /data/wwwroot/www.plastic-crate.co.uk/wp-admin/admin.php(156): do_action('admin_init')
#4 /data/wwwroot/www.plastic-crate.co.uk/wp-admin/plugin-install.php(15): require_once('/data/wwwroot/w...')
#5 {main}
  thrown

2018-04-01T06:17:36+00:00 CRITICAL Uncaught Error: Class 'WPSEO_Import_WPSEO_Hooks' not found in /data/wwwroot/www.plastic-crate.co.uk/wp-content/plugins/wordpress-seo/admin/class-admin.php:111
Stack trace:
#0 /data/wwwroot/www.plastic-crate.co.uk/wp-includes/class-wp-hook.php(286): WPSEO_Admin->import_plugin_hooks('')
#1 /data/wwwroot/www.plastic-crate.co.uk/wp-includes/class-wp-hook.php(310): WP_Hook->apply_filters(NULL, Array)
#2 /data/wwwroot/www.plastic-crate.co.uk/wp-includes/plugin.php(453): WP_Hook->do_action(Array)
#3 /data/wwwroot/www.plastic-crate.co.uk/wp-admin/admin.php(156): do_action('admin_init')
#4 /data/wwwroot/www.plastic-crate.co.uk/wp-admin/plugin-install.php(15): require_once('/data/wwwroot/w...')
#5 {main}
  thrown

2018-04-01T06:17:39+00:00 CRITICAL Uncaught Error: Class 'WPSEO_Import_WPSEO_Hooks' not found in /data/wwwroot/www.plastic-crate.co.uk/wp-content/plugins/wordpress-seo/admin/class-admin.php:111
Stack trace:
#0 /data/wwwroot/www.plastic-crate.co.uk/wp-includes/class-wp-hook.php(286): WPSEO_Admin->import_plugin_hooks('')
#1 /data/wwwroot/www.plastic-crate.co.uk/wp-includes/class-wp-hook.php(310): WP_Hook->apply_filters(NULL, Array)
#2 /data/wwwroot/www.plastic-crate.co.uk/wp-includes/plugin.php(453): WP_Hook->do_action(Array)
#3 /data/wwwroot/www.plastic-crate.co.uk/wp-admin/admin.php(156): do_action('admin_init')
#4 /data/wwwroot/www.plastic-crate.co.uk/wp-admin/plugin-install.php(15): require_once('/data/wwwroot/w...')
#5 {main}
  thrown

2018-04-01T06:17:46+00:00 CRITICAL Uncaught Error: Class 'WPSEO_Import_WPSEO_Hooks' not found in /data/wwwroot/www.plastic-crate.co.uk/wp-content/plugins/wordpress-seo/admin/class-admin.php:111
Stack trace:
#0 /data/wwwroot/www.plastic-crate.co.uk/wp-includes/class-wp-hook.php(286): WPSEO_Admin->import_plugin_hooks('')
#1 /data/wwwroot/www.plastic-crate.co.uk/wp-includes/class-wp-hook.php(310): WP_Hook->apply_filters(NULL, Array)
#2 /data/wwwroot/www.plastic-crate.co.uk/wp-includes/plugin.php(453): WP_Hook->do_action(Array)
#3 /data/wwwroot/www.plastic-crate.co.uk/wp-admin/admin.php(156): do_action('admin_init')
#4 /data/wwwroot/www.plastic-crate.co.uk/wp-admin/index.php(10): require_once('/data/wwwroot/w...')
#5 {main}
  thrown

2018-04-21T19:46:32+00:00 CRITICAL Cannot declare class PMXI_Plugin, because the name is already in use

2018-04-21T19:46:33+00:00 CRITICAL Cannot declare class PMXI_Plugin, because the name is already in use

2018-04-21T19:46:34+00:00 CRITICAL Cannot declare class PMXI_Plugin, because the name is already in use

