2019-06-21T23:13:35+00:00 CRITICAL Uncaught Error: Class 'Kirki_Modules_Webfonts_Local' not found in /data/wwwroot/www.plastic-crate.co.uk/wp-content/plugins/kirki/modules/webfonts/class-kirki-modules-webfonts.php:97
Stack trace:
#0 /data/wwwroot/www.plastic-crate.co.uk/wp-content/plugins/kirki/modules/webfonts/class-kirki-modules-webfonts.php(66): Kirki_Modules_Webfonts->init()
#1 /data/wwwroot/www.plastic-crate.co.uk/wp-includes/class-wp-hook.php(286): Kirki_Modules_Webfonts->run('')
#2 /data/wwwroot/www.plastic-crate.co.uk/wp-includes/class-wp-hook.php(310): WP_Hook->apply_filters(NULL, Array)
#3 /data/wwwroot/www.plastic-crate.co.uk/wp-includes/plugin.php(453): WP_Hook->do_action(Array)
#4 /data/wwwroot/www.plastic-crate.co.uk/wp-settings.php(488): do_action('wp_loaded')
#5 /data/wwwroot/www.plastic-crate.co.uk/wp-config.php(89): require_once('/data/wwwroot/w...')
#6 /data/wwwroot/www.plastic-crate.co.uk/wp-load.php(37): require_once('/data/wwwroot/w...')
#7 /data/wwwroot/www.plastic-crate.co.uk/wp-admin/admin-ajax.php(22): require_once('/ in /data/wwwroot/www.plastic-crate.co.uk/wp-content/plugins/kirki/modules/webfonts/class-kirki-modules-webfonts.php on line 97

2019-06-21T23:13:42+00:00 CRITICAL Uncaught Error: Class 'Kirki_Modules_Webfonts_Local' not found in /data/wwwroot/www.plastic-crate.co.uk/wp-content/plugins/kirki/modules/webfonts/class-kirki-modules-webfonts.php:97
Stack trace:
#0 /data/wwwroot/www.plastic-crate.co.uk/wp-content/plugins/kirki/modules/webfonts/class-kirki-modules-webfonts.php(66): Kirki_Modules_Webfonts->init()
#1 /data/wwwroot/www.plastic-crate.co.uk/wp-includes/class-wp-hook.php(286): Kirki_Modules_Webfonts->run('')
#2 /data/wwwroot/www.plastic-crate.co.uk/wp-includes/class-wp-hook.php(310): WP_Hook->apply_filters(NULL, Array)
#3 /data/wwwroot/www.plastic-crate.co.uk/wp-includes/plugin.php(453): WP_Hook->do_action(Array)
#4 /data/wwwroot/www.plastic-crate.co.uk/wp-settings.php(488): do_action('wp_loaded')
#5 /data/wwwroot/www.plastic-crate.co.uk/wp-config.php(89): require_once('/data/wwwroot/w...')
#6 /data/wwwroot/www.plastic-crate.co.uk/wp-load.php(37): require_once('/data/wwwroot/w...')
#7 /data/wwwroot/www.plastic-crate.co.uk/wp-admin/admin-ajax.php(22): require_once('/ in /data/wwwroot/www.plastic-crate.co.uk/wp-content/plugins/kirki/modules/webfonts/class-kirki-modules-webfonts.php on line 97

2019-06-21T23:13:48+00:00 CRITICAL Uncaught Error: Class 'Kirki_Modules_Webfonts_Local' not found in /data/wwwroot/www.plastic-crate.co.uk/wp-content/plugins/kirki/modules/webfonts/class-kirki-modules-webfonts.php:97
Stack trace:
#0 /data/wwwroot/www.plastic-crate.co.uk/wp-content/plugins/kirki/modules/webfonts/class-kirki-modules-webfonts.php(66): Kirki_Modules_Webfonts->init()
#1 /data/wwwroot/www.plastic-crate.co.uk/wp-includes/class-wp-hook.php(286): Kirki_Modules_Webfonts->run('')
#2 /data/wwwroot/www.plastic-crate.co.uk/wp-includes/class-wp-hook.php(310): WP_Hook->apply_filters(NULL, Array)
#3 /data/wwwroot/www.plastic-crate.co.uk/wp-includes/plugin.php(453): WP_Hook->do_action(Array)
#4 /data/wwwroot/www.plastic-crate.co.uk/wp-settings.php(488): do_action('wp_loaded')
#5 /data/wwwroot/www.plastic-crate.co.uk/wp-config.php(89): require_once('/data/wwwroot/w...')
#6 /data/wwwroot/www.plastic-crate.co.uk/wp-load.php(37): require_once('/data/wwwroot/w...')
#7 /data/wwwroot/www.plastic-crate.co.uk/wp-admin/admin.php(31): require_once('/data/ in /data/wwwroot/www.plastic-crate.co.uk/wp-content/plugins/kirki/modules/webfonts/class-kirki-modules-webfonts.php on line 97

2019-06-21T23:13:53+00:00 CRITICAL Uncaught Error: Class 'Kirki_Modules_Webfonts_Local' not found in /data/wwwroot/www.plastic-crate.co.uk/wp-content/plugins/kirki/modules/webfonts/class-kirki-modules-webfonts.php:97
Stack trace:
#0 /data/wwwroot/www.plastic-crate.co.uk/wp-content/plugins/kirki/modules/webfonts/class-kirki-modules-webfonts.php(66): Kirki_Modules_Webfonts->init()
#1 /data/wwwroot/www.plastic-crate.co.uk/wp-includes/class-wp-hook.php(286): Kirki_Modules_Webfonts->run('')
#2 /data/wwwroot/www.plastic-crate.co.uk/wp-includes/class-wp-hook.php(310): WP_Hook->apply_filters(NULL, Array)
#3 /data/wwwroot/www.plastic-crate.co.uk/wp-includes/plugin.php(453): WP_Hook->do_action(Array)
#4 /data/wwwroot/www.plastic-crate.co.uk/wp-settings.php(488): do_action('wp_loaded')
#5 /data/wwwroot/www.plastic-crate.co.uk/wp-config.php(89): require_once('/data/wwwroot/w...')
#6 /data/wwwroot/www.plastic-crate.co.uk/wp-load.php(37): require_once('/data/wwwroot/w...')
#7 /data/wwwroot/www.plastic-crate.co.uk/wp-admin/admin.php(31): require_once('/data/ in /data/wwwroot/www.plastic-crate.co.uk/wp-content/plugins/kirki/modules/webfonts/class-kirki-modules-webfonts.php on line 97

2019-06-21T23:15:56+00:00 CRITICAL Class 'ActionScheduler_AdminView_Deprecated' not found in /data/wwwroot/www.plastic-crate.co.uk/wp-content/plugins/woocommerce/includes/libraries/action-scheduler/classes/ActionScheduler_AdminView.php on line 7

2019-06-21T23:16:20+00:00 CRITICAL Uncaught Exception: Table 'plastic-crate.co.uk.wp_pmxi_images' doesn't exist in /data/wwwroot/www.plastic-crate.co.uk/wp-content/plugins/wp-all-import/models/model/record.php:78
Stack trace:
#0 /data/wwwroot/www.plastic-crate.co.uk/wp-content/plugins/wp-all-import/actions/add_attachment.php(22): PMXI_Model_Record->insert()
#1 /data/wwwroot/www.plastic-crate.co.uk/wp-includes/class-wp-hook.php(286): pmxi_add_attachment(1605)
#2 /data/wwwroot/www.plastic-crate.co.uk/wp-includes/class-wp-hook.php(310): WP_Hook->apply_filters('', Array)
#3 /data/wwwroot/www.plastic-crate.co.uk/wp-includes/plugin.php(453): WP_Hook->do_action(Array)
#4 /data/wwwroot/www.plastic-crate.co.uk/wp-includes/post.php(3694): do_action('add_attachment', 1605)
#5 /data/wwwroot/www.plastic-crate.co.uk/wp-includes/post.php(5082): wp_insert_post(Array, false)
#6 /data/wwwroot/www.plastic-crate.co.uk/wp-content/plugins/woocommerce/includes/class-wc-install.php(1190): wp_insert_attachment(Array, '/data/wwwroot/w...')
#7 /data/wwwroot/www.plastic- in /data/wwwroot/www.plastic-crate.co.uk/wp-content/plugins/wp-all-import/models/model/record.php on line 78

2019-06-21T23:27:03+00:00 CRITICAL Uncaught Exception: Table 'plastic-crate.co.uk.wp_pmxi_images' doesn't exist in /data/wwwroot/www.plastic-crate.co.uk/wp-content/plugins/wp-all-import/models/model/record.php:78
Stack trace:
#0 /data/wwwroot/www.plastic-crate.co.uk/wp-content/plugins/wp-all-import/actions/add_attachment.php(22): PMXI_Model_Record->insert()
#1 /data/wwwroot/www.plastic-crate.co.uk/wp-includes/class-wp-hook.php(286): pmxi_add_attachment(1606)
#2 /data/wwwroot/www.plastic-crate.co.uk/wp-includes/class-wp-hook.php(310): WP_Hook->apply_filters('', Array)
#3 /data/wwwroot/www.plastic-crate.co.uk/wp-includes/plugin.php(453): WP_Hook->do_action(Array)
#4 /data/wwwroot/www.plastic-crate.co.uk/wp-includes/post.php(3694): do_action('add_attachment', 1606)
#5 /data/wwwroot/www.plastic-crate.co.uk/wp-includes/post.php(5082): wp_insert_post(Array, false)
#6 /data/wwwroot/www.plastic-crate.co.uk/wp-content/plugins/woocommerce/includes/class-wc-install.php(1190): wp_insert_attachment(Array, '/data/wwwroot/w...')
#7 /data/wwwroot/www.plastic- in /data/wwwroot/www.plastic-crate.co.uk/wp-content/plugins/wp-all-import/models/model/record.php on line 78

2019-06-21T23:37:08+00:00 CRITICAL Uncaught Exception: Table 'plastic-crate.co.uk.wp_pmxi_images' doesn't exist in /data/wwwroot/www.plastic-crate.co.uk/wp-content/plugins/wp-all-import/models/model/record.php:78
Stack trace:
#0 /data/wwwroot/www.plastic-crate.co.uk/wp-content/plugins/wp-all-import/actions/add_attachment.php(22): PMXI_Model_Record->insert()
#1 /data/wwwroot/www.plastic-crate.co.uk/wp-includes/class-wp-hook.php(286): pmxi_add_attachment(1607)
#2 /data/wwwroot/www.plastic-crate.co.uk/wp-includes/class-wp-hook.php(310): WP_Hook->apply_filters('', Array)
#3 /data/wwwroot/www.plastic-crate.co.uk/wp-includes/plugin.php(453): WP_Hook->do_action(Array)
#4 /data/wwwroot/www.plastic-crate.co.uk/wp-includes/post.php(3694): do_action('add_attachment', 1607)
#5 /data/wwwroot/www.plastic-crate.co.uk/wp-includes/post.php(5082): wp_insert_post(Array, false)
#6 /data/wwwroot/www.plastic-crate.co.uk/wp-content/plugins/woocommerce/includes/class-wc-install.php(1190): wp_insert_attachment(Array, '/data/wwwroot/w...')
#7 /data/wwwroot/www.plastic- in /data/wwwroot/www.plastic-crate.co.uk/wp-content/plugins/wp-all-import/models/model/record.php on line 78

2019-06-21T23:47:27+00:00 CRITICAL Uncaught Exception: Table 'plastic-crate.co.uk.wp_pmxi_images' doesn't exist in /data/wwwroot/www.plastic-crate.co.uk/wp-content/plugins/wp-all-import/models/model/record.php:78
Stack trace:
#0 /data/wwwroot/www.plastic-crate.co.uk/wp-content/plugins/wp-all-import/actions/add_attachment.php(22): PMXI_Model_Record->insert()
#1 /data/wwwroot/www.plastic-crate.co.uk/wp-includes/class-wp-hook.php(286): pmxi_add_attachment(1608)
#2 /data/wwwroot/www.plastic-crate.co.uk/wp-includes/class-wp-hook.php(310): WP_Hook->apply_filters('', Array)
#3 /data/wwwroot/www.plastic-crate.co.uk/wp-includes/plugin.php(453): WP_Hook->do_action(Array)
#4 /data/wwwroot/www.plastic-crate.co.uk/wp-includes/post.php(3694): do_action('add_attachment', 1608)
#5 /data/wwwroot/www.plastic-crate.co.uk/wp-includes/post.php(5082): wp_insert_post(Array, false)
#6 /data/wwwroot/www.plastic-crate.co.uk/wp-content/plugins/woocommerce/includes/class-wc-install.php(1190): wp_insert_attachment(Array, '/data/wwwroot/w...')
#7 /data/wwwroot/www.plastic- in /data/wwwroot/www.plastic-crate.co.uk/wp-content/plugins/wp-all-import/models/model/record.php on line 78

2019-06-21T23:58:31+00:00 CRITICAL Uncaught Exception: Table 'plastic-crate.co.uk.wp_pmxi_images' doesn't exist in /data/wwwroot/www.plastic-crate.co.uk/wp-content/plugins/wp-all-import/models/model/record.php:78
Stack trace:
#0 /data/wwwroot/www.plastic-crate.co.uk/wp-content/plugins/wp-all-import/actions/add_attachment.php(22): PMXI_Model_Record->insert()
#1 /data/wwwroot/www.plastic-crate.co.uk/wp-includes/class-wp-hook.php(286): pmxi_add_attachment(1609)
#2 /data/wwwroot/www.plastic-crate.co.uk/wp-includes/class-wp-hook.php(310): WP_Hook->apply_filters('', Array)
#3 /data/wwwroot/www.plastic-crate.co.uk/wp-includes/plugin.php(453): WP_Hook->do_action(Array)
#4 /data/wwwroot/www.plastic-crate.co.uk/wp-includes/post.php(3694): do_action('add_attachment', 1609)
#5 /data/wwwroot/www.plastic-crate.co.uk/wp-includes/post.php(5082): wp_insert_post(Array, false)
#6 /data/wwwroot/www.plastic-crate.co.uk/wp-content/plugins/woocommerce/includes/class-wc-install.php(1190): wp_insert_attachment(Array, '/data/wwwroot/w...')
#7 /data/wwwroot/www.plastic- in /data/wwwroot/www.plastic-crate.co.uk/wp-content/plugins/wp-all-import/models/model/record.php on line 78

