2019-12-21T00:20:32+00:00 CRITICAL Uncaught Exception: Table 'plastic-crate.co.uk.wp_pmxi_images' doesn't exist in /data/wwwroot/www.plastic-crate.co.uk/wp-content/plugins/wp-all-import/models/model/record.php:78
Stack trace:
#0 /data/wwwroot/www.plastic-crate.co.uk/wp-content/plugins/wp-all-import/actions/add_attachment.php(22): PMXI_Model_Record->insert()
#1 /data/wwwroot/www.plastic-crate.co.uk/wp-includes/class-wp-hook.php(286): pmxi_add_attachment(21215)
#2 /data/wwwroot/www.plastic-crate.co.uk/wp-includes/class-wp-hook.php(310): WP_Hook->apply_filters('', Array)
#3 /data/wwwroot/www.plastic-crate.co.uk/wp-includes/plugin.php(453): WP_Hook->do_action(Array)
#4 /data/wwwroot/www.plastic-crate.co.uk/wp-includes/post.php(3694): do_action('add_attachment', 21215)
#5 /data/wwwroot/www.plastic-crate.co.uk/wp-includes/post.php(5082): wp_insert_post(Array, false)
#6 /data/wwwroot/www.plastic-crate.co.uk/wp-content/plugins/woocommerce/includes/class-wc-install.php(1190): wp_insert_attachment(Array, '/data/wwwroot/w...')
#7 /data/wwwroot/www.plasti in /data/wwwroot/www.plastic-crate.co.uk/wp-content/plugins/wp-all-import/models/model/record.php on line 78

2019-12-21T00:30:47+00:00 CRITICAL Uncaught Exception: Table 'plastic-crate.co.uk.wp_pmxi_images' doesn't exist in /data/wwwroot/www.plastic-crate.co.uk/wp-content/plugins/wp-all-import/models/model/record.php:78
Stack trace:
#0 /data/wwwroot/www.plastic-crate.co.uk/wp-content/plugins/wp-all-import/actions/add_attachment.php(22): PMXI_Model_Record->insert()
#1 /data/wwwroot/www.plastic-crate.co.uk/wp-includes/class-wp-hook.php(286): pmxi_add_attachment(21216)
#2 /data/wwwroot/www.plastic-crate.co.uk/wp-includes/class-wp-hook.php(310): WP_Hook->apply_filters('', Array)
#3 /data/wwwroot/www.plastic-crate.co.uk/wp-includes/plugin.php(453): WP_Hook->do_action(Array)
#4 /data/wwwroot/www.plastic-crate.co.uk/wp-includes/post.php(3694): do_action('add_attachment', 21216)
#5 /data/wwwroot/www.plastic-crate.co.uk/wp-includes/post.php(5082): wp_insert_post(Array, false)
#6 /data/wwwroot/www.plastic-crate.co.uk/wp-content/plugins/woocommerce/includes/class-wc-install.php(1190): wp_insert_attachment(Array, '/data/wwwroot/w...')
#7 /data/wwwroot/www.plasti in /data/wwwroot/www.plastic-crate.co.uk/wp-content/plugins/wp-all-import/models/model/record.php on line 78

2019-12-21T00:42:23+00:00 CRITICAL Uncaught Exception: Table 'plastic-crate.co.uk.wp_pmxi_images' doesn't exist in /data/wwwroot/www.plastic-crate.co.uk/wp-content/plugins/wp-all-import/models/model/record.php:78
Stack trace:
#0 /data/wwwroot/www.plastic-crate.co.uk/wp-content/plugins/wp-all-import/actions/add_attachment.php(22): PMXI_Model_Record->insert()
#1 /data/wwwroot/www.plastic-crate.co.uk/wp-includes/class-wp-hook.php(286): pmxi_add_attachment(21217)
#2 /data/wwwroot/www.plastic-crate.co.uk/wp-includes/class-wp-hook.php(310): WP_Hook->apply_filters('', Array)
#3 /data/wwwroot/www.plastic-crate.co.uk/wp-includes/plugin.php(453): WP_Hook->do_action(Array)
#4 /data/wwwroot/www.plastic-crate.co.uk/wp-includes/post.php(3694): do_action('add_attachment', 21217)
#5 /data/wwwroot/www.plastic-crate.co.uk/wp-includes/post.php(5082): wp_insert_post(Array, false)
#6 /data/wwwroot/www.plastic-crate.co.uk/wp-content/plugins/woocommerce/includes/class-wc-install.php(1190): wp_insert_attachment(Array, '/data/wwwroot/w...')
#7 /data/wwwroot/www.plasti in /data/wwwroot/www.plastic-crate.co.uk/wp-content/plugins/wp-all-import/models/model/record.php on line 78

2019-12-21T00:54:32+00:00 CRITICAL Uncaught Exception: Table 'plastic-crate.co.uk.wp_pmxi_images' doesn't exist in /data/wwwroot/www.plastic-crate.co.uk/wp-content/plugins/wp-all-import/models/model/record.php:78
Stack trace:
#0 /data/wwwroot/www.plastic-crate.co.uk/wp-content/plugins/wp-all-import/actions/add_attachment.php(22): PMXI_Model_Record->insert()
#1 /data/wwwroot/www.plastic-crate.co.uk/wp-includes/class-wp-hook.php(286): pmxi_add_attachment(21218)
#2 /data/wwwroot/www.plastic-crate.co.uk/wp-includes/class-wp-hook.php(310): WP_Hook->apply_filters('', Array)
#3 /data/wwwroot/www.plastic-crate.co.uk/wp-includes/plugin.php(453): WP_Hook->do_action(Array)
#4 /data/wwwroot/www.plastic-crate.co.uk/wp-includes/post.php(3694): do_action('add_attachment', 21218)
#5 /data/wwwroot/www.plastic-crate.co.uk/wp-includes/post.php(5082): wp_insert_post(Array, false)
#6 /data/wwwroot/www.plastic-crate.co.uk/wp-content/plugins/woocommerce/includes/class-wc-install.php(1190): wp_insert_attachment(Array, '/data/wwwroot/w...')
#7 /data/wwwroot/www.plasti in /data/wwwroot/www.plastic-crate.co.uk/wp-content/plugins/wp-all-import/models/model/record.php on line 78

2019-12-21T01:15:35+00:00 CRITICAL Uncaught Exception: Table 'plastic-crate.co.uk.wp_pmxi_images' doesn't exist in /data/wwwroot/www.plastic-crate.co.uk/wp-content/plugins/wp-all-import/models/model/record.php:78
Stack trace:
#0 /data/wwwroot/www.plastic-crate.co.uk/wp-content/plugins/wp-all-import/actions/add_attachment.php(22): PMXI_Model_Record->insert()
#1 /data/wwwroot/www.plastic-crate.co.uk/wp-includes/class-wp-hook.php(286): pmxi_add_attachment(21219)
#2 /data/wwwroot/www.plastic-crate.co.uk/wp-includes/class-wp-hook.php(310): WP_Hook->apply_filters('', Array)
#3 /data/wwwroot/www.plastic-crate.co.uk/wp-includes/plugin.php(453): WP_Hook->do_action(Array)
#4 /data/wwwroot/www.plastic-crate.co.uk/wp-includes/post.php(3694): do_action('add_attachment', 21219)
#5 /data/wwwroot/www.plastic-crate.co.uk/wp-includes/post.php(5082): wp_insert_post(Array, false)
#6 /data/wwwroot/www.plastic-crate.co.uk/wp-content/plugins/woocommerce/includes/class-wc-install.php(1190): wp_insert_attachment(Array, '/data/wwwroot/w...')
#7 /data/wwwroot/www.plasti in /data/wwwroot/www.plastic-crate.co.uk/wp-content/plugins/wp-all-import/models/model/record.php on line 78

2019-12-21T01:27:20+00:00 CRITICAL Uncaught Exception: Table 'plastic-crate.co.uk.wp_pmxi_images' doesn't exist in /data/wwwroot/www.plastic-crate.co.uk/wp-content/plugins/wp-all-import/models/model/record.php:78
Stack trace:
#0 /data/wwwroot/www.plastic-crate.co.uk/wp-content/plugins/wp-all-import/actions/add_attachment.php(22): PMXI_Model_Record->insert()
#1 /data/wwwroot/www.plastic-crate.co.uk/wp-includes/class-wp-hook.php(286): pmxi_add_attachment(21220)
#2 /data/wwwroot/www.plastic-crate.co.uk/wp-includes/class-wp-hook.php(310): WP_Hook->apply_filters('', Array)
#3 /data/wwwroot/www.plastic-crate.co.uk/wp-includes/plugin.php(453): WP_Hook->do_action(Array)
#4 /data/wwwroot/www.plastic-crate.co.uk/wp-includes/post.php(3694): do_action('add_attachment', 21220)
#5 /data/wwwroot/www.plastic-crate.co.uk/wp-includes/post.php(5082): wp_insert_post(Array, false)
#6 /data/wwwroot/www.plastic-crate.co.uk/wp-content/plugins/woocommerce/includes/class-wc-install.php(1190): wp_insert_attachment(Array, '/data/wwwroot/w...')
#7 /data/wwwroot/www.plasti in /data/wwwroot/www.plastic-crate.co.uk/wp-content/plugins/wp-all-import/models/model/record.php on line 78

2019-12-21T01:39:26+00:00 CRITICAL Uncaught Exception: Table 'plastic-crate.co.uk.wp_pmxi_images' doesn't exist in /data/wwwroot/www.plastic-crate.co.uk/wp-content/plugins/wp-all-import/models/model/record.php:78
Stack trace:
#0 /data/wwwroot/www.plastic-crate.co.uk/wp-content/plugins/wp-all-import/actions/add_attachment.php(22): PMXI_Model_Record->insert()
#1 /data/wwwroot/www.plastic-crate.co.uk/wp-includes/class-wp-hook.php(286): pmxi_add_attachment(21221)
#2 /data/wwwroot/www.plastic-crate.co.uk/wp-includes/class-wp-hook.php(310): WP_Hook->apply_filters('', Array)
#3 /data/wwwroot/www.plastic-crate.co.uk/wp-includes/plugin.php(453): WP_Hook->do_action(Array)
#4 /data/wwwroot/www.plastic-crate.co.uk/wp-includes/post.php(3694): do_action('add_attachment', 21221)
#5 /data/wwwroot/www.plastic-crate.co.uk/wp-includes/post.php(5082): wp_insert_post(Array, false)
#6 /data/wwwroot/www.plastic-crate.co.uk/wp-content/plugins/woocommerce/includes/class-wc-install.php(1190): wp_insert_attachment(Array, '/data/wwwroot/w...')
#7 /data/wwwroot/www.plasti in /data/wwwroot/www.plastic-crate.co.uk/wp-content/plugins/wp-all-import/models/model/record.php on line 78

2019-12-21T01:49:55+00:00 CRITICAL Uncaught Exception: Table 'plastic-crate.co.uk.wp_pmxi_images' doesn't exist in /data/wwwroot/www.plastic-crate.co.uk/wp-content/plugins/wp-all-import/models/model/record.php:78
Stack trace:
#0 /data/wwwroot/www.plastic-crate.co.uk/wp-content/plugins/wp-all-import/actions/add_attachment.php(22): PMXI_Model_Record->insert()
#1 /data/wwwroot/www.plastic-crate.co.uk/wp-includes/class-wp-hook.php(286): pmxi_add_attachment(21222)
#2 /data/wwwroot/www.plastic-crate.co.uk/wp-includes/class-wp-hook.php(310): WP_Hook->apply_filters('', Array)
#3 /data/wwwroot/www.plastic-crate.co.uk/wp-includes/plugin.php(453): WP_Hook->do_action(Array)
#4 /data/wwwroot/www.plastic-crate.co.uk/wp-includes/post.php(3694): do_action('add_attachment', 21222)
#5 /data/wwwroot/www.plastic-crate.co.uk/wp-includes/post.php(5082): wp_insert_post(Array, false)
#6 /data/wwwroot/www.plastic-crate.co.uk/wp-content/plugins/woocommerce/includes/class-wc-install.php(1190): wp_insert_attachment(Array, '/data/wwwroot/w...')
#7 /data/wwwroot/www.plasti in /data/wwwroot/www.plastic-crate.co.uk/wp-content/plugins/wp-all-import/models/model/record.php on line 78

2019-12-21T02:29:37+00:00 CRITICAL Uncaught Exception: Table 'plastic-crate.co.uk.wp_pmxi_images' doesn't exist in /data/wwwroot/www.plastic-crate.co.uk/wp-content/plugins/wp-all-import/models/model/record.php:78
Stack trace:
#0 /data/wwwroot/www.plastic-crate.co.uk/wp-content/plugins/wp-all-import/actions/add_attachment.php(22): PMXI_Model_Record->insert()
#1 /data/wwwroot/www.plastic-crate.co.uk/wp-includes/class-wp-hook.php(286): pmxi_add_attachment(21223)
#2 /data/wwwroot/www.plastic-crate.co.uk/wp-includes/class-wp-hook.php(310): WP_Hook->apply_filters('', Array)
#3 /data/wwwroot/www.plastic-crate.co.uk/wp-includes/plugin.php(453): WP_Hook->do_action(Array)
#4 /data/wwwroot/www.plastic-crate.co.uk/wp-includes/post.php(3694): do_action('add_attachment', 21223)
#5 /data/wwwroot/www.plastic-crate.co.uk/wp-includes/post.php(5082): wp_insert_post(Array, false)
#6 /data/wwwroot/www.plastic-crate.co.uk/wp-content/plugins/woocommerce/includes/class-wc-install.php(1190): wp_insert_attachment(Array, '/data/wwwroot/w...')
#7 /data/wwwroot/www.plasti in /data/wwwroot/www.plastic-crate.co.uk/wp-content/plugins/wp-all-import/models/model/record.php on line 78

2019-12-21T02:49:13+00:00 CRITICAL Uncaught Exception: Table 'plastic-crate.co.uk.wp_pmxi_images' doesn't exist in /data/wwwroot/www.plastic-crate.co.uk/wp-content/plugins/wp-all-import/models/model/record.php:78
Stack trace:
#0 /data/wwwroot/www.plastic-crate.co.uk/wp-content/plugins/wp-all-import/actions/add_attachment.php(22): PMXI_Model_Record->insert()
#1 /data/wwwroot/www.plastic-crate.co.uk/wp-includes/class-wp-hook.php(286): pmxi_add_attachment(21224)
#2 /data/wwwroot/www.plastic-crate.co.uk/wp-includes/class-wp-hook.php(310): WP_Hook->apply_filters('', Array)
#3 /data/wwwroot/www.plastic-crate.co.uk/wp-includes/plugin.php(453): WP_Hook->do_action(Array)
#4 /data/wwwroot/www.plastic-crate.co.uk/wp-includes/post.php(3694): do_action('add_attachment', 21224)
#5 /data/wwwroot/www.plastic-crate.co.uk/wp-includes/post.php(5082): wp_insert_post(Array, false)
#6 /data/wwwroot/www.plastic-crate.co.uk/wp-content/plugins/woocommerce/includes/class-wc-install.php(1190): wp_insert_attachment(Array, '/data/wwwroot/w...')
#7 /data/wwwroot/www.plasti in /data/wwwroot/www.plastic-crate.co.uk/wp-content/plugins/wp-all-import/models/model/record.php on line 78

2019-12-21T03:07:50+00:00 CRITICAL Uncaught Exception: Table 'plastic-crate.co.uk.wp_pmxi_images' doesn't exist in /data/wwwroot/www.plastic-crate.co.uk/wp-content/plugins/wp-all-import/models/model/record.php:78
Stack trace:
#0 /data/wwwroot/www.plastic-crate.co.uk/wp-content/plugins/wp-all-import/actions/add_attachment.php(22): PMXI_Model_Record->insert()
#1 /data/wwwroot/www.plastic-crate.co.uk/wp-includes/class-wp-hook.php(286): pmxi_add_attachment(21225)
#2 /data/wwwroot/www.plastic-crate.co.uk/wp-includes/class-wp-hook.php(310): WP_Hook->apply_filters('', Array)
#3 /data/wwwroot/www.plastic-crate.co.uk/wp-includes/plugin.php(453): WP_Hook->do_action(Array)
#4 /data/wwwroot/www.plastic-crate.co.uk/wp-includes/post.php(3694): do_action('add_attachment', 21225)
#5 /data/wwwroot/www.plastic-crate.co.uk/wp-includes/post.php(5082): wp_insert_post(Array, false)
#6 /data/wwwroot/www.plastic-crate.co.uk/wp-content/plugins/woocommerce/includes/class-wc-install.php(1190): wp_insert_attachment(Array, '/data/wwwroot/w...')
#7 /data/wwwroot/www.plasti in /data/wwwroot/www.plastic-crate.co.uk/wp-content/plugins/wp-all-import/models/model/record.php on line 78

2019-12-21T03:19:18+00:00 CRITICAL Uncaught Exception: Table 'plastic-crate.co.uk.wp_pmxi_images' doesn't exist in /data/wwwroot/www.plastic-crate.co.uk/wp-content/plugins/wp-all-import/models/model/record.php:78
Stack trace:
#0 /data/wwwroot/www.plastic-crate.co.uk/wp-content/plugins/wp-all-import/actions/add_attachment.php(22): PMXI_Model_Record->insert()
#1 /data/wwwroot/www.plastic-crate.co.uk/wp-includes/class-wp-hook.php(286): pmxi_add_attachment(21226)
#2 /data/wwwroot/www.plastic-crate.co.uk/wp-includes/class-wp-hook.php(310): WP_Hook->apply_filters('', Array)
#3 /data/wwwroot/www.plastic-crate.co.uk/wp-includes/plugin.php(453): WP_Hook->do_action(Array)
#4 /data/wwwroot/www.plastic-crate.co.uk/wp-includes/post.php(3694): do_action('add_attachment', 21226)
#5 /data/wwwroot/www.plastic-crate.co.uk/wp-includes/post.php(5082): wp_insert_post(Array, false)
#6 /data/wwwroot/www.plastic-crate.co.uk/wp-content/plugins/woocommerce/includes/class-wc-install.php(1190): wp_insert_attachment(Array, '/data/wwwroot/w...')
#7 /data/wwwroot/www.plasti in /data/wwwroot/www.plastic-crate.co.uk/wp-content/plugins/wp-all-import/models/model/record.php on line 78

2019-12-21T03:32:15+00:00 CRITICAL Uncaught Exception: Table 'plastic-crate.co.uk.wp_pmxi_images' doesn't exist in /data/wwwroot/www.plastic-crate.co.uk/wp-content/plugins/wp-all-import/models/model/record.php:78
Stack trace:
#0 /data/wwwroot/www.plastic-crate.co.uk/wp-content/plugins/wp-all-import/actions/add_attachment.php(22): PMXI_Model_Record->insert()
#1 /data/wwwroot/www.plastic-crate.co.uk/wp-includes/class-wp-hook.php(286): pmxi_add_attachment(21227)
#2 /data/wwwroot/www.plastic-crate.co.uk/wp-includes/class-wp-hook.php(310): WP_Hook->apply_filters('', Array)
#3 /data/wwwroot/www.plastic-crate.co.uk/wp-includes/plugin.php(453): WP_Hook->do_action(Array)
#4 /data/wwwroot/www.plastic-crate.co.uk/wp-includes/post.php(3694): do_action('add_attachment', 21227)
#5 /data/wwwroot/www.plastic-crate.co.uk/wp-includes/post.php(5082): wp_insert_post(Array, false)
#6 /data/wwwroot/www.plastic-crate.co.uk/wp-content/plugins/woocommerce/includes/class-wc-install.php(1190): wp_insert_attachment(Array, '/data/wwwroot/w...')
#7 /data/wwwroot/www.plasti in /data/wwwroot/www.plastic-crate.co.uk/wp-content/plugins/wp-all-import/models/model/record.php on line 78

2019-12-21T03:47:46+00:00 CRITICAL Uncaught Exception: Table 'plastic-crate.co.uk.wp_pmxi_images' doesn't exist in /data/wwwroot/www.plastic-crate.co.uk/wp-content/plugins/wp-all-import/models/model/record.php:78
Stack trace:
#0 /data/wwwroot/www.plastic-crate.co.uk/wp-content/plugins/wp-all-import/actions/add_attachment.php(22): PMXI_Model_Record->insert()
#1 /data/wwwroot/www.plastic-crate.co.uk/wp-includes/class-wp-hook.php(286): pmxi_add_attachment(21228)
#2 /data/wwwroot/www.plastic-crate.co.uk/wp-includes/class-wp-hook.php(310): WP_Hook->apply_filters('', Array)
#3 /data/wwwroot/www.plastic-crate.co.uk/wp-includes/plugin.php(453): WP_Hook->do_action(Array)
#4 /data/wwwroot/www.plastic-crate.co.uk/wp-includes/post.php(3694): do_action('add_attachment', 21228)
#5 /data/wwwroot/www.plastic-crate.co.uk/wp-includes/post.php(5082): wp_insert_post(Array, false)
#6 /data/wwwroot/www.plastic-crate.co.uk/wp-content/plugins/woocommerce/includes/class-wc-install.php(1190): wp_insert_attachment(Array, '/data/wwwroot/w...')
#7 /data/wwwroot/www.plasti in /data/wwwroot/www.plastic-crate.co.uk/wp-content/plugins/wp-all-import/models/model/record.php on line 78

2019-12-21T04:04:39+00:00 CRITICAL Uncaught Exception: Table 'plastic-crate.co.uk.wp_pmxi_images' doesn't exist in /data/wwwroot/www.plastic-crate.co.uk/wp-content/plugins/wp-all-import/models/model/record.php:78
Stack trace:
#0 /data/wwwroot/www.plastic-crate.co.uk/wp-content/plugins/wp-all-import/actions/add_attachment.php(22): PMXI_Model_Record->insert()
#1 /data/wwwroot/www.plastic-crate.co.uk/wp-includes/class-wp-hook.php(286): pmxi_add_attachment(21229)
#2 /data/wwwroot/www.plastic-crate.co.uk/wp-includes/class-wp-hook.php(310): WP_Hook->apply_filters('', Array)
#3 /data/wwwroot/www.plastic-crate.co.uk/wp-includes/plugin.php(453): WP_Hook->do_action(Array)
#4 /data/wwwroot/www.plastic-crate.co.uk/wp-includes/post.php(3694): do_action('add_attachment', 21229)
#5 /data/wwwroot/www.plastic-crate.co.uk/wp-includes/post.php(5082): wp_insert_post(Array, false)
#6 /data/wwwroot/www.plastic-crate.co.uk/wp-content/plugins/woocommerce/includes/class-wc-install.php(1190): wp_insert_attachment(Array, '/data/wwwroot/w...')
#7 /data/wwwroot/www.plasti in /data/wwwroot/www.plastic-crate.co.uk/wp-content/plugins/wp-all-import/models/model/record.php on line 78

2019-12-21T04:15:15+00:00 CRITICAL Uncaught Exception: Table 'plastic-crate.co.uk.wp_pmxi_images' doesn't exist in /data/wwwroot/www.plastic-crate.co.uk/wp-content/plugins/wp-all-import/models/model/record.php:78
Stack trace:
#0 /data/wwwroot/www.plastic-crate.co.uk/wp-content/plugins/wp-all-import/actions/add_attachment.php(22): PMXI_Model_Record->insert()
#1 /data/wwwroot/www.plastic-crate.co.uk/wp-includes/class-wp-hook.php(286): pmxi_add_attachment(21230)
#2 /data/wwwroot/www.plastic-crate.co.uk/wp-includes/class-wp-hook.php(310): WP_Hook->apply_filters('', Array)
#3 /data/wwwroot/www.plastic-crate.co.uk/wp-includes/plugin.php(453): WP_Hook->do_action(Array)
#4 /data/wwwroot/www.plastic-crate.co.uk/wp-includes/post.php(3694): do_action('add_attachment', 21230)
#5 /data/wwwroot/www.plastic-crate.co.uk/wp-includes/post.php(5082): wp_insert_post(Array, false)
#6 /data/wwwroot/www.plastic-crate.co.uk/wp-content/plugins/woocommerce/includes/class-wc-install.php(1190): wp_insert_attachment(Array, '/data/wwwroot/w...')
#7 /data/wwwroot/www.plasti in /data/wwwroot/www.plastic-crate.co.uk/wp-content/plugins/wp-all-import/models/model/record.php on line 78

2019-12-21T04:25:23+00:00 CRITICAL Uncaught Exception: Table 'plastic-crate.co.uk.wp_pmxi_images' doesn't exist in /data/wwwroot/www.plastic-crate.co.uk/wp-content/plugins/wp-all-import/models/model/record.php:78
Stack trace:
#0 /data/wwwroot/www.plastic-crate.co.uk/wp-content/plugins/wp-all-import/actions/add_attachment.php(22): PMXI_Model_Record->insert()
#1 /data/wwwroot/www.plastic-crate.co.uk/wp-includes/class-wp-hook.php(286): pmxi_add_attachment(21231)
#2 /data/wwwroot/www.plastic-crate.co.uk/wp-includes/class-wp-hook.php(310): WP_Hook->apply_filters('', Array)
#3 /data/wwwroot/www.plastic-crate.co.uk/wp-includes/plugin.php(453): WP_Hook->do_action(Array)
#4 /data/wwwroot/www.plastic-crate.co.uk/wp-includes/post.php(3694): do_action('add_attachment', 21231)
#5 /data/wwwroot/www.plastic-crate.co.uk/wp-includes/post.php(5082): wp_insert_post(Array, false)
#6 /data/wwwroot/www.plastic-crate.co.uk/wp-content/plugins/woocommerce/includes/class-wc-install.php(1190): wp_insert_attachment(Array, '/data/wwwroot/w...')
#7 /data/wwwroot/www.plasti in /data/wwwroot/www.plastic-crate.co.uk/wp-content/plugins/wp-all-import/models/model/record.php on line 78

2019-12-21T04:42:15+00:00 CRITICAL Uncaught Exception: Table 'plastic-crate.co.uk.wp_pmxi_images' doesn't exist in /data/wwwroot/www.plastic-crate.co.uk/wp-content/plugins/wp-all-import/models/model/record.php:78
Stack trace:
#0 /data/wwwroot/www.plastic-crate.co.uk/wp-content/plugins/wp-all-import/actions/add_attachment.php(22): PMXI_Model_Record->insert()
#1 /data/wwwroot/www.plastic-crate.co.uk/wp-includes/class-wp-hook.php(286): pmxi_add_attachment(21232)
#2 /data/wwwroot/www.plastic-crate.co.uk/wp-includes/class-wp-hook.php(310): WP_Hook->apply_filters('', Array)
#3 /data/wwwroot/www.plastic-crate.co.uk/wp-includes/plugin.php(453): WP_Hook->do_action(Array)
#4 /data/wwwroot/www.plastic-crate.co.uk/wp-includes/post.php(3694): do_action('add_attachment', 21232)
#5 /data/wwwroot/www.plastic-crate.co.uk/wp-includes/post.php(5082): wp_insert_post(Array, false)
#6 /data/wwwroot/www.plastic-crate.co.uk/wp-content/plugins/woocommerce/includes/class-wc-install.php(1190): wp_insert_attachment(Array, '/data/wwwroot/w...')
#7 /data/wwwroot/www.plasti in /data/wwwroot/www.plastic-crate.co.uk/wp-content/plugins/wp-all-import/models/model/record.php on line 78

2019-12-21T04:54:07+00:00 CRITICAL Uncaught Exception: Table 'plastic-crate.co.uk.wp_pmxi_images' doesn't exist in /data/wwwroot/www.plastic-crate.co.uk/wp-content/plugins/wp-all-import/models/model/record.php:78
Stack trace:
#0 /data/wwwroot/www.plastic-crate.co.uk/wp-content/plugins/wp-all-import/actions/add_attachment.php(22): PMXI_Model_Record->insert()
#1 /data/wwwroot/www.plastic-crate.co.uk/wp-includes/class-wp-hook.php(286): pmxi_add_attachment(21233)
#2 /data/wwwroot/www.plastic-crate.co.uk/wp-includes/class-wp-hook.php(310): WP_Hook->apply_filters('', Array)
#3 /data/wwwroot/www.plastic-crate.co.uk/wp-includes/plugin.php(453): WP_Hook->do_action(Array)
#4 /data/wwwroot/www.plastic-crate.co.uk/wp-includes/post.php(3694): do_action('add_attachment', 21233)
#5 /data/wwwroot/www.plastic-crate.co.uk/wp-includes/post.php(5082): wp_insert_post(Array, false)
#6 /data/wwwroot/www.plastic-crate.co.uk/wp-content/plugins/woocommerce/includes/class-wc-install.php(1190): wp_insert_attachment(Array, '/data/wwwroot/w...')
#7 /data/wwwroot/www.plasti in /data/wwwroot/www.plastic-crate.co.uk/wp-content/plugins/wp-all-import/models/model/record.php on line 78

2019-12-21T05:29:44+00:00 CRITICAL Uncaught Exception: Table 'plastic-crate.co.uk.wp_pmxi_images' doesn't exist in /data/wwwroot/www.plastic-crate.co.uk/wp-content/plugins/wp-all-import/models/model/record.php:78
Stack trace:
#0 /data/wwwroot/www.plastic-crate.co.uk/wp-content/plugins/wp-all-import/actions/add_attachment.php(22): PMXI_Model_Record->insert()
#1 /data/wwwroot/www.plastic-crate.co.uk/wp-includes/class-wp-hook.php(286): pmxi_add_attachment(21234)
#2 /data/wwwroot/www.plastic-crate.co.uk/wp-includes/class-wp-hook.php(310): WP_Hook->apply_filters('', Array)
#3 /data/wwwroot/www.plastic-crate.co.uk/wp-includes/plugin.php(453): WP_Hook->do_action(Array)
#4 /data/wwwroot/www.plastic-crate.co.uk/wp-includes/post.php(3694): do_action('add_attachment', 21234)
#5 /data/wwwroot/www.plastic-crate.co.uk/wp-includes/post.php(5082): wp_insert_post(Array, false)
#6 /data/wwwroot/www.plastic-crate.co.uk/wp-content/plugins/woocommerce/includes/class-wc-install.php(1190): wp_insert_attachment(Array, '/data/wwwroot/w...')
#7 /data/wwwroot/www.plasti in /data/wwwroot/www.plastic-crate.co.uk/wp-content/plugins/wp-all-import/models/model/record.php on line 78

2019-12-21T05:43:49+00:00 CRITICAL Uncaught Exception: Table 'plastic-crate.co.uk.wp_pmxi_images' doesn't exist in /data/wwwroot/www.plastic-crate.co.uk/wp-content/plugins/wp-all-import/models/model/record.php:78
Stack trace:
#0 /data/wwwroot/www.plastic-crate.co.uk/wp-content/plugins/wp-all-import/actions/add_attachment.php(22): PMXI_Model_Record->insert()
#1 /data/wwwroot/www.plastic-crate.co.uk/wp-includes/class-wp-hook.php(286): pmxi_add_attachment(21235)
#2 /data/wwwroot/www.plastic-crate.co.uk/wp-includes/class-wp-hook.php(310): WP_Hook->apply_filters('', Array)
#3 /data/wwwroot/www.plastic-crate.co.uk/wp-includes/plugin.php(453): WP_Hook->do_action(Array)
#4 /data/wwwroot/www.plastic-crate.co.uk/wp-includes/post.php(3694): do_action('add_attachment', 21235)
#5 /data/wwwroot/www.plastic-crate.co.uk/wp-includes/post.php(5082): wp_insert_post(Array, false)
#6 /data/wwwroot/www.plastic-crate.co.uk/wp-content/plugins/woocommerce/includes/class-wc-install.php(1190): wp_insert_attachment(Array, '/data/wwwroot/w...')
#7 /data/wwwroot/www.plasti in /data/wwwroot/www.plastic-crate.co.uk/wp-content/plugins/wp-all-import/models/model/record.php on line 78

2019-12-21T06:07:14+00:00 CRITICAL Uncaught Exception: Table 'plastic-crate.co.uk.wp_pmxi_images' doesn't exist in /data/wwwroot/www.plastic-crate.co.uk/wp-content/plugins/wp-all-import/models/model/record.php:78
Stack trace:
#0 /data/wwwroot/www.plastic-crate.co.uk/wp-content/plugins/wp-all-import/actions/add_attachment.php(22): PMXI_Model_Record->insert()
#1 /data/wwwroot/www.plastic-crate.co.uk/wp-includes/class-wp-hook.php(286): pmxi_add_attachment(21236)
#2 /data/wwwroot/www.plastic-crate.co.uk/wp-includes/class-wp-hook.php(310): WP_Hook->apply_filters('', Array)
#3 /data/wwwroot/www.plastic-crate.co.uk/wp-includes/plugin.php(453): WP_Hook->do_action(Array)
#4 /data/wwwroot/www.plastic-crate.co.uk/wp-includes/post.php(3694): do_action('add_attachment', 21236)
#5 /data/wwwroot/www.plastic-crate.co.uk/wp-includes/post.php(5082): wp_insert_post(Array, false)
#6 /data/wwwroot/www.plastic-crate.co.uk/wp-content/plugins/woocommerce/includes/class-wc-install.php(1190): wp_insert_attachment(Array, '/data/wwwroot/w...')
#7 /data/wwwroot/www.plasti in /data/wwwroot/www.plastic-crate.co.uk/wp-content/plugins/wp-all-import/models/model/record.php on line 78

2019-12-21T06:30:26+00:00 CRITICAL Uncaught Exception: Table 'plastic-crate.co.uk.wp_pmxi_images' doesn't exist in /data/wwwroot/www.plastic-crate.co.uk/wp-content/plugins/wp-all-import/models/model/record.php:78
Stack trace:
#0 /data/wwwroot/www.plastic-crate.co.uk/wp-content/plugins/wp-all-import/actions/add_attachment.php(22): PMXI_Model_Record->insert()
#1 /data/wwwroot/www.plastic-crate.co.uk/wp-includes/class-wp-hook.php(286): pmxi_add_attachment(21237)
#2 /data/wwwroot/www.plastic-crate.co.uk/wp-includes/class-wp-hook.php(310): WP_Hook->apply_filters('', Array)
#3 /data/wwwroot/www.plastic-crate.co.uk/wp-includes/plugin.php(453): WP_Hook->do_action(Array)
#4 /data/wwwroot/www.plastic-crate.co.uk/wp-includes/post.php(3694): do_action('add_attachment', 21237)
#5 /data/wwwroot/www.plastic-crate.co.uk/wp-includes/post.php(5082): wp_insert_post(Array, false)
#6 /data/wwwroot/www.plastic-crate.co.uk/wp-content/plugins/woocommerce/includes/class-wc-install.php(1190): wp_insert_attachment(Array, '/data/wwwroot/w...')
#7 /data/wwwroot/www.plasti in /data/wwwroot/www.plastic-crate.co.uk/wp-content/plugins/wp-all-import/models/model/record.php on line 78

2019-12-21T06:56:01+00:00 CRITICAL Uncaught Exception: Table 'plastic-crate.co.uk.wp_pmxi_images' doesn't exist in /data/wwwroot/www.plastic-crate.co.uk/wp-content/plugins/wp-all-import/models/model/record.php:78
Stack trace:
#0 /data/wwwroot/www.plastic-crate.co.uk/wp-content/plugins/wp-all-import/actions/add_attachment.php(22): PMXI_Model_Record->insert()
#1 /data/wwwroot/www.plastic-crate.co.uk/wp-includes/class-wp-hook.php(286): pmxi_add_attachment(21238)
#2 /data/wwwroot/www.plastic-crate.co.uk/wp-includes/class-wp-hook.php(310): WP_Hook->apply_filters('', Array)
#3 /data/wwwroot/www.plastic-crate.co.uk/wp-includes/plugin.php(453): WP_Hook->do_action(Array)
#4 /data/wwwroot/www.plastic-crate.co.uk/wp-includes/post.php(3694): do_action('add_attachment', 21238)
#5 /data/wwwroot/www.plastic-crate.co.uk/wp-includes/post.php(5082): wp_insert_post(Array, false)
#6 /data/wwwroot/www.plastic-crate.co.uk/wp-content/plugins/woocommerce/includes/class-wc-install.php(1190): wp_insert_attachment(Array, '/data/wwwroot/w...')
#7 /data/wwwroot/www.plasti in /data/wwwroot/www.plastic-crate.co.uk/wp-content/plugins/wp-all-import/models/model/record.php on line 78

2019-12-21T07:15:57+00:00 CRITICAL Uncaught Exception: Table 'plastic-crate.co.uk.wp_pmxi_images' doesn't exist in /data/wwwroot/www.plastic-crate.co.uk/wp-content/plugins/wp-all-import/models/model/record.php:78
Stack trace:
#0 /data/wwwroot/www.plastic-crate.co.uk/wp-content/plugins/wp-all-import/actions/add_attachment.php(22): PMXI_Model_Record->insert()
#1 /data/wwwroot/www.plastic-crate.co.uk/wp-includes/class-wp-hook.php(286): pmxi_add_attachment(21239)
#2 /data/wwwroot/www.plastic-crate.co.uk/wp-includes/class-wp-hook.php(310): WP_Hook->apply_filters('', Array)
#3 /data/wwwroot/www.plastic-crate.co.uk/wp-includes/plugin.php(453): WP_Hook->do_action(Array)
#4 /data/wwwroot/www.plastic-crate.co.uk/wp-includes/post.php(3694): do_action('add_attachment', 21239)
#5 /data/wwwroot/www.plastic-crate.co.uk/wp-includes/post.php(5082): wp_insert_post(Array, false)
#6 /data/wwwroot/www.plastic-crate.co.uk/wp-content/plugins/woocommerce/includes/class-wc-install.php(1190): wp_insert_attachment(Array, '/data/wwwroot/w...')
#7 /data/wwwroot/www.plasti in /data/wwwroot/www.plastic-crate.co.uk/wp-content/plugins/wp-all-import/models/model/record.php on line 78

2019-12-21T07:37:16+00:00 CRITICAL Uncaught Exception: Table 'plastic-crate.co.uk.wp_pmxi_images' doesn't exist in /data/wwwroot/www.plastic-crate.co.uk/wp-content/plugins/wp-all-import/models/model/record.php:78
Stack trace:
#0 /data/wwwroot/www.plastic-crate.co.uk/wp-content/plugins/wp-all-import/actions/add_attachment.php(22): PMXI_Model_Record->insert()
#1 /data/wwwroot/www.plastic-crate.co.uk/wp-includes/class-wp-hook.php(286): pmxi_add_attachment(21240)
#2 /data/wwwroot/www.plastic-crate.co.uk/wp-includes/class-wp-hook.php(310): WP_Hook->apply_filters('', Array)
#3 /data/wwwroot/www.plastic-crate.co.uk/wp-includes/plugin.php(453): WP_Hook->do_action(Array)
#4 /data/wwwroot/www.plastic-crate.co.uk/wp-includes/post.php(3694): do_action('add_attachment', 21240)
#5 /data/wwwroot/www.plastic-crate.co.uk/wp-includes/post.php(5082): wp_insert_post(Array, false)
#6 /data/wwwroot/www.plastic-crate.co.uk/wp-content/plugins/woocommerce/includes/class-wc-install.php(1190): wp_insert_attachment(Array, '/data/wwwroot/w...')
#7 /data/wwwroot/www.plasti in /data/wwwroot/www.plastic-crate.co.uk/wp-content/plugins/wp-all-import/models/model/record.php on line 78

2019-12-21T07:53:57+00:00 CRITICAL Uncaught Exception: Table 'plastic-crate.co.uk.wp_pmxi_images' doesn't exist in /data/wwwroot/www.plastic-crate.co.uk/wp-content/plugins/wp-all-import/models/model/record.php:78
Stack trace:
#0 /data/wwwroot/www.plastic-crate.co.uk/wp-content/plugins/wp-all-import/actions/add_attachment.php(22): PMXI_Model_Record->insert()
#1 /data/wwwroot/www.plastic-crate.co.uk/wp-includes/class-wp-hook.php(286): pmxi_add_attachment(21241)
#2 /data/wwwroot/www.plastic-crate.co.uk/wp-includes/class-wp-hook.php(310): WP_Hook->apply_filters('', Array)
#3 /data/wwwroot/www.plastic-crate.co.uk/wp-includes/plugin.php(453): WP_Hook->do_action(Array)
#4 /data/wwwroot/www.plastic-crate.co.uk/wp-includes/post.php(3694): do_action('add_attachment', 21241)
#5 /data/wwwroot/www.plastic-crate.co.uk/wp-includes/post.php(5082): wp_insert_post(Array, false)
#6 /data/wwwroot/www.plastic-crate.co.uk/wp-content/plugins/woocommerce/includes/class-wc-install.php(1190): wp_insert_attachment(Array, '/data/wwwroot/w...')
#7 /data/wwwroot/www.plasti in /data/wwwroot/www.plastic-crate.co.uk/wp-content/plugins/wp-all-import/models/model/record.php on line 78

2019-12-21T08:17:20+00:00 CRITICAL Uncaught Exception: Table 'plastic-crate.co.uk.wp_pmxi_images' doesn't exist in /data/wwwroot/www.plastic-crate.co.uk/wp-content/plugins/wp-all-import/models/model/record.php:78
Stack trace:
#0 /data/wwwroot/www.plastic-crate.co.uk/wp-content/plugins/wp-all-import/actions/add_attachment.php(22): PMXI_Model_Record->insert()
#1 /data/wwwroot/www.plastic-crate.co.uk/wp-includes/class-wp-hook.php(286): pmxi_add_attachment(21242)
#2 /data/wwwroot/www.plastic-crate.co.uk/wp-includes/class-wp-hook.php(310): WP_Hook->apply_filters('', Array)
#3 /data/wwwroot/www.plastic-crate.co.uk/wp-includes/plugin.php(453): WP_Hook->do_action(Array)
#4 /data/wwwroot/www.plastic-crate.co.uk/wp-includes/post.php(3694): do_action('add_attachment', 21242)
#5 /data/wwwroot/www.plastic-crate.co.uk/wp-includes/post.php(5082): wp_insert_post(Array, false)
#6 /data/wwwroot/www.plastic-crate.co.uk/wp-content/plugins/woocommerce/includes/class-wc-install.php(1190): wp_insert_attachment(Array, '/data/wwwroot/w...')
#7 /data/wwwroot/www.plasti in /data/wwwroot/www.plastic-crate.co.uk/wp-content/plugins/wp-all-import/models/model/record.php on line 78

2019-12-21T08:27:25+00:00 CRITICAL Uncaught Exception: Table 'plastic-crate.co.uk.wp_pmxi_images' doesn't exist in /data/wwwroot/www.plastic-crate.co.uk/wp-content/plugins/wp-all-import/models/model/record.php:78
Stack trace:
#0 /data/wwwroot/www.plastic-crate.co.uk/wp-content/plugins/wp-all-import/actions/add_attachment.php(22): PMXI_Model_Record->insert()
#1 /data/wwwroot/www.plastic-crate.co.uk/wp-includes/class-wp-hook.php(286): pmxi_add_attachment(21243)
#2 /data/wwwroot/www.plastic-crate.co.uk/wp-includes/class-wp-hook.php(310): WP_Hook->apply_filters('', Array)
#3 /data/wwwroot/www.plastic-crate.co.uk/wp-includes/plugin.php(453): WP_Hook->do_action(Array)
#4 /data/wwwroot/www.plastic-crate.co.uk/wp-includes/post.php(3694): do_action('add_attachment', 21243)
#5 /data/wwwroot/www.plastic-crate.co.uk/wp-includes/post.php(5082): wp_insert_post(Array, false)
#6 /data/wwwroot/www.plastic-crate.co.uk/wp-content/plugins/woocommerce/includes/class-wc-install.php(1190): wp_insert_attachment(Array, '/data/wwwroot/w...')
#7 /data/wwwroot/www.plasti in /data/wwwroot/www.plastic-crate.co.uk/wp-content/plugins/wp-all-import/models/model/record.php on line 78

2019-12-21T08:45:03+00:00 CRITICAL Uncaught Exception: Table 'plastic-crate.co.uk.wp_pmxi_images' doesn't exist in /data/wwwroot/www.plastic-crate.co.uk/wp-content/plugins/wp-all-import/models/model/record.php:78
Stack trace:
#0 /data/wwwroot/www.plastic-crate.co.uk/wp-content/plugins/wp-all-import/actions/add_attachment.php(22): PMXI_Model_Record->insert()
#1 /data/wwwroot/www.plastic-crate.co.uk/wp-includes/class-wp-hook.php(286): pmxi_add_attachment(21244)
#2 /data/wwwroot/www.plastic-crate.co.uk/wp-includes/class-wp-hook.php(310): WP_Hook->apply_filters('', Array)
#3 /data/wwwroot/www.plastic-crate.co.uk/wp-includes/plugin.php(453): WP_Hook->do_action(Array)
#4 /data/wwwroot/www.plastic-crate.co.uk/wp-includes/post.php(3694): do_action('add_attachment', 21244)
#5 /data/wwwroot/www.plastic-crate.co.uk/wp-includes/post.php(5082): wp_insert_post(Array, false)
#6 /data/wwwroot/www.plastic-crate.co.uk/wp-content/plugins/woocommerce/includes/class-wc-install.php(1190): wp_insert_attachment(Array, '/data/wwwroot/w...')
#7 /data/wwwroot/www.plasti in /data/wwwroot/www.plastic-crate.co.uk/wp-content/plugins/wp-all-import/models/model/record.php on line 78

2019-12-21T09:05:52+00:00 CRITICAL Uncaught Exception: Table 'plastic-crate.co.uk.wp_pmxi_images' doesn't exist in /data/wwwroot/www.plastic-crate.co.uk/wp-content/plugins/wp-all-import/models/model/record.php:78
Stack trace:
#0 /data/wwwroot/www.plastic-crate.co.uk/wp-content/plugins/wp-all-import/actions/add_attachment.php(22): PMXI_Model_Record->insert()
#1 /data/wwwroot/www.plastic-crate.co.uk/wp-includes/class-wp-hook.php(286): pmxi_add_attachment(21245)
#2 /data/wwwroot/www.plastic-crate.co.uk/wp-includes/class-wp-hook.php(310): WP_Hook->apply_filters('', Array)
#3 /data/wwwroot/www.plastic-crate.co.uk/wp-includes/plugin.php(453): WP_Hook->do_action(Array)
#4 /data/wwwroot/www.plastic-crate.co.uk/wp-includes/post.php(3694): do_action('add_attachment', 21245)
#5 /data/wwwroot/www.plastic-crate.co.uk/wp-includes/post.php(5082): wp_insert_post(Array, false)
#6 /data/wwwroot/www.plastic-crate.co.uk/wp-content/plugins/woocommerce/includes/class-wc-install.php(1190): wp_insert_attachment(Array, '/data/wwwroot/w...')
#7 /data/wwwroot/www.plasti in /data/wwwroot/www.plastic-crate.co.uk/wp-content/plugins/wp-all-import/models/model/record.php on line 78

2019-12-21T09:23:57+00:00 CRITICAL Uncaught Exception: Table 'plastic-crate.co.uk.wp_pmxi_images' doesn't exist in /data/wwwroot/www.plastic-crate.co.uk/wp-content/plugins/wp-all-import/models/model/record.php:78
Stack trace:
#0 /data/wwwroot/www.plastic-crate.co.uk/wp-content/plugins/wp-all-import/actions/add_attachment.php(22): PMXI_Model_Record->insert()
#1 /data/wwwroot/www.plastic-crate.co.uk/wp-includes/class-wp-hook.php(286): pmxi_add_attachment(21246)
#2 /data/wwwroot/www.plastic-crate.co.uk/wp-includes/class-wp-hook.php(310): WP_Hook->apply_filters('', Array)
#3 /data/wwwroot/www.plastic-crate.co.uk/wp-includes/plugin.php(453): WP_Hook->do_action(Array)
#4 /data/wwwroot/www.plastic-crate.co.uk/wp-includes/post.php(3694): do_action('add_attachment', 21246)
#5 /data/wwwroot/www.plastic-crate.co.uk/wp-includes/post.php(5082): wp_insert_post(Array, false)
#6 /data/wwwroot/www.plastic-crate.co.uk/wp-content/plugins/woocommerce/includes/class-wc-install.php(1190): wp_insert_attachment(Array, '/data/wwwroot/w...')
#7 /data/wwwroot/www.plasti in /data/wwwroot/www.plastic-crate.co.uk/wp-content/plugins/wp-all-import/models/model/record.php on line 78

2019-12-21T09:34:39+00:00 CRITICAL Uncaught Exception: Table 'plastic-crate.co.uk.wp_pmxi_images' doesn't exist in /data/wwwroot/www.plastic-crate.co.uk/wp-content/plugins/wp-all-import/models/model/record.php:78
Stack trace:
#0 /data/wwwroot/www.plastic-crate.co.uk/wp-content/plugins/wp-all-import/actions/add_attachment.php(22): PMXI_Model_Record->insert()
#1 /data/wwwroot/www.plastic-crate.co.uk/wp-includes/class-wp-hook.php(286): pmxi_add_attachment(21247)
#2 /data/wwwroot/www.plastic-crate.co.uk/wp-includes/class-wp-hook.php(310): WP_Hook->apply_filters('', Array)
#3 /data/wwwroot/www.plastic-crate.co.uk/wp-includes/plugin.php(453): WP_Hook->do_action(Array)
#4 /data/wwwroot/www.plastic-crate.co.uk/wp-includes/post.php(3694): do_action('add_attachment', 21247)
#5 /data/wwwroot/www.plastic-crate.co.uk/wp-includes/post.php(5082): wp_insert_post(Array, false)
#6 /data/wwwroot/www.plastic-crate.co.uk/wp-content/plugins/woocommerce/includes/class-wc-install.php(1190): wp_insert_attachment(Array, '/data/wwwroot/w...')
#7 /data/wwwroot/www.plasti in /data/wwwroot/www.plastic-crate.co.uk/wp-content/plugins/wp-all-import/models/model/record.php on line 78

2019-12-21T09:44:40+00:00 CRITICAL Uncaught Exception: Table 'plastic-crate.co.uk.wp_pmxi_images' doesn't exist in /data/wwwroot/www.plastic-crate.co.uk/wp-content/plugins/wp-all-import/models/model/record.php:78
Stack trace:
#0 /data/wwwroot/www.plastic-crate.co.uk/wp-content/plugins/wp-all-import/actions/add_attachment.php(22): PMXI_Model_Record->insert()
#1 /data/wwwroot/www.plastic-crate.co.uk/wp-includes/class-wp-hook.php(286): pmxi_add_attachment(21248)
#2 /data/wwwroot/www.plastic-crate.co.uk/wp-includes/class-wp-hook.php(310): WP_Hook->apply_filters('', Array)
#3 /data/wwwroot/www.plastic-crate.co.uk/wp-includes/plugin.php(453): WP_Hook->do_action(Array)
#4 /data/wwwroot/www.plastic-crate.co.uk/wp-includes/post.php(3694): do_action('add_attachment', 21248)
#5 /data/wwwroot/www.plastic-crate.co.uk/wp-includes/post.php(5082): wp_insert_post(Array, false)
#6 /data/wwwroot/www.plastic-crate.co.uk/wp-content/plugins/woocommerce/includes/class-wc-install.php(1190): wp_insert_attachment(Array, '/data/wwwroot/w...')
#7 /data/wwwroot/www.plasti in /data/wwwroot/www.plastic-crate.co.uk/wp-content/plugins/wp-all-import/models/model/record.php on line 78

2019-12-21T09:56:38+00:00 CRITICAL Uncaught Exception: Table 'plastic-crate.co.uk.wp_pmxi_images' doesn't exist in /data/wwwroot/www.plastic-crate.co.uk/wp-content/plugins/wp-all-import/models/model/record.php:78
Stack trace:
#0 /data/wwwroot/www.plastic-crate.co.uk/wp-content/plugins/wp-all-import/actions/add_attachment.php(22): PMXI_Model_Record->insert()
#1 /data/wwwroot/www.plastic-crate.co.uk/wp-includes/class-wp-hook.php(286): pmxi_add_attachment(21249)
#2 /data/wwwroot/www.plastic-crate.co.uk/wp-includes/class-wp-hook.php(310): WP_Hook->apply_filters('', Array)
#3 /data/wwwroot/www.plastic-crate.co.uk/wp-includes/plugin.php(453): WP_Hook->do_action(Array)
#4 /data/wwwroot/www.plastic-crate.co.uk/wp-includes/post.php(3694): do_action('add_attachment', 21249)
#5 /data/wwwroot/www.plastic-crate.co.uk/wp-includes/post.php(5082): wp_insert_post(Array, false)
#6 /data/wwwroot/www.plastic-crate.co.uk/wp-content/plugins/woocommerce/includes/class-wc-install.php(1190): wp_insert_attachment(Array, '/data/wwwroot/w...')
#7 /data/wwwroot/www.plasti in /data/wwwroot/www.plastic-crate.co.uk/wp-content/plugins/wp-all-import/models/model/record.php on line 78

2019-12-21T10:07:36+00:00 CRITICAL Uncaught Exception: Table 'plastic-crate.co.uk.wp_pmxi_images' doesn't exist in /data/wwwroot/www.plastic-crate.co.uk/wp-content/plugins/wp-all-import/models/model/record.php:78
Stack trace:
#0 /data/wwwroot/www.plastic-crate.co.uk/wp-content/plugins/wp-all-import/actions/add_attachment.php(22): PMXI_Model_Record->insert()
#1 /data/wwwroot/www.plastic-crate.co.uk/wp-includes/class-wp-hook.php(286): pmxi_add_attachment(21250)
#2 /data/wwwroot/www.plastic-crate.co.uk/wp-includes/class-wp-hook.php(310): WP_Hook->apply_filters('', Array)
#3 /data/wwwroot/www.plastic-crate.co.uk/wp-includes/plugin.php(453): WP_Hook->do_action(Array)
#4 /data/wwwroot/www.plastic-crate.co.uk/wp-includes/post.php(3694): do_action('add_attachment', 21250)
#5 /data/wwwroot/www.plastic-crate.co.uk/wp-includes/post.php(5082): wp_insert_post(Array, false)
#6 /data/wwwroot/www.plastic-crate.co.uk/wp-content/plugins/woocommerce/includes/class-wc-install.php(1190): wp_insert_attachment(Array, '/data/wwwroot/w...')
#7 /data/wwwroot/www.plasti in /data/wwwroot/www.plastic-crate.co.uk/wp-content/plugins/wp-all-import/models/model/record.php on line 78

2019-12-21T10:17:45+00:00 CRITICAL Uncaught Exception: Table 'plastic-crate.co.uk.wp_pmxi_images' doesn't exist in /data/wwwroot/www.plastic-crate.co.uk/wp-content/plugins/wp-all-import/models/model/record.php:78
Stack trace:
#0 /data/wwwroot/www.plastic-crate.co.uk/wp-content/plugins/wp-all-import/actions/add_attachment.php(22): PMXI_Model_Record->insert()
#1 /data/wwwroot/www.plastic-crate.co.uk/wp-includes/class-wp-hook.php(286): pmxi_add_attachment(21251)
#2 /data/wwwroot/www.plastic-crate.co.uk/wp-includes/class-wp-hook.php(310): WP_Hook->apply_filters('', Array)
#3 /data/wwwroot/www.plastic-crate.co.uk/wp-includes/plugin.php(453): WP_Hook->do_action(Array)
#4 /data/wwwroot/www.plastic-crate.co.uk/wp-includes/post.php(3694): do_action('add_attachment', 21251)
#5 /data/wwwroot/www.plastic-crate.co.uk/wp-includes/post.php(5082): wp_insert_post(Array, false)
#6 /data/wwwroot/www.plastic-crate.co.uk/wp-content/plugins/woocommerce/includes/class-wc-install.php(1190): wp_insert_attachment(Array, '/data/wwwroot/w...')
#7 /data/wwwroot/www.plasti in /data/wwwroot/www.plastic-crate.co.uk/wp-content/plugins/wp-all-import/models/model/record.php on line 78

2019-12-21T10:30:46+00:00 CRITICAL Uncaught Exception: Table 'plastic-crate.co.uk.wp_pmxi_images' doesn't exist in /data/wwwroot/www.plastic-crate.co.uk/wp-content/plugins/wp-all-import/models/model/record.php:78
Stack trace:
#0 /data/wwwroot/www.plastic-crate.co.uk/wp-content/plugins/wp-all-import/actions/add_attachment.php(22): PMXI_Model_Record->insert()
#1 /data/wwwroot/www.plastic-crate.co.uk/wp-includes/class-wp-hook.php(286): pmxi_add_attachment(21252)
#2 /data/wwwroot/www.plastic-crate.co.uk/wp-includes/class-wp-hook.php(310): WP_Hook->apply_filters('', Array)
#3 /data/wwwroot/www.plastic-crate.co.uk/wp-includes/plugin.php(453): WP_Hook->do_action(Array)
#4 /data/wwwroot/www.plastic-crate.co.uk/wp-includes/post.php(3694): do_action('add_attachment', 21252)
#5 /data/wwwroot/www.plastic-crate.co.uk/wp-includes/post.php(5082): wp_insert_post(Array, false)
#6 /data/wwwroot/www.plastic-crate.co.uk/wp-content/plugins/woocommerce/includes/class-wc-install.php(1190): wp_insert_attachment(Array, '/data/wwwroot/w...')
#7 /data/wwwroot/www.plasti in /data/wwwroot/www.plastic-crate.co.uk/wp-content/plugins/wp-all-import/models/model/record.php on line 78

2019-12-21T10:54:12+00:00 CRITICAL Uncaught Exception: Table 'plastic-crate.co.uk.wp_pmxi_images' doesn't exist in /data/wwwroot/www.plastic-crate.co.uk/wp-content/plugins/wp-all-import/models/model/record.php:78
Stack trace:
#0 /data/wwwroot/www.plastic-crate.co.uk/wp-content/plugins/wp-all-import/actions/add_attachment.php(22): PMXI_Model_Record->insert()
#1 /data/wwwroot/www.plastic-crate.co.uk/wp-includes/class-wp-hook.php(286): pmxi_add_attachment(21253)
#2 /data/wwwroot/www.plastic-crate.co.uk/wp-includes/class-wp-hook.php(310): WP_Hook->apply_filters('', Array)
#3 /data/wwwroot/www.plastic-crate.co.uk/wp-includes/plugin.php(453): WP_Hook->do_action(Array)
#4 /data/wwwroot/www.plastic-crate.co.uk/wp-includes/post.php(3694): do_action('add_attachment', 21253)
#5 /data/wwwroot/www.plastic-crate.co.uk/wp-includes/post.php(5082): wp_insert_post(Array, false)
#6 /data/wwwroot/www.plastic-crate.co.uk/wp-content/plugins/woocommerce/includes/class-wc-install.php(1190): wp_insert_attachment(Array, '/data/wwwroot/w...')
#7 /data/wwwroot/www.plasti in /data/wwwroot/www.plastic-crate.co.uk/wp-content/plugins/wp-all-import/models/model/record.php on line 78

2019-12-21T11:08:15+00:00 CRITICAL Uncaught Exception: Table 'plastic-crate.co.uk.wp_pmxi_images' doesn't exist in /data/wwwroot/www.plastic-crate.co.uk/wp-content/plugins/wp-all-import/models/model/record.php:78
Stack trace:
#0 /data/wwwroot/www.plastic-crate.co.uk/wp-content/plugins/wp-all-import/actions/add_attachment.php(22): PMXI_Model_Record->insert()
#1 /data/wwwroot/www.plastic-crate.co.uk/wp-includes/class-wp-hook.php(286): pmxi_add_attachment(21254)
#2 /data/wwwroot/www.plastic-crate.co.uk/wp-includes/class-wp-hook.php(310): WP_Hook->apply_filters('', Array)
#3 /data/wwwroot/www.plastic-crate.co.uk/wp-includes/plugin.php(453): WP_Hook->do_action(Array)
#4 /data/wwwroot/www.plastic-crate.co.uk/wp-includes/post.php(3694): do_action('add_attachment', 21254)
#5 /data/wwwroot/www.plastic-crate.co.uk/wp-includes/post.php(5082): wp_insert_post(Array, false)
#6 /data/wwwroot/www.plastic-crate.co.uk/wp-content/plugins/woocommerce/includes/class-wc-install.php(1190): wp_insert_attachment(Array, '/data/wwwroot/w...')
#7 /data/wwwroot/www.plasti in /data/wwwroot/www.plastic-crate.co.uk/wp-content/plugins/wp-all-import/models/model/record.php on line 78

2019-12-21T11:28:33+00:00 CRITICAL Uncaught Exception: Table 'plastic-crate.co.uk.wp_pmxi_images' doesn't exist in /data/wwwroot/www.plastic-crate.co.uk/wp-content/plugins/wp-all-import/models/model/record.php:78
Stack trace:
#0 /data/wwwroot/www.plastic-crate.co.uk/wp-content/plugins/wp-all-import/actions/add_attachment.php(22): PMXI_Model_Record->insert()
#1 /data/wwwroot/www.plastic-crate.co.uk/wp-includes/class-wp-hook.php(286): pmxi_add_attachment(21255)
#2 /data/wwwroot/www.plastic-crate.co.uk/wp-includes/class-wp-hook.php(310): WP_Hook->apply_filters('', Array)
#3 /data/wwwroot/www.plastic-crate.co.uk/wp-includes/plugin.php(453): WP_Hook->do_action(Array)
#4 /data/wwwroot/www.plastic-crate.co.uk/wp-includes/post.php(3694): do_action('add_attachment', 21255)
#5 /data/wwwroot/www.plastic-crate.co.uk/wp-includes/post.php(5082): wp_insert_post(Array, false)
#6 /data/wwwroot/www.plastic-crate.co.uk/wp-content/plugins/woocommerce/includes/class-wc-install.php(1190): wp_insert_attachment(Array, '/data/wwwroot/w...')
#7 /data/wwwroot/www.plasti in /data/wwwroot/www.plastic-crate.co.uk/wp-content/plugins/wp-all-import/models/model/record.php on line 78

2019-12-21T11:48:27+00:00 CRITICAL Uncaught Exception: Table 'plastic-crate.co.uk.wp_pmxi_images' doesn't exist in /data/wwwroot/www.plastic-crate.co.uk/wp-content/plugins/wp-all-import/models/model/record.php:78
Stack trace:
#0 /data/wwwroot/www.plastic-crate.co.uk/wp-content/plugins/wp-all-import/actions/add_attachment.php(22): PMXI_Model_Record->insert()
#1 /data/wwwroot/www.plastic-crate.co.uk/wp-includes/class-wp-hook.php(286): pmxi_add_attachment(21256)
#2 /data/wwwroot/www.plastic-crate.co.uk/wp-includes/class-wp-hook.php(310): WP_Hook->apply_filters('', Array)
#3 /data/wwwroot/www.plastic-crate.co.uk/wp-includes/plugin.php(453): WP_Hook->do_action(Array)
#4 /data/wwwroot/www.plastic-crate.co.uk/wp-includes/post.php(3694): do_action('add_attachment', 21256)
#5 /data/wwwroot/www.plastic-crate.co.uk/wp-includes/post.php(5082): wp_insert_post(Array, false)
#6 /data/wwwroot/www.plastic-crate.co.uk/wp-content/plugins/woocommerce/includes/class-wc-install.php(1190): wp_insert_attachment(Array, '/data/wwwroot/w...')
#7 /data/wwwroot/www.plasti in /data/wwwroot/www.plastic-crate.co.uk/wp-content/plugins/wp-all-import/models/model/record.php on line 78

2019-12-21T12:07:30+00:00 CRITICAL Uncaught Exception: Table 'plastic-crate.co.uk.wp_pmxi_images' doesn't exist in /data/wwwroot/www.plastic-crate.co.uk/wp-content/plugins/wp-all-import/models/model/record.php:78
Stack trace:
#0 /data/wwwroot/www.plastic-crate.co.uk/wp-content/plugins/wp-all-import/actions/add_attachment.php(22): PMXI_Model_Record->insert()
#1 /data/wwwroot/www.plastic-crate.co.uk/wp-includes/class-wp-hook.php(286): pmxi_add_attachment(21257)
#2 /data/wwwroot/www.plastic-crate.co.uk/wp-includes/class-wp-hook.php(310): WP_Hook->apply_filters('', Array)
#3 /data/wwwroot/www.plastic-crate.co.uk/wp-includes/plugin.php(453): WP_Hook->do_action(Array)
#4 /data/wwwroot/www.plastic-crate.co.uk/wp-includes/post.php(3694): do_action('add_attachment', 21257)
#5 /data/wwwroot/www.plastic-crate.co.uk/wp-includes/post.php(5082): wp_insert_post(Array, false)
#6 /data/wwwroot/www.plastic-crate.co.uk/wp-content/plugins/woocommerce/includes/class-wc-install.php(1190): wp_insert_attachment(Array, '/data/wwwroot/w...')
#7 /data/wwwroot/www.plasti in /data/wwwroot/www.plastic-crate.co.uk/wp-content/plugins/wp-all-import/models/model/record.php on line 78

2019-12-21T12:21:57+00:00 CRITICAL Uncaught Exception: Table 'plastic-crate.co.uk.wp_pmxi_images' doesn't exist in /data/wwwroot/www.plastic-crate.co.uk/wp-content/plugins/wp-all-import/models/model/record.php:78
Stack trace:
#0 /data/wwwroot/www.plastic-crate.co.uk/wp-content/plugins/wp-all-import/actions/add_attachment.php(22): PMXI_Model_Record->insert()
#1 /data/wwwroot/www.plastic-crate.co.uk/wp-includes/class-wp-hook.php(286): pmxi_add_attachment(21258)
#2 /data/wwwroot/www.plastic-crate.co.uk/wp-includes/class-wp-hook.php(310): WP_Hook->apply_filters('', Array)
#3 /data/wwwroot/www.plastic-crate.co.uk/wp-includes/plugin.php(453): WP_Hook->do_action(Array)
#4 /data/wwwroot/www.plastic-crate.co.uk/wp-includes/post.php(3694): do_action('add_attachment', 21258)
#5 /data/wwwroot/www.plastic-crate.co.uk/wp-includes/post.php(5082): wp_insert_post(Array, false)
#6 /data/wwwroot/www.plastic-crate.co.uk/wp-content/plugins/woocommerce/includes/class-wc-install.php(1190): wp_insert_attachment(Array, '/data/wwwroot/w...')
#7 /data/wwwroot/www.plasti in /data/wwwroot/www.plastic-crate.co.uk/wp-content/plugins/wp-all-import/models/model/record.php on line 78

2019-12-21T12:38:16+00:00 CRITICAL Uncaught Exception: Table 'plastic-crate.co.uk.wp_pmxi_images' doesn't exist in /data/wwwroot/www.plastic-crate.co.uk/wp-content/plugins/wp-all-import/models/model/record.php:78
Stack trace:
#0 /data/wwwroot/www.plastic-crate.co.uk/wp-content/plugins/wp-all-import/actions/add_attachment.php(22): PMXI_Model_Record->insert()
#1 /data/wwwroot/www.plastic-crate.co.uk/wp-includes/class-wp-hook.php(286): pmxi_add_attachment(21259)
#2 /data/wwwroot/www.plastic-crate.co.uk/wp-includes/class-wp-hook.php(310): WP_Hook->apply_filters('', Array)
#3 /data/wwwroot/www.plastic-crate.co.uk/wp-includes/plugin.php(453): WP_Hook->do_action(Array)
#4 /data/wwwroot/www.plastic-crate.co.uk/wp-includes/post.php(3694): do_action('add_attachment', 21259)
#5 /data/wwwroot/www.plastic-crate.co.uk/wp-includes/post.php(5082): wp_insert_post(Array, false)
#6 /data/wwwroot/www.plastic-crate.co.uk/wp-content/plugins/woocommerce/includes/class-wc-install.php(1190): wp_insert_attachment(Array, '/data/wwwroot/w...')
#7 /data/wwwroot/www.plasti in /data/wwwroot/www.plastic-crate.co.uk/wp-content/plugins/wp-all-import/models/model/record.php on line 78

2019-12-21T12:59:12+00:00 CRITICAL Uncaught Exception: Table 'plastic-crate.co.uk.wp_pmxi_images' doesn't exist in /data/wwwroot/www.plastic-crate.co.uk/wp-content/plugins/wp-all-import/models/model/record.php:78
Stack trace:
#0 /data/wwwroot/www.plastic-crate.co.uk/wp-content/plugins/wp-all-import/actions/add_attachment.php(22): PMXI_Model_Record->insert()
#1 /data/wwwroot/www.plastic-crate.co.uk/wp-includes/class-wp-hook.php(286): pmxi_add_attachment(21260)
#2 /data/wwwroot/www.plastic-crate.co.uk/wp-includes/class-wp-hook.php(310): WP_Hook->apply_filters('', Array)
#3 /data/wwwroot/www.plastic-crate.co.uk/wp-includes/plugin.php(453): WP_Hook->do_action(Array)
#4 /data/wwwroot/www.plastic-crate.co.uk/wp-includes/post.php(3694): do_action('add_attachment', 21260)
#5 /data/wwwroot/www.plastic-crate.co.uk/wp-includes/post.php(5082): wp_insert_post(Array, false)
#6 /data/wwwroot/www.plastic-crate.co.uk/wp-content/plugins/woocommerce/includes/class-wc-install.php(1190): wp_insert_attachment(Array, '/data/wwwroot/w...')
#7 /data/wwwroot/www.plasti in /data/wwwroot/www.plastic-crate.co.uk/wp-content/plugins/wp-all-import/models/model/record.php on line 78

2019-12-21T13:19:49+00:00 CRITICAL Uncaught Exception: Table 'plastic-crate.co.uk.wp_pmxi_images' doesn't exist in /data/wwwroot/www.plastic-crate.co.uk/wp-content/plugins/wp-all-import/models/model/record.php:78
Stack trace:
#0 /data/wwwroot/www.plastic-crate.co.uk/wp-content/plugins/wp-all-import/actions/add_attachment.php(22): PMXI_Model_Record->insert()
#1 /data/wwwroot/www.plastic-crate.co.uk/wp-includes/class-wp-hook.php(286): pmxi_add_attachment(21261)
#2 /data/wwwroot/www.plastic-crate.co.uk/wp-includes/class-wp-hook.php(310): WP_Hook->apply_filters('', Array)
#3 /data/wwwroot/www.plastic-crate.co.uk/wp-includes/plugin.php(453): WP_Hook->do_action(Array)
#4 /data/wwwroot/www.plastic-crate.co.uk/wp-includes/post.php(3694): do_action('add_attachment', 21261)
#5 /data/wwwroot/www.plastic-crate.co.uk/wp-includes/post.php(5082): wp_insert_post(Array, false)
#6 /data/wwwroot/www.plastic-crate.co.uk/wp-content/plugins/woocommerce/includes/class-wc-install.php(1190): wp_insert_attachment(Array, '/data/wwwroot/w...')
#7 /data/wwwroot/www.plasti in /data/wwwroot/www.plastic-crate.co.uk/wp-content/plugins/wp-all-import/models/model/record.php on line 78

2019-12-21T13:38:13+00:00 CRITICAL Uncaught Exception: Table 'plastic-crate.co.uk.wp_pmxi_images' doesn't exist in /data/wwwroot/www.plastic-crate.co.uk/wp-content/plugins/wp-all-import/models/model/record.php:78
Stack trace:
#0 /data/wwwroot/www.plastic-crate.co.uk/wp-content/plugins/wp-all-import/actions/add_attachment.php(22): PMXI_Model_Record->insert()
#1 /data/wwwroot/www.plastic-crate.co.uk/wp-includes/class-wp-hook.php(286): pmxi_add_attachment(21262)
#2 /data/wwwroot/www.plastic-crate.co.uk/wp-includes/class-wp-hook.php(310): WP_Hook->apply_filters('', Array)
#3 /data/wwwroot/www.plastic-crate.co.uk/wp-includes/plugin.php(453): WP_Hook->do_action(Array)
#4 /data/wwwroot/www.plastic-crate.co.uk/wp-includes/post.php(3694): do_action('add_attachment', 21262)
#5 /data/wwwroot/www.plastic-crate.co.uk/wp-includes/post.php(5082): wp_insert_post(Array, false)
#6 /data/wwwroot/www.plastic-crate.co.uk/wp-content/plugins/woocommerce/includes/class-wc-install.php(1190): wp_insert_attachment(Array, '/data/wwwroot/w...')
#7 /data/wwwroot/www.plasti in /data/wwwroot/www.plastic-crate.co.uk/wp-content/plugins/wp-all-import/models/model/record.php on line 78

2019-12-21T13:48:15+00:00 CRITICAL Uncaught Exception: Table 'plastic-crate.co.uk.wp_pmxi_images' doesn't exist in /data/wwwroot/www.plastic-crate.co.uk/wp-content/plugins/wp-all-import/models/model/record.php:78
Stack trace:
#0 /data/wwwroot/www.plastic-crate.co.uk/wp-content/plugins/wp-all-import/actions/add_attachment.php(22): PMXI_Model_Record->insert()
#1 /data/wwwroot/www.plastic-crate.co.uk/wp-includes/class-wp-hook.php(286): pmxi_add_attachment(21263)
#2 /data/wwwroot/www.plastic-crate.co.uk/wp-includes/class-wp-hook.php(310): WP_Hook->apply_filters('', Array)
#3 /data/wwwroot/www.plastic-crate.co.uk/wp-includes/plugin.php(453): WP_Hook->do_action(Array)
#4 /data/wwwroot/www.plastic-crate.co.uk/wp-includes/post.php(3694): do_action('add_attachment', 21263)
#5 /data/wwwroot/www.plastic-crate.co.uk/wp-includes/post.php(5082): wp_insert_post(Array, false)
#6 /data/wwwroot/www.plastic-crate.co.uk/wp-content/plugins/woocommerce/includes/class-wc-install.php(1190): wp_insert_attachment(Array, '/data/wwwroot/w...')
#7 /data/wwwroot/www.plasti in /data/wwwroot/www.plastic-crate.co.uk/wp-content/plugins/wp-all-import/models/model/record.php on line 78

2019-12-21T14:03:55+00:00 CRITICAL Uncaught Exception: Table 'plastic-crate.co.uk.wp_pmxi_images' doesn't exist in /data/wwwroot/www.plastic-crate.co.uk/wp-content/plugins/wp-all-import/models/model/record.php:78
Stack trace:
#0 /data/wwwroot/www.plastic-crate.co.uk/wp-content/plugins/wp-all-import/actions/add_attachment.php(22): PMXI_Model_Record->insert()
#1 /data/wwwroot/www.plastic-crate.co.uk/wp-includes/class-wp-hook.php(286): pmxi_add_attachment(21264)
#2 /data/wwwroot/www.plastic-crate.co.uk/wp-includes/class-wp-hook.php(310): WP_Hook->apply_filters('', Array)
#3 /data/wwwroot/www.plastic-crate.co.uk/wp-includes/plugin.php(453): WP_Hook->do_action(Array)
#4 /data/wwwroot/www.plastic-crate.co.uk/wp-includes/post.php(3694): do_action('add_attachment', 21264)
#5 /data/wwwroot/www.plastic-crate.co.uk/wp-includes/post.php(5082): wp_insert_post(Array, false)
#6 /data/wwwroot/www.plastic-crate.co.uk/wp-content/plugins/woocommerce/includes/class-wc-install.php(1190): wp_insert_attachment(Array, '/data/wwwroot/w...')
#7 /data/wwwroot/www.plasti in /data/wwwroot/www.plastic-crate.co.uk/wp-content/plugins/wp-all-import/models/model/record.php on line 78

2019-12-21T14:15:32+00:00 CRITICAL Uncaught Exception: Table 'plastic-crate.co.uk.wp_pmxi_images' doesn't exist in /data/wwwroot/www.plastic-crate.co.uk/wp-content/plugins/wp-all-import/models/model/record.php:78
Stack trace:
#0 /data/wwwroot/www.plastic-crate.co.uk/wp-content/plugins/wp-all-import/actions/add_attachment.php(22): PMXI_Model_Record->insert()
#1 /data/wwwroot/www.plastic-crate.co.uk/wp-includes/class-wp-hook.php(286): pmxi_add_attachment(21265)
#2 /data/wwwroot/www.plastic-crate.co.uk/wp-includes/class-wp-hook.php(310): WP_Hook->apply_filters('', Array)
#3 /data/wwwroot/www.plastic-crate.co.uk/wp-includes/plugin.php(453): WP_Hook->do_action(Array)
#4 /data/wwwroot/www.plastic-crate.co.uk/wp-includes/post.php(3694): do_action('add_attachment', 21265)
#5 /data/wwwroot/www.plastic-crate.co.uk/wp-includes/post.php(5082): wp_insert_post(Array, false)
#6 /data/wwwroot/www.plastic-crate.co.uk/wp-content/plugins/woocommerce/includes/class-wc-install.php(1190): wp_insert_attachment(Array, '/data/wwwroot/w...')
#7 /data/wwwroot/www.plasti in /data/wwwroot/www.plastic-crate.co.uk/wp-content/plugins/wp-all-import/models/model/record.php on line 78

2019-12-21T14:28:30+00:00 CRITICAL Uncaught Exception: Table 'plastic-crate.co.uk.wp_pmxi_images' doesn't exist in /data/wwwroot/www.plastic-crate.co.uk/wp-content/plugins/wp-all-import/models/model/record.php:78
Stack trace:
#0 /data/wwwroot/www.plastic-crate.co.uk/wp-content/plugins/wp-all-import/actions/add_attachment.php(22): PMXI_Model_Record->insert()
#1 /data/wwwroot/www.plastic-crate.co.uk/wp-includes/class-wp-hook.php(286): pmxi_add_attachment(21266)
#2 /data/wwwroot/www.plastic-crate.co.uk/wp-includes/class-wp-hook.php(310): WP_Hook->apply_filters('', Array)
#3 /data/wwwroot/www.plastic-crate.co.uk/wp-includes/plugin.php(453): WP_Hook->do_action(Array)
#4 /data/wwwroot/www.plastic-crate.co.uk/wp-includes/post.php(3694): do_action('add_attachment', 21266)
#5 /data/wwwroot/www.plastic-crate.co.uk/wp-includes/post.php(5082): wp_insert_post(Array, false)
#6 /data/wwwroot/www.plastic-crate.co.uk/wp-content/plugins/woocommerce/includes/class-wc-install.php(1190): wp_insert_attachment(Array, '/data/wwwroot/w...')
#7 /data/wwwroot/www.plasti in /data/wwwroot/www.plastic-crate.co.uk/wp-content/plugins/wp-all-import/models/model/record.php on line 78

2019-12-21T14:41:51+00:00 CRITICAL Uncaught Exception: Table 'plastic-crate.co.uk.wp_pmxi_images' doesn't exist in /data/wwwroot/www.plastic-crate.co.uk/wp-content/plugins/wp-all-import/models/model/record.php:78
Stack trace:
#0 /data/wwwroot/www.plastic-crate.co.uk/wp-content/plugins/wp-all-import/actions/add_attachment.php(22): PMXI_Model_Record->insert()
#1 /data/wwwroot/www.plastic-crate.co.uk/wp-includes/class-wp-hook.php(286): pmxi_add_attachment(21267)
#2 /data/wwwroot/www.plastic-crate.co.uk/wp-includes/class-wp-hook.php(310): WP_Hook->apply_filters('', Array)
#3 /data/wwwroot/www.plastic-crate.co.uk/wp-includes/plugin.php(453): WP_Hook->do_action(Array)
#4 /data/wwwroot/www.plastic-crate.co.uk/wp-includes/post.php(3694): do_action('add_attachment', 21267)
#5 /data/wwwroot/www.plastic-crate.co.uk/wp-includes/post.php(5082): wp_insert_post(Array, false)
#6 /data/wwwroot/www.plastic-crate.co.uk/wp-content/plugins/woocommerce/includes/class-wc-install.php(1190): wp_insert_attachment(Array, '/data/wwwroot/w...')
#7 /data/wwwroot/www.plasti in /data/wwwroot/www.plastic-crate.co.uk/wp-content/plugins/wp-all-import/models/model/record.php on line 78

2019-12-21T14:56:10+00:00 CRITICAL Uncaught Exception: Table 'plastic-crate.co.uk.wp_pmxi_images' doesn't exist in /data/wwwroot/www.plastic-crate.co.uk/wp-content/plugins/wp-all-import/models/model/record.php:78
Stack trace:
#0 /data/wwwroot/www.plastic-crate.co.uk/wp-content/plugins/wp-all-import/actions/add_attachment.php(22): PMXI_Model_Record->insert()
#1 /data/wwwroot/www.plastic-crate.co.uk/wp-includes/class-wp-hook.php(286): pmxi_add_attachment(21268)
#2 /data/wwwroot/www.plastic-crate.co.uk/wp-includes/class-wp-hook.php(310): WP_Hook->apply_filters('', Array)
#3 /data/wwwroot/www.plastic-crate.co.uk/wp-includes/plugin.php(453): WP_Hook->do_action(Array)
#4 /data/wwwroot/www.plastic-crate.co.uk/wp-includes/post.php(3694): do_action('add_attachment', 21268)
#5 /data/wwwroot/www.plastic-crate.co.uk/wp-includes/post.php(5082): wp_insert_post(Array, false)
#6 /data/wwwroot/www.plastic-crate.co.uk/wp-content/plugins/woocommerce/includes/class-wc-install.php(1190): wp_insert_attachment(Array, '/data/wwwroot/w...')
#7 /data/wwwroot/www.plasti in /data/wwwroot/www.plastic-crate.co.uk/wp-content/plugins/wp-all-import/models/model/record.php on line 78

2019-12-21T15:14:01+00:00 CRITICAL Uncaught Exception: Table 'plastic-crate.co.uk.wp_pmxi_images' doesn't exist in /data/wwwroot/www.plastic-crate.co.uk/wp-content/plugins/wp-all-import/models/model/record.php:78
Stack trace:
#0 /data/wwwroot/www.plastic-crate.co.uk/wp-content/plugins/wp-all-import/actions/add_attachment.php(22): PMXI_Model_Record->insert()
#1 /data/wwwroot/www.plastic-crate.co.uk/wp-includes/class-wp-hook.php(286): pmxi_add_attachment(21269)
#2 /data/wwwroot/www.plastic-crate.co.uk/wp-includes/class-wp-hook.php(310): WP_Hook->apply_filters('', Array)
#3 /data/wwwroot/www.plastic-crate.co.uk/wp-includes/plugin.php(453): WP_Hook->do_action(Array)
#4 /data/wwwroot/www.plastic-crate.co.uk/wp-includes/post.php(3694): do_action('add_attachment', 21269)
#5 /data/wwwroot/www.plastic-crate.co.uk/wp-includes/post.php(5082): wp_insert_post(Array, false)
#6 /data/wwwroot/www.plastic-crate.co.uk/wp-content/plugins/woocommerce/includes/class-wc-install.php(1190): wp_insert_attachment(Array, '/data/wwwroot/w...')
#7 /data/wwwroot/www.plasti in /data/wwwroot/www.plastic-crate.co.uk/wp-content/plugins/wp-all-import/models/model/record.php on line 78

2019-12-21T15:24:23+00:00 CRITICAL Uncaught Exception: Table 'plastic-crate.co.uk.wp_pmxi_images' doesn't exist in /data/wwwroot/www.plastic-crate.co.uk/wp-content/plugins/wp-all-import/models/model/record.php:78
Stack trace:
#0 /data/wwwroot/www.plastic-crate.co.uk/wp-content/plugins/wp-all-import/actions/add_attachment.php(22): PMXI_Model_Record->insert()
#1 /data/wwwroot/www.plastic-crate.co.uk/wp-includes/class-wp-hook.php(286): pmxi_add_attachment(21270)
#2 /data/wwwroot/www.plastic-crate.co.uk/wp-includes/class-wp-hook.php(310): WP_Hook->apply_filters('', Array)
#3 /data/wwwroot/www.plastic-crate.co.uk/wp-includes/plugin.php(453): WP_Hook->do_action(Array)
#4 /data/wwwroot/www.plastic-crate.co.uk/wp-includes/post.php(3694): do_action('add_attachment', 21270)
#5 /data/wwwroot/www.plastic-crate.co.uk/wp-includes/post.php(5082): wp_insert_post(Array, false)
#6 /data/wwwroot/www.plastic-crate.co.uk/wp-content/plugins/woocommerce/includes/class-wc-install.php(1190): wp_insert_attachment(Array, '/data/wwwroot/w...')
#7 /data/wwwroot/www.plasti in /data/wwwroot/www.plastic-crate.co.uk/wp-content/plugins/wp-all-import/models/model/record.php on line 78

2019-12-21T15:40:52+00:00 CRITICAL Uncaught Exception: Table 'plastic-crate.co.uk.wp_pmxi_images' doesn't exist in /data/wwwroot/www.plastic-crate.co.uk/wp-content/plugins/wp-all-import/models/model/record.php:78
Stack trace:
#0 /data/wwwroot/www.plastic-crate.co.uk/wp-content/plugins/wp-all-import/actions/add_attachment.php(22): PMXI_Model_Record->insert()
#1 /data/wwwroot/www.plastic-crate.co.uk/wp-includes/class-wp-hook.php(286): pmxi_add_attachment(21271)
#2 /data/wwwroot/www.plastic-crate.co.uk/wp-includes/class-wp-hook.php(310): WP_Hook->apply_filters('', Array)
#3 /data/wwwroot/www.plastic-crate.co.uk/wp-includes/plugin.php(453): WP_Hook->do_action(Array)
#4 /data/wwwroot/www.plastic-crate.co.uk/wp-includes/post.php(3694): do_action('add_attachment', 21271)
#5 /data/wwwroot/www.plastic-crate.co.uk/wp-includes/post.php(5082): wp_insert_post(Array, false)
#6 /data/wwwroot/www.plastic-crate.co.uk/wp-content/plugins/woocommerce/includes/class-wc-install.php(1190): wp_insert_attachment(Array, '/data/wwwroot/w...')
#7 /data/wwwroot/www.plasti in /data/wwwroot/www.plastic-crate.co.uk/wp-content/plugins/wp-all-import/models/model/record.php on line 78

2019-12-21T16:03:48+00:00 CRITICAL Uncaught Exception: Table 'plastic-crate.co.uk.wp_pmxi_images' doesn't exist in /data/wwwroot/www.plastic-crate.co.uk/wp-content/plugins/wp-all-import/models/model/record.php:78
Stack trace:
#0 /data/wwwroot/www.plastic-crate.co.uk/wp-content/plugins/wp-all-import/actions/add_attachment.php(22): PMXI_Model_Record->insert()
#1 /data/wwwroot/www.plastic-crate.co.uk/wp-includes/class-wp-hook.php(286): pmxi_add_attachment(21272)
#2 /data/wwwroot/www.plastic-crate.co.uk/wp-includes/class-wp-hook.php(310): WP_Hook->apply_filters('', Array)
#3 /data/wwwroot/www.plastic-crate.co.uk/wp-includes/plugin.php(453): WP_Hook->do_action(Array)
#4 /data/wwwroot/www.plastic-crate.co.uk/wp-includes/post.php(3694): do_action('add_attachment', 21272)
#5 /data/wwwroot/www.plastic-crate.co.uk/wp-includes/post.php(5082): wp_insert_post(Array, false)
#6 /data/wwwroot/www.plastic-crate.co.uk/wp-content/plugins/woocommerce/includes/class-wc-install.php(1190): wp_insert_attachment(Array, '/data/wwwroot/w...')
#7 /data/wwwroot/www.plasti in /data/wwwroot/www.plastic-crate.co.uk/wp-content/plugins/wp-all-import/models/model/record.php on line 78

2019-12-21T16:15:41+00:00 CRITICAL Uncaught Exception: Table 'plastic-crate.co.uk.wp_pmxi_images' doesn't exist in /data/wwwroot/www.plastic-crate.co.uk/wp-content/plugins/wp-all-import/models/model/record.php:78
Stack trace:
#0 /data/wwwroot/www.plastic-crate.co.uk/wp-content/plugins/wp-all-import/actions/add_attachment.php(22): PMXI_Model_Record->insert()
#1 /data/wwwroot/www.plastic-crate.co.uk/wp-includes/class-wp-hook.php(286): pmxi_add_attachment(21273)
#2 /data/wwwroot/www.plastic-crate.co.uk/wp-includes/class-wp-hook.php(310): WP_Hook->apply_filters('', Array)
#3 /data/wwwroot/www.plastic-crate.co.uk/wp-includes/plugin.php(453): WP_Hook->do_action(Array)
#4 /data/wwwroot/www.plastic-crate.co.uk/wp-includes/post.php(3694): do_action('add_attachment', 21273)
#5 /data/wwwroot/www.plastic-crate.co.uk/wp-includes/post.php(5082): wp_insert_post(Array, false)
#6 /data/wwwroot/www.plastic-crate.co.uk/wp-content/plugins/woocommerce/includes/class-wc-install.php(1190): wp_insert_attachment(Array, '/data/wwwroot/w...')
#7 /data/wwwroot/www.plasti in /data/wwwroot/www.plastic-crate.co.uk/wp-content/plugins/wp-all-import/models/model/record.php on line 78

2019-12-21T16:26:34+00:00 CRITICAL Uncaught Exception: Table 'plastic-crate.co.uk.wp_pmxi_images' doesn't exist in /data/wwwroot/www.plastic-crate.co.uk/wp-content/plugins/wp-all-import/models/model/record.php:78
Stack trace:
#0 /data/wwwroot/www.plastic-crate.co.uk/wp-content/plugins/wp-all-import/actions/add_attachment.php(22): PMXI_Model_Record->insert()
#1 /data/wwwroot/www.plastic-crate.co.uk/wp-includes/class-wp-hook.php(286): pmxi_add_attachment(21274)
#2 /data/wwwroot/www.plastic-crate.co.uk/wp-includes/class-wp-hook.php(310): WP_Hook->apply_filters('', Array)
#3 /data/wwwroot/www.plastic-crate.co.uk/wp-includes/plugin.php(453): WP_Hook->do_action(Array)
#4 /data/wwwroot/www.plastic-crate.co.uk/wp-includes/post.php(3694): do_action('add_attachment', 21274)
#5 /data/wwwroot/www.plastic-crate.co.uk/wp-includes/post.php(5082): wp_insert_post(Array, false)
#6 /data/wwwroot/www.plastic-crate.co.uk/wp-content/plugins/woocommerce/includes/class-wc-install.php(1190): wp_insert_attachment(Array, '/data/wwwroot/w...')
#7 /data/wwwroot/www.plasti in /data/wwwroot/www.plastic-crate.co.uk/wp-content/plugins/wp-all-import/models/model/record.php on line 78

2019-12-21T16:46:52+00:00 CRITICAL Uncaught Exception: Table 'plastic-crate.co.uk.wp_pmxi_images' doesn't exist in /data/wwwroot/www.plastic-crate.co.uk/wp-content/plugins/wp-all-import/models/model/record.php:78
Stack trace:
#0 /data/wwwroot/www.plastic-crate.co.uk/wp-content/plugins/wp-all-import/actions/add_attachment.php(22): PMXI_Model_Record->insert()
#1 /data/wwwroot/www.plastic-crate.co.uk/wp-includes/class-wp-hook.php(286): pmxi_add_attachment(21275)
#2 /data/wwwroot/www.plastic-crate.co.uk/wp-includes/class-wp-hook.php(310): WP_Hook->apply_filters('', Array)
#3 /data/wwwroot/www.plastic-crate.co.uk/wp-includes/plugin.php(453): WP_Hook->do_action(Array)
#4 /data/wwwroot/www.plastic-crate.co.uk/wp-includes/post.php(3694): do_action('add_attachment', 21275)
#5 /data/wwwroot/www.plastic-crate.co.uk/wp-includes/post.php(5082): wp_insert_post(Array, false)
#6 /data/wwwroot/www.plastic-crate.co.uk/wp-content/plugins/woocommerce/includes/class-wc-install.php(1190): wp_insert_attachment(Array, '/data/wwwroot/w...')
#7 /data/wwwroot/www.plasti in /data/wwwroot/www.plastic-crate.co.uk/wp-content/plugins/wp-all-import/models/model/record.php on line 78

2019-12-21T17:15:50+00:00 CRITICAL Uncaught Exception: Table 'plastic-crate.co.uk.wp_pmxi_images' doesn't exist in /data/wwwroot/www.plastic-crate.co.uk/wp-content/plugins/wp-all-import/models/model/record.php:78
Stack trace:
#0 /data/wwwroot/www.plastic-crate.co.uk/wp-content/plugins/wp-all-import/actions/add_attachment.php(22): PMXI_Model_Record->insert()
#1 /data/wwwroot/www.plastic-crate.co.uk/wp-includes/class-wp-hook.php(286): pmxi_add_attachment(21276)
#2 /data/wwwroot/www.plastic-crate.co.uk/wp-includes/class-wp-hook.php(310): WP_Hook->apply_filters('', Array)
#3 /data/wwwroot/www.plastic-crate.co.uk/wp-includes/plugin.php(453): WP_Hook->do_action(Array)
#4 /data/wwwroot/www.plastic-crate.co.uk/wp-includes/post.php(3694): do_action('add_attachment', 21276)
#5 /data/wwwroot/www.plastic-crate.co.uk/wp-includes/post.php(5082): wp_insert_post(Array, false)
#6 /data/wwwroot/www.plastic-crate.co.uk/wp-content/plugins/woocommerce/includes/class-wc-install.php(1190): wp_insert_attachment(Array, '/data/wwwroot/w...')
#7 /data/wwwroot/www.plasti in /data/wwwroot/www.plastic-crate.co.uk/wp-content/plugins/wp-all-import/models/model/record.php on line 78

2019-12-21T17:33:56+00:00 CRITICAL Uncaught Exception: Table 'plastic-crate.co.uk.wp_pmxi_images' doesn't exist in /data/wwwroot/www.plastic-crate.co.uk/wp-content/plugins/wp-all-import/models/model/record.php:78
Stack trace:
#0 /data/wwwroot/www.plastic-crate.co.uk/wp-content/plugins/wp-all-import/actions/add_attachment.php(22): PMXI_Model_Record->insert()
#1 /data/wwwroot/www.plastic-crate.co.uk/wp-includes/class-wp-hook.php(286): pmxi_add_attachment(21277)
#2 /data/wwwroot/www.plastic-crate.co.uk/wp-includes/class-wp-hook.php(310): WP_Hook->apply_filters('', Array)
#3 /data/wwwroot/www.plastic-crate.co.uk/wp-includes/plugin.php(453): WP_Hook->do_action(Array)
#4 /data/wwwroot/www.plastic-crate.co.uk/wp-includes/post.php(3694): do_action('add_attachment', 21277)
#5 /data/wwwroot/www.plastic-crate.co.uk/wp-includes/post.php(5082): wp_insert_post(Array, false)
#6 /data/wwwroot/www.plastic-crate.co.uk/wp-content/plugins/woocommerce/includes/class-wc-install.php(1190): wp_insert_attachment(Array, '/data/wwwroot/w...')
#7 /data/wwwroot/www.plasti in /data/wwwroot/www.plastic-crate.co.uk/wp-content/plugins/wp-all-import/models/model/record.php on line 78

2019-12-21T17:48:14+00:00 CRITICAL Uncaught Exception: Table 'plastic-crate.co.uk.wp_pmxi_images' doesn't exist in /data/wwwroot/www.plastic-crate.co.uk/wp-content/plugins/wp-all-import/models/model/record.php:78
Stack trace:
#0 /data/wwwroot/www.plastic-crate.co.uk/wp-content/plugins/wp-all-import/actions/add_attachment.php(22): PMXI_Model_Record->insert()
#1 /data/wwwroot/www.plastic-crate.co.uk/wp-includes/class-wp-hook.php(286): pmxi_add_attachment(21278)
#2 /data/wwwroot/www.plastic-crate.co.uk/wp-includes/class-wp-hook.php(310): WP_Hook->apply_filters('', Array)
#3 /data/wwwroot/www.plastic-crate.co.uk/wp-includes/plugin.php(453): WP_Hook->do_action(Array)
#4 /data/wwwroot/www.plastic-crate.co.uk/wp-includes/post.php(3694): do_action('add_attachment', 21278)
#5 /data/wwwroot/www.plastic-crate.co.uk/wp-includes/post.php(5082): wp_insert_post(Array, false)
#6 /data/wwwroot/www.plastic-crate.co.uk/wp-content/plugins/woocommerce/includes/class-wc-install.php(1190): wp_insert_attachment(Array, '/data/wwwroot/w...')
#7 /data/wwwroot/www.plasti in /data/wwwroot/www.plastic-crate.co.uk/wp-content/plugins/wp-all-import/models/model/record.php on line 78

2019-12-21T18:39:37+00:00 CRITICAL Uncaught Exception: Table 'plastic-crate.co.uk.wp_pmxi_images' doesn't exist in /data/wwwroot/www.plastic-crate.co.uk/wp-content/plugins/wp-all-import/models/model/record.php:78
Stack trace:
#0 /data/wwwroot/www.plastic-crate.co.uk/wp-content/plugins/wp-all-import/actions/add_attachment.php(22): PMXI_Model_Record->insert()
#1 /data/wwwroot/www.plastic-crate.co.uk/wp-includes/class-wp-hook.php(286): pmxi_add_attachment(21279)
#2 /data/wwwroot/www.plastic-crate.co.uk/wp-includes/class-wp-hook.php(310): WP_Hook->apply_filters('', Array)
#3 /data/wwwroot/www.plastic-crate.co.uk/wp-includes/plugin.php(453): WP_Hook->do_action(Array)
#4 /data/wwwroot/www.plastic-crate.co.uk/wp-includes/post.php(3694): do_action('add_attachment', 21279)
#5 /data/wwwroot/www.plastic-crate.co.uk/wp-includes/post.php(5082): wp_insert_post(Array, false)
#6 /data/wwwroot/www.plastic-crate.co.uk/wp-content/plugins/woocommerce/includes/class-wc-install.php(1190): wp_insert_attachment(Array, '/data/wwwroot/w...')
#7 /data/wwwroot/www.plasti in /data/wwwroot/www.plastic-crate.co.uk/wp-content/plugins/wp-all-import/models/model/record.php on line 78

2019-12-21T19:07:48+00:00 CRITICAL Uncaught Exception: Table 'plastic-crate.co.uk.wp_pmxi_images' doesn't exist in /data/wwwroot/www.plastic-crate.co.uk/wp-content/plugins/wp-all-import/models/model/record.php:78
Stack trace:
#0 /data/wwwroot/www.plastic-crate.co.uk/wp-content/plugins/wp-all-import/actions/add_attachment.php(22): PMXI_Model_Record->insert()
#1 /data/wwwroot/www.plastic-crate.co.uk/wp-includes/class-wp-hook.php(286): pmxi_add_attachment(21280)
#2 /data/wwwroot/www.plastic-crate.co.uk/wp-includes/class-wp-hook.php(310): WP_Hook->apply_filters('', Array)
#3 /data/wwwroot/www.plastic-crate.co.uk/wp-includes/plugin.php(453): WP_Hook->do_action(Array)
#4 /data/wwwroot/www.plastic-crate.co.uk/wp-includes/post.php(3694): do_action('add_attachment', 21280)
#5 /data/wwwroot/www.plastic-crate.co.uk/wp-includes/post.php(5082): wp_insert_post(Array, false)
#6 /data/wwwroot/www.plastic-crate.co.uk/wp-content/plugins/woocommerce/includes/class-wc-install.php(1190): wp_insert_attachment(Array, '/data/wwwroot/w...')
#7 /data/wwwroot/www.plasti in /data/wwwroot/www.plastic-crate.co.uk/wp-content/plugins/wp-all-import/models/model/record.php on line 78

2019-12-21T19:30:36+00:00 CRITICAL Uncaught Exception: Table 'plastic-crate.co.uk.wp_pmxi_images' doesn't exist in /data/wwwroot/www.plastic-crate.co.uk/wp-content/plugins/wp-all-import/models/model/record.php:78
Stack trace:
#0 /data/wwwroot/www.plastic-crate.co.uk/wp-content/plugins/wp-all-import/actions/add_attachment.php(22): PMXI_Model_Record->insert()
#1 /data/wwwroot/www.plastic-crate.co.uk/wp-includes/class-wp-hook.php(286): pmxi_add_attachment(21281)
#2 /data/wwwroot/www.plastic-crate.co.uk/wp-includes/class-wp-hook.php(310): WP_Hook->apply_filters('', Array)
#3 /data/wwwroot/www.plastic-crate.co.uk/wp-includes/plugin.php(453): WP_Hook->do_action(Array)
#4 /data/wwwroot/www.plastic-crate.co.uk/wp-includes/post.php(3694): do_action('add_attachment', 21281)
#5 /data/wwwroot/www.plastic-crate.co.uk/wp-includes/post.php(5082): wp_insert_post(Array, false)
#6 /data/wwwroot/www.plastic-crate.co.uk/wp-content/plugins/woocommerce/includes/class-wc-install.php(1190): wp_insert_attachment(Array, '/data/wwwroot/w...')
#7 /data/wwwroot/www.plasti in /data/wwwroot/www.plastic-crate.co.uk/wp-content/plugins/wp-all-import/models/model/record.php on line 78

2019-12-21T20:09:44+00:00 CRITICAL Uncaught Exception: Table 'plastic-crate.co.uk.wp_pmxi_images' doesn't exist in /data/wwwroot/www.plastic-crate.co.uk/wp-content/plugins/wp-all-import/models/model/record.php:78
Stack trace:
#0 /data/wwwroot/www.plastic-crate.co.uk/wp-content/plugins/wp-all-import/actions/add_attachment.php(22): PMXI_Model_Record->insert()
#1 /data/wwwroot/www.plastic-crate.co.uk/wp-includes/class-wp-hook.php(286): pmxi_add_attachment(21282)
#2 /data/wwwroot/www.plastic-crate.co.uk/wp-includes/class-wp-hook.php(310): WP_Hook->apply_filters('', Array)
#3 /data/wwwroot/www.plastic-crate.co.uk/wp-includes/plugin.php(453): WP_Hook->do_action(Array)
#4 /data/wwwroot/www.plastic-crate.co.uk/wp-includes/post.php(3694): do_action('add_attachment', 21282)
#5 /data/wwwroot/www.plastic-crate.co.uk/wp-includes/post.php(5082): wp_insert_post(Array, false)
#6 /data/wwwroot/www.plastic-crate.co.uk/wp-content/plugins/woocommerce/includes/class-wc-install.php(1190): wp_insert_attachment(Array, '/data/wwwroot/w...')
#7 /data/wwwroot/www.plasti in /data/wwwroot/www.plastic-crate.co.uk/wp-content/plugins/wp-all-import/models/model/record.php on line 78

2019-12-21T20:25:13+00:00 CRITICAL Uncaught Exception: Table 'plastic-crate.co.uk.wp_pmxi_images' doesn't exist in /data/wwwroot/www.plastic-crate.co.uk/wp-content/plugins/wp-all-import/models/model/record.php:78
Stack trace:
#0 /data/wwwroot/www.plastic-crate.co.uk/wp-content/plugins/wp-all-import/actions/add_attachment.php(22): PMXI_Model_Record->insert()
#1 /data/wwwroot/www.plastic-crate.co.uk/wp-includes/class-wp-hook.php(286): pmxi_add_attachment(21283)
#2 /data/wwwroot/www.plastic-crate.co.uk/wp-includes/class-wp-hook.php(310): WP_Hook->apply_filters('', Array)
#3 /data/wwwroot/www.plastic-crate.co.uk/wp-includes/plugin.php(453): WP_Hook->do_action(Array)
#4 /data/wwwroot/www.plastic-crate.co.uk/wp-includes/post.php(3694): do_action('add_attachment', 21283)
#5 /data/wwwroot/www.plastic-crate.co.uk/wp-includes/post.php(5082): wp_insert_post(Array, false)
#6 /data/wwwroot/www.plastic-crate.co.uk/wp-content/plugins/woocommerce/includes/class-wc-install.php(1190): wp_insert_attachment(Array, '/data/wwwroot/w...')
#7 /data/wwwroot/www.plasti in /data/wwwroot/www.plastic-crate.co.uk/wp-content/plugins/wp-all-import/models/model/record.php on line 78

2019-12-21T20:40:29+00:00 CRITICAL Uncaught Exception: Table 'plastic-crate.co.uk.wp_pmxi_images' doesn't exist in /data/wwwroot/www.plastic-crate.co.uk/wp-content/plugins/wp-all-import/models/model/record.php:78
Stack trace:
#0 /data/wwwroot/www.plastic-crate.co.uk/wp-content/plugins/wp-all-import/actions/add_attachment.php(22): PMXI_Model_Record->insert()
#1 /data/wwwroot/www.plastic-crate.co.uk/wp-includes/class-wp-hook.php(286): pmxi_add_attachment(21284)
#2 /data/wwwroot/www.plastic-crate.co.uk/wp-includes/class-wp-hook.php(310): WP_Hook->apply_filters('', Array)
#3 /data/wwwroot/www.plastic-crate.co.uk/wp-includes/plugin.php(453): WP_Hook->do_action(Array)
#4 /data/wwwroot/www.plastic-crate.co.uk/wp-includes/post.php(3694): do_action('add_attachment', 21284)
#5 /data/wwwroot/www.plastic-crate.co.uk/wp-includes/post.php(5082): wp_insert_post(Array, false)
#6 /data/wwwroot/www.plastic-crate.co.uk/wp-content/plugins/woocommerce/includes/class-wc-install.php(1190): wp_insert_attachment(Array, '/data/wwwroot/w...')
#7 /data/wwwroot/www.plasti in /data/wwwroot/www.plastic-crate.co.uk/wp-content/plugins/wp-all-import/models/model/record.php on line 78

2019-12-21T21:25:51+00:00 CRITICAL Uncaught Exception: Table 'plastic-crate.co.uk.wp_pmxi_images' doesn't exist in /data/wwwroot/www.plastic-crate.co.uk/wp-content/plugins/wp-all-import/models/model/record.php:78
Stack trace:
#0 /data/wwwroot/www.plastic-crate.co.uk/wp-content/plugins/wp-all-import/actions/add_attachment.php(22): PMXI_Model_Record->insert()
#1 /data/wwwroot/www.plastic-crate.co.uk/wp-includes/class-wp-hook.php(286): pmxi_add_attachment(21285)
#2 /data/wwwroot/www.plastic-crate.co.uk/wp-includes/class-wp-hook.php(310): WP_Hook->apply_filters('', Array)
#3 /data/wwwroot/www.plastic-crate.co.uk/wp-includes/plugin.php(453): WP_Hook->do_action(Array)
#4 /data/wwwroot/www.plastic-crate.co.uk/wp-includes/post.php(3694): do_action('add_attachment', 21285)
#5 /data/wwwroot/www.plastic-crate.co.uk/wp-includes/post.php(5082): wp_insert_post(Array, false)
#6 /data/wwwroot/www.plastic-crate.co.uk/wp-content/plugins/woocommerce/includes/class-wc-install.php(1190): wp_insert_attachment(Array, '/data/wwwroot/w...')
#7 /data/wwwroot/www.plasti in /data/wwwroot/www.plastic-crate.co.uk/wp-content/plugins/wp-all-import/models/model/record.php on line 78

2019-12-21T21:41:00+00:00 CRITICAL Uncaught Exception: Table 'plastic-crate.co.uk.wp_pmxi_images' doesn't exist in /data/wwwroot/www.plastic-crate.co.uk/wp-content/plugins/wp-all-import/models/model/record.php:78
Stack trace:
#0 /data/wwwroot/www.plastic-crate.co.uk/wp-content/plugins/wp-all-import/actions/add_attachment.php(22): PMXI_Model_Record->insert()
#1 /data/wwwroot/www.plastic-crate.co.uk/wp-includes/class-wp-hook.php(286): pmxi_add_attachment(21286)
#2 /data/wwwroot/www.plastic-crate.co.uk/wp-includes/class-wp-hook.php(310): WP_Hook->apply_filters('', Array)
#3 /data/wwwroot/www.plastic-crate.co.uk/wp-includes/plugin.php(453): WP_Hook->do_action(Array)
#4 /data/wwwroot/www.plastic-crate.co.uk/wp-includes/post.php(3694): do_action('add_attachment', 21286)
#5 /data/wwwroot/www.plastic-crate.co.uk/wp-includes/post.php(5082): wp_insert_post(Array, false)
#6 /data/wwwroot/www.plastic-crate.co.uk/wp-content/plugins/woocommerce/includes/class-wc-install.php(1190): wp_insert_attachment(Array, '/data/wwwroot/w...')
#7 /data/wwwroot/www.plasti in /data/wwwroot/www.plastic-crate.co.uk/wp-content/plugins/wp-all-import/models/model/record.php on line 78

2019-12-21T21:58:56+00:00 CRITICAL Uncaught Exception: Table 'plastic-crate.co.uk.wp_pmxi_images' doesn't exist in /data/wwwroot/www.plastic-crate.co.uk/wp-content/plugins/wp-all-import/models/model/record.php:78
Stack trace:
#0 /data/wwwroot/www.plastic-crate.co.uk/wp-content/plugins/wp-all-import/actions/add_attachment.php(22): PMXI_Model_Record->insert()
#1 /data/wwwroot/www.plastic-crate.co.uk/wp-includes/class-wp-hook.php(286): pmxi_add_attachment(21287)
#2 /data/wwwroot/www.plastic-crate.co.uk/wp-includes/class-wp-hook.php(310): WP_Hook->apply_filters('', Array)
#3 /data/wwwroot/www.plastic-crate.co.uk/wp-includes/plugin.php(453): WP_Hook->do_action(Array)
#4 /data/wwwroot/www.plastic-crate.co.uk/wp-includes/post.php(3694): do_action('add_attachment', 21287)
#5 /data/wwwroot/www.plastic-crate.co.uk/wp-includes/post.php(5082): wp_insert_post(Array, false)
#6 /data/wwwroot/www.plastic-crate.co.uk/wp-content/plugins/woocommerce/includes/class-wc-install.php(1190): wp_insert_attachment(Array, '/data/wwwroot/w...')
#7 /data/wwwroot/www.plasti in /data/wwwroot/www.plastic-crate.co.uk/wp-content/plugins/wp-all-import/models/model/record.php on line 78

2019-12-21T22:15:47+00:00 CRITICAL Uncaught Exception: Table 'plastic-crate.co.uk.wp_pmxi_images' doesn't exist in /data/wwwroot/www.plastic-crate.co.uk/wp-content/plugins/wp-all-import/models/model/record.php:78
Stack trace:
#0 /data/wwwroot/www.plastic-crate.co.uk/wp-content/plugins/wp-all-import/actions/add_attachment.php(22): PMXI_Model_Record->insert()
#1 /data/wwwroot/www.plastic-crate.co.uk/wp-includes/class-wp-hook.php(286): pmxi_add_attachment(21288)
#2 /data/wwwroot/www.plastic-crate.co.uk/wp-includes/class-wp-hook.php(310): WP_Hook->apply_filters('', Array)
#3 /data/wwwroot/www.plastic-crate.co.uk/wp-includes/plugin.php(453): WP_Hook->do_action(Array)
#4 /data/wwwroot/www.plastic-crate.co.uk/wp-includes/post.php(3694): do_action('add_attachment', 21288)
#5 /data/wwwroot/www.plastic-crate.co.uk/wp-includes/post.php(5082): wp_insert_post(Array, false)
#6 /data/wwwroot/www.plastic-crate.co.uk/wp-content/plugins/woocommerce/includes/class-wc-install.php(1190): wp_insert_attachment(Array, '/data/wwwroot/w...')
#7 /data/wwwroot/www.plasti in /data/wwwroot/www.plastic-crate.co.uk/wp-content/plugins/wp-all-import/models/model/record.php on line 78

2019-12-21T22:26:53+00:00 CRITICAL Uncaught Exception: Table 'plastic-crate.co.uk.wp_pmxi_images' doesn't exist in /data/wwwroot/www.plastic-crate.co.uk/wp-content/plugins/wp-all-import/models/model/record.php:78
Stack trace:
#0 /data/wwwroot/www.plastic-crate.co.uk/wp-content/plugins/wp-all-import/actions/add_attachment.php(22): PMXI_Model_Record->insert()
#1 /data/wwwroot/www.plastic-crate.co.uk/wp-includes/class-wp-hook.php(286): pmxi_add_attachment(21289)
#2 /data/wwwroot/www.plastic-crate.co.uk/wp-includes/class-wp-hook.php(310): WP_Hook->apply_filters('', Array)
#3 /data/wwwroot/www.plastic-crate.co.uk/wp-includes/plugin.php(453): WP_Hook->do_action(Array)
#4 /data/wwwroot/www.plastic-crate.co.uk/wp-includes/post.php(3694): do_action('add_attachment', 21289)
#5 /data/wwwroot/www.plastic-crate.co.uk/wp-includes/post.php(5082): wp_insert_post(Array, false)
#6 /data/wwwroot/www.plastic-crate.co.uk/wp-content/plugins/woocommerce/includes/class-wc-install.php(1190): wp_insert_attachment(Array, '/data/wwwroot/w...')
#7 /data/wwwroot/www.plasti in /data/wwwroot/www.plastic-crate.co.uk/wp-content/plugins/wp-all-import/models/model/record.php on line 78

2019-12-21T22:43:33+00:00 CRITICAL Uncaught Exception: Table 'plastic-crate.co.uk.wp_pmxi_images' doesn't exist in /data/wwwroot/www.plastic-crate.co.uk/wp-content/plugins/wp-all-import/models/model/record.php:78
Stack trace:
#0 /data/wwwroot/www.plastic-crate.co.uk/wp-content/plugins/wp-all-import/actions/add_attachment.php(22): PMXI_Model_Record->insert()
#1 /data/wwwroot/www.plastic-crate.co.uk/wp-includes/class-wp-hook.php(286): pmxi_add_attachment(21290)
#2 /data/wwwroot/www.plastic-crate.co.uk/wp-includes/class-wp-hook.php(310): WP_Hook->apply_filters('', Array)
#3 /data/wwwroot/www.plastic-crate.co.uk/wp-includes/plugin.php(453): WP_Hook->do_action(Array)
#4 /data/wwwroot/www.plastic-crate.co.uk/wp-includes/post.php(3694): do_action('add_attachment', 21290)
#5 /data/wwwroot/www.plastic-crate.co.uk/wp-includes/post.php(5082): wp_insert_post(Array, false)
#6 /data/wwwroot/www.plastic-crate.co.uk/wp-content/plugins/woocommerce/includes/class-wc-install.php(1190): wp_insert_attachment(Array, '/data/wwwroot/w...')
#7 /data/wwwroot/www.plasti in /data/wwwroot/www.plastic-crate.co.uk/wp-content/plugins/wp-all-import/models/model/record.php on line 78

2019-12-21T22:54:32+00:00 CRITICAL Uncaught Exception: Table 'plastic-crate.co.uk.wp_pmxi_images' doesn't exist in /data/wwwroot/www.plastic-crate.co.uk/wp-content/plugins/wp-all-import/models/model/record.php:78
Stack trace:
#0 /data/wwwroot/www.plastic-crate.co.uk/wp-content/plugins/wp-all-import/actions/add_attachment.php(22): PMXI_Model_Record->insert()
#1 /data/wwwroot/www.plastic-crate.co.uk/wp-includes/class-wp-hook.php(286): pmxi_add_attachment(21291)
#2 /data/wwwroot/www.plastic-crate.co.uk/wp-includes/class-wp-hook.php(310): WP_Hook->apply_filters('', Array)
#3 /data/wwwroot/www.plastic-crate.co.uk/wp-includes/plugin.php(453): WP_Hook->do_action(Array)
#4 /data/wwwroot/www.plastic-crate.co.uk/wp-includes/post.php(3694): do_action('add_attachment', 21291)
#5 /data/wwwroot/www.plastic-crate.co.uk/wp-includes/post.php(5082): wp_insert_post(Array, false)
#6 /data/wwwroot/www.plastic-crate.co.uk/wp-content/plugins/woocommerce/includes/class-wc-install.php(1190): wp_insert_attachment(Array, '/data/wwwroot/w...')
#7 /data/wwwroot/www.plasti in /data/wwwroot/www.plastic-crate.co.uk/wp-content/plugins/wp-all-import/models/model/record.php on line 78

2019-12-21T23:10:56+00:00 CRITICAL Uncaught Exception: Table 'plastic-crate.co.uk.wp_pmxi_images' doesn't exist in /data/wwwroot/www.plastic-crate.co.uk/wp-content/plugins/wp-all-import/models/model/record.php:78
Stack trace:
#0 /data/wwwroot/www.plastic-crate.co.uk/wp-content/plugins/wp-all-import/actions/add_attachment.php(22): PMXI_Model_Record->insert()
#1 /data/wwwroot/www.plastic-crate.co.uk/wp-includes/class-wp-hook.php(286): pmxi_add_attachment(21292)
#2 /data/wwwroot/www.plastic-crate.co.uk/wp-includes/class-wp-hook.php(310): WP_Hook->apply_filters('', Array)
#3 /data/wwwroot/www.plastic-crate.co.uk/wp-includes/plugin.php(453): WP_Hook->do_action(Array)
#4 /data/wwwroot/www.plastic-crate.co.uk/wp-includes/post.php(3694): do_action('add_attachment', 21292)
#5 /data/wwwroot/www.plastic-crate.co.uk/wp-includes/post.php(5082): wp_insert_post(Array, false)
#6 /data/wwwroot/www.plastic-crate.co.uk/wp-content/plugins/woocommerce/includes/class-wc-install.php(1190): wp_insert_attachment(Array, '/data/wwwroot/w...')
#7 /data/wwwroot/www.plasti in /data/wwwroot/www.plastic-crate.co.uk/wp-content/plugins/wp-all-import/models/model/record.php on line 78

2019-12-21T23:21:49+00:00 CRITICAL Uncaught Exception: Table 'plastic-crate.co.uk.wp_pmxi_images' doesn't exist in /data/wwwroot/www.plastic-crate.co.uk/wp-content/plugins/wp-all-import/models/model/record.php:78
Stack trace:
#0 /data/wwwroot/www.plastic-crate.co.uk/wp-content/plugins/wp-all-import/actions/add_attachment.php(22): PMXI_Model_Record->insert()
#1 /data/wwwroot/www.plastic-crate.co.uk/wp-includes/class-wp-hook.php(286): pmxi_add_attachment(21293)
#2 /data/wwwroot/www.plastic-crate.co.uk/wp-includes/class-wp-hook.php(310): WP_Hook->apply_filters('', Array)
#3 /data/wwwroot/www.plastic-crate.co.uk/wp-includes/plugin.php(453): WP_Hook->do_action(Array)
#4 /data/wwwroot/www.plastic-crate.co.uk/wp-includes/post.php(3694): do_action('add_attachment', 21293)
#5 /data/wwwroot/www.plastic-crate.co.uk/wp-includes/post.php(5082): wp_insert_post(Array, false)
#6 /data/wwwroot/www.plastic-crate.co.uk/wp-content/plugins/woocommerce/includes/class-wc-install.php(1190): wp_insert_attachment(Array, '/data/wwwroot/w...')
#7 /data/wwwroot/www.plasti in /data/wwwroot/www.plastic-crate.co.uk/wp-content/plugins/wp-all-import/models/model/record.php on line 78

2019-12-21T23:47:59+00:00 CRITICAL Uncaught Exception: Table 'plastic-crate.co.uk.wp_pmxi_images' doesn't exist in /data/wwwroot/www.plastic-crate.co.uk/wp-content/plugins/wp-all-import/models/model/record.php:78
Stack trace:
#0 /data/wwwroot/www.plastic-crate.co.uk/wp-content/plugins/wp-all-import/actions/add_attachment.php(22): PMXI_Model_Record->insert()
#1 /data/wwwroot/www.plastic-crate.co.uk/wp-includes/class-wp-hook.php(286): pmxi_add_attachment(21294)
#2 /data/wwwroot/www.plastic-crate.co.uk/wp-includes/class-wp-hook.php(310): WP_Hook->apply_filters('', Array)
#3 /data/wwwroot/www.plastic-crate.co.uk/wp-includes/plugin.php(453): WP_Hook->do_action(Array)
#4 /data/wwwroot/www.plastic-crate.co.uk/wp-includes/post.php(3694): do_action('add_attachment', 21294)
#5 /data/wwwroot/www.plastic-crate.co.uk/wp-includes/post.php(5082): wp_insert_post(Array, false)
#6 /data/wwwroot/www.plastic-crate.co.uk/wp-content/plugins/woocommerce/includes/class-wc-install.php(1190): wp_insert_attachment(Array, '/data/wwwroot/w...')
#7 /data/wwwroot/www.plasti in /data/wwwroot/www.plastic-crate.co.uk/wp-content/plugins/wp-all-import/models/model/record.php on line 78

2019-12-21T23:59:29+00:00 CRITICAL Uncaught Exception: Table 'plastic-crate.co.uk.wp_pmxi_images' doesn't exist in /data/wwwroot/www.plastic-crate.co.uk/wp-content/plugins/wp-all-import/models/model/record.php:78
Stack trace:
#0 /data/wwwroot/www.plastic-crate.co.uk/wp-content/plugins/wp-all-import/actions/add_attachment.php(22): PMXI_Model_Record->insert()
#1 /data/wwwroot/www.plastic-crate.co.uk/wp-includes/class-wp-hook.php(286): pmxi_add_attachment(21295)
#2 /data/wwwroot/www.plastic-crate.co.uk/wp-includes/class-wp-hook.php(310): WP_Hook->apply_filters('', Array)
#3 /data/wwwroot/www.plastic-crate.co.uk/wp-includes/plugin.php(453): WP_Hook->do_action(Array)
#4 /data/wwwroot/www.plastic-crate.co.uk/wp-includes/post.php(3694): do_action('add_attachment', 21295)
#5 /data/wwwroot/www.plastic-crate.co.uk/wp-includes/post.php(5082): wp_insert_post(Array, false)
#6 /data/wwwroot/www.plastic-crate.co.uk/wp-content/plugins/woocommerce/includes/class-wc-install.php(1190): wp_insert_attachment(Array, '/data/wwwroot/w...')
#7 /data/wwwroot/www.plasti in /data/wwwroot/www.plastic-crate.co.uk/wp-content/plugins/wp-all-import/models/model/record.php on line 78

