2021-01-03T00:17:22+00:00 CRITICAL Uncaught Exception: Table 'plastic-crate.co.uk.wp_pmxi_images' doesn't exist in /data/wwwroot/www.plastic-crate.co.uk/wp-content/plugins/wp-all-import/models/model/record.php:78
Stack trace:
#0 /data/wwwroot/www.plastic-crate.co.uk/wp-content/plugins/wp-all-import/actions/add_attachment.php(22): PMXI_Model_Record->insert()
#1 /data/wwwroot/www.plastic-crate.co.uk/wp-includes/class-wp-hook.php(286): pmxi_add_attachment(62459)
#2 /data/wwwroot/www.plastic-crate.co.uk/wp-includes/class-wp-hook.php(310): WP_Hook->apply_filters('', Array)
#3 /data/wwwroot/www.plastic-crate.co.uk/wp-includes/plugin.php(453): WP_Hook->do_action(Array)
#4 /data/wwwroot/www.plastic-crate.co.uk/wp-includes/post.php(3694): do_action('add_attachment', 62459)
#5 /data/wwwroot/www.plastic-crate.co.uk/wp-includes/post.php(5082): wp_insert_post(Array, false)
#6 /data/wwwroot/www.plastic-crate.co.uk/wp-content/plugins/woocommerce/includes/class-wc-install.php(1190): wp_insert_attachment(Array, '/data/wwwroot/w...')
#7 /data/wwwroot/www.plasti in /data/wwwroot/www.plastic-crate.co.uk/wp-content/plugins/wp-all-import/models/model/record.php on line 78

2021-01-03T00:38:58+00:00 CRITICAL Uncaught Exception: Table 'plastic-crate.co.uk.wp_pmxi_images' doesn't exist in /data/wwwroot/www.plastic-crate.co.uk/wp-content/plugins/wp-all-import/models/model/record.php:78
Stack trace:
#0 /data/wwwroot/www.plastic-crate.co.uk/wp-content/plugins/wp-all-import/actions/add_attachment.php(22): PMXI_Model_Record->insert()
#1 /data/wwwroot/www.plastic-crate.co.uk/wp-includes/class-wp-hook.php(286): pmxi_add_attachment(62460)
#2 /data/wwwroot/www.plastic-crate.co.uk/wp-includes/class-wp-hook.php(310): WP_Hook->apply_filters('', Array)
#3 /data/wwwroot/www.plastic-crate.co.uk/wp-includes/plugin.php(453): WP_Hook->do_action(Array)
#4 /data/wwwroot/www.plastic-crate.co.uk/wp-includes/post.php(3694): do_action('add_attachment', 62460)
#5 /data/wwwroot/www.plastic-crate.co.uk/wp-includes/post.php(5082): wp_insert_post(Array, false)
#6 /data/wwwroot/www.plastic-crate.co.uk/wp-content/plugins/woocommerce/includes/class-wc-install.php(1190): wp_insert_attachment(Array, '/data/wwwroot/w...')
#7 /data/wwwroot/www.plasti in /data/wwwroot/www.plastic-crate.co.uk/wp-content/plugins/wp-all-import/models/model/record.php on line 78

2021-01-03T00:52:09+00:00 CRITICAL Uncaught Exception: Table 'plastic-crate.co.uk.wp_pmxi_images' doesn't exist in /data/wwwroot/www.plastic-crate.co.uk/wp-content/plugins/wp-all-import/models/model/record.php:78
Stack trace:
#0 /data/wwwroot/www.plastic-crate.co.uk/wp-content/plugins/wp-all-import/actions/add_attachment.php(22): PMXI_Model_Record->insert()
#1 /data/wwwroot/www.plastic-crate.co.uk/wp-includes/class-wp-hook.php(286): pmxi_add_attachment(62461)
#2 /data/wwwroot/www.plastic-crate.co.uk/wp-includes/class-wp-hook.php(310): WP_Hook->apply_filters('', Array)
#3 /data/wwwroot/www.plastic-crate.co.uk/wp-includes/plugin.php(453): WP_Hook->do_action(Array)
#4 /data/wwwroot/www.plastic-crate.co.uk/wp-includes/post.php(3694): do_action('add_attachment', 62461)
#5 /data/wwwroot/www.plastic-crate.co.uk/wp-includes/post.php(5082): wp_insert_post(Array, false)
#6 /data/wwwroot/www.plastic-crate.co.uk/wp-content/plugins/woocommerce/includes/class-wc-install.php(1190): wp_insert_attachment(Array, '/data/wwwroot/w...')
#7 /data/wwwroot/www.plasti in /data/wwwroot/www.plastic-crate.co.uk/wp-content/plugins/wp-all-import/models/model/record.php on line 78

2021-01-03T01:04:18+00:00 CRITICAL Uncaught Exception: Table 'plastic-crate.co.uk.wp_pmxi_images' doesn't exist in /data/wwwroot/www.plastic-crate.co.uk/wp-content/plugins/wp-all-import/models/model/record.php:78
Stack trace:
#0 /data/wwwroot/www.plastic-crate.co.uk/wp-content/plugins/wp-all-import/actions/add_attachment.php(22): PMXI_Model_Record->insert()
#1 /data/wwwroot/www.plastic-crate.co.uk/wp-includes/class-wp-hook.php(286): pmxi_add_attachment(62462)
#2 /data/wwwroot/www.plastic-crate.co.uk/wp-includes/class-wp-hook.php(310): WP_Hook->apply_filters('', Array)
#3 /data/wwwroot/www.plastic-crate.co.uk/wp-includes/plugin.php(453): WP_Hook->do_action(Array)
#4 /data/wwwroot/www.plastic-crate.co.uk/wp-includes/post.php(3694): do_action('add_attachment', 62462)
#5 /data/wwwroot/www.plastic-crate.co.uk/wp-includes/post.php(5082): wp_insert_post(Array, false)
#6 /data/wwwroot/www.plastic-crate.co.uk/wp-content/plugins/woocommerce/includes/class-wc-install.php(1190): wp_insert_attachment(Array, '/data/wwwroot/w...')
#7 /data/wwwroot/www.plasti in /data/wwwroot/www.plastic-crate.co.uk/wp-content/plugins/wp-all-import/models/model/record.php on line 78

2021-01-03T01:15:50+00:00 CRITICAL Uncaught Exception: Table 'plastic-crate.co.uk.wp_pmxi_images' doesn't exist in /data/wwwroot/www.plastic-crate.co.uk/wp-content/plugins/wp-all-import/models/model/record.php:78
Stack trace:
#0 /data/wwwroot/www.plastic-crate.co.uk/wp-content/plugins/wp-all-import/actions/add_attachment.php(22): PMXI_Model_Record->insert()
#1 /data/wwwroot/www.plastic-crate.co.uk/wp-includes/class-wp-hook.php(286): pmxi_add_attachment(62463)
#2 /data/wwwroot/www.plastic-crate.co.uk/wp-includes/class-wp-hook.php(310): WP_Hook->apply_filters('', Array)
#3 /data/wwwroot/www.plastic-crate.co.uk/wp-includes/plugin.php(453): WP_Hook->do_action(Array)
#4 /data/wwwroot/www.plastic-crate.co.uk/wp-includes/post.php(3694): do_action('add_attachment', 62463)
#5 /data/wwwroot/www.plastic-crate.co.uk/wp-includes/post.php(5082): wp_insert_post(Array, false)
#6 /data/wwwroot/www.plastic-crate.co.uk/wp-content/plugins/woocommerce/includes/class-wc-install.php(1190): wp_insert_attachment(Array, '/data/wwwroot/w...')
#7 /data/wwwroot/www.plasti in /data/wwwroot/www.plastic-crate.co.uk/wp-content/plugins/wp-all-import/models/model/record.php on line 78

2021-01-03T01:28:23+00:00 CRITICAL Uncaught Exception: Table 'plastic-crate.co.uk.wp_pmxi_images' doesn't exist in /data/wwwroot/www.plastic-crate.co.uk/wp-content/plugins/wp-all-import/models/model/record.php:78
Stack trace:
#0 /data/wwwroot/www.plastic-crate.co.uk/wp-content/plugins/wp-all-import/actions/add_attachment.php(22): PMXI_Model_Record->insert()
#1 /data/wwwroot/www.plastic-crate.co.uk/wp-includes/class-wp-hook.php(286): pmxi_add_attachment(62464)
#2 /data/wwwroot/www.plastic-crate.co.uk/wp-includes/class-wp-hook.php(310): WP_Hook->apply_filters('', Array)
#3 /data/wwwroot/www.plastic-crate.co.uk/wp-includes/plugin.php(453): WP_Hook->do_action(Array)
#4 /data/wwwroot/www.plastic-crate.co.uk/wp-includes/post.php(3694): do_action('add_attachment', 62464)
#5 /data/wwwroot/www.plastic-crate.co.uk/wp-includes/post.php(5082): wp_insert_post(Array, false)
#6 /data/wwwroot/www.plastic-crate.co.uk/wp-content/plugins/woocommerce/includes/class-wc-install.php(1190): wp_insert_attachment(Array, '/data/wwwroot/w...')
#7 /data/wwwroot/www.plasti in /data/wwwroot/www.plastic-crate.co.uk/wp-content/plugins/wp-all-import/models/model/record.php on line 78

2021-01-03T01:45:03+00:00 CRITICAL Uncaught Exception: Table 'plastic-crate.co.uk.wp_pmxi_images' doesn't exist in /data/wwwroot/www.plastic-crate.co.uk/wp-content/plugins/wp-all-import/models/model/record.php:78
Stack trace:
#0 /data/wwwroot/www.plastic-crate.co.uk/wp-content/plugins/wp-all-import/actions/add_attachment.php(22): PMXI_Model_Record->insert()
#1 /data/wwwroot/www.plastic-crate.co.uk/wp-includes/class-wp-hook.php(286): pmxi_add_attachment(62465)
#2 /data/wwwroot/www.plastic-crate.co.uk/wp-includes/class-wp-hook.php(310): WP_Hook->apply_filters('', Array)
#3 /data/wwwroot/www.plastic-crate.co.uk/wp-includes/plugin.php(453): WP_Hook->do_action(Array)
#4 /data/wwwroot/www.plastic-crate.co.uk/wp-includes/post.php(3694): do_action('add_attachment', 62465)
#5 /data/wwwroot/www.plastic-crate.co.uk/wp-includes/post.php(5082): wp_insert_post(Array, false)
#6 /data/wwwroot/www.plastic-crate.co.uk/wp-content/plugins/woocommerce/includes/class-wc-install.php(1190): wp_insert_attachment(Array, '/data/wwwroot/w...')
#7 /data/wwwroot/www.plasti in /data/wwwroot/www.plastic-crate.co.uk/wp-content/plugins/wp-all-import/models/model/record.php on line 78

2021-01-03T02:06:49+00:00 CRITICAL Uncaught Exception: Table 'plastic-crate.co.uk.wp_pmxi_images' doesn't exist in /data/wwwroot/www.plastic-crate.co.uk/wp-content/plugins/wp-all-import/models/model/record.php:78
Stack trace:
#0 /data/wwwroot/www.plastic-crate.co.uk/wp-content/plugins/wp-all-import/actions/add_attachment.php(22): PMXI_Model_Record->insert()
#1 /data/wwwroot/www.plastic-crate.co.uk/wp-includes/class-wp-hook.php(286): pmxi_add_attachment(62466)
#2 /data/wwwroot/www.plastic-crate.co.uk/wp-includes/class-wp-hook.php(310): WP_Hook->apply_filters('', Array)
#3 /data/wwwroot/www.plastic-crate.co.uk/wp-includes/plugin.php(453): WP_Hook->do_action(Array)
#4 /data/wwwroot/www.plastic-crate.co.uk/wp-includes/post.php(3694): do_action('add_attachment', 62466)
#5 /data/wwwroot/www.plastic-crate.co.uk/wp-includes/post.php(5082): wp_insert_post(Array, false)
#6 /data/wwwroot/www.plastic-crate.co.uk/wp-content/plugins/woocommerce/includes/class-wc-install.php(1190): wp_insert_attachment(Array, '/data/wwwroot/w...')
#7 /data/wwwroot/www.plasti in /data/wwwroot/www.plastic-crate.co.uk/wp-content/plugins/wp-all-import/models/model/record.php on line 78

2021-01-03T02:28:22+00:00 CRITICAL Uncaught Exception: Table 'plastic-crate.co.uk.wp_pmxi_images' doesn't exist in /data/wwwroot/www.plastic-crate.co.uk/wp-content/plugins/wp-all-import/models/model/record.php:78
Stack trace:
#0 /data/wwwroot/www.plastic-crate.co.uk/wp-content/plugins/wp-all-import/actions/add_attachment.php(22): PMXI_Model_Record->insert()
#1 /data/wwwroot/www.plastic-crate.co.uk/wp-includes/class-wp-hook.php(286): pmxi_add_attachment(62468)
#2 /data/wwwroot/www.plastic-crate.co.uk/wp-includes/class-wp-hook.php(310): WP_Hook->apply_filters('', Array)
#3 /data/wwwroot/www.plastic-crate.co.uk/wp-includes/plugin.php(453): WP_Hook->do_action(Array)
#4 /data/wwwroot/www.plastic-crate.co.uk/wp-includes/post.php(3694): do_action('add_attachment', 62468)
#5 /data/wwwroot/www.plastic-crate.co.uk/wp-includes/post.php(5082): wp_insert_post(Array, false)
#6 /data/wwwroot/www.plastic-crate.co.uk/wp-content/plugins/woocommerce/includes/class-wc-install.php(1190): wp_insert_attachment(Array, '/data/wwwroot/w...')
#7 /data/wwwroot/www.plasti in /data/wwwroot/www.plastic-crate.co.uk/wp-content/plugins/wp-all-import/models/model/record.php on line 78

2021-01-03T02:28:22+00:00 CRITICAL Uncaught Exception: Table 'plastic-crate.co.uk.wp_pmxi_images' doesn't exist in /data/wwwroot/www.plastic-crate.co.uk/wp-content/plugins/wp-all-import/models/model/record.php:78
Stack trace:
#0 /data/wwwroot/www.plastic-crate.co.uk/wp-content/plugins/wp-all-import/actions/add_attachment.php(22): PMXI_Model_Record->insert()
#1 /data/wwwroot/www.plastic-crate.co.uk/wp-includes/class-wp-hook.php(286): pmxi_add_attachment(62467)
#2 /data/wwwroot/www.plastic-crate.co.uk/wp-includes/class-wp-hook.php(310): WP_Hook->apply_filters('', Array)
#3 /data/wwwroot/www.plastic-crate.co.uk/wp-includes/plugin.php(453): WP_Hook->do_action(Array)
#4 /data/wwwroot/www.plastic-crate.co.uk/wp-includes/post.php(3694): do_action('add_attachment', 62467)
#5 /data/wwwroot/www.plastic-crate.co.uk/wp-includes/post.php(5082): wp_insert_post(Array, false)
#6 /data/wwwroot/www.plastic-crate.co.uk/wp-content/plugins/woocommerce/includes/class-wc-install.php(1190): wp_insert_attachment(Array, '/data/wwwroot/w...')
#7 /data/wwwroot/www.plasti in /data/wwwroot/www.plastic-crate.co.uk/wp-content/plugins/wp-all-import/models/model/record.php on line 78

2021-01-03T02:43:18+00:00 CRITICAL Uncaught Exception: Table 'plastic-crate.co.uk.wp_pmxi_images' doesn't exist in /data/wwwroot/www.plastic-crate.co.uk/wp-content/plugins/wp-all-import/models/model/record.php:78
Stack trace:
#0 /data/wwwroot/www.plastic-crate.co.uk/wp-content/plugins/wp-all-import/actions/add_attachment.php(22): PMXI_Model_Record->insert()
#1 /data/wwwroot/www.plastic-crate.co.uk/wp-includes/class-wp-hook.php(286): pmxi_add_attachment(62469)
#2 /data/wwwroot/www.plastic-crate.co.uk/wp-includes/class-wp-hook.php(310): WP_Hook->apply_filters('', Array)
#3 /data/wwwroot/www.plastic-crate.co.uk/wp-includes/plugin.php(453): WP_Hook->do_action(Array)
#4 /data/wwwroot/www.plastic-crate.co.uk/wp-includes/post.php(3694): do_action('add_attachment', 62469)
#5 /data/wwwroot/www.plastic-crate.co.uk/wp-includes/post.php(5082): wp_insert_post(Array, false)
#6 /data/wwwroot/www.plastic-crate.co.uk/wp-content/plugins/woocommerce/includes/class-wc-install.php(1190): wp_insert_attachment(Array, '/data/wwwroot/w...')
#7 /data/wwwroot/www.plasti in /data/wwwroot/www.plastic-crate.co.uk/wp-content/plugins/wp-all-import/models/model/record.php on line 78

2021-01-03T02:54:24+00:00 CRITICAL Uncaught Exception: Table 'plastic-crate.co.uk.wp_pmxi_images' doesn't exist in /data/wwwroot/www.plastic-crate.co.uk/wp-content/plugins/wp-all-import/models/model/record.php:78
Stack trace:
#0 /data/wwwroot/www.plastic-crate.co.uk/wp-content/plugins/wp-all-import/actions/add_attachment.php(22): PMXI_Model_Record->insert()
#1 /data/wwwroot/www.plastic-crate.co.uk/wp-includes/class-wp-hook.php(286): pmxi_add_attachment(62470)
#2 /data/wwwroot/www.plastic-crate.co.uk/wp-includes/class-wp-hook.php(310): WP_Hook->apply_filters('', Array)
#3 /data/wwwroot/www.plastic-crate.co.uk/wp-includes/plugin.php(453): WP_Hook->do_action(Array)
#4 /data/wwwroot/www.plastic-crate.co.uk/wp-includes/post.php(3694): do_action('add_attachment', 62470)
#5 /data/wwwroot/www.plastic-crate.co.uk/wp-includes/post.php(5082): wp_insert_post(Array, false)
#6 /data/wwwroot/www.plastic-crate.co.uk/wp-content/plugins/woocommerce/includes/class-wc-install.php(1190): wp_insert_attachment(Array, '/data/wwwroot/w...')
#7 /data/wwwroot/www.plasti in /data/wwwroot/www.plastic-crate.co.uk/wp-content/plugins/wp-all-import/models/model/record.php on line 78

2021-01-03T03:06:42+00:00 CRITICAL Uncaught Exception: Table 'plastic-crate.co.uk.wp_pmxi_images' doesn't exist in /data/wwwroot/www.plastic-crate.co.uk/wp-content/plugins/wp-all-import/models/model/record.php:78
Stack trace:
#0 /data/wwwroot/www.plastic-crate.co.uk/wp-content/plugins/wp-all-import/actions/add_attachment.php(22): PMXI_Model_Record->insert()
#1 /data/wwwroot/www.plastic-crate.co.uk/wp-includes/class-wp-hook.php(286): pmxi_add_attachment(62471)
#2 /data/wwwroot/www.plastic-crate.co.uk/wp-includes/class-wp-hook.php(310): WP_Hook->apply_filters('', Array)
#3 /data/wwwroot/www.plastic-crate.co.uk/wp-includes/plugin.php(453): WP_Hook->do_action(Array)
#4 /data/wwwroot/www.plastic-crate.co.uk/wp-includes/post.php(3694): do_action('add_attachment', 62471)
#5 /data/wwwroot/www.plastic-crate.co.uk/wp-includes/post.php(5082): wp_insert_post(Array, false)
#6 /data/wwwroot/www.plastic-crate.co.uk/wp-content/plugins/woocommerce/includes/class-wc-install.php(1190): wp_insert_attachment(Array, '/data/wwwroot/w...')
#7 /data/wwwroot/www.plasti in /data/wwwroot/www.plastic-crate.co.uk/wp-content/plugins/wp-all-import/models/model/record.php on line 78

2021-01-03T04:03:03+00:00 CRITICAL Uncaught Exception: Table 'plastic-crate.co.uk.wp_pmxi_images' doesn't exist in /data/wwwroot/www.plastic-crate.co.uk/wp-content/plugins/wp-all-import/models/model/record.php:78
Stack trace:
#0 /data/wwwroot/www.plastic-crate.co.uk/wp-content/plugins/wp-all-import/actions/add_attachment.php(22): PMXI_Model_Record->insert()
#1 /data/wwwroot/www.plastic-crate.co.uk/wp-includes/class-wp-hook.php(286): pmxi_add_attachment(62472)
#2 /data/wwwroot/www.plastic-crate.co.uk/wp-includes/class-wp-hook.php(310): WP_Hook->apply_filters('', Array)
#3 /data/wwwroot/www.plastic-crate.co.uk/wp-includes/plugin.php(453): WP_Hook->do_action(Array)
#4 /data/wwwroot/www.plastic-crate.co.uk/wp-includes/post.php(3694): do_action('add_attachment', 62472)
#5 /data/wwwroot/www.plastic-crate.co.uk/wp-includes/post.php(5082): wp_insert_post(Array, false)
#6 /data/wwwroot/www.plastic-crate.co.uk/wp-content/plugins/woocommerce/includes/class-wc-install.php(1190): wp_insert_attachment(Array, '/data/wwwroot/w...')
#7 /data/wwwroot/www.plasti in /data/wwwroot/www.plastic-crate.co.uk/wp-content/plugins/wp-all-import/models/model/record.php on line 78

2021-01-03T04:26:23+00:00 CRITICAL Uncaught Exception: Table 'plastic-crate.co.uk.wp_pmxi_images' doesn't exist in /data/wwwroot/www.plastic-crate.co.uk/wp-content/plugins/wp-all-import/models/model/record.php:78
Stack trace:
#0 /data/wwwroot/www.plastic-crate.co.uk/wp-content/plugins/wp-all-import/actions/add_attachment.php(22): PMXI_Model_Record->insert()
#1 /data/wwwroot/www.plastic-crate.co.uk/wp-includes/class-wp-hook.php(286): pmxi_add_attachment(62473)
#2 /data/wwwroot/www.plastic-crate.co.uk/wp-includes/class-wp-hook.php(310): WP_Hook->apply_filters('', Array)
#3 /data/wwwroot/www.plastic-crate.co.uk/wp-includes/plugin.php(453): WP_Hook->do_action(Array)
#4 /data/wwwroot/www.plastic-crate.co.uk/wp-includes/post.php(3694): do_action('add_attachment', 62473)
#5 /data/wwwroot/www.plastic-crate.co.uk/wp-includes/post.php(5082): wp_insert_post(Array, false)
#6 /data/wwwroot/www.plastic-crate.co.uk/wp-content/plugins/woocommerce/includes/class-wc-install.php(1190): wp_insert_attachment(Array, '/data/wwwroot/w...')
#7 /data/wwwroot/www.plasti in /data/wwwroot/www.plastic-crate.co.uk/wp-content/plugins/wp-all-import/models/model/record.php on line 78

2021-01-03T04:36:41+00:00 CRITICAL Uncaught Exception: Table 'plastic-crate.co.uk.wp_pmxi_images' doesn't exist in /data/wwwroot/www.plastic-crate.co.uk/wp-content/plugins/wp-all-import/models/model/record.php:78
Stack trace:
#0 /data/wwwroot/www.plastic-crate.co.uk/wp-content/plugins/wp-all-import/actions/add_attachment.php(22): PMXI_Model_Record->insert()
#1 /data/wwwroot/www.plastic-crate.co.uk/wp-includes/class-wp-hook.php(286): pmxi_add_attachment(62474)
#2 /data/wwwroot/www.plastic-crate.co.uk/wp-includes/class-wp-hook.php(310): WP_Hook->apply_filters('', Array)
#3 /data/wwwroot/www.plastic-crate.co.uk/wp-includes/plugin.php(453): WP_Hook->do_action(Array)
#4 /data/wwwroot/www.plastic-crate.co.uk/wp-includes/post.php(3694): do_action('add_attachment', 62474)
#5 /data/wwwroot/www.plastic-crate.co.uk/wp-includes/post.php(5082): wp_insert_post(Array, false)
#6 /data/wwwroot/www.plastic-crate.co.uk/wp-content/plugins/woocommerce/includes/class-wc-install.php(1190): wp_insert_attachment(Array, '/data/wwwroot/w...')
#7 /data/wwwroot/www.plasti in /data/wwwroot/www.plastic-crate.co.uk/wp-content/plugins/wp-all-import/models/model/record.php on line 78

2021-01-03T04:49:37+00:00 CRITICAL Uncaught Exception: Table 'plastic-crate.co.uk.wp_pmxi_images' doesn't exist in /data/wwwroot/www.plastic-crate.co.uk/wp-content/plugins/wp-all-import/models/model/record.php:78
Stack trace:
#0 /data/wwwroot/www.plastic-crate.co.uk/wp-content/plugins/wp-all-import/actions/add_attachment.php(22): PMXI_Model_Record->insert()
#1 /data/wwwroot/www.plastic-crate.co.uk/wp-includes/class-wp-hook.php(286): pmxi_add_attachment(62475)
#2 /data/wwwroot/www.plastic-crate.co.uk/wp-includes/class-wp-hook.php(310): WP_Hook->apply_filters('', Array)
#3 /data/wwwroot/www.plastic-crate.co.uk/wp-includes/plugin.php(453): WP_Hook->do_action(Array)
#4 /data/wwwroot/www.plastic-crate.co.uk/wp-includes/post.php(3694): do_action('add_attachment', 62475)
#5 /data/wwwroot/www.plastic-crate.co.uk/wp-includes/post.php(5082): wp_insert_post(Array, false)
#6 /data/wwwroot/www.plastic-crate.co.uk/wp-content/plugins/woocommerce/includes/class-wc-install.php(1190): wp_insert_attachment(Array, '/data/wwwroot/w...')
#7 /data/wwwroot/www.plasti in /data/wwwroot/www.plastic-crate.co.uk/wp-content/plugins/wp-all-import/models/model/record.php on line 78

2021-01-03T05:00:34+00:00 CRITICAL Uncaught Exception: Table 'plastic-crate.co.uk.wp_pmxi_images' doesn't exist in /data/wwwroot/www.plastic-crate.co.uk/wp-content/plugins/wp-all-import/models/model/record.php:78
Stack trace:
#0 /data/wwwroot/www.plastic-crate.co.uk/wp-content/plugins/wp-all-import/actions/add_attachment.php(22): PMXI_Model_Record->insert()
#1 /data/wwwroot/www.plastic-crate.co.uk/wp-includes/class-wp-hook.php(286): pmxi_add_attachment(62476)
#2 /data/wwwroot/www.plastic-crate.co.uk/wp-includes/class-wp-hook.php(310): WP_Hook->apply_filters('', Array)
#3 /data/wwwroot/www.plastic-crate.co.uk/wp-includes/plugin.php(453): WP_Hook->do_action(Array)
#4 /data/wwwroot/www.plastic-crate.co.uk/wp-includes/post.php(3694): do_action('add_attachment', 62476)
#5 /data/wwwroot/www.plastic-crate.co.uk/wp-includes/post.php(5082): wp_insert_post(Array, false)
#6 /data/wwwroot/www.plastic-crate.co.uk/wp-content/plugins/woocommerce/includes/class-wc-install.php(1190): wp_insert_attachment(Array, '/data/wwwroot/w...')
#7 /data/wwwroot/www.plasti in /data/wwwroot/www.plastic-crate.co.uk/wp-content/plugins/wp-all-import/models/model/record.php on line 78

2021-01-03T05:22:32+00:00 CRITICAL Uncaught Exception: Table 'plastic-crate.co.uk.wp_pmxi_images' doesn't exist in /data/wwwroot/www.plastic-crate.co.uk/wp-content/plugins/wp-all-import/models/model/record.php:78
Stack trace:
#0 /data/wwwroot/www.plastic-crate.co.uk/wp-content/plugins/wp-all-import/actions/add_attachment.php(22): PMXI_Model_Record->insert()
#1 /data/wwwroot/www.plastic-crate.co.uk/wp-includes/class-wp-hook.php(286): pmxi_add_attachment(62477)
#2 /data/wwwroot/www.plastic-crate.co.uk/wp-includes/class-wp-hook.php(310): WP_Hook->apply_filters('', Array)
#3 /data/wwwroot/www.plastic-crate.co.uk/wp-includes/plugin.php(453): WP_Hook->do_action(Array)
#4 /data/wwwroot/www.plastic-crate.co.uk/wp-includes/post.php(3694): do_action('add_attachment', 62477)
#5 /data/wwwroot/www.plastic-crate.co.uk/wp-includes/post.php(5082): wp_insert_post(Array, false)
#6 /data/wwwroot/www.plastic-crate.co.uk/wp-content/plugins/woocommerce/includes/class-wc-install.php(1190): wp_insert_attachment(Array, '/data/wwwroot/w...')
#7 /data/wwwroot/www.plasti in /data/wwwroot/www.plastic-crate.co.uk/wp-content/plugins/wp-all-import/models/model/record.php on line 78

2021-01-03T05:49:22+00:00 CRITICAL Uncaught Exception: Table 'plastic-crate.co.uk.wp_pmxi_images' doesn't exist in /data/wwwroot/www.plastic-crate.co.uk/wp-content/plugins/wp-all-import/models/model/record.php:78
Stack trace:
#0 /data/wwwroot/www.plastic-crate.co.uk/wp-content/plugins/wp-all-import/actions/add_attachment.php(22): PMXI_Model_Record->insert()
#1 /data/wwwroot/www.plastic-crate.co.uk/wp-includes/class-wp-hook.php(286): pmxi_add_attachment(62478)
#2 /data/wwwroot/www.plastic-crate.co.uk/wp-includes/class-wp-hook.php(310): WP_Hook->apply_filters('', Array)
#3 /data/wwwroot/www.plastic-crate.co.uk/wp-includes/plugin.php(453): WP_Hook->do_action(Array)
#4 /data/wwwroot/www.plastic-crate.co.uk/wp-includes/post.php(3694): do_action('add_attachment', 62478)
#5 /data/wwwroot/www.plastic-crate.co.uk/wp-includes/post.php(5082): wp_insert_post(Array, false)
#6 /data/wwwroot/www.plastic-crate.co.uk/wp-content/plugins/woocommerce/includes/class-wc-install.php(1190): wp_insert_attachment(Array, '/data/wwwroot/w...')
#7 /data/wwwroot/www.plasti in /data/wwwroot/www.plastic-crate.co.uk/wp-content/plugins/wp-all-import/models/model/record.php on line 78

2021-01-03T06:01:05+00:00 CRITICAL Uncaught Exception: Table 'plastic-crate.co.uk.wp_pmxi_images' doesn't exist in /data/wwwroot/www.plastic-crate.co.uk/wp-content/plugins/wp-all-import/models/model/record.php:78
Stack trace:
#0 /data/wwwroot/www.plastic-crate.co.uk/wp-content/plugins/wp-all-import/actions/add_attachment.php(22): PMXI_Model_Record->insert()
#1 /data/wwwroot/www.plastic-crate.co.uk/wp-includes/class-wp-hook.php(286): pmxi_add_attachment(62479)
#2 /data/wwwroot/www.plastic-crate.co.uk/wp-includes/class-wp-hook.php(310): WP_Hook->apply_filters('', Array)
#3 /data/wwwroot/www.plastic-crate.co.uk/wp-includes/plugin.php(453): WP_Hook->do_action(Array)
#4 /data/wwwroot/www.plastic-crate.co.uk/wp-includes/post.php(3694): do_action('add_attachment', 62479)
#5 /data/wwwroot/www.plastic-crate.co.uk/wp-includes/post.php(5082): wp_insert_post(Array, false)
#6 /data/wwwroot/www.plastic-crate.co.uk/wp-content/plugins/woocommerce/includes/class-wc-install.php(1190): wp_insert_attachment(Array, '/data/wwwroot/w...')
#7 /data/wwwroot/www.plasti in /data/wwwroot/www.plastic-crate.co.uk/wp-content/plugins/wp-all-import/models/model/record.php on line 78

2021-01-03T06:25:23+00:00 CRITICAL Uncaught Exception: Table 'plastic-crate.co.uk.wp_pmxi_images' doesn't exist in /data/wwwroot/www.plastic-crate.co.uk/wp-content/plugins/wp-all-import/models/model/record.php:78
Stack trace:
#0 /data/wwwroot/www.plastic-crate.co.uk/wp-content/plugins/wp-all-import/actions/add_attachment.php(22): PMXI_Model_Record->insert()
#1 /data/wwwroot/www.plastic-crate.co.uk/wp-includes/class-wp-hook.php(286): pmxi_add_attachment(62480)
#2 /data/wwwroot/www.plastic-crate.co.uk/wp-includes/class-wp-hook.php(310): WP_Hook->apply_filters('', Array)
#3 /data/wwwroot/www.plastic-crate.co.uk/wp-includes/plugin.php(453): WP_Hook->do_action(Array)
#4 /data/wwwroot/www.plastic-crate.co.uk/wp-includes/post.php(3694): do_action('add_attachment', 62480)
#5 /data/wwwroot/www.plastic-crate.co.uk/wp-includes/post.php(5082): wp_insert_post(Array, false)
#6 /data/wwwroot/www.plastic-crate.co.uk/wp-content/plugins/woocommerce/includes/class-wc-install.php(1190): wp_insert_attachment(Array, '/data/wwwroot/w...')
#7 /data/wwwroot/www.plasti in /data/wwwroot/www.plastic-crate.co.uk/wp-content/plugins/wp-all-import/models/model/record.php on line 78

2021-01-03T06:36:52+00:00 CRITICAL Uncaught Exception: Table 'plastic-crate.co.uk.wp_pmxi_images' doesn't exist in /data/wwwroot/www.plastic-crate.co.uk/wp-content/plugins/wp-all-import/models/model/record.php:78
Stack trace:
#0 /data/wwwroot/www.plastic-crate.co.uk/wp-content/plugins/wp-all-import/actions/add_attachment.php(22): PMXI_Model_Record->insert()
#1 /data/wwwroot/www.plastic-crate.co.uk/wp-includes/class-wp-hook.php(286): pmxi_add_attachment(62481)
#2 /data/wwwroot/www.plastic-crate.co.uk/wp-includes/class-wp-hook.php(310): WP_Hook->apply_filters('', Array)
#3 /data/wwwroot/www.plastic-crate.co.uk/wp-includes/plugin.php(453): WP_Hook->do_action(Array)
#4 /data/wwwroot/www.plastic-crate.co.uk/wp-includes/post.php(3694): do_action('add_attachment', 62481)
#5 /data/wwwroot/www.plastic-crate.co.uk/wp-includes/post.php(5082): wp_insert_post(Array, false)
#6 /data/wwwroot/www.plastic-crate.co.uk/wp-content/plugins/woocommerce/includes/class-wc-install.php(1190): wp_insert_attachment(Array, '/data/wwwroot/w...')
#7 /data/wwwroot/www.plasti in /data/wwwroot/www.plastic-crate.co.uk/wp-content/plugins/wp-all-import/models/model/record.php on line 78

2021-01-03T07:11:27+00:00 CRITICAL Uncaught Exception: Table 'plastic-crate.co.uk.wp_pmxi_images' doesn't exist in /data/wwwroot/www.plastic-crate.co.uk/wp-content/plugins/wp-all-import/models/model/record.php:78
Stack trace:
#0 /data/wwwroot/www.plastic-crate.co.uk/wp-content/plugins/wp-all-import/actions/add_attachment.php(22): PMXI_Model_Record->insert()
#1 /data/wwwroot/www.plastic-crate.co.uk/wp-includes/class-wp-hook.php(286): pmxi_add_attachment(62482)
#2 /data/wwwroot/www.plastic-crate.co.uk/wp-includes/class-wp-hook.php(310): WP_Hook->apply_filters('', Array)
#3 /data/wwwroot/www.plastic-crate.co.uk/wp-includes/plugin.php(453): WP_Hook->do_action(Array)
#4 /data/wwwroot/www.plastic-crate.co.uk/wp-includes/post.php(3694): do_action('add_attachment', 62482)
#5 /data/wwwroot/www.plastic-crate.co.uk/wp-includes/post.php(5082): wp_insert_post(Array, false)
#6 /data/wwwroot/www.plastic-crate.co.uk/wp-content/plugins/woocommerce/includes/class-wc-install.php(1190): wp_insert_attachment(Array, '/data/wwwroot/w...')
#7 /data/wwwroot/www.plasti in /data/wwwroot/www.plastic-crate.co.uk/wp-content/plugins/wp-all-import/models/model/record.php on line 78

2021-01-03T07:35:20+00:00 CRITICAL Uncaught Exception: Table 'plastic-crate.co.uk.wp_pmxi_images' doesn't exist in /data/wwwroot/www.plastic-crate.co.uk/wp-content/plugins/wp-all-import/models/model/record.php:78
Stack trace:
#0 /data/wwwroot/www.plastic-crate.co.uk/wp-content/plugins/wp-all-import/actions/add_attachment.php(22): PMXI_Model_Record->insert()
#1 /data/wwwroot/www.plastic-crate.co.uk/wp-includes/class-wp-hook.php(286): pmxi_add_attachment(62483)
#2 /data/wwwroot/www.plastic-crate.co.uk/wp-includes/class-wp-hook.php(310): WP_Hook->apply_filters('', Array)
#3 /data/wwwroot/www.plastic-crate.co.uk/wp-includes/plugin.php(453): WP_Hook->do_action(Array)
#4 /data/wwwroot/www.plastic-crate.co.uk/wp-includes/post.php(3694): do_action('add_attachment', 62483)
#5 /data/wwwroot/www.plastic-crate.co.uk/wp-includes/post.php(5082): wp_insert_post(Array, false)
#6 /data/wwwroot/www.plastic-crate.co.uk/wp-content/plugins/woocommerce/includes/class-wc-install.php(1190): wp_insert_attachment(Array, '/data/wwwroot/w...')
#7 /data/wwwroot/www.plasti in /data/wwwroot/www.plastic-crate.co.uk/wp-content/plugins/wp-all-import/models/model/record.php on line 78

2021-01-03T07:49:28+00:00 CRITICAL Uncaught Exception: Table 'plastic-crate.co.uk.wp_pmxi_images' doesn't exist in /data/wwwroot/www.plastic-crate.co.uk/wp-content/plugins/wp-all-import/models/model/record.php:78
Stack trace:
#0 /data/wwwroot/www.plastic-crate.co.uk/wp-content/plugins/wp-all-import/actions/add_attachment.php(22): PMXI_Model_Record->insert()
#1 /data/wwwroot/www.plastic-crate.co.uk/wp-includes/class-wp-hook.php(286): pmxi_add_attachment(62484)
#2 /data/wwwroot/www.plastic-crate.co.uk/wp-includes/class-wp-hook.php(310): WP_Hook->apply_filters('', Array)
#3 /data/wwwroot/www.plastic-crate.co.uk/wp-includes/plugin.php(453): WP_Hook->do_action(Array)
#4 /data/wwwroot/www.plastic-crate.co.uk/wp-includes/post.php(3694): do_action('add_attachment', 62484)
#5 /data/wwwroot/www.plastic-crate.co.uk/wp-includes/post.php(5082): wp_insert_post(Array, false)
#6 /data/wwwroot/www.plastic-crate.co.uk/wp-content/plugins/woocommerce/includes/class-wc-install.php(1190): wp_insert_attachment(Array, '/data/wwwroot/w...')
#7 /data/wwwroot/www.plasti in /data/wwwroot/www.plastic-crate.co.uk/wp-content/plugins/wp-all-import/models/model/record.php on line 78

2021-01-03T08:02:00+00:00 CRITICAL Uncaught Exception: Table 'plastic-crate.co.uk.wp_pmxi_images' doesn't exist in /data/wwwroot/www.plastic-crate.co.uk/wp-content/plugins/wp-all-import/models/model/record.php:78
Stack trace:
#0 /data/wwwroot/www.plastic-crate.co.uk/wp-content/plugins/wp-all-import/actions/add_attachment.php(22): PMXI_Model_Record->insert()
#1 /data/wwwroot/www.plastic-crate.co.uk/wp-includes/class-wp-hook.php(286): pmxi_add_attachment(62485)
#2 /data/wwwroot/www.plastic-crate.co.uk/wp-includes/class-wp-hook.php(310): WP_Hook->apply_filters('', Array)
#3 /data/wwwroot/www.plastic-crate.co.uk/wp-includes/plugin.php(453): WP_Hook->do_action(Array)
#4 /data/wwwroot/www.plastic-crate.co.uk/wp-includes/post.php(3694): do_action('add_attachment', 62485)
#5 /data/wwwroot/www.plastic-crate.co.uk/wp-includes/post.php(5082): wp_insert_post(Array, false)
#6 /data/wwwroot/www.plastic-crate.co.uk/wp-content/plugins/woocommerce/includes/class-wc-install.php(1190): wp_insert_attachment(Array, '/data/wwwroot/w...')
#7 /data/wwwroot/www.plasti in /data/wwwroot/www.plastic-crate.co.uk/wp-content/plugins/wp-all-import/models/model/record.php on line 78

2021-01-03T08:34:47+00:00 CRITICAL Uncaught Exception: Table 'plastic-crate.co.uk.wp_pmxi_images' doesn't exist in /data/wwwroot/www.plastic-crate.co.uk/wp-content/plugins/wp-all-import/models/model/record.php:78
Stack trace:
#0 /data/wwwroot/www.plastic-crate.co.uk/wp-content/plugins/wp-all-import/actions/add_attachment.php(22): PMXI_Model_Record->insert()
#1 /data/wwwroot/www.plastic-crate.co.uk/wp-includes/class-wp-hook.php(286): pmxi_add_attachment(62486)
#2 /data/wwwroot/www.plastic-crate.co.uk/wp-includes/class-wp-hook.php(310): WP_Hook->apply_filters('', Array)
#3 /data/wwwroot/www.plastic-crate.co.uk/wp-includes/plugin.php(453): WP_Hook->do_action(Array)
#4 /data/wwwroot/www.plastic-crate.co.uk/wp-includes/post.php(3694): do_action('add_attachment', 62486)
#5 /data/wwwroot/www.plastic-crate.co.uk/wp-includes/post.php(5082): wp_insert_post(Array, false)
#6 /data/wwwroot/www.plastic-crate.co.uk/wp-content/plugins/woocommerce/includes/class-wc-install.php(1190): wp_insert_attachment(Array, '/data/wwwroot/w...')
#7 /data/wwwroot/www.plasti in /data/wwwroot/www.plastic-crate.co.uk/wp-content/plugins/wp-all-import/models/model/record.php on line 78

2021-01-03T08:51:20+00:00 CRITICAL Uncaught Exception: Table 'plastic-crate.co.uk.wp_pmxi_images' doesn't exist in /data/wwwroot/www.plastic-crate.co.uk/wp-content/plugins/wp-all-import/models/model/record.php:78
Stack trace:
#0 /data/wwwroot/www.plastic-crate.co.uk/wp-content/plugins/wp-all-import/actions/add_attachment.php(22): PMXI_Model_Record->insert()
#1 /data/wwwroot/www.plastic-crate.co.uk/wp-includes/class-wp-hook.php(286): pmxi_add_attachment(62487)
#2 /data/wwwroot/www.plastic-crate.co.uk/wp-includes/class-wp-hook.php(310): WP_Hook->apply_filters('', Array)
#3 /data/wwwroot/www.plastic-crate.co.uk/wp-includes/plugin.php(453): WP_Hook->do_action(Array)
#4 /data/wwwroot/www.plastic-crate.co.uk/wp-includes/post.php(3694): do_action('add_attachment', 62487)
#5 /data/wwwroot/www.plastic-crate.co.uk/wp-includes/post.php(5082): wp_insert_post(Array, false)
#6 /data/wwwroot/www.plastic-crate.co.uk/wp-content/plugins/woocommerce/includes/class-wc-install.php(1190): wp_insert_attachment(Array, '/data/wwwroot/w...')
#7 /data/wwwroot/www.plasti in /data/wwwroot/www.plastic-crate.co.uk/wp-content/plugins/wp-all-import/models/model/record.php on line 78

2021-01-03T09:04:25+00:00 CRITICAL Uncaught Exception: Table 'plastic-crate.co.uk.wp_pmxi_images' doesn't exist in /data/wwwroot/www.plastic-crate.co.uk/wp-content/plugins/wp-all-import/models/model/record.php:78
Stack trace:
#0 /data/wwwroot/www.plastic-crate.co.uk/wp-content/plugins/wp-all-import/actions/add_attachment.php(22): PMXI_Model_Record->insert()
#1 /data/wwwroot/www.plastic-crate.co.uk/wp-includes/class-wp-hook.php(286): pmxi_add_attachment(62488)
#2 /data/wwwroot/www.plastic-crate.co.uk/wp-includes/class-wp-hook.php(310): WP_Hook->apply_filters('', Array)
#3 /data/wwwroot/www.plastic-crate.co.uk/wp-includes/plugin.php(453): WP_Hook->do_action(Array)
#4 /data/wwwroot/www.plastic-crate.co.uk/wp-includes/post.php(3694): do_action('add_attachment', 62488)
#5 /data/wwwroot/www.plastic-crate.co.uk/wp-includes/post.php(5082): wp_insert_post(Array, false)
#6 /data/wwwroot/www.plastic-crate.co.uk/wp-content/plugins/woocommerce/includes/class-wc-install.php(1190): wp_insert_attachment(Array, '/data/wwwroot/w...')
#7 /data/wwwroot/www.plasti in /data/wwwroot/www.plastic-crate.co.uk/wp-content/plugins/wp-all-import/models/model/record.php on line 78

2021-01-03T09:40:13+00:00 CRITICAL Uncaught Exception: Table 'plastic-crate.co.uk.wp_pmxi_images' doesn't exist in /data/wwwroot/www.plastic-crate.co.uk/wp-content/plugins/wp-all-import/models/model/record.php:78
Stack trace:
#0 /data/wwwroot/www.plastic-crate.co.uk/wp-content/plugins/wp-all-import/actions/add_attachment.php(22): PMXI_Model_Record->insert()
#1 /data/wwwroot/www.plastic-crate.co.uk/wp-includes/class-wp-hook.php(286): pmxi_add_attachment(62489)
#2 /data/wwwroot/www.plastic-crate.co.uk/wp-includes/class-wp-hook.php(310): WP_Hook->apply_filters('', Array)
#3 /data/wwwroot/www.plastic-crate.co.uk/wp-includes/plugin.php(453): WP_Hook->do_action(Array)
#4 /data/wwwroot/www.plastic-crate.co.uk/wp-includes/post.php(3694): do_action('add_attachment', 62489)
#5 /data/wwwroot/www.plastic-crate.co.uk/wp-includes/post.php(5082): wp_insert_post(Array, false)
#6 /data/wwwroot/www.plastic-crate.co.uk/wp-content/plugins/woocommerce/includes/class-wc-install.php(1190): wp_insert_attachment(Array, '/data/wwwroot/w...')
#7 /data/wwwroot/www.plasti in /data/wwwroot/www.plastic-crate.co.uk/wp-content/plugins/wp-all-import/models/model/record.php on line 78

2021-01-03T09:54:04+00:00 CRITICAL Uncaught Exception: Table 'plastic-crate.co.uk.wp_pmxi_images' doesn't exist in /data/wwwroot/www.plastic-crate.co.uk/wp-content/plugins/wp-all-import/models/model/record.php:78
Stack trace:
#0 /data/wwwroot/www.plastic-crate.co.uk/wp-content/plugins/wp-all-import/actions/add_attachment.php(22): PMXI_Model_Record->insert()
#1 /data/wwwroot/www.plastic-crate.co.uk/wp-includes/class-wp-hook.php(286): pmxi_add_attachment(62490)
#2 /data/wwwroot/www.plastic-crate.co.uk/wp-includes/class-wp-hook.php(310): WP_Hook->apply_filters('', Array)
#3 /data/wwwroot/www.plastic-crate.co.uk/wp-includes/plugin.php(453): WP_Hook->do_action(Array)
#4 /data/wwwroot/www.plastic-crate.co.uk/wp-includes/post.php(3694): do_action('add_attachment', 62490)
#5 /data/wwwroot/www.plastic-crate.co.uk/wp-includes/post.php(5082): wp_insert_post(Array, false)
#6 /data/wwwroot/www.plastic-crate.co.uk/wp-content/plugins/woocommerce/includes/class-wc-install.php(1190): wp_insert_attachment(Array, '/data/wwwroot/w...')
#7 /data/wwwroot/www.plasti in /data/wwwroot/www.plastic-crate.co.uk/wp-content/plugins/wp-all-import/models/model/record.php on line 78

2021-01-03T10:15:43+00:00 CRITICAL Uncaught Exception: Table 'plastic-crate.co.uk.wp_pmxi_images' doesn't exist in /data/wwwroot/www.plastic-crate.co.uk/wp-content/plugins/wp-all-import/models/model/record.php:78
Stack trace:
#0 /data/wwwroot/www.plastic-crate.co.uk/wp-content/plugins/wp-all-import/actions/add_attachment.php(22): PMXI_Model_Record->insert()
#1 /data/wwwroot/www.plastic-crate.co.uk/wp-includes/class-wp-hook.php(286): pmxi_add_attachment(62491)
#2 /data/wwwroot/www.plastic-crate.co.uk/wp-includes/class-wp-hook.php(310): WP_Hook->apply_filters('', Array)
#3 /data/wwwroot/www.plastic-crate.co.uk/wp-includes/plugin.php(453): WP_Hook->do_action(Array)
#4 /data/wwwroot/www.plastic-crate.co.uk/wp-includes/post.php(3694): do_action('add_attachment', 62491)
#5 /data/wwwroot/www.plastic-crate.co.uk/wp-includes/post.php(5082): wp_insert_post(Array, false)
#6 /data/wwwroot/www.plastic-crate.co.uk/wp-content/plugins/woocommerce/includes/class-wc-install.php(1190): wp_insert_attachment(Array, '/data/wwwroot/w...')
#7 /data/wwwroot/www.plasti in /data/wwwroot/www.plastic-crate.co.uk/wp-content/plugins/wp-all-import/models/model/record.php on line 78

2021-01-03T10:26:16+00:00 CRITICAL Uncaught Exception: Table 'plastic-crate.co.uk.wp_pmxi_images' doesn't exist in /data/wwwroot/www.plastic-crate.co.uk/wp-content/plugins/wp-all-import/models/model/record.php:78
Stack trace:
#0 /data/wwwroot/www.plastic-crate.co.uk/wp-content/plugins/wp-all-import/actions/add_attachment.php(22): PMXI_Model_Record->insert()
#1 /data/wwwroot/www.plastic-crate.co.uk/wp-includes/class-wp-hook.php(286): pmxi_add_attachment(62492)
#2 /data/wwwroot/www.plastic-crate.co.uk/wp-includes/class-wp-hook.php(310): WP_Hook->apply_filters('', Array)
#3 /data/wwwroot/www.plastic-crate.co.uk/wp-includes/plugin.php(453): WP_Hook->do_action(Array)
#4 /data/wwwroot/www.plastic-crate.co.uk/wp-includes/post.php(3694): do_action('add_attachment', 62492)
#5 /data/wwwroot/www.plastic-crate.co.uk/wp-includes/post.php(5082): wp_insert_post(Array, false)
#6 /data/wwwroot/www.plastic-crate.co.uk/wp-content/plugins/woocommerce/includes/class-wc-install.php(1190): wp_insert_attachment(Array, '/data/wwwroot/w...')
#7 /data/wwwroot/www.plasti in /data/wwwroot/www.plastic-crate.co.uk/wp-content/plugins/wp-all-import/models/model/record.php on line 78

2021-01-03T10:38:14+00:00 CRITICAL Uncaught Exception: Table 'plastic-crate.co.uk.wp_pmxi_images' doesn't exist in /data/wwwroot/www.plastic-crate.co.uk/wp-content/plugins/wp-all-import/models/model/record.php:78
Stack trace:
#0 /data/wwwroot/www.plastic-crate.co.uk/wp-content/plugins/wp-all-import/actions/add_attachment.php(22): PMXI_Model_Record->insert()
#1 /data/wwwroot/www.plastic-crate.co.uk/wp-includes/class-wp-hook.php(286): pmxi_add_attachment(62493)
#2 /data/wwwroot/www.plastic-crate.co.uk/wp-includes/class-wp-hook.php(310): WP_Hook->apply_filters('', Array)
#3 /data/wwwroot/www.plastic-crate.co.uk/wp-includes/plugin.php(453): WP_Hook->do_action(Array)
#4 /data/wwwroot/www.plastic-crate.co.uk/wp-includes/post.php(3694): do_action('add_attachment', 62493)
#5 /data/wwwroot/www.plastic-crate.co.uk/wp-includes/post.php(5082): wp_insert_post(Array, false)
#6 /data/wwwroot/www.plastic-crate.co.uk/wp-content/plugins/woocommerce/includes/class-wc-install.php(1190): wp_insert_attachment(Array, '/data/wwwroot/w...')
#7 /data/wwwroot/www.plasti in /data/wwwroot/www.plastic-crate.co.uk/wp-content/plugins/wp-all-import/models/model/record.php on line 78

2021-01-03T10:57:48+00:00 CRITICAL Uncaught Exception: Table 'plastic-crate.co.uk.wp_pmxi_images' doesn't exist in /data/wwwroot/www.plastic-crate.co.uk/wp-content/plugins/wp-all-import/models/model/record.php:78
Stack trace:
#0 /data/wwwroot/www.plastic-crate.co.uk/wp-content/plugins/wp-all-import/actions/add_attachment.php(22): PMXI_Model_Record->insert()
#1 /data/wwwroot/www.plastic-crate.co.uk/wp-includes/class-wp-hook.php(286): pmxi_add_attachment(62494)
#2 /data/wwwroot/www.plastic-crate.co.uk/wp-includes/class-wp-hook.php(310): WP_Hook->apply_filters('', Array)
#3 /data/wwwroot/www.plastic-crate.co.uk/wp-includes/plugin.php(453): WP_Hook->do_action(Array)
#4 /data/wwwroot/www.plastic-crate.co.uk/wp-includes/post.php(3694): do_action('add_attachment', 62494)
#5 /data/wwwroot/www.plastic-crate.co.uk/wp-includes/post.php(5082): wp_insert_post(Array, false)
#6 /data/wwwroot/www.plastic-crate.co.uk/wp-content/plugins/woocommerce/includes/class-wc-install.php(1190): wp_insert_attachment(Array, '/data/wwwroot/w...')
#7 /data/wwwroot/www.plasti in /data/wwwroot/www.plastic-crate.co.uk/wp-content/plugins/wp-all-import/models/model/record.php on line 78

2021-01-03T11:18:39+00:00 CRITICAL Uncaught Exception: Table 'plastic-crate.co.uk.wp_pmxi_images' doesn't exist in /data/wwwroot/www.plastic-crate.co.uk/wp-content/plugins/wp-all-import/models/model/record.php:78
Stack trace:
#0 /data/wwwroot/www.plastic-crate.co.uk/wp-content/plugins/wp-all-import/actions/add_attachment.php(22): PMXI_Model_Record->insert()
#1 /data/wwwroot/www.plastic-crate.co.uk/wp-includes/class-wp-hook.php(286): pmxi_add_attachment(62495)
#2 /data/wwwroot/www.plastic-crate.co.uk/wp-includes/class-wp-hook.php(310): WP_Hook->apply_filters('', Array)
#3 /data/wwwroot/www.plastic-crate.co.uk/wp-includes/plugin.php(453): WP_Hook->do_action(Array)
#4 /data/wwwroot/www.plastic-crate.co.uk/wp-includes/post.php(3694): do_action('add_attachment', 62495)
#5 /data/wwwroot/www.plastic-crate.co.uk/wp-includes/post.php(5082): wp_insert_post(Array, false)
#6 /data/wwwroot/www.plastic-crate.co.uk/wp-content/plugins/woocommerce/includes/class-wc-install.php(1190): wp_insert_attachment(Array, '/data/wwwroot/w...')
#7 /data/wwwroot/www.plasti in /data/wwwroot/www.plastic-crate.co.uk/wp-content/plugins/wp-all-import/models/model/record.php on line 78

2021-01-03T11:37:08+00:00 CRITICAL Uncaught Exception: Table 'plastic-crate.co.uk.wp_pmxi_images' doesn't exist in /data/wwwroot/www.plastic-crate.co.uk/wp-content/plugins/wp-all-import/models/model/record.php:78
Stack trace:
#0 /data/wwwroot/www.plastic-crate.co.uk/wp-content/plugins/wp-all-import/actions/add_attachment.php(22): PMXI_Model_Record->insert()
#1 /data/wwwroot/www.plastic-crate.co.uk/wp-includes/class-wp-hook.php(286): pmxi_add_attachment(62496)
#2 /data/wwwroot/www.plastic-crate.co.uk/wp-includes/class-wp-hook.php(310): WP_Hook->apply_filters('', Array)
#3 /data/wwwroot/www.plastic-crate.co.uk/wp-includes/plugin.php(453): WP_Hook->do_action(Array)
#4 /data/wwwroot/www.plastic-crate.co.uk/wp-includes/post.php(3694): do_action('add_attachment', 62496)
#5 /data/wwwroot/www.plastic-crate.co.uk/wp-includes/post.php(5082): wp_insert_post(Array, false)
#6 /data/wwwroot/www.plastic-crate.co.uk/wp-content/plugins/woocommerce/includes/class-wc-install.php(1190): wp_insert_attachment(Array, '/data/wwwroot/w...')
#7 /data/wwwroot/www.plasti in /data/wwwroot/www.plastic-crate.co.uk/wp-content/plugins/wp-all-import/models/model/record.php on line 78

2021-01-03T11:57:00+00:00 CRITICAL Uncaught Exception: Table 'plastic-crate.co.uk.wp_pmxi_images' doesn't exist in /data/wwwroot/www.plastic-crate.co.uk/wp-content/plugins/wp-all-import/models/model/record.php:78
Stack trace:
#0 /data/wwwroot/www.plastic-crate.co.uk/wp-content/plugins/wp-all-import/actions/add_attachment.php(22): PMXI_Model_Record->insert()
#1 /data/wwwroot/www.plastic-crate.co.uk/wp-includes/class-wp-hook.php(286): pmxi_add_attachment(62498)
#2 /data/wwwroot/www.plastic-crate.co.uk/wp-includes/class-wp-hook.php(310): WP_Hook->apply_filters('', Array)
#3 /data/wwwroot/www.plastic-crate.co.uk/wp-includes/plugin.php(453): WP_Hook->do_action(Array)
#4 /data/wwwroot/www.plastic-crate.co.uk/wp-includes/post.php(3694): do_action('add_attachment', 62498)
#5 /data/wwwroot/www.plastic-crate.co.uk/wp-includes/post.php(5082): wp_insert_post(Array, false)
#6 /data/wwwroot/www.plastic-crate.co.uk/wp-content/plugins/woocommerce/includes/class-wc-install.php(1190): wp_insert_attachment(Array, '/data/wwwroot/w...')
#7 /data/wwwroot/www.plasti in /data/wwwroot/www.plastic-crate.co.uk/wp-content/plugins/wp-all-import/models/model/record.php on line 78

2021-01-03T11:57:00+00:00 CRITICAL Uncaught Exception: Table 'plastic-crate.co.uk.wp_pmxi_images' doesn't exist in /data/wwwroot/www.plastic-crate.co.uk/wp-content/plugins/wp-all-import/models/model/record.php:78
Stack trace:
#0 /data/wwwroot/www.plastic-crate.co.uk/wp-content/plugins/wp-all-import/actions/add_attachment.php(22): PMXI_Model_Record->insert()
#1 /data/wwwroot/www.plastic-crate.co.uk/wp-includes/class-wp-hook.php(286): pmxi_add_attachment(62497)
#2 /data/wwwroot/www.plastic-crate.co.uk/wp-includes/class-wp-hook.php(310): WP_Hook->apply_filters('', Array)
#3 /data/wwwroot/www.plastic-crate.co.uk/wp-includes/plugin.php(453): WP_Hook->do_action(Array)
#4 /data/wwwroot/www.plastic-crate.co.uk/wp-includes/post.php(3694): do_action('add_attachment', 62497)
#5 /data/wwwroot/www.plastic-crate.co.uk/wp-includes/post.php(5082): wp_insert_post(Array, false)
#6 /data/wwwroot/www.plastic-crate.co.uk/wp-content/plugins/woocommerce/includes/class-wc-install.php(1190): wp_insert_attachment(Array, '/data/wwwroot/w...')
#7 /data/wwwroot/www.plasti in /data/wwwroot/www.plastic-crate.co.uk/wp-content/plugins/wp-all-import/models/model/record.php on line 78

2021-01-03T12:07:32+00:00 CRITICAL Uncaught Exception: Table 'plastic-crate.co.uk.wp_pmxi_images' doesn't exist in /data/wwwroot/www.plastic-crate.co.uk/wp-content/plugins/wp-all-import/models/model/record.php:78
Stack trace:
#0 /data/wwwroot/www.plastic-crate.co.uk/wp-content/plugins/wp-all-import/actions/add_attachment.php(22): PMXI_Model_Record->insert()
#1 /data/wwwroot/www.plastic-crate.co.uk/wp-includes/class-wp-hook.php(286): pmxi_add_attachment(62499)
#2 /data/wwwroot/www.plastic-crate.co.uk/wp-includes/class-wp-hook.php(310): WP_Hook->apply_filters('', Array)
#3 /data/wwwroot/www.plastic-crate.co.uk/wp-includes/plugin.php(453): WP_Hook->do_action(Array)
#4 /data/wwwroot/www.plastic-crate.co.uk/wp-includes/post.php(3694): do_action('add_attachment', 62499)
#5 /data/wwwroot/www.plastic-crate.co.uk/wp-includes/post.php(5082): wp_insert_post(Array, false)
#6 /data/wwwroot/www.plastic-crate.co.uk/wp-content/plugins/woocommerce/includes/class-wc-install.php(1190): wp_insert_attachment(Array, '/data/wwwroot/w...')
#7 /data/wwwroot/www.plasti in /data/wwwroot/www.plastic-crate.co.uk/wp-content/plugins/wp-all-import/models/model/record.php on line 78

2021-01-03T12:19:52+00:00 CRITICAL Uncaught Exception: Table 'plastic-crate.co.uk.wp_pmxi_images' doesn't exist in /data/wwwroot/www.plastic-crate.co.uk/wp-content/plugins/wp-all-import/models/model/record.php:78
Stack trace:
#0 /data/wwwroot/www.plastic-crate.co.uk/wp-content/plugins/wp-all-import/actions/add_attachment.php(22): PMXI_Model_Record->insert()
#1 /data/wwwroot/www.plastic-crate.co.uk/wp-includes/class-wp-hook.php(286): pmxi_add_attachment(62500)
#2 /data/wwwroot/www.plastic-crate.co.uk/wp-includes/class-wp-hook.php(310): WP_Hook->apply_filters('', Array)
#3 /data/wwwroot/www.plastic-crate.co.uk/wp-includes/plugin.php(453): WP_Hook->do_action(Array)
#4 /data/wwwroot/www.plastic-crate.co.uk/wp-includes/post.php(3694): do_action('add_attachment', 62500)
#5 /data/wwwroot/www.plastic-crate.co.uk/wp-includes/post.php(5082): wp_insert_post(Array, false)
#6 /data/wwwroot/www.plastic-crate.co.uk/wp-content/plugins/woocommerce/includes/class-wc-install.php(1190): wp_insert_attachment(Array, '/data/wwwroot/w...')
#7 /data/wwwroot/www.plasti in /data/wwwroot/www.plastic-crate.co.uk/wp-content/plugins/wp-all-import/models/model/record.php on line 78

2021-01-03T12:33:30+00:00 CRITICAL Uncaught Exception: Table 'plastic-crate.co.uk.wp_pmxi_images' doesn't exist in /data/wwwroot/www.plastic-crate.co.uk/wp-content/plugins/wp-all-import/models/model/record.php:78
Stack trace:
#0 /data/wwwroot/www.plastic-crate.co.uk/wp-content/plugins/wp-all-import/actions/add_attachment.php(22): PMXI_Model_Record->insert()
#1 /data/wwwroot/www.plastic-crate.co.uk/wp-includes/class-wp-hook.php(286): pmxi_add_attachment(62501)
#2 /data/wwwroot/www.plastic-crate.co.uk/wp-includes/class-wp-hook.php(310): WP_Hook->apply_filters('', Array)
#3 /data/wwwroot/www.plastic-crate.co.uk/wp-includes/plugin.php(453): WP_Hook->do_action(Array)
#4 /data/wwwroot/www.plastic-crate.co.uk/wp-includes/post.php(3694): do_action('add_attachment', 62501)
#5 /data/wwwroot/www.plastic-crate.co.uk/wp-includes/post.php(5082): wp_insert_post(Array, false)
#6 /data/wwwroot/www.plastic-crate.co.uk/wp-content/plugins/woocommerce/includes/class-wc-install.php(1190): wp_insert_attachment(Array, '/data/wwwroot/w...')
#7 /data/wwwroot/www.plasti in /data/wwwroot/www.plastic-crate.co.uk/wp-content/plugins/wp-all-import/models/model/record.php on line 78

2021-01-03T12:46:31+00:00 CRITICAL Uncaught Exception: Table 'plastic-crate.co.uk.wp_pmxi_images' doesn't exist in /data/wwwroot/www.plastic-crate.co.uk/wp-content/plugins/wp-all-import/models/model/record.php:78
Stack trace:
#0 /data/wwwroot/www.plastic-crate.co.uk/wp-content/plugins/wp-all-import/actions/add_attachment.php(22): PMXI_Model_Record->insert()
#1 /data/wwwroot/www.plastic-crate.co.uk/wp-includes/class-wp-hook.php(286): pmxi_add_attachment(62502)
#2 /data/wwwroot/www.plastic-crate.co.uk/wp-includes/class-wp-hook.php(310): WP_Hook->apply_filters('', Array)
#3 /data/wwwroot/www.plastic-crate.co.uk/wp-includes/plugin.php(453): WP_Hook->do_action(Array)
#4 /data/wwwroot/www.plastic-crate.co.uk/wp-includes/post.php(3694): do_action('add_attachment', 62502)
#5 /data/wwwroot/www.plastic-crate.co.uk/wp-includes/post.php(5082): wp_insert_post(Array, false)
#6 /data/wwwroot/www.plastic-crate.co.uk/wp-content/plugins/woocommerce/includes/class-wc-install.php(1190): wp_insert_attachment(Array, '/data/wwwroot/w...')
#7 /data/wwwroot/www.plasti in /data/wwwroot/www.plastic-crate.co.uk/wp-content/plugins/wp-all-import/models/model/record.php on line 78

2021-01-03T12:59:14+00:00 CRITICAL Uncaught Exception: Table 'plastic-crate.co.uk.wp_pmxi_images' doesn't exist in /data/wwwroot/www.plastic-crate.co.uk/wp-content/plugins/wp-all-import/models/model/record.php:78
Stack trace:
#0 /data/wwwroot/www.plastic-crate.co.uk/wp-content/plugins/wp-all-import/actions/add_attachment.php(22): PMXI_Model_Record->insert()
#1 /data/wwwroot/www.plastic-crate.co.uk/wp-includes/class-wp-hook.php(286): pmxi_add_attachment(62503)
#2 /data/wwwroot/www.plastic-crate.co.uk/wp-includes/class-wp-hook.php(310): WP_Hook->apply_filters('', Array)
#3 /data/wwwroot/www.plastic-crate.co.uk/wp-includes/plugin.php(453): WP_Hook->do_action(Array)
#4 /data/wwwroot/www.plastic-crate.co.uk/wp-includes/post.php(3694): do_action('add_attachment', 62503)
#5 /data/wwwroot/www.plastic-crate.co.uk/wp-includes/post.php(5082): wp_insert_post(Array, false)
#6 /data/wwwroot/www.plastic-crate.co.uk/wp-content/plugins/woocommerce/includes/class-wc-install.php(1190): wp_insert_attachment(Array, '/data/wwwroot/w...')
#7 /data/wwwroot/www.plasti in /data/wwwroot/www.plastic-crate.co.uk/wp-content/plugins/wp-all-import/models/model/record.php on line 78

2021-01-03T13:21:22+00:00 CRITICAL Uncaught Exception: Table 'plastic-crate.co.uk.wp_pmxi_images' doesn't exist in /data/wwwroot/www.plastic-crate.co.uk/wp-content/plugins/wp-all-import/models/model/record.php:78
Stack trace:
#0 /data/wwwroot/www.plastic-crate.co.uk/wp-content/plugins/wp-all-import/actions/add_attachment.php(22): PMXI_Model_Record->insert()
#1 /data/wwwroot/www.plastic-crate.co.uk/wp-includes/class-wp-hook.php(286): pmxi_add_attachment(62504)
#2 /data/wwwroot/www.plastic-crate.co.uk/wp-includes/class-wp-hook.php(310): WP_Hook->apply_filters('', Array)
#3 /data/wwwroot/www.plastic-crate.co.uk/wp-includes/plugin.php(453): WP_Hook->do_action(Array)
#4 /data/wwwroot/www.plastic-crate.co.uk/wp-includes/post.php(3694): do_action('add_attachment', 62504)
#5 /data/wwwroot/www.plastic-crate.co.uk/wp-includes/post.php(5082): wp_insert_post(Array, false)
#6 /data/wwwroot/www.plastic-crate.co.uk/wp-content/plugins/woocommerce/includes/class-wc-install.php(1190): wp_insert_attachment(Array, '/data/wwwroot/w...')
#7 /data/wwwroot/www.plasti in /data/wwwroot/www.plastic-crate.co.uk/wp-content/plugins/wp-all-import/models/model/record.php on line 78

2021-01-03T13:32:53+00:00 CRITICAL Uncaught Exception: Table 'plastic-crate.co.uk.wp_pmxi_images' doesn't exist in /data/wwwroot/www.plastic-crate.co.uk/wp-content/plugins/wp-all-import/models/model/record.php:78
Stack trace:
#0 /data/wwwroot/www.plastic-crate.co.uk/wp-content/plugins/wp-all-import/actions/add_attachment.php(22): PMXI_Model_Record->insert()
#1 /data/wwwroot/www.plastic-crate.co.uk/wp-includes/class-wp-hook.php(286): pmxi_add_attachment(62505)
#2 /data/wwwroot/www.plastic-crate.co.uk/wp-includes/class-wp-hook.php(310): WP_Hook->apply_filters('', Array)
#3 /data/wwwroot/www.plastic-crate.co.uk/wp-includes/plugin.php(453): WP_Hook->do_action(Array)
#4 /data/wwwroot/www.plastic-crate.co.uk/wp-includes/post.php(3694): do_action('add_attachment', 62505)
#5 /data/wwwroot/www.plastic-crate.co.uk/wp-includes/post.php(5082): wp_insert_post(Array, false)
#6 /data/wwwroot/www.plastic-crate.co.uk/wp-content/plugins/woocommerce/includes/class-wc-install.php(1190): wp_insert_attachment(Array, '/data/wwwroot/w...')
#7 /data/wwwroot/www.plasti in /data/wwwroot/www.plastic-crate.co.uk/wp-content/plugins/wp-all-import/models/model/record.php on line 78

2021-01-03T13:45:30+00:00 CRITICAL Uncaught Exception: Table 'plastic-crate.co.uk.wp_pmxi_images' doesn't exist in /data/wwwroot/www.plastic-crate.co.uk/wp-content/plugins/wp-all-import/models/model/record.php:78
Stack trace:
#0 /data/wwwroot/www.plastic-crate.co.uk/wp-content/plugins/wp-all-import/actions/add_attachment.php(22): PMXI_Model_Record->insert()
#1 /data/wwwroot/www.plastic-crate.co.uk/wp-includes/class-wp-hook.php(286): pmxi_add_attachment(62506)
#2 /data/wwwroot/www.plastic-crate.co.uk/wp-includes/class-wp-hook.php(310): WP_Hook->apply_filters('', Array)
#3 /data/wwwroot/www.plastic-crate.co.uk/wp-includes/plugin.php(453): WP_Hook->do_action(Array)
#4 /data/wwwroot/www.plastic-crate.co.uk/wp-includes/post.php(3694): do_action('add_attachment', 62506)
#5 /data/wwwroot/www.plastic-crate.co.uk/wp-includes/post.php(5082): wp_insert_post(Array, false)
#6 /data/wwwroot/www.plastic-crate.co.uk/wp-content/plugins/woocommerce/includes/class-wc-install.php(1190): wp_insert_attachment(Array, '/data/wwwroot/w...')
#7 /data/wwwroot/www.plasti in /data/wwwroot/www.plastic-crate.co.uk/wp-content/plugins/wp-all-import/models/model/record.php on line 78

2021-01-03T13:58:50+00:00 CRITICAL Uncaught Exception: Table 'plastic-crate.co.uk.wp_pmxi_images' doesn't exist in /data/wwwroot/www.plastic-crate.co.uk/wp-content/plugins/wp-all-import/models/model/record.php:78
Stack trace:
#0 /data/wwwroot/www.plastic-crate.co.uk/wp-content/plugins/wp-all-import/actions/add_attachment.php(22): PMXI_Model_Record->insert()
#1 /data/wwwroot/www.plastic-crate.co.uk/wp-includes/class-wp-hook.php(286): pmxi_add_attachment(62507)
#2 /data/wwwroot/www.plastic-crate.co.uk/wp-includes/class-wp-hook.php(310): WP_Hook->apply_filters('', Array)
#3 /data/wwwroot/www.plastic-crate.co.uk/wp-includes/plugin.php(453): WP_Hook->do_action(Array)
#4 /data/wwwroot/www.plastic-crate.co.uk/wp-includes/post.php(3694): do_action('add_attachment', 62507)
#5 /data/wwwroot/www.plastic-crate.co.uk/wp-includes/post.php(5082): wp_insert_post(Array, false)
#6 /data/wwwroot/www.plastic-crate.co.uk/wp-content/plugins/woocommerce/includes/class-wc-install.php(1190): wp_insert_attachment(Array, '/data/wwwroot/w...')
#7 /data/wwwroot/www.plasti in /data/wwwroot/www.plastic-crate.co.uk/wp-content/plugins/wp-all-import/models/model/record.php on line 78

2021-01-03T14:28:13+00:00 CRITICAL Uncaught Exception: Table 'plastic-crate.co.uk.wp_pmxi_images' doesn't exist in /data/wwwroot/www.plastic-crate.co.uk/wp-content/plugins/wp-all-import/models/model/record.php:78
Stack trace:
#0 /data/wwwroot/www.plastic-crate.co.uk/wp-content/plugins/wp-all-import/actions/add_attachment.php(22): PMXI_Model_Record->insert()
#1 /data/wwwroot/www.plastic-crate.co.uk/wp-includes/class-wp-hook.php(286): pmxi_add_attachment(62508)
#2 /data/wwwroot/www.plastic-crate.co.uk/wp-includes/class-wp-hook.php(310): WP_Hook->apply_filters('', Array)
#3 /data/wwwroot/www.plastic-crate.co.uk/wp-includes/plugin.php(453): WP_Hook->do_action(Array)
#4 /data/wwwroot/www.plastic-crate.co.uk/wp-includes/post.php(3694): do_action('add_attachment', 62508)
#5 /data/wwwroot/www.plastic-crate.co.uk/wp-includes/post.php(5082): wp_insert_post(Array, false)
#6 /data/wwwroot/www.plastic-crate.co.uk/wp-content/plugins/woocommerce/includes/class-wc-install.php(1190): wp_insert_attachment(Array, '/data/wwwroot/w...')
#7 /data/wwwroot/www.plasti in /data/wwwroot/www.plastic-crate.co.uk/wp-content/plugins/wp-all-import/models/model/record.php on line 78

2021-01-03T14:41:09+00:00 CRITICAL Uncaught Exception: Table 'plastic-crate.co.uk.wp_pmxi_images' doesn't exist in /data/wwwroot/www.plastic-crate.co.uk/wp-content/plugins/wp-all-import/models/model/record.php:78
Stack trace:
#0 /data/wwwroot/www.plastic-crate.co.uk/wp-content/plugins/wp-all-import/actions/add_attachment.php(22): PMXI_Model_Record->insert()
#1 /data/wwwroot/www.plastic-crate.co.uk/wp-includes/class-wp-hook.php(286): pmxi_add_attachment(62509)
#2 /data/wwwroot/www.plastic-crate.co.uk/wp-includes/class-wp-hook.php(310): WP_Hook->apply_filters('', Array)
#3 /data/wwwroot/www.plastic-crate.co.uk/wp-includes/plugin.php(453): WP_Hook->do_action(Array)
#4 /data/wwwroot/www.plastic-crate.co.uk/wp-includes/post.php(3694): do_action('add_attachment', 62509)
#5 /data/wwwroot/www.plastic-crate.co.uk/wp-includes/post.php(5082): wp_insert_post(Array, false)
#6 /data/wwwroot/www.plastic-crate.co.uk/wp-content/plugins/woocommerce/includes/class-wc-install.php(1190): wp_insert_attachment(Array, '/data/wwwroot/w...')
#7 /data/wwwroot/www.plasti in /data/wwwroot/www.plastic-crate.co.uk/wp-content/plugins/wp-all-import/models/model/record.php on line 78

2021-01-03T14:51:57+00:00 CRITICAL Uncaught Exception: Table 'plastic-crate.co.uk.wp_pmxi_images' doesn't exist in /data/wwwroot/www.plastic-crate.co.uk/wp-content/plugins/wp-all-import/models/model/record.php:78
Stack trace:
#0 /data/wwwroot/www.plastic-crate.co.uk/wp-content/plugins/wp-all-import/actions/add_attachment.php(22): PMXI_Model_Record->insert()
#1 /data/wwwroot/www.plastic-crate.co.uk/wp-includes/class-wp-hook.php(286): pmxi_add_attachment(62510)
#2 /data/wwwroot/www.plastic-crate.co.uk/wp-includes/class-wp-hook.php(310): WP_Hook->apply_filters('', Array)
#3 /data/wwwroot/www.plastic-crate.co.uk/wp-includes/plugin.php(453): WP_Hook->do_action(Array)
#4 /data/wwwroot/www.plastic-crate.co.uk/wp-includes/post.php(3694): do_action('add_attachment', 62510)
#5 /data/wwwroot/www.plastic-crate.co.uk/wp-includes/post.php(5082): wp_insert_post(Array, false)
#6 /data/wwwroot/www.plastic-crate.co.uk/wp-content/plugins/woocommerce/includes/class-wc-install.php(1190): wp_insert_attachment(Array, '/data/wwwroot/w...')
#7 /data/wwwroot/www.plasti in /data/wwwroot/www.plastic-crate.co.uk/wp-content/plugins/wp-all-import/models/model/record.php on line 78

2021-01-03T15:19:57+00:00 CRITICAL Uncaught Exception: Table 'plastic-crate.co.uk.wp_pmxi_images' doesn't exist in /data/wwwroot/www.plastic-crate.co.uk/wp-content/plugins/wp-all-import/models/model/record.php:78
Stack trace:
#0 /data/wwwroot/www.plastic-crate.co.uk/wp-content/plugins/wp-all-import/actions/add_attachment.php(22): PMXI_Model_Record->insert()
#1 /data/wwwroot/www.plastic-crate.co.uk/wp-includes/class-wp-hook.php(286): pmxi_add_attachment(62511)
#2 /data/wwwroot/www.plastic-crate.co.uk/wp-includes/class-wp-hook.php(310): WP_Hook->apply_filters('', Array)
#3 /data/wwwroot/www.plastic-crate.co.uk/wp-includes/plugin.php(453): WP_Hook->do_action(Array)
#4 /data/wwwroot/www.plastic-crate.co.uk/wp-includes/post.php(3694): do_action('add_attachment', 62511)
#5 /data/wwwroot/www.plastic-crate.co.uk/wp-includes/post.php(5082): wp_insert_post(Array, false)
#6 /data/wwwroot/www.plastic-crate.co.uk/wp-content/plugins/woocommerce/includes/class-wc-install.php(1190): wp_insert_attachment(Array, '/data/wwwroot/w...')
#7 /data/wwwroot/www.plasti in /data/wwwroot/www.plastic-crate.co.uk/wp-content/plugins/wp-all-import/models/model/record.php on line 78

2021-01-03T15:39:51+00:00 CRITICAL Uncaught Exception: Table 'plastic-crate.co.uk.wp_pmxi_images' doesn't exist in /data/wwwroot/www.plastic-crate.co.uk/wp-content/plugins/wp-all-import/models/model/record.php:78
Stack trace:
#0 /data/wwwroot/www.plastic-crate.co.uk/wp-content/plugins/wp-all-import/actions/add_attachment.php(22): PMXI_Model_Record->insert()
#1 /data/wwwroot/www.plastic-crate.co.uk/wp-includes/class-wp-hook.php(286): pmxi_add_attachment(62512)
#2 /data/wwwroot/www.plastic-crate.co.uk/wp-includes/class-wp-hook.php(310): WP_Hook->apply_filters('', Array)
#3 /data/wwwroot/www.plastic-crate.co.uk/wp-includes/plugin.php(453): WP_Hook->do_action(Array)
#4 /data/wwwroot/www.plastic-crate.co.uk/wp-includes/post.php(3694): do_action('add_attachment', 62512)
#5 /data/wwwroot/www.plastic-crate.co.uk/wp-includes/post.php(5082): wp_insert_post(Array, false)
#6 /data/wwwroot/www.plastic-crate.co.uk/wp-content/plugins/woocommerce/includes/class-wc-install.php(1190): wp_insert_attachment(Array, '/data/wwwroot/w...')
#7 /data/wwwroot/www.plasti in /data/wwwroot/www.plastic-crate.co.uk/wp-content/plugins/wp-all-import/models/model/record.php on line 78

2021-01-03T15:49:55+00:00 CRITICAL Uncaught Exception: Table 'plastic-crate.co.uk.wp_pmxi_images' doesn't exist in /data/wwwroot/www.plastic-crate.co.uk/wp-content/plugins/wp-all-import/models/model/record.php:78
Stack trace:
#0 /data/wwwroot/www.plastic-crate.co.uk/wp-content/plugins/wp-all-import/actions/add_attachment.php(22): PMXI_Model_Record->insert()
#1 /data/wwwroot/www.plastic-crate.co.uk/wp-includes/class-wp-hook.php(286): pmxi_add_attachment(62513)
#2 /data/wwwroot/www.plastic-crate.co.uk/wp-includes/class-wp-hook.php(310): WP_Hook->apply_filters('', Array)
#3 /data/wwwroot/www.plastic-crate.co.uk/wp-includes/plugin.php(453): WP_Hook->do_action(Array)
#4 /data/wwwroot/www.plastic-crate.co.uk/wp-includes/post.php(3694): do_action('add_attachment', 62513)
#5 /data/wwwroot/www.plastic-crate.co.uk/wp-includes/post.php(5082): wp_insert_post(Array, false)
#6 /data/wwwroot/www.plastic-crate.co.uk/wp-content/plugins/woocommerce/includes/class-wc-install.php(1190): wp_insert_attachment(Array, '/data/wwwroot/w...')
#7 /data/wwwroot/www.plasti in /data/wwwroot/www.plastic-crate.co.uk/wp-content/plugins/wp-all-import/models/model/record.php on line 78

2021-01-03T16:06:49+00:00 CRITICAL Uncaught Exception: Table 'plastic-crate.co.uk.wp_pmxi_images' doesn't exist in /data/wwwroot/www.plastic-crate.co.uk/wp-content/plugins/wp-all-import/models/model/record.php:78
Stack trace:
#0 /data/wwwroot/www.plastic-crate.co.uk/wp-content/plugins/wp-all-import/actions/add_attachment.php(22): PMXI_Model_Record->insert()
#1 /data/wwwroot/www.plastic-crate.co.uk/wp-includes/class-wp-hook.php(286): pmxi_add_attachment(62514)
#2 /data/wwwroot/www.plastic-crate.co.uk/wp-includes/class-wp-hook.php(310): WP_Hook->apply_filters('', Array)
#3 /data/wwwroot/www.plastic-crate.co.uk/wp-includes/plugin.php(453): WP_Hook->do_action(Array)
#4 /data/wwwroot/www.plastic-crate.co.uk/wp-includes/post.php(3694): do_action('add_attachment', 62514)
#5 /data/wwwroot/www.plastic-crate.co.uk/wp-includes/post.php(5082): wp_insert_post(Array, false)
#6 /data/wwwroot/www.plastic-crate.co.uk/wp-content/plugins/woocommerce/includes/class-wc-install.php(1190): wp_insert_attachment(Array, '/data/wwwroot/w...')
#7 /data/wwwroot/www.plasti in /data/wwwroot/www.plastic-crate.co.uk/wp-content/plugins/wp-all-import/models/model/record.php on line 78

2021-01-03T16:21:06+00:00 CRITICAL Uncaught Exception: Table 'plastic-crate.co.uk.wp_pmxi_images' doesn't exist in /data/wwwroot/www.plastic-crate.co.uk/wp-content/plugins/wp-all-import/models/model/record.php:78
Stack trace:
#0 /data/wwwroot/www.plastic-crate.co.uk/wp-content/plugins/wp-all-import/actions/add_attachment.php(22): PMXI_Model_Record->insert()
#1 /data/wwwroot/www.plastic-crate.co.uk/wp-includes/class-wp-hook.php(286): pmxi_add_attachment(62515)
#2 /data/wwwroot/www.plastic-crate.co.uk/wp-includes/class-wp-hook.php(310): WP_Hook->apply_filters('', Array)
#3 /data/wwwroot/www.plastic-crate.co.uk/wp-includes/plugin.php(453): WP_Hook->do_action(Array)
#4 /data/wwwroot/www.plastic-crate.co.uk/wp-includes/post.php(3694): do_action('add_attachment', 62515)
#5 /data/wwwroot/www.plastic-crate.co.uk/wp-includes/post.php(5082): wp_insert_post(Array, false)
#6 /data/wwwroot/www.plastic-crate.co.uk/wp-content/plugins/woocommerce/includes/class-wc-install.php(1190): wp_insert_attachment(Array, '/data/wwwroot/w...')
#7 /data/wwwroot/www.plasti in /data/wwwroot/www.plastic-crate.co.uk/wp-content/plugins/wp-all-import/models/model/record.php on line 78

2021-01-03T16:38:50+00:00 CRITICAL Uncaught Exception: Table 'plastic-crate.co.uk.wp_pmxi_images' doesn't exist in /data/wwwroot/www.plastic-crate.co.uk/wp-content/plugins/wp-all-import/models/model/record.php:78
Stack trace:
#0 /data/wwwroot/www.plastic-crate.co.uk/wp-content/plugins/wp-all-import/actions/add_attachment.php(22): PMXI_Model_Record->insert()
#1 /data/wwwroot/www.plastic-crate.co.uk/wp-includes/class-wp-hook.php(286): pmxi_add_attachment(62516)
#2 /data/wwwroot/www.plastic-crate.co.uk/wp-includes/class-wp-hook.php(310): WP_Hook->apply_filters('', Array)
#3 /data/wwwroot/www.plastic-crate.co.uk/wp-includes/plugin.php(453): WP_Hook->do_action(Array)
#4 /data/wwwroot/www.plastic-crate.co.uk/wp-includes/post.php(3694): do_action('add_attachment', 62516)
#5 /data/wwwroot/www.plastic-crate.co.uk/wp-includes/post.php(5082): wp_insert_post(Array, false)
#6 /data/wwwroot/www.plastic-crate.co.uk/wp-content/plugins/woocommerce/includes/class-wc-install.php(1190): wp_insert_attachment(Array, '/data/wwwroot/w...')
#7 /data/wwwroot/www.plasti in /data/wwwroot/www.plastic-crate.co.uk/wp-content/plugins/wp-all-import/models/model/record.php on line 78

2021-01-03T16:54:35+00:00 CRITICAL Uncaught Exception: Table 'plastic-crate.co.uk.wp_pmxi_images' doesn't exist in /data/wwwroot/www.plastic-crate.co.uk/wp-content/plugins/wp-all-import/models/model/record.php:78
Stack trace:
#0 /data/wwwroot/www.plastic-crate.co.uk/wp-content/plugins/wp-all-import/actions/add_attachment.php(22): PMXI_Model_Record->insert()
#1 /data/wwwroot/www.plastic-crate.co.uk/wp-includes/class-wp-hook.php(286): pmxi_add_attachment(62517)
#2 /data/wwwroot/www.plastic-crate.co.uk/wp-includes/class-wp-hook.php(310): WP_Hook->apply_filters('', Array)
#3 /data/wwwroot/www.plastic-crate.co.uk/wp-includes/plugin.php(453): WP_Hook->do_action(Array)
#4 /data/wwwroot/www.plastic-crate.co.uk/wp-includes/post.php(3694): do_action('add_attachment', 62517)
#5 /data/wwwroot/www.plastic-crate.co.uk/wp-includes/post.php(5082): wp_insert_post(Array, false)
#6 /data/wwwroot/www.plastic-crate.co.uk/wp-content/plugins/woocommerce/includes/class-wc-install.php(1190): wp_insert_attachment(Array, '/data/wwwroot/w...')
#7 /data/wwwroot/www.plasti in /data/wwwroot/www.plastic-crate.co.uk/wp-content/plugins/wp-all-import/models/model/record.php on line 78

2021-01-03T17:19:37+00:00 CRITICAL Uncaught Exception: Table 'plastic-crate.co.uk.wp_pmxi_images' doesn't exist in /data/wwwroot/www.plastic-crate.co.uk/wp-content/plugins/wp-all-import/models/model/record.php:78
Stack trace:
#0 /data/wwwroot/www.plastic-crate.co.uk/wp-content/plugins/wp-all-import/actions/add_attachment.php(22): PMXI_Model_Record->insert()
#1 /data/wwwroot/www.plastic-crate.co.uk/wp-includes/class-wp-hook.php(286): pmxi_add_attachment(62518)
#2 /data/wwwroot/www.plastic-crate.co.uk/wp-includes/class-wp-hook.php(310): WP_Hook->apply_filters('', Array)
#3 /data/wwwroot/www.plastic-crate.co.uk/wp-includes/plugin.php(453): WP_Hook->do_action(Array)
#4 /data/wwwroot/www.plastic-crate.co.uk/wp-includes/post.php(3694): do_action('add_attachment', 62518)
#5 /data/wwwroot/www.plastic-crate.co.uk/wp-includes/post.php(5082): wp_insert_post(Array, false)
#6 /data/wwwroot/www.plastic-crate.co.uk/wp-content/plugins/woocommerce/includes/class-wc-install.php(1190): wp_insert_attachment(Array, '/data/wwwroot/w...')
#7 /data/wwwroot/www.plasti in /data/wwwroot/www.plastic-crate.co.uk/wp-content/plugins/wp-all-import/models/model/record.php on line 78

2021-01-03T17:37:20+00:00 CRITICAL Uncaught Exception: Table 'plastic-crate.co.uk.wp_pmxi_images' doesn't exist in /data/wwwroot/www.plastic-crate.co.uk/wp-content/plugins/wp-all-import/models/model/record.php:78
Stack trace:
#0 /data/wwwroot/www.plastic-crate.co.uk/wp-content/plugins/wp-all-import/actions/add_attachment.php(22): PMXI_Model_Record->insert()
#1 /data/wwwroot/www.plastic-crate.co.uk/wp-includes/class-wp-hook.php(286): pmxi_add_attachment(62519)
#2 /data/wwwroot/www.plastic-crate.co.uk/wp-includes/class-wp-hook.php(310): WP_Hook->apply_filters('', Array)
#3 /data/wwwroot/www.plastic-crate.co.uk/wp-includes/plugin.php(453): WP_Hook->do_action(Array)
#4 /data/wwwroot/www.plastic-crate.co.uk/wp-includes/post.php(3694): do_action('add_attachment', 62519)
#5 /data/wwwroot/www.plastic-crate.co.uk/wp-includes/post.php(5082): wp_insert_post(Array, false)
#6 /data/wwwroot/www.plastic-crate.co.uk/wp-content/plugins/woocommerce/includes/class-wc-install.php(1190): wp_insert_attachment(Array, '/data/wwwroot/w...')
#7 /data/wwwroot/www.plasti in /data/wwwroot/www.plastic-crate.co.uk/wp-content/plugins/wp-all-import/models/model/record.php on line 78

2021-01-03T17:49:06+00:00 CRITICAL Uncaught Exception: Table 'plastic-crate.co.uk.wp_pmxi_images' doesn't exist in /data/wwwroot/www.plastic-crate.co.uk/wp-content/plugins/wp-all-import/models/model/record.php:78
Stack trace:
#0 /data/wwwroot/www.plastic-crate.co.uk/wp-content/plugins/wp-all-import/actions/add_attachment.php(22): PMXI_Model_Record->insert()
#1 /data/wwwroot/www.plastic-crate.co.uk/wp-includes/class-wp-hook.php(286): pmxi_add_attachment(62520)
#2 /data/wwwroot/www.plastic-crate.co.uk/wp-includes/class-wp-hook.php(310): WP_Hook->apply_filters('', Array)
#3 /data/wwwroot/www.plastic-crate.co.uk/wp-includes/plugin.php(453): WP_Hook->do_action(Array)
#4 /data/wwwroot/www.plastic-crate.co.uk/wp-includes/post.php(3694): do_action('add_attachment', 62520)
#5 /data/wwwroot/www.plastic-crate.co.uk/wp-includes/post.php(5082): wp_insert_post(Array, false)
#6 /data/wwwroot/www.plastic-crate.co.uk/wp-content/plugins/woocommerce/includes/class-wc-install.php(1190): wp_insert_attachment(Array, '/data/wwwroot/w...')
#7 /data/wwwroot/www.plasti in /data/wwwroot/www.plastic-crate.co.uk/wp-content/plugins/wp-all-import/models/model/record.php on line 78

2021-01-03T18:00:14+00:00 CRITICAL Uncaught Exception: Table 'plastic-crate.co.uk.wp_pmxi_images' doesn't exist in /data/wwwroot/www.plastic-crate.co.uk/wp-content/plugins/wp-all-import/models/model/record.php:78
Stack trace:
#0 /data/wwwroot/www.plastic-crate.co.uk/wp-content/plugins/wp-all-import/actions/add_attachment.php(22): PMXI_Model_Record->insert()
#1 /data/wwwroot/www.plastic-crate.co.uk/wp-includes/class-wp-hook.php(286): pmxi_add_attachment(62521)
#2 /data/wwwroot/www.plastic-crate.co.uk/wp-includes/class-wp-hook.php(310): WP_Hook->apply_filters('', Array)
#3 /data/wwwroot/www.plastic-crate.co.uk/wp-includes/plugin.php(453): WP_Hook->do_action(Array)
#4 /data/wwwroot/www.plastic-crate.co.uk/wp-includes/post.php(3694): do_action('add_attachment', 62521)
#5 /data/wwwroot/www.plastic-crate.co.uk/wp-includes/post.php(5082): wp_insert_post(Array, false)
#6 /data/wwwroot/www.plastic-crate.co.uk/wp-content/plugins/woocommerce/includes/class-wc-install.php(1190): wp_insert_attachment(Array, '/data/wwwroot/w...')
#7 /data/wwwroot/www.plasti in /data/wwwroot/www.plastic-crate.co.uk/wp-content/plugins/wp-all-import/models/model/record.php on line 78

2021-01-03T18:17:13+00:00 CRITICAL Uncaught Exception: Table 'plastic-crate.co.uk.wp_pmxi_images' doesn't exist in /data/wwwroot/www.plastic-crate.co.uk/wp-content/plugins/wp-all-import/models/model/record.php:78
Stack trace:
#0 /data/wwwroot/www.plastic-crate.co.uk/wp-content/plugins/wp-all-import/actions/add_attachment.php(22): PMXI_Model_Record->insert()
#1 /data/wwwroot/www.plastic-crate.co.uk/wp-includes/class-wp-hook.php(286): pmxi_add_attachment(62522)
#2 /data/wwwroot/www.plastic-crate.co.uk/wp-includes/class-wp-hook.php(310): WP_Hook->apply_filters('', Array)
#3 /data/wwwroot/www.plastic-crate.co.uk/wp-includes/plugin.php(453): WP_Hook->do_action(Array)
#4 /data/wwwroot/www.plastic-crate.co.uk/wp-includes/post.php(3694): do_action('add_attachment', 62522)
#5 /data/wwwroot/www.plastic-crate.co.uk/wp-includes/post.php(5082): wp_insert_post(Array, false)
#6 /data/wwwroot/www.plastic-crate.co.uk/wp-content/plugins/woocommerce/includes/class-wc-install.php(1190): wp_insert_attachment(Array, '/data/wwwroot/w...')
#7 /data/wwwroot/www.plasti in /data/wwwroot/www.plastic-crate.co.uk/wp-content/plugins/wp-all-import/models/model/record.php on line 78

2021-01-03T18:38:04+00:00 CRITICAL Uncaught Exception: Table 'plastic-crate.co.uk.wp_pmxi_images' doesn't exist in /data/wwwroot/www.plastic-crate.co.uk/wp-content/plugins/wp-all-import/models/model/record.php:78
Stack trace:
#0 /data/wwwroot/www.plastic-crate.co.uk/wp-content/plugins/wp-all-import/actions/add_attachment.php(22): PMXI_Model_Record->insert()
#1 /data/wwwroot/www.plastic-crate.co.uk/wp-includes/class-wp-hook.php(286): pmxi_add_attachment(62523)
#2 /data/wwwroot/www.plastic-crate.co.uk/wp-includes/class-wp-hook.php(310): WP_Hook->apply_filters('', Array)
#3 /data/wwwroot/www.plastic-crate.co.uk/wp-includes/plugin.php(453): WP_Hook->do_action(Array)
#4 /data/wwwroot/www.plastic-crate.co.uk/wp-includes/post.php(3694): do_action('add_attachment', 62523)
#5 /data/wwwroot/www.plastic-crate.co.uk/wp-includes/post.php(5082): wp_insert_post(Array, false)
#6 /data/wwwroot/www.plastic-crate.co.uk/wp-content/plugins/woocommerce/includes/class-wc-install.php(1190): wp_insert_attachment(Array, '/data/wwwroot/w...')
#7 /data/wwwroot/www.plasti in /data/wwwroot/www.plastic-crate.co.uk/wp-content/plugins/wp-all-import/models/model/record.php on line 78

2021-01-03T18:58:36+00:00 CRITICAL Uncaught Exception: Table 'plastic-crate.co.uk.wp_pmxi_images' doesn't exist in /data/wwwroot/www.plastic-crate.co.uk/wp-content/plugins/wp-all-import/models/model/record.php:78
Stack trace:
#0 /data/wwwroot/www.plastic-crate.co.uk/wp-content/plugins/wp-all-import/actions/add_attachment.php(22): PMXI_Model_Record->insert()
#1 /data/wwwroot/www.plastic-crate.co.uk/wp-includes/class-wp-hook.php(286): pmxi_add_attachment(62524)
#2 /data/wwwroot/www.plastic-crate.co.uk/wp-includes/class-wp-hook.php(310): WP_Hook->apply_filters('', Array)
#3 /data/wwwroot/www.plastic-crate.co.uk/wp-includes/plugin.php(453): WP_Hook->do_action(Array)
#4 /data/wwwroot/www.plastic-crate.co.uk/wp-includes/post.php(3694): do_action('add_attachment', 62524)
#5 /data/wwwroot/www.plastic-crate.co.uk/wp-includes/post.php(5082): wp_insert_post(Array, false)
#6 /data/wwwroot/www.plastic-crate.co.uk/wp-content/plugins/woocommerce/includes/class-wc-install.php(1190): wp_insert_attachment(Array, '/data/wwwroot/w...')
#7 /data/wwwroot/www.plasti in /data/wwwroot/www.plastic-crate.co.uk/wp-content/plugins/wp-all-import/models/model/record.php on line 78

2021-01-03T19:11:57+00:00 CRITICAL Uncaught Exception: Table 'plastic-crate.co.uk.wp_pmxi_images' doesn't exist in /data/wwwroot/www.plastic-crate.co.uk/wp-content/plugins/wp-all-import/models/model/record.php:78
Stack trace:
#0 /data/wwwroot/www.plastic-crate.co.uk/wp-content/plugins/wp-all-import/actions/add_attachment.php(22): PMXI_Model_Record->insert()
#1 /data/wwwroot/www.plastic-crate.co.uk/wp-includes/class-wp-hook.php(286): pmxi_add_attachment(62525)
#2 /data/wwwroot/www.plastic-crate.co.uk/wp-includes/class-wp-hook.php(310): WP_Hook->apply_filters('', Array)
#3 /data/wwwroot/www.plastic-crate.co.uk/wp-includes/plugin.php(453): WP_Hook->do_action(Array)
#4 /data/wwwroot/www.plastic-crate.co.uk/wp-includes/post.php(3694): do_action('add_attachment', 62525)
#5 /data/wwwroot/www.plastic-crate.co.uk/wp-includes/post.php(5082): wp_insert_post(Array, false)
#6 /data/wwwroot/www.plastic-crate.co.uk/wp-content/plugins/woocommerce/includes/class-wc-install.php(1190): wp_insert_attachment(Array, '/data/wwwroot/w...')
#7 /data/wwwroot/www.plasti in /data/wwwroot/www.plastic-crate.co.uk/wp-content/plugins/wp-all-import/models/model/record.php on line 78

2021-01-03T19:34:40+00:00 CRITICAL Uncaught Exception: Table 'plastic-crate.co.uk.wp_pmxi_images' doesn't exist in /data/wwwroot/www.plastic-crate.co.uk/wp-content/plugins/wp-all-import/models/model/record.php:78
Stack trace:
#0 /data/wwwroot/www.plastic-crate.co.uk/wp-content/plugins/wp-all-import/actions/add_attachment.php(22): PMXI_Model_Record->insert()
#1 /data/wwwroot/www.plastic-crate.co.uk/wp-includes/class-wp-hook.php(286): pmxi_add_attachment(62526)
#2 /data/wwwroot/www.plastic-crate.co.uk/wp-includes/class-wp-hook.php(310): WP_Hook->apply_filters('', Array)
#3 /data/wwwroot/www.plastic-crate.co.uk/wp-includes/plugin.php(453): WP_Hook->do_action(Array)
#4 /data/wwwroot/www.plastic-crate.co.uk/wp-includes/post.php(3694): do_action('add_attachment', 62526)
#5 /data/wwwroot/www.plastic-crate.co.uk/wp-includes/post.php(5082): wp_insert_post(Array, false)
#6 /data/wwwroot/www.plastic-crate.co.uk/wp-content/plugins/woocommerce/includes/class-wc-install.php(1190): wp_insert_attachment(Array, '/data/wwwroot/w...')
#7 /data/wwwroot/www.plasti in /data/wwwroot/www.plastic-crate.co.uk/wp-content/plugins/wp-all-import/models/model/record.php on line 78

2021-01-03T20:02:24+00:00 CRITICAL Uncaught Exception: Table 'plastic-crate.co.uk.wp_pmxi_images' doesn't exist in /data/wwwroot/www.plastic-crate.co.uk/wp-content/plugins/wp-all-import/models/model/record.php:78
Stack trace:
#0 /data/wwwroot/www.plastic-crate.co.uk/wp-content/plugins/wp-all-import/actions/add_attachment.php(22): PMXI_Model_Record->insert()
#1 /data/wwwroot/www.plastic-crate.co.uk/wp-includes/class-wp-hook.php(286): pmxi_add_attachment(62527)
#2 /data/wwwroot/www.plastic-crate.co.uk/wp-includes/class-wp-hook.php(310): WP_Hook->apply_filters('', Array)
#3 /data/wwwroot/www.plastic-crate.co.uk/wp-includes/plugin.php(453): WP_Hook->do_action(Array)
#4 /data/wwwroot/www.plastic-crate.co.uk/wp-includes/post.php(3694): do_action('add_attachment', 62527)
#5 /data/wwwroot/www.plastic-crate.co.uk/wp-includes/post.php(5082): wp_insert_post(Array, false)
#6 /data/wwwroot/www.plastic-crate.co.uk/wp-content/plugins/woocommerce/includes/class-wc-install.php(1190): wp_insert_attachment(Array, '/data/wwwroot/w...')
#7 /data/wwwroot/www.plasti in /data/wwwroot/www.plastic-crate.co.uk/wp-content/plugins/wp-all-import/models/model/record.php on line 78

2021-01-03T20:13:04+00:00 CRITICAL Uncaught Exception: Table 'plastic-crate.co.uk.wp_pmxi_images' doesn't exist in /data/wwwroot/www.plastic-crate.co.uk/wp-content/plugins/wp-all-import/models/model/record.php:78
Stack trace:
#0 /data/wwwroot/www.plastic-crate.co.uk/wp-content/plugins/wp-all-import/actions/add_attachment.php(22): PMXI_Model_Record->insert()
#1 /data/wwwroot/www.plastic-crate.co.uk/wp-includes/class-wp-hook.php(286): pmxi_add_attachment(62528)
#2 /data/wwwroot/www.plastic-crate.co.uk/wp-includes/class-wp-hook.php(310): WP_Hook->apply_filters('', Array)
#3 /data/wwwroot/www.plastic-crate.co.uk/wp-includes/plugin.php(453): WP_Hook->do_action(Array)
#4 /data/wwwroot/www.plastic-crate.co.uk/wp-includes/post.php(3694): do_action('add_attachment', 62528)
#5 /data/wwwroot/www.plastic-crate.co.uk/wp-includes/post.php(5082): wp_insert_post(Array, false)
#6 /data/wwwroot/www.plastic-crate.co.uk/wp-content/plugins/woocommerce/includes/class-wc-install.php(1190): wp_insert_attachment(Array, '/data/wwwroot/w...')
#7 /data/wwwroot/www.plasti in /data/wwwroot/www.plastic-crate.co.uk/wp-content/plugins/wp-all-import/models/model/record.php on line 78

2021-01-03T20:24:40+00:00 CRITICAL Uncaught Exception: Table 'plastic-crate.co.uk.wp_pmxi_images' doesn't exist in /data/wwwroot/www.plastic-crate.co.uk/wp-content/plugins/wp-all-import/models/model/record.php:78
Stack trace:
#0 /data/wwwroot/www.plastic-crate.co.uk/wp-content/plugins/wp-all-import/actions/add_attachment.php(22): PMXI_Model_Record->insert()
#1 /data/wwwroot/www.plastic-crate.co.uk/wp-includes/class-wp-hook.php(286): pmxi_add_attachment(62529)
#2 /data/wwwroot/www.plastic-crate.co.uk/wp-includes/class-wp-hook.php(310): WP_Hook->apply_filters('', Array)
#3 /data/wwwroot/www.plastic-crate.co.uk/wp-includes/plugin.php(453): WP_Hook->do_action(Array)
#4 /data/wwwroot/www.plastic-crate.co.uk/wp-includes/post.php(3694): do_action('add_attachment', 62529)
#5 /data/wwwroot/www.plastic-crate.co.uk/wp-includes/post.php(5082): wp_insert_post(Array, false)
#6 /data/wwwroot/www.plastic-crate.co.uk/wp-content/plugins/woocommerce/includes/class-wc-install.php(1190): wp_insert_attachment(Array, '/data/wwwroot/w...')
#7 /data/wwwroot/www.plasti in /data/wwwroot/www.plastic-crate.co.uk/wp-content/plugins/wp-all-import/models/model/record.php on line 78

2021-01-03T20:35:59+00:00 CRITICAL Uncaught Exception: Table 'plastic-crate.co.uk.wp_pmxi_images' doesn't exist in /data/wwwroot/www.plastic-crate.co.uk/wp-content/plugins/wp-all-import/models/model/record.php:78
Stack trace:
#0 /data/wwwroot/www.plastic-crate.co.uk/wp-content/plugins/wp-all-import/actions/add_attachment.php(22): PMXI_Model_Record->insert()
#1 /data/wwwroot/www.plastic-crate.co.uk/wp-includes/class-wp-hook.php(286): pmxi_add_attachment(62530)
#2 /data/wwwroot/www.plastic-crate.co.uk/wp-includes/class-wp-hook.php(310): WP_Hook->apply_filters('', Array)
#3 /data/wwwroot/www.plastic-crate.co.uk/wp-includes/plugin.php(453): WP_Hook->do_action(Array)
#4 /data/wwwroot/www.plastic-crate.co.uk/wp-includes/post.php(3694): do_action('add_attachment', 62530)
#5 /data/wwwroot/www.plastic-crate.co.uk/wp-includes/post.php(5082): wp_insert_post(Array, false)
#6 /data/wwwroot/www.plastic-crate.co.uk/wp-content/plugins/woocommerce/includes/class-wc-install.php(1190): wp_insert_attachment(Array, '/data/wwwroot/w...')
#7 /data/wwwroot/www.plasti in /data/wwwroot/www.plastic-crate.co.uk/wp-content/plugins/wp-all-import/models/model/record.php on line 78

2021-01-03T20:50:46+00:00 CRITICAL Uncaught Exception: Table 'plastic-crate.co.uk.wp_pmxi_images' doesn't exist in /data/wwwroot/www.plastic-crate.co.uk/wp-content/plugins/wp-all-import/models/model/record.php:78
Stack trace:
#0 /data/wwwroot/www.plastic-crate.co.uk/wp-content/plugins/wp-all-import/actions/add_attachment.php(22): PMXI_Model_Record->insert()
#1 /data/wwwroot/www.plastic-crate.co.uk/wp-includes/class-wp-hook.php(286): pmxi_add_attachment(62531)
#2 /data/wwwroot/www.plastic-crate.co.uk/wp-includes/class-wp-hook.php(310): WP_Hook->apply_filters('', Array)
#3 /data/wwwroot/www.plastic-crate.co.uk/wp-includes/plugin.php(453): WP_Hook->do_action(Array)
#4 /data/wwwroot/www.plastic-crate.co.uk/wp-includes/post.php(3694): do_action('add_attachment', 62531)
#5 /data/wwwroot/www.plastic-crate.co.uk/wp-includes/post.php(5082): wp_insert_post(Array, false)
#6 /data/wwwroot/www.plastic-crate.co.uk/wp-content/plugins/woocommerce/includes/class-wc-install.php(1190): wp_insert_attachment(Array, '/data/wwwroot/w...')
#7 /data/wwwroot/www.plasti in /data/wwwroot/www.plastic-crate.co.uk/wp-content/plugins/wp-all-import/models/model/record.php on line 78

2021-01-03T21:13:15+00:00 CRITICAL Uncaught Exception: Table 'plastic-crate.co.uk.wp_pmxi_images' doesn't exist in /data/wwwroot/www.plastic-crate.co.uk/wp-content/plugins/wp-all-import/models/model/record.php:78
Stack trace:
#0 /data/wwwroot/www.plastic-crate.co.uk/wp-content/plugins/wp-all-import/actions/add_attachment.php(22): PMXI_Model_Record->insert()
#1 /data/wwwroot/www.plastic-crate.co.uk/wp-includes/class-wp-hook.php(286): pmxi_add_attachment(62532)
#2 /data/wwwroot/www.plastic-crate.co.uk/wp-includes/class-wp-hook.php(310): WP_Hook->apply_filters('', Array)
#3 /data/wwwroot/www.plastic-crate.co.uk/wp-includes/plugin.php(453): WP_Hook->do_action(Array)
#4 /data/wwwroot/www.plastic-crate.co.uk/wp-includes/post.php(3694): do_action('add_attachment', 62532)
#5 /data/wwwroot/www.plastic-crate.co.uk/wp-includes/post.php(5082): wp_insert_post(Array, false)
#6 /data/wwwroot/www.plastic-crate.co.uk/wp-content/plugins/woocommerce/includes/class-wc-install.php(1190): wp_insert_attachment(Array, '/data/wwwroot/w...')
#7 /data/wwwroot/www.plasti in /data/wwwroot/www.plastic-crate.co.uk/wp-content/plugins/wp-all-import/models/model/record.php on line 78

2021-01-03T21:28:41+00:00 CRITICAL Uncaught Exception: Table 'plastic-crate.co.uk.wp_pmxi_images' doesn't exist in /data/wwwroot/www.plastic-crate.co.uk/wp-content/plugins/wp-all-import/models/model/record.php:78
Stack trace:
#0 /data/wwwroot/www.plastic-crate.co.uk/wp-content/plugins/wp-all-import/actions/add_attachment.php(22): PMXI_Model_Record->insert()
#1 /data/wwwroot/www.plastic-crate.co.uk/wp-includes/class-wp-hook.php(286): pmxi_add_attachment(62533)
#2 /data/wwwroot/www.plastic-crate.co.uk/wp-includes/class-wp-hook.php(310): WP_Hook->apply_filters('', Array)
#3 /data/wwwroot/www.plastic-crate.co.uk/wp-includes/plugin.php(453): WP_Hook->do_action(Array)
#4 /data/wwwroot/www.plastic-crate.co.uk/wp-includes/post.php(3694): do_action('add_attachment', 62533)
#5 /data/wwwroot/www.plastic-crate.co.uk/wp-includes/post.php(5082): wp_insert_post(Array, false)
#6 /data/wwwroot/www.plastic-crate.co.uk/wp-content/plugins/woocommerce/includes/class-wc-install.php(1190): wp_insert_attachment(Array, '/data/wwwroot/w...')
#7 /data/wwwroot/www.plasti in /data/wwwroot/www.plastic-crate.co.uk/wp-content/plugins/wp-all-import/models/model/record.php on line 78

2021-01-03T21:40:46+00:00 CRITICAL Uncaught Exception: Table 'plastic-crate.co.uk.wp_pmxi_images' doesn't exist in /data/wwwroot/www.plastic-crate.co.uk/wp-content/plugins/wp-all-import/models/model/record.php:78
Stack trace:
#0 /data/wwwroot/www.plastic-crate.co.uk/wp-content/plugins/wp-all-import/actions/add_attachment.php(22): PMXI_Model_Record->insert()
#1 /data/wwwroot/www.plastic-crate.co.uk/wp-includes/class-wp-hook.php(286): pmxi_add_attachment(62534)
#2 /data/wwwroot/www.plastic-crate.co.uk/wp-includes/class-wp-hook.php(310): WP_Hook->apply_filters('', Array)
#3 /data/wwwroot/www.plastic-crate.co.uk/wp-includes/plugin.php(453): WP_Hook->do_action(Array)
#4 /data/wwwroot/www.plastic-crate.co.uk/wp-includes/post.php(3694): do_action('add_attachment', 62534)
#5 /data/wwwroot/www.plastic-crate.co.uk/wp-includes/post.php(5082): wp_insert_post(Array, false)
#6 /data/wwwroot/www.plastic-crate.co.uk/wp-content/plugins/woocommerce/includes/class-wc-install.php(1190): wp_insert_attachment(Array, '/data/wwwroot/w...')
#7 /data/wwwroot/www.plasti in /data/wwwroot/www.plastic-crate.co.uk/wp-content/plugins/wp-all-import/models/model/record.php on line 78

2021-01-03T21:52:17+00:00 CRITICAL Uncaught Exception: Table 'plastic-crate.co.uk.wp_pmxi_images' doesn't exist in /data/wwwroot/www.plastic-crate.co.uk/wp-content/plugins/wp-all-import/models/model/record.php:78
Stack trace:
#0 /data/wwwroot/www.plastic-crate.co.uk/wp-content/plugins/wp-all-import/actions/add_attachment.php(22): PMXI_Model_Record->insert()
#1 /data/wwwroot/www.plastic-crate.co.uk/wp-includes/class-wp-hook.php(286): pmxi_add_attachment(62535)
#2 /data/wwwroot/www.plastic-crate.co.uk/wp-includes/class-wp-hook.php(310): WP_Hook->apply_filters('', Array)
#3 /data/wwwroot/www.plastic-crate.co.uk/wp-includes/plugin.php(453): WP_Hook->do_action(Array)
#4 /data/wwwroot/www.plastic-crate.co.uk/wp-includes/post.php(3694): do_action('add_attachment', 62535)
#5 /data/wwwroot/www.plastic-crate.co.uk/wp-includes/post.php(5082): wp_insert_post(Array, false)
#6 /data/wwwroot/www.plastic-crate.co.uk/wp-content/plugins/woocommerce/includes/class-wc-install.php(1190): wp_insert_attachment(Array, '/data/wwwroot/w...')
#7 /data/wwwroot/www.plasti in /data/wwwroot/www.plastic-crate.co.uk/wp-content/plugins/wp-all-import/models/model/record.php on line 78

2021-01-03T22:16:52+00:00 CRITICAL Uncaught Exception: Table 'plastic-crate.co.uk.wp_pmxi_images' doesn't exist in /data/wwwroot/www.plastic-crate.co.uk/wp-content/plugins/wp-all-import/models/model/record.php:78
Stack trace:
#0 /data/wwwroot/www.plastic-crate.co.uk/wp-content/plugins/wp-all-import/actions/add_attachment.php(22): PMXI_Model_Record->insert()
#1 /data/wwwroot/www.plastic-crate.co.uk/wp-includes/class-wp-hook.php(286): pmxi_add_attachment(62536)
#2 /data/wwwroot/www.plastic-crate.co.uk/wp-includes/class-wp-hook.php(310): WP_Hook->apply_filters('', Array)
#3 /data/wwwroot/www.plastic-crate.co.uk/wp-includes/plugin.php(453): WP_Hook->do_action(Array)
#4 /data/wwwroot/www.plastic-crate.co.uk/wp-includes/post.php(3694): do_action('add_attachment', 62536)
#5 /data/wwwroot/www.plastic-crate.co.uk/wp-includes/post.php(5082): wp_insert_post(Array, false)
#6 /data/wwwroot/www.plastic-crate.co.uk/wp-content/plugins/woocommerce/includes/class-wc-install.php(1190): wp_insert_attachment(Array, '/data/wwwroot/w...')
#7 /data/wwwroot/www.plasti in /data/wwwroot/www.plastic-crate.co.uk/wp-content/plugins/wp-all-import/models/model/record.php on line 78

2021-01-03T22:33:02+00:00 CRITICAL Uncaught Exception: Table 'plastic-crate.co.uk.wp_pmxi_images' doesn't exist in /data/wwwroot/www.plastic-crate.co.uk/wp-content/plugins/wp-all-import/models/model/record.php:78
Stack trace:
#0 /data/wwwroot/www.plastic-crate.co.uk/wp-content/plugins/wp-all-import/actions/add_attachment.php(22): PMXI_Model_Record->insert()
#1 /data/wwwroot/www.plastic-crate.co.uk/wp-includes/class-wp-hook.php(286): pmxi_add_attachment(62537)
#2 /data/wwwroot/www.plastic-crate.co.uk/wp-includes/class-wp-hook.php(310): WP_Hook->apply_filters('', Array)
#3 /data/wwwroot/www.plastic-crate.co.uk/wp-includes/plugin.php(453): WP_Hook->do_action(Array)
#4 /data/wwwroot/www.plastic-crate.co.uk/wp-includes/post.php(3694): do_action('add_attachment', 62537)
#5 /data/wwwroot/www.plastic-crate.co.uk/wp-includes/post.php(5082): wp_insert_post(Array, false)
#6 /data/wwwroot/www.plastic-crate.co.uk/wp-content/plugins/woocommerce/includes/class-wc-install.php(1190): wp_insert_attachment(Array, '/data/wwwroot/w...')
#7 /data/wwwroot/www.plasti in /data/wwwroot/www.plastic-crate.co.uk/wp-content/plugins/wp-all-import/models/model/record.php on line 78

2021-01-03T22:43:41+00:00 CRITICAL Uncaught Exception: Table 'plastic-crate.co.uk.wp_pmxi_images' doesn't exist in /data/wwwroot/www.plastic-crate.co.uk/wp-content/plugins/wp-all-import/models/model/record.php:78
Stack trace:
#0 /data/wwwroot/www.plastic-crate.co.uk/wp-content/plugins/wp-all-import/actions/add_attachment.php(22): PMXI_Model_Record->insert()
#1 /data/wwwroot/www.plastic-crate.co.uk/wp-includes/class-wp-hook.php(286): pmxi_add_attachment(62538)
#2 /data/wwwroot/www.plastic-crate.co.uk/wp-includes/class-wp-hook.php(310): WP_Hook->apply_filters('', Array)
#3 /data/wwwroot/www.plastic-crate.co.uk/wp-includes/plugin.php(453): WP_Hook->do_action(Array)
#4 /data/wwwroot/www.plastic-crate.co.uk/wp-includes/post.php(3694): do_action('add_attachment', 62538)
#5 /data/wwwroot/www.plastic-crate.co.uk/wp-includes/post.php(5082): wp_insert_post(Array, false)
#6 /data/wwwroot/www.plastic-crate.co.uk/wp-content/plugins/woocommerce/includes/class-wc-install.php(1190): wp_insert_attachment(Array, '/data/wwwroot/w...')
#7 /data/wwwroot/www.plasti in /data/wwwroot/www.plastic-crate.co.uk/wp-content/plugins/wp-all-import/models/model/record.php on line 78

2021-01-03T22:53:44+00:00 CRITICAL Uncaught Exception: Table 'plastic-crate.co.uk.wp_pmxi_images' doesn't exist in /data/wwwroot/www.plastic-crate.co.uk/wp-content/plugins/wp-all-import/models/model/record.php:78
Stack trace:
#0 /data/wwwroot/www.plastic-crate.co.uk/wp-content/plugins/wp-all-import/actions/add_attachment.php(22): PMXI_Model_Record->insert()
#1 /data/wwwroot/www.plastic-crate.co.uk/wp-includes/class-wp-hook.php(286): pmxi_add_attachment(62539)
#2 /data/wwwroot/www.plastic-crate.co.uk/wp-includes/class-wp-hook.php(310): WP_Hook->apply_filters('', Array)
#3 /data/wwwroot/www.plastic-crate.co.uk/wp-includes/plugin.php(453): WP_Hook->do_action(Array)
#4 /data/wwwroot/www.plastic-crate.co.uk/wp-includes/post.php(3694): do_action('add_attachment', 62539)
#5 /data/wwwroot/www.plastic-crate.co.uk/wp-includes/post.php(5082): wp_insert_post(Array, false)
#6 /data/wwwroot/www.plastic-crate.co.uk/wp-content/plugins/woocommerce/includes/class-wc-install.php(1190): wp_insert_attachment(Array, '/data/wwwroot/w...')
#7 /data/wwwroot/www.plasti in /data/wwwroot/www.plastic-crate.co.uk/wp-content/plugins/wp-all-import/models/model/record.php on line 78

2021-01-03T23:04:02+00:00 CRITICAL Uncaught Exception: Table 'plastic-crate.co.uk.wp_pmxi_images' doesn't exist in /data/wwwroot/www.plastic-crate.co.uk/wp-content/plugins/wp-all-import/models/model/record.php:78
Stack trace:
#0 /data/wwwroot/www.plastic-crate.co.uk/wp-content/plugins/wp-all-import/actions/add_attachment.php(22): PMXI_Model_Record->insert()
#1 /data/wwwroot/www.plastic-crate.co.uk/wp-includes/class-wp-hook.php(286): pmxi_add_attachment(62540)
#2 /data/wwwroot/www.plastic-crate.co.uk/wp-includes/class-wp-hook.php(310): WP_Hook->apply_filters('', Array)
#3 /data/wwwroot/www.plastic-crate.co.uk/wp-includes/plugin.php(453): WP_Hook->do_action(Array)
#4 /data/wwwroot/www.plastic-crate.co.uk/wp-includes/post.php(3694): do_action('add_attachment', 62540)
#5 /data/wwwroot/www.plastic-crate.co.uk/wp-includes/post.php(5082): wp_insert_post(Array, false)
#6 /data/wwwroot/www.plastic-crate.co.uk/wp-content/plugins/woocommerce/includes/class-wc-install.php(1190): wp_insert_attachment(Array, '/data/wwwroot/w...')
#7 /data/wwwroot/www.plasti in /data/wwwroot/www.plastic-crate.co.uk/wp-content/plugins/wp-all-import/models/model/record.php on line 78

2021-01-03T23:14:05+00:00 CRITICAL Uncaught Exception: Table 'plastic-crate.co.uk.wp_pmxi_images' doesn't exist in /data/wwwroot/www.plastic-crate.co.uk/wp-content/plugins/wp-all-import/models/model/record.php:78
Stack trace:
#0 /data/wwwroot/www.plastic-crate.co.uk/wp-content/plugins/wp-all-import/actions/add_attachment.php(22): PMXI_Model_Record->insert()
#1 /data/wwwroot/www.plastic-crate.co.uk/wp-includes/class-wp-hook.php(286): pmxi_add_attachment(62541)
#2 /data/wwwroot/www.plastic-crate.co.uk/wp-includes/class-wp-hook.php(310): WP_Hook->apply_filters('', Array)
#3 /data/wwwroot/www.plastic-crate.co.uk/wp-includes/plugin.php(453): WP_Hook->do_action(Array)
#4 /data/wwwroot/www.plastic-crate.co.uk/wp-includes/post.php(3694): do_action('add_attachment', 62541)
#5 /data/wwwroot/www.plastic-crate.co.uk/wp-includes/post.php(5082): wp_insert_post(Array, false)
#6 /data/wwwroot/www.plastic-crate.co.uk/wp-content/plugins/woocommerce/includes/class-wc-install.php(1190): wp_insert_attachment(Array, '/data/wwwroot/w...')
#7 /data/wwwroot/www.plasti in /data/wwwroot/www.plastic-crate.co.uk/wp-content/plugins/wp-all-import/models/model/record.php on line 78

2021-01-03T23:24:23+00:00 CRITICAL Uncaught Exception: Table 'plastic-crate.co.uk.wp_pmxi_images' doesn't exist in /data/wwwroot/www.plastic-crate.co.uk/wp-content/plugins/wp-all-import/models/model/record.php:78
Stack trace:
#0 /data/wwwroot/www.plastic-crate.co.uk/wp-content/plugins/wp-all-import/actions/add_attachment.php(22): PMXI_Model_Record->insert()
#1 /data/wwwroot/www.plastic-crate.co.uk/wp-includes/class-wp-hook.php(286): pmxi_add_attachment(62542)
#2 /data/wwwroot/www.plastic-crate.co.uk/wp-includes/class-wp-hook.php(310): WP_Hook->apply_filters('', Array)
#3 /data/wwwroot/www.plastic-crate.co.uk/wp-includes/plugin.php(453): WP_Hook->do_action(Array)
#4 /data/wwwroot/www.plastic-crate.co.uk/wp-includes/post.php(3694): do_action('add_attachment', 62542)
#5 /data/wwwroot/www.plastic-crate.co.uk/wp-includes/post.php(5082): wp_insert_post(Array, false)
#6 /data/wwwroot/www.plastic-crate.co.uk/wp-content/plugins/woocommerce/includes/class-wc-install.php(1190): wp_insert_attachment(Array, '/data/wwwroot/w...')
#7 /data/wwwroot/www.plasti in /data/wwwroot/www.plastic-crate.co.uk/wp-content/plugins/wp-all-import/models/model/record.php on line 78

2021-01-03T23:58:03+00:00 CRITICAL Uncaught Exception: Table 'plastic-crate.co.uk.wp_pmxi_images' doesn't exist in /data/wwwroot/www.plastic-crate.co.uk/wp-content/plugins/wp-all-import/models/model/record.php:78
Stack trace:
#0 /data/wwwroot/www.plastic-crate.co.uk/wp-content/plugins/wp-all-import/actions/add_attachment.php(22): PMXI_Model_Record->insert()
#1 /data/wwwroot/www.plastic-crate.co.uk/wp-includes/class-wp-hook.php(286): pmxi_add_attachment(62543)
#2 /data/wwwroot/www.plastic-crate.co.uk/wp-includes/class-wp-hook.php(310): WP_Hook->apply_filters('', Array)
#3 /data/wwwroot/www.plastic-crate.co.uk/wp-includes/plugin.php(453): WP_Hook->do_action(Array)
#4 /data/wwwroot/www.plastic-crate.co.uk/wp-includes/post.php(3694): do_action('add_attachment', 62543)
#5 /data/wwwroot/www.plastic-crate.co.uk/wp-includes/post.php(5082): wp_insert_post(Array, false)
#6 /data/wwwroot/www.plastic-crate.co.uk/wp-content/plugins/woocommerce/includes/class-wc-install.php(1190): wp_insert_attachment(Array, '/data/wwwroot/w...')
#7 /data/wwwroot/www.plasti in /data/wwwroot/www.plastic-crate.co.uk/wp-content/plugins/wp-all-import/models/model/record.php on line 78

