2020-03-09T00:27:33+00:00 CRITICAL Uncaught Exception: Table 'plastic-crate.co.uk.wp_pmxi_images' doesn't exist in /data/wwwroot/www.plastic-crate.co.uk/wp-content/plugins/wp-all-import/models/model/record.php:78
Stack trace:
#0 /data/wwwroot/www.plastic-crate.co.uk/wp-content/plugins/wp-all-import/actions/add_attachment.php(22): PMXI_Model_Record->insert()
#1 /data/wwwroot/www.plastic-crate.co.uk/wp-includes/class-wp-hook.php(286): pmxi_add_attachment(29263)
#2 /data/wwwroot/www.plastic-crate.co.uk/wp-includes/class-wp-hook.php(310): WP_Hook->apply_filters('', Array)
#3 /data/wwwroot/www.plastic-crate.co.uk/wp-includes/plugin.php(453): WP_Hook->do_action(Array)
#4 /data/wwwroot/www.plastic-crate.co.uk/wp-includes/post.php(3694): do_action('add_attachment', 29263)
#5 /data/wwwroot/www.plastic-crate.co.uk/wp-includes/post.php(5082): wp_insert_post(Array, false)
#6 /data/wwwroot/www.plastic-crate.co.uk/wp-content/plugins/woocommerce/includes/class-wc-install.php(1190): wp_insert_attachment(Array, '/data/wwwroot/w...')
#7 /data/wwwroot/www.plasti in /data/wwwroot/www.plastic-crate.co.uk/wp-content/plugins/wp-all-import/models/model/record.php on line 78

2020-03-09T00:42:23+00:00 CRITICAL Uncaught Exception: Table 'plastic-crate.co.uk.wp_pmxi_images' doesn't exist in /data/wwwroot/www.plastic-crate.co.uk/wp-content/plugins/wp-all-import/models/model/record.php:78
Stack trace:
#0 /data/wwwroot/www.plastic-crate.co.uk/wp-content/plugins/wp-all-import/actions/add_attachment.php(22): PMXI_Model_Record->insert()
#1 /data/wwwroot/www.plastic-crate.co.uk/wp-includes/class-wp-hook.php(286): pmxi_add_attachment(29264)
#2 /data/wwwroot/www.plastic-crate.co.uk/wp-includes/class-wp-hook.php(310): WP_Hook->apply_filters('', Array)
#3 /data/wwwroot/www.plastic-crate.co.uk/wp-includes/plugin.php(453): WP_Hook->do_action(Array)
#4 /data/wwwroot/www.plastic-crate.co.uk/wp-includes/post.php(3694): do_action('add_attachment', 29264)
#5 /data/wwwroot/www.plastic-crate.co.uk/wp-includes/post.php(5082): wp_insert_post(Array, false)
#6 /data/wwwroot/www.plastic-crate.co.uk/wp-content/plugins/woocommerce/includes/class-wc-install.php(1190): wp_insert_attachment(Array, '/data/wwwroot/w...')
#7 /data/wwwroot/www.plasti in /data/wwwroot/www.plastic-crate.co.uk/wp-content/plugins/wp-all-import/models/model/record.php on line 78

2020-03-09T01:00:23+00:00 CRITICAL Uncaught Exception: Table 'plastic-crate.co.uk.wp_pmxi_images' doesn't exist in /data/wwwroot/www.plastic-crate.co.uk/wp-content/plugins/wp-all-import/models/model/record.php:78
Stack trace:
#0 /data/wwwroot/www.plastic-crate.co.uk/wp-content/plugins/wp-all-import/actions/add_attachment.php(22): PMXI_Model_Record->insert()
#1 /data/wwwroot/www.plastic-crate.co.uk/wp-includes/class-wp-hook.php(286): pmxi_add_attachment(29265)
#2 /data/wwwroot/www.plastic-crate.co.uk/wp-includes/class-wp-hook.php(310): WP_Hook->apply_filters('', Array)
#3 /data/wwwroot/www.plastic-crate.co.uk/wp-includes/plugin.php(453): WP_Hook->do_action(Array)
#4 /data/wwwroot/www.plastic-crate.co.uk/wp-includes/post.php(3694): do_action('add_attachment', 29265)
#5 /data/wwwroot/www.plastic-crate.co.uk/wp-includes/post.php(5082): wp_insert_post(Array, false)
#6 /data/wwwroot/www.plastic-crate.co.uk/wp-content/plugins/woocommerce/includes/class-wc-install.php(1190): wp_insert_attachment(Array, '/data/wwwroot/w...')
#7 /data/wwwroot/www.plasti in /data/wwwroot/www.plastic-crate.co.uk/wp-content/plugins/wp-all-import/models/model/record.php on line 78

2020-03-09T01:11:03+00:00 CRITICAL Uncaught Exception: Table 'plastic-crate.co.uk.wp_pmxi_images' doesn't exist in /data/wwwroot/www.plastic-crate.co.uk/wp-content/plugins/wp-all-import/models/model/record.php:78
Stack trace:
#0 /data/wwwroot/www.plastic-crate.co.uk/wp-content/plugins/wp-all-import/actions/add_attachment.php(22): PMXI_Model_Record->insert()
#1 /data/wwwroot/www.plastic-crate.co.uk/wp-includes/class-wp-hook.php(286): pmxi_add_attachment(29266)
#2 /data/wwwroot/www.plastic-crate.co.uk/wp-includes/class-wp-hook.php(310): WP_Hook->apply_filters('', Array)
#3 /data/wwwroot/www.plastic-crate.co.uk/wp-includes/plugin.php(453): WP_Hook->do_action(Array)
#4 /data/wwwroot/www.plastic-crate.co.uk/wp-includes/post.php(3694): do_action('add_attachment', 29266)
#5 /data/wwwroot/www.plastic-crate.co.uk/wp-includes/post.php(5082): wp_insert_post(Array, false)
#6 /data/wwwroot/www.plastic-crate.co.uk/wp-content/plugins/woocommerce/includes/class-wc-install.php(1190): wp_insert_attachment(Array, '/data/wwwroot/w...')
#7 /data/wwwroot/www.plasti in /data/wwwroot/www.plastic-crate.co.uk/wp-content/plugins/wp-all-import/models/model/record.php on line 78

2020-03-09T01:30:21+00:00 CRITICAL Uncaught Exception: Table 'plastic-crate.co.uk.wp_pmxi_images' doesn't exist in /data/wwwroot/www.plastic-crate.co.uk/wp-content/plugins/wp-all-import/models/model/record.php:78
Stack trace:
#0 /data/wwwroot/www.plastic-crate.co.uk/wp-content/plugins/wp-all-import/actions/add_attachment.php(22): PMXI_Model_Record->insert()
#1 /data/wwwroot/www.plastic-crate.co.uk/wp-includes/class-wp-hook.php(286): pmxi_add_attachment(29267)
#2 /data/wwwroot/www.plastic-crate.co.uk/wp-includes/class-wp-hook.php(310): WP_Hook->apply_filters('', Array)
#3 /data/wwwroot/www.plastic-crate.co.uk/wp-includes/plugin.php(453): WP_Hook->do_action(Array)
#4 /data/wwwroot/www.plastic-crate.co.uk/wp-includes/post.php(3694): do_action('add_attachment', 29267)
#5 /data/wwwroot/www.plastic-crate.co.uk/wp-includes/post.php(5082): wp_insert_post(Array, false)
#6 /data/wwwroot/www.plastic-crate.co.uk/wp-content/plugins/woocommerce/includes/class-wc-install.php(1190): wp_insert_attachment(Array, '/data/wwwroot/w...')
#7 /data/wwwroot/www.plasti in /data/wwwroot/www.plastic-crate.co.uk/wp-content/plugins/wp-all-import/models/model/record.php on line 78

2020-03-09T01:45:23+00:00 CRITICAL Uncaught Exception: Table 'plastic-crate.co.uk.wp_pmxi_images' doesn't exist in /data/wwwroot/www.plastic-crate.co.uk/wp-content/plugins/wp-all-import/models/model/record.php:78
Stack trace:
#0 /data/wwwroot/www.plastic-crate.co.uk/wp-content/plugins/wp-all-import/actions/add_attachment.php(22): PMXI_Model_Record->insert()
#1 /data/wwwroot/www.plastic-crate.co.uk/wp-includes/class-wp-hook.php(286): pmxi_add_attachment(29268)
#2 /data/wwwroot/www.plastic-crate.co.uk/wp-includes/class-wp-hook.php(310): WP_Hook->apply_filters('', Array)
#3 /data/wwwroot/www.plastic-crate.co.uk/wp-includes/plugin.php(453): WP_Hook->do_action(Array)
#4 /data/wwwroot/www.plastic-crate.co.uk/wp-includes/post.php(3694): do_action('add_attachment', 29268)
#5 /data/wwwroot/www.plastic-crate.co.uk/wp-includes/post.php(5082): wp_insert_post(Array, false)
#6 /data/wwwroot/www.plastic-crate.co.uk/wp-content/plugins/woocommerce/includes/class-wc-install.php(1190): wp_insert_attachment(Array, '/data/wwwroot/w...')
#7 /data/wwwroot/www.plasti in /data/wwwroot/www.plastic-crate.co.uk/wp-content/plugins/wp-all-import/models/model/record.php on line 78

2020-03-09T02:07:39+00:00 CRITICAL Uncaught Exception: Table 'plastic-crate.co.uk.wp_pmxi_images' doesn't exist in /data/wwwroot/www.plastic-crate.co.uk/wp-content/plugins/wp-all-import/models/model/record.php:78
Stack trace:
#0 /data/wwwroot/www.plastic-crate.co.uk/wp-content/plugins/wp-all-import/actions/add_attachment.php(22): PMXI_Model_Record->insert()
#1 /data/wwwroot/www.plastic-crate.co.uk/wp-includes/class-wp-hook.php(286): pmxi_add_attachment(29269)
#2 /data/wwwroot/www.plastic-crate.co.uk/wp-includes/class-wp-hook.php(310): WP_Hook->apply_filters('', Array)
#3 /data/wwwroot/www.plastic-crate.co.uk/wp-includes/plugin.php(453): WP_Hook->do_action(Array)
#4 /data/wwwroot/www.plastic-crate.co.uk/wp-includes/post.php(3694): do_action('add_attachment', 29269)
#5 /data/wwwroot/www.plastic-crate.co.uk/wp-includes/post.php(5082): wp_insert_post(Array, false)
#6 /data/wwwroot/www.plastic-crate.co.uk/wp-content/plugins/woocommerce/includes/class-wc-install.php(1190): wp_insert_attachment(Array, '/data/wwwroot/w...')
#7 /data/wwwroot/www.plasti in /data/wwwroot/www.plastic-crate.co.uk/wp-content/plugins/wp-all-import/models/model/record.php on line 78

2020-03-09T02:17:43+00:00 CRITICAL Uncaught Exception: Table 'plastic-crate.co.uk.wp_pmxi_images' doesn't exist in /data/wwwroot/www.plastic-crate.co.uk/wp-content/plugins/wp-all-import/models/model/record.php:78
Stack trace:
#0 /data/wwwroot/www.plastic-crate.co.uk/wp-content/plugins/wp-all-import/actions/add_attachment.php(22): PMXI_Model_Record->insert()
#1 /data/wwwroot/www.plastic-crate.co.uk/wp-includes/class-wp-hook.php(286): pmxi_add_attachment(29270)
#2 /data/wwwroot/www.plastic-crate.co.uk/wp-includes/class-wp-hook.php(310): WP_Hook->apply_filters('', Array)
#3 /data/wwwroot/www.plastic-crate.co.uk/wp-includes/plugin.php(453): WP_Hook->do_action(Array)
#4 /data/wwwroot/www.plastic-crate.co.uk/wp-includes/post.php(3694): do_action('add_attachment', 29270)
#5 /data/wwwroot/www.plastic-crate.co.uk/wp-includes/post.php(5082): wp_insert_post(Array, false)
#6 /data/wwwroot/www.plastic-crate.co.uk/wp-content/plugins/woocommerce/includes/class-wc-install.php(1190): wp_insert_attachment(Array, '/data/wwwroot/w...')
#7 /data/wwwroot/www.plasti in /data/wwwroot/www.plastic-crate.co.uk/wp-content/plugins/wp-all-import/models/model/record.php on line 78

2020-03-09T02:33:08+00:00 CRITICAL Uncaught Exception: Table 'plastic-crate.co.uk.wp_pmxi_images' doesn't exist in /data/wwwroot/www.plastic-crate.co.uk/wp-content/plugins/wp-all-import/models/model/record.php:78
Stack trace:
#0 /data/wwwroot/www.plastic-crate.co.uk/wp-content/plugins/wp-all-import/actions/add_attachment.php(22): PMXI_Model_Record->insert()
#1 /data/wwwroot/www.plastic-crate.co.uk/wp-includes/class-wp-hook.php(286): pmxi_add_attachment(29271)
#2 /data/wwwroot/www.plastic-crate.co.uk/wp-includes/class-wp-hook.php(310): WP_Hook->apply_filters('', Array)
#3 /data/wwwroot/www.plastic-crate.co.uk/wp-includes/plugin.php(453): WP_Hook->do_action(Array)
#4 /data/wwwroot/www.plastic-crate.co.uk/wp-includes/post.php(3694): do_action('add_attachment', 29271)
#5 /data/wwwroot/www.plastic-crate.co.uk/wp-includes/post.php(5082): wp_insert_post(Array, false)
#6 /data/wwwroot/www.plastic-crate.co.uk/wp-content/plugins/woocommerce/includes/class-wc-install.php(1190): wp_insert_attachment(Array, '/data/wwwroot/w...')
#7 /data/wwwroot/www.plasti in /data/wwwroot/www.plastic-crate.co.uk/wp-content/plugins/wp-all-import/models/model/record.php on line 78

2020-03-09T02:47:29+00:00 CRITICAL Uncaught Exception: Table 'plastic-crate.co.uk.wp_pmxi_images' doesn't exist in /data/wwwroot/www.plastic-crate.co.uk/wp-content/plugins/wp-all-import/models/model/record.php:78
Stack trace:
#0 /data/wwwroot/www.plastic-crate.co.uk/wp-content/plugins/wp-all-import/actions/add_attachment.php(22): PMXI_Model_Record->insert()
#1 /data/wwwroot/www.plastic-crate.co.uk/wp-includes/class-wp-hook.php(286): pmxi_add_attachment(29272)
#2 /data/wwwroot/www.plastic-crate.co.uk/wp-includes/class-wp-hook.php(310): WP_Hook->apply_filters('', Array)
#3 /data/wwwroot/www.plastic-crate.co.uk/wp-includes/plugin.php(453): WP_Hook->do_action(Array)
#4 /data/wwwroot/www.plastic-crate.co.uk/wp-includes/post.php(3694): do_action('add_attachment', 29272)
#5 /data/wwwroot/www.plastic-crate.co.uk/wp-includes/post.php(5082): wp_insert_post(Array, false)
#6 /data/wwwroot/www.plastic-crate.co.uk/wp-content/plugins/woocommerce/includes/class-wc-install.php(1190): wp_insert_attachment(Array, '/data/wwwroot/w...')
#7 /data/wwwroot/www.plasti in /data/wwwroot/www.plastic-crate.co.uk/wp-content/plugins/wp-all-import/models/model/record.php on line 78

2020-03-09T03:03:48+00:00 CRITICAL Uncaught Exception: Table 'plastic-crate.co.uk.wp_pmxi_images' doesn't exist in /data/wwwroot/www.plastic-crate.co.uk/wp-content/plugins/wp-all-import/models/model/record.php:78
Stack trace:
#0 /data/wwwroot/www.plastic-crate.co.uk/wp-content/plugins/wp-all-import/actions/add_attachment.php(22): PMXI_Model_Record->insert()
#1 /data/wwwroot/www.plastic-crate.co.uk/wp-includes/class-wp-hook.php(286): pmxi_add_attachment(29273)
#2 /data/wwwroot/www.plastic-crate.co.uk/wp-includes/class-wp-hook.php(310): WP_Hook->apply_filters('', Array)
#3 /data/wwwroot/www.plastic-crate.co.uk/wp-includes/plugin.php(453): WP_Hook->do_action(Array)
#4 /data/wwwroot/www.plastic-crate.co.uk/wp-includes/post.php(3694): do_action('add_attachment', 29273)
#5 /data/wwwroot/www.plastic-crate.co.uk/wp-includes/post.php(5082): wp_insert_post(Array, false)
#6 /data/wwwroot/www.plastic-crate.co.uk/wp-content/plugins/woocommerce/includes/class-wc-install.php(1190): wp_insert_attachment(Array, '/data/wwwroot/w...')
#7 /data/wwwroot/www.plasti in /data/wwwroot/www.plastic-crate.co.uk/wp-content/plugins/wp-all-import/models/model/record.php on line 78

2020-03-09T03:19:04+00:00 CRITICAL Uncaught Exception: Table 'plastic-crate.co.uk.wp_pmxi_images' doesn't exist in /data/wwwroot/www.plastic-crate.co.uk/wp-content/plugins/wp-all-import/models/model/record.php:78
Stack trace:
#0 /data/wwwroot/www.plastic-crate.co.uk/wp-content/plugins/wp-all-import/actions/add_attachment.php(22): PMXI_Model_Record->insert()
#1 /data/wwwroot/www.plastic-crate.co.uk/wp-includes/class-wp-hook.php(286): pmxi_add_attachment(29274)
#2 /data/wwwroot/www.plastic-crate.co.uk/wp-includes/class-wp-hook.php(310): WP_Hook->apply_filters('', Array)
#3 /data/wwwroot/www.plastic-crate.co.uk/wp-includes/plugin.php(453): WP_Hook->do_action(Array)
#4 /data/wwwroot/www.plastic-crate.co.uk/wp-includes/post.php(3694): do_action('add_attachment', 29274)
#5 /data/wwwroot/www.plastic-crate.co.uk/wp-includes/post.php(5082): wp_insert_post(Array, false)
#6 /data/wwwroot/www.plastic-crate.co.uk/wp-content/plugins/woocommerce/includes/class-wc-install.php(1190): wp_insert_attachment(Array, '/data/wwwroot/w...')
#7 /data/wwwroot/www.plasti in /data/wwwroot/www.plastic-crate.co.uk/wp-content/plugins/wp-all-import/models/model/record.php on line 78

2020-03-09T03:39:29+00:00 CRITICAL Uncaught Exception: Table 'plastic-crate.co.uk.wp_pmxi_images' doesn't exist in /data/wwwroot/www.plastic-crate.co.uk/wp-content/plugins/wp-all-import/models/model/record.php:78
Stack trace:
#0 /data/wwwroot/www.plastic-crate.co.uk/wp-content/plugins/wp-all-import/actions/add_attachment.php(22): PMXI_Model_Record->insert()
#1 /data/wwwroot/www.plastic-crate.co.uk/wp-includes/class-wp-hook.php(286): pmxi_add_attachment(29275)
#2 /data/wwwroot/www.plastic-crate.co.uk/wp-includes/class-wp-hook.php(310): WP_Hook->apply_filters('', Array)
#3 /data/wwwroot/www.plastic-crate.co.uk/wp-includes/plugin.php(453): WP_Hook->do_action(Array)
#4 /data/wwwroot/www.plastic-crate.co.uk/wp-includes/post.php(3694): do_action('add_attachment', 29275)
#5 /data/wwwroot/www.plastic-crate.co.uk/wp-includes/post.php(5082): wp_insert_post(Array, false)
#6 /data/wwwroot/www.plastic-crate.co.uk/wp-content/plugins/woocommerce/includes/class-wc-install.php(1190): wp_insert_attachment(Array, '/data/wwwroot/w...')
#7 /data/wwwroot/www.plasti in /data/wwwroot/www.plastic-crate.co.uk/wp-content/plugins/wp-all-import/models/model/record.php on line 78

2020-03-09T03:50:45+00:00 CRITICAL Uncaught Exception: Table 'plastic-crate.co.uk.wp_pmxi_images' doesn't exist in /data/wwwroot/www.plastic-crate.co.uk/wp-content/plugins/wp-all-import/models/model/record.php:78
Stack trace:
#0 /data/wwwroot/www.plastic-crate.co.uk/wp-content/plugins/wp-all-import/actions/add_attachment.php(22): PMXI_Model_Record->insert()
#1 /data/wwwroot/www.plastic-crate.co.uk/wp-includes/class-wp-hook.php(286): pmxi_add_attachment(29276)
#2 /data/wwwroot/www.plastic-crate.co.uk/wp-includes/class-wp-hook.php(310): WP_Hook->apply_filters('', Array)
#3 /data/wwwroot/www.plastic-crate.co.uk/wp-includes/plugin.php(453): WP_Hook->do_action(Array)
#4 /data/wwwroot/www.plastic-crate.co.uk/wp-includes/post.php(3694): do_action('add_attachment', 29276)
#5 /data/wwwroot/www.plastic-crate.co.uk/wp-includes/post.php(5082): wp_insert_post(Array, false)
#6 /data/wwwroot/www.plastic-crate.co.uk/wp-content/plugins/woocommerce/includes/class-wc-install.php(1190): wp_insert_attachment(Array, '/data/wwwroot/w...')
#7 /data/wwwroot/www.plasti in /data/wwwroot/www.plastic-crate.co.uk/wp-content/plugins/wp-all-import/models/model/record.php on line 78

2020-03-09T04:02:15+00:00 CRITICAL Uncaught Exception: Table 'plastic-crate.co.uk.wp_pmxi_images' doesn't exist in /data/wwwroot/www.plastic-crate.co.uk/wp-content/plugins/wp-all-import/models/model/record.php:78
Stack trace:
#0 /data/wwwroot/www.plastic-crate.co.uk/wp-content/plugins/wp-all-import/actions/add_attachment.php(22): PMXI_Model_Record->insert()
#1 /data/wwwroot/www.plastic-crate.co.uk/wp-includes/class-wp-hook.php(286): pmxi_add_attachment(29277)
#2 /data/wwwroot/www.plastic-crate.co.uk/wp-includes/class-wp-hook.php(310): WP_Hook->apply_filters('', Array)
#3 /data/wwwroot/www.plastic-crate.co.uk/wp-includes/plugin.php(453): WP_Hook->do_action(Array)
#4 /data/wwwroot/www.plastic-crate.co.uk/wp-includes/post.php(3694): do_action('add_attachment', 29277)
#5 /data/wwwroot/www.plastic-crate.co.uk/wp-includes/post.php(5082): wp_insert_post(Array, false)
#6 /data/wwwroot/www.plastic-crate.co.uk/wp-content/plugins/woocommerce/includes/class-wc-install.php(1190): wp_insert_attachment(Array, '/data/wwwroot/w...')
#7 /data/wwwroot/www.plasti in /data/wwwroot/www.plastic-crate.co.uk/wp-content/plugins/wp-all-import/models/model/record.php on line 78

2020-03-09T04:32:49+00:00 CRITICAL Uncaught Exception: Table 'plastic-crate.co.uk.wp_pmxi_images' doesn't exist in /data/wwwroot/www.plastic-crate.co.uk/wp-content/plugins/wp-all-import/models/model/record.php:78
Stack trace:
#0 /data/wwwroot/www.plastic-crate.co.uk/wp-content/plugins/wp-all-import/actions/add_attachment.php(22): PMXI_Model_Record->insert()
#1 /data/wwwroot/www.plastic-crate.co.uk/wp-includes/class-wp-hook.php(286): pmxi_add_attachment(29278)
#2 /data/wwwroot/www.plastic-crate.co.uk/wp-includes/class-wp-hook.php(310): WP_Hook->apply_filters('', Array)
#3 /data/wwwroot/www.plastic-crate.co.uk/wp-includes/plugin.php(453): WP_Hook->do_action(Array)
#4 /data/wwwroot/www.plastic-crate.co.uk/wp-includes/post.php(3694): do_action('add_attachment', 29278)
#5 /data/wwwroot/www.plastic-crate.co.uk/wp-includes/post.php(5082): wp_insert_post(Array, false)
#6 /data/wwwroot/www.plastic-crate.co.uk/wp-content/plugins/woocommerce/includes/class-wc-install.php(1190): wp_insert_attachment(Array, '/data/wwwroot/w...')
#7 /data/wwwroot/www.plasti in /data/wwwroot/www.plastic-crate.co.uk/wp-content/plugins/wp-all-import/models/model/record.php on line 78

2020-03-09T04:43:59+00:00 CRITICAL Uncaught Exception: Table 'plastic-crate.co.uk.wp_pmxi_images' doesn't exist in /data/wwwroot/www.plastic-crate.co.uk/wp-content/plugins/wp-all-import/models/model/record.php:78
Stack trace:
#0 /data/wwwroot/www.plastic-crate.co.uk/wp-content/plugins/wp-all-import/actions/add_attachment.php(22): PMXI_Model_Record->insert()
#1 /data/wwwroot/www.plastic-crate.co.uk/wp-includes/class-wp-hook.php(286): pmxi_add_attachment(29279)
#2 /data/wwwroot/www.plastic-crate.co.uk/wp-includes/class-wp-hook.php(310): WP_Hook->apply_filters('', Array)
#3 /data/wwwroot/www.plastic-crate.co.uk/wp-includes/plugin.php(453): WP_Hook->do_action(Array)
#4 /data/wwwroot/www.plastic-crate.co.uk/wp-includes/post.php(3694): do_action('add_attachment', 29279)
#5 /data/wwwroot/www.plastic-crate.co.uk/wp-includes/post.php(5082): wp_insert_post(Array, false)
#6 /data/wwwroot/www.plastic-crate.co.uk/wp-content/plugins/woocommerce/includes/class-wc-install.php(1190): wp_insert_attachment(Array, '/data/wwwroot/w...')
#7 /data/wwwroot/www.plasti in /data/wwwroot/www.plastic-crate.co.uk/wp-content/plugins/wp-all-import/models/model/record.php on line 78

2020-03-09T05:04:09+00:00 CRITICAL Uncaught Exception: Table 'plastic-crate.co.uk.wp_pmxi_images' doesn't exist in /data/wwwroot/www.plastic-crate.co.uk/wp-content/plugins/wp-all-import/models/model/record.php:78
Stack trace:
#0 /data/wwwroot/www.plastic-crate.co.uk/wp-content/plugins/wp-all-import/actions/add_attachment.php(22): PMXI_Model_Record->insert()
#1 /data/wwwroot/www.plastic-crate.co.uk/wp-includes/class-wp-hook.php(286): pmxi_add_attachment(29280)
#2 /data/wwwroot/www.plastic-crate.co.uk/wp-includes/class-wp-hook.php(310): WP_Hook->apply_filters('', Array)
#3 /data/wwwroot/www.plastic-crate.co.uk/wp-includes/plugin.php(453): WP_Hook->do_action(Array)
#4 /data/wwwroot/www.plastic-crate.co.uk/wp-includes/post.php(3694): do_action('add_attachment', 29280)
#5 /data/wwwroot/www.plastic-crate.co.uk/wp-includes/post.php(5082): wp_insert_post(Array, false)
#6 /data/wwwroot/www.plastic-crate.co.uk/wp-content/plugins/woocommerce/includes/class-wc-install.php(1190): wp_insert_attachment(Array, '/data/wwwroot/w...')
#7 /data/wwwroot/www.plasti in /data/wwwroot/www.plastic-crate.co.uk/wp-content/plugins/wp-all-import/models/model/record.php on line 78

2020-03-09T05:31:42+00:00 CRITICAL Uncaught Exception: Table 'plastic-crate.co.uk.wp_pmxi_images' doesn't exist in /data/wwwroot/www.plastic-crate.co.uk/wp-content/plugins/wp-all-import/models/model/record.php:78
Stack trace:
#0 /data/wwwroot/www.plastic-crate.co.uk/wp-content/plugins/wp-all-import/actions/add_attachment.php(22): PMXI_Model_Record->insert()
#1 /data/wwwroot/www.plastic-crate.co.uk/wp-includes/class-wp-hook.php(286): pmxi_add_attachment(29281)
#2 /data/wwwroot/www.plastic-crate.co.uk/wp-includes/class-wp-hook.php(310): WP_Hook->apply_filters('', Array)
#3 /data/wwwroot/www.plastic-crate.co.uk/wp-includes/plugin.php(453): WP_Hook->do_action(Array)
#4 /data/wwwroot/www.plastic-crate.co.uk/wp-includes/post.php(3694): do_action('add_attachment', 29281)
#5 /data/wwwroot/www.plastic-crate.co.uk/wp-includes/post.php(5082): wp_insert_post(Array, false)
#6 /data/wwwroot/www.plastic-crate.co.uk/wp-content/plugins/woocommerce/includes/class-wc-install.php(1190): wp_insert_attachment(Array, '/data/wwwroot/w...')
#7 /data/wwwroot/www.plasti in /data/wwwroot/www.plastic-crate.co.uk/wp-content/plugins/wp-all-import/models/model/record.php on line 78

2020-03-09T05:51:21+00:00 CRITICAL Uncaught Exception: Table 'plastic-crate.co.uk.wp_pmxi_images' doesn't exist in /data/wwwroot/www.plastic-crate.co.uk/wp-content/plugins/wp-all-import/models/model/record.php:78
Stack trace:
#0 /data/wwwroot/www.plastic-crate.co.uk/wp-content/plugins/wp-all-import/actions/add_attachment.php(22): PMXI_Model_Record->insert()
#1 /data/wwwroot/www.plastic-crate.co.uk/wp-includes/class-wp-hook.php(286): pmxi_add_attachment(29282)
#2 /data/wwwroot/www.plastic-crate.co.uk/wp-includes/class-wp-hook.php(310): WP_Hook->apply_filters('', Array)
#3 /data/wwwroot/www.plastic-crate.co.uk/wp-includes/plugin.php(453): WP_Hook->do_action(Array)
#4 /data/wwwroot/www.plastic-crate.co.uk/wp-includes/post.php(3694): do_action('add_attachment', 29282)
#5 /data/wwwroot/www.plastic-crate.co.uk/wp-includes/post.php(5082): wp_insert_post(Array, false)
#6 /data/wwwroot/www.plastic-crate.co.uk/wp-content/plugins/woocommerce/includes/class-wc-install.php(1190): wp_insert_attachment(Array, '/data/wwwroot/w...')
#7 /data/wwwroot/www.plasti in /data/wwwroot/www.plastic-crate.co.uk/wp-content/plugins/wp-all-import/models/model/record.php on line 78

2020-03-09T06:01:41+00:00 CRITICAL Uncaught Exception: Table 'plastic-crate.co.uk.wp_pmxi_images' doesn't exist in /data/wwwroot/www.plastic-crate.co.uk/wp-content/plugins/wp-all-import/models/model/record.php:78
Stack trace:
#0 /data/wwwroot/www.plastic-crate.co.uk/wp-content/plugins/wp-all-import/actions/add_attachment.php(22): PMXI_Model_Record->insert()
#1 /data/wwwroot/www.plastic-crate.co.uk/wp-includes/class-wp-hook.php(286): pmxi_add_attachment(29283)
#2 /data/wwwroot/www.plastic-crate.co.uk/wp-includes/class-wp-hook.php(310): WP_Hook->apply_filters('', Array)
#3 /data/wwwroot/www.plastic-crate.co.uk/wp-includes/plugin.php(453): WP_Hook->do_action(Array)
#4 /data/wwwroot/www.plastic-crate.co.uk/wp-includes/post.php(3694): do_action('add_attachment', 29283)
#5 /data/wwwroot/www.plastic-crate.co.uk/wp-includes/post.php(5082): wp_insert_post(Array, false)
#6 /data/wwwroot/www.plastic-crate.co.uk/wp-content/plugins/woocommerce/includes/class-wc-install.php(1190): wp_insert_attachment(Array, '/data/wwwroot/w...')
#7 /data/wwwroot/www.plasti in /data/wwwroot/www.plastic-crate.co.uk/wp-content/plugins/wp-all-import/models/model/record.php on line 78

2020-03-09T06:34:17+00:00 CRITICAL Uncaught Exception: Table 'plastic-crate.co.uk.wp_pmxi_images' doesn't exist in /data/wwwroot/www.plastic-crate.co.uk/wp-content/plugins/wp-all-import/models/model/record.php:78
Stack trace:
#0 /data/wwwroot/www.plastic-crate.co.uk/wp-content/plugins/wp-all-import/actions/add_attachment.php(22): PMXI_Model_Record->insert()
#1 /data/wwwroot/www.plastic-crate.co.uk/wp-includes/class-wp-hook.php(286): pmxi_add_attachment(29284)
#2 /data/wwwroot/www.plastic-crate.co.uk/wp-includes/class-wp-hook.php(310): WP_Hook->apply_filters('', Array)
#3 /data/wwwroot/www.plastic-crate.co.uk/wp-includes/plugin.php(453): WP_Hook->do_action(Array)
#4 /data/wwwroot/www.plastic-crate.co.uk/wp-includes/post.php(3694): do_action('add_attachment', 29284)
#5 /data/wwwroot/www.plastic-crate.co.uk/wp-includes/post.php(5082): wp_insert_post(Array, false)
#6 /data/wwwroot/www.plastic-crate.co.uk/wp-content/plugins/woocommerce/includes/class-wc-install.php(1190): wp_insert_attachment(Array, '/data/wwwroot/w...')
#7 /data/wwwroot/www.plasti in /data/wwwroot/www.plastic-crate.co.uk/wp-content/plugins/wp-all-import/models/model/record.php on line 78

2020-03-09T07:01:03+00:00 CRITICAL Uncaught Exception: Table 'plastic-crate.co.uk.wp_pmxi_images' doesn't exist in /data/wwwroot/www.plastic-crate.co.uk/wp-content/plugins/wp-all-import/models/model/record.php:78
Stack trace:
#0 /data/wwwroot/www.plastic-crate.co.uk/wp-content/plugins/wp-all-import/actions/add_attachment.php(22): PMXI_Model_Record->insert()
#1 /data/wwwroot/www.plastic-crate.co.uk/wp-includes/class-wp-hook.php(286): pmxi_add_attachment(29285)
#2 /data/wwwroot/www.plastic-crate.co.uk/wp-includes/class-wp-hook.php(310): WP_Hook->apply_filters('', Array)
#3 /data/wwwroot/www.plastic-crate.co.uk/wp-includes/plugin.php(453): WP_Hook->do_action(Array)
#4 /data/wwwroot/www.plastic-crate.co.uk/wp-includes/post.php(3694): do_action('add_attachment', 29285)
#5 /data/wwwroot/www.plastic-crate.co.uk/wp-includes/post.php(5082): wp_insert_post(Array, false)
#6 /data/wwwroot/www.plastic-crate.co.uk/wp-content/plugins/woocommerce/includes/class-wc-install.php(1190): wp_insert_attachment(Array, '/data/wwwroot/w...')
#7 /data/wwwroot/www.plasti in /data/wwwroot/www.plastic-crate.co.uk/wp-content/plugins/wp-all-import/models/model/record.php on line 78

2020-03-09T07:18:01+00:00 CRITICAL Uncaught Exception: Table 'plastic-crate.co.uk.wp_pmxi_images' doesn't exist in /data/wwwroot/www.plastic-crate.co.uk/wp-content/plugins/wp-all-import/models/model/record.php:78
Stack trace:
#0 /data/wwwroot/www.plastic-crate.co.uk/wp-content/plugins/wp-all-import/actions/add_attachment.php(22): PMXI_Model_Record->insert()
#1 /data/wwwroot/www.plastic-crate.co.uk/wp-includes/class-wp-hook.php(286): pmxi_add_attachment(29286)
#2 /data/wwwroot/www.plastic-crate.co.uk/wp-includes/class-wp-hook.php(310): WP_Hook->apply_filters('', Array)
#3 /data/wwwroot/www.plastic-crate.co.uk/wp-includes/plugin.php(453): WP_Hook->do_action(Array)
#4 /data/wwwroot/www.plastic-crate.co.uk/wp-includes/post.php(3694): do_action('add_attachment', 29286)
#5 /data/wwwroot/www.plastic-crate.co.uk/wp-includes/post.php(5082): wp_insert_post(Array, false)
#6 /data/wwwroot/www.plastic-crate.co.uk/wp-content/plugins/woocommerce/includes/class-wc-install.php(1190): wp_insert_attachment(Array, '/data/wwwroot/w...')
#7 /data/wwwroot/www.plasti in /data/wwwroot/www.plastic-crate.co.uk/wp-content/plugins/wp-all-import/models/model/record.php on line 78

2020-03-09T07:44:07+00:00 CRITICAL Uncaught Exception: Table 'plastic-crate.co.uk.wp_pmxi_images' doesn't exist in /data/wwwroot/www.plastic-crate.co.uk/wp-content/plugins/wp-all-import/models/model/record.php:78
Stack trace:
#0 /data/wwwroot/www.plastic-crate.co.uk/wp-content/plugins/wp-all-import/actions/add_attachment.php(22): PMXI_Model_Record->insert()
#1 /data/wwwroot/www.plastic-crate.co.uk/wp-includes/class-wp-hook.php(286): pmxi_add_attachment(29287)
#2 /data/wwwroot/www.plastic-crate.co.uk/wp-includes/class-wp-hook.php(310): WP_Hook->apply_filters('', Array)
#3 /data/wwwroot/www.plastic-crate.co.uk/wp-includes/plugin.php(453): WP_Hook->do_action(Array)
#4 /data/wwwroot/www.plastic-crate.co.uk/wp-includes/post.php(3694): do_action('add_attachment', 29287)
#5 /data/wwwroot/www.plastic-crate.co.uk/wp-includes/post.php(5082): wp_insert_post(Array, false)
#6 /data/wwwroot/www.plastic-crate.co.uk/wp-content/plugins/woocommerce/includes/class-wc-install.php(1190): wp_insert_attachment(Array, '/data/wwwroot/w...')
#7 /data/wwwroot/www.plasti in /data/wwwroot/www.plastic-crate.co.uk/wp-content/plugins/wp-all-import/models/model/record.php on line 78

2020-03-09T07:58:28+00:00 CRITICAL Uncaught Exception: Table 'plastic-crate.co.uk.wp_pmxi_images' doesn't exist in /data/wwwroot/www.plastic-crate.co.uk/wp-content/plugins/wp-all-import/models/model/record.php:78
Stack trace:
#0 /data/wwwroot/www.plastic-crate.co.uk/wp-content/plugins/wp-all-import/actions/add_attachment.php(22): PMXI_Model_Record->insert()
#1 /data/wwwroot/www.plastic-crate.co.uk/wp-includes/class-wp-hook.php(286): pmxi_add_attachment(29288)
#2 /data/wwwroot/www.plastic-crate.co.uk/wp-includes/class-wp-hook.php(310): WP_Hook->apply_filters('', Array)
#3 /data/wwwroot/www.plastic-crate.co.uk/wp-includes/plugin.php(453): WP_Hook->do_action(Array)
#4 /data/wwwroot/www.plastic-crate.co.uk/wp-includes/post.php(3694): do_action('add_attachment', 29288)
#5 /data/wwwroot/www.plastic-crate.co.uk/wp-includes/post.php(5082): wp_insert_post(Array, false)
#6 /data/wwwroot/www.plastic-crate.co.uk/wp-content/plugins/woocommerce/includes/class-wc-install.php(1190): wp_insert_attachment(Array, '/data/wwwroot/w...')
#7 /data/wwwroot/www.plasti in /data/wwwroot/www.plastic-crate.co.uk/wp-content/plugins/wp-all-import/models/model/record.php on line 78

2020-03-09T08:18:23+00:00 CRITICAL Uncaught Exception: Table 'plastic-crate.co.uk.wp_pmxi_images' doesn't exist in /data/wwwroot/www.plastic-crate.co.uk/wp-content/plugins/wp-all-import/models/model/record.php:78
Stack trace:
#0 /data/wwwroot/www.plastic-crate.co.uk/wp-content/plugins/wp-all-import/actions/add_attachment.php(22): PMXI_Model_Record->insert()
#1 /data/wwwroot/www.plastic-crate.co.uk/wp-includes/class-wp-hook.php(286): pmxi_add_attachment(29289)
#2 /data/wwwroot/www.plastic-crate.co.uk/wp-includes/class-wp-hook.php(310): WP_Hook->apply_filters('', Array)
#3 /data/wwwroot/www.plastic-crate.co.uk/wp-includes/plugin.php(453): WP_Hook->do_action(Array)
#4 /data/wwwroot/www.plastic-crate.co.uk/wp-includes/post.php(3694): do_action('add_attachment', 29289)
#5 /data/wwwroot/www.plastic-crate.co.uk/wp-includes/post.php(5082): wp_insert_post(Array, false)
#6 /data/wwwroot/www.plastic-crate.co.uk/wp-content/plugins/woocommerce/includes/class-wc-install.php(1190): wp_insert_attachment(Array, '/data/wwwroot/w...')
#7 /data/wwwroot/www.plasti in /data/wwwroot/www.plastic-crate.co.uk/wp-content/plugins/wp-all-import/models/model/record.php on line 78

2020-03-09T08:29:17+00:00 CRITICAL Uncaught Exception: Table 'plastic-crate.co.uk.wp_pmxi_images' doesn't exist in /data/wwwroot/www.plastic-crate.co.uk/wp-content/plugins/wp-all-import/models/model/record.php:78
Stack trace:
#0 /data/wwwroot/www.plastic-crate.co.uk/wp-content/plugins/wp-all-import/actions/add_attachment.php(22): PMXI_Model_Record->insert()
#1 /data/wwwroot/www.plastic-crate.co.uk/wp-includes/class-wp-hook.php(286): pmxi_add_attachment(29290)
#2 /data/wwwroot/www.plastic-crate.co.uk/wp-includes/class-wp-hook.php(310): WP_Hook->apply_filters('', Array)
#3 /data/wwwroot/www.plastic-crate.co.uk/wp-includes/plugin.php(453): WP_Hook->do_action(Array)
#4 /data/wwwroot/www.plastic-crate.co.uk/wp-includes/post.php(3694): do_action('add_attachment', 29290)
#5 /data/wwwroot/www.plastic-crate.co.uk/wp-includes/post.php(5082): wp_insert_post(Array, false)
#6 /data/wwwroot/www.plastic-crate.co.uk/wp-content/plugins/woocommerce/includes/class-wc-install.php(1190): wp_insert_attachment(Array, '/data/wwwroot/w...')
#7 /data/wwwroot/www.plasti in /data/wwwroot/www.plastic-crate.co.uk/wp-content/plugins/wp-all-import/models/model/record.php on line 78

2020-03-09T08:45:36+00:00 CRITICAL Uncaught Exception: Table 'plastic-crate.co.uk.wp_pmxi_images' doesn't exist in /data/wwwroot/www.plastic-crate.co.uk/wp-content/plugins/wp-all-import/models/model/record.php:78
Stack trace:
#0 /data/wwwroot/www.plastic-crate.co.uk/wp-content/plugins/wp-all-import/actions/add_attachment.php(22): PMXI_Model_Record->insert()
#1 /data/wwwroot/www.plastic-crate.co.uk/wp-includes/class-wp-hook.php(286): pmxi_add_attachment(29291)
#2 /data/wwwroot/www.plastic-crate.co.uk/wp-includes/class-wp-hook.php(310): WP_Hook->apply_filters('', Array)
#3 /data/wwwroot/www.plastic-crate.co.uk/wp-includes/plugin.php(453): WP_Hook->do_action(Array)
#4 /data/wwwroot/www.plastic-crate.co.uk/wp-includes/post.php(3694): do_action('add_attachment', 29291)
#5 /data/wwwroot/www.plastic-crate.co.uk/wp-includes/post.php(5082): wp_insert_post(Array, false)
#6 /data/wwwroot/www.plastic-crate.co.uk/wp-content/plugins/woocommerce/includes/class-wc-install.php(1190): wp_insert_attachment(Array, '/data/wwwroot/w...')
#7 /data/wwwroot/www.plasti in /data/wwwroot/www.plastic-crate.co.uk/wp-content/plugins/wp-all-import/models/model/record.php on line 78

2020-03-09T08:55:42+00:00 CRITICAL Uncaught Exception: Table 'plastic-crate.co.uk.wp_pmxi_images' doesn't exist in /data/wwwroot/www.plastic-crate.co.uk/wp-content/plugins/wp-all-import/models/model/record.php:78
Stack trace:
#0 /data/wwwroot/www.plastic-crate.co.uk/wp-content/plugins/wp-all-import/actions/add_attachment.php(22): PMXI_Model_Record->insert()
#1 /data/wwwroot/www.plastic-crate.co.uk/wp-includes/class-wp-hook.php(286): pmxi_add_attachment(29292)
#2 /data/wwwroot/www.plastic-crate.co.uk/wp-includes/class-wp-hook.php(310): WP_Hook->apply_filters('', Array)
#3 /data/wwwroot/www.plastic-crate.co.uk/wp-includes/plugin.php(453): WP_Hook->do_action(Array)
#4 /data/wwwroot/www.plastic-crate.co.uk/wp-includes/post.php(3694): do_action('add_attachment', 29292)
#5 /data/wwwroot/www.plastic-crate.co.uk/wp-includes/post.php(5082): wp_insert_post(Array, false)
#6 /data/wwwroot/www.plastic-crate.co.uk/wp-content/plugins/woocommerce/includes/class-wc-install.php(1190): wp_insert_attachment(Array, '/data/wwwroot/w...')
#7 /data/wwwroot/www.plasti in /data/wwwroot/www.plastic-crate.co.uk/wp-content/plugins/wp-all-import/models/model/record.php on line 78

2020-03-09T09:14:33+00:00 CRITICAL Uncaught Exception: Table 'plastic-crate.co.uk.wp_pmxi_images' doesn't exist in /data/wwwroot/www.plastic-crate.co.uk/wp-content/plugins/wp-all-import/models/model/record.php:78
Stack trace:
#0 /data/wwwroot/www.plastic-crate.co.uk/wp-content/plugins/wp-all-import/actions/add_attachment.php(22): PMXI_Model_Record->insert()
#1 /data/wwwroot/www.plastic-crate.co.uk/wp-includes/class-wp-hook.php(286): pmxi_add_attachment(29293)
#2 /data/wwwroot/www.plastic-crate.co.uk/wp-includes/class-wp-hook.php(310): WP_Hook->apply_filters('', Array)
#3 /data/wwwroot/www.plastic-crate.co.uk/wp-includes/plugin.php(453): WP_Hook->do_action(Array)
#4 /data/wwwroot/www.plastic-crate.co.uk/wp-includes/post.php(3694): do_action('add_attachment', 29293)
#5 /data/wwwroot/www.plastic-crate.co.uk/wp-includes/post.php(5082): wp_insert_post(Array, false)
#6 /data/wwwroot/www.plastic-crate.co.uk/wp-content/plugins/woocommerce/includes/class-wc-install.php(1190): wp_insert_attachment(Array, '/data/wwwroot/w...')
#7 /data/wwwroot/www.plasti in /data/wwwroot/www.plastic-crate.co.uk/wp-content/plugins/wp-all-import/models/model/record.php on line 78

2020-03-09T09:38:39+00:00 CRITICAL Uncaught Exception: Table 'plastic-crate.co.uk.wp_pmxi_images' doesn't exist in /data/wwwroot/www.plastic-crate.co.uk/wp-content/plugins/wp-all-import/models/model/record.php:78
Stack trace:
#0 /data/wwwroot/www.plastic-crate.co.uk/wp-content/plugins/wp-all-import/actions/add_attachment.php(22): PMXI_Model_Record->insert()
#1 /data/wwwroot/www.plastic-crate.co.uk/wp-includes/class-wp-hook.php(286): pmxi_add_attachment(29294)
#2 /data/wwwroot/www.plastic-crate.co.uk/wp-includes/class-wp-hook.php(310): WP_Hook->apply_filters('', Array)
#3 /data/wwwroot/www.plastic-crate.co.uk/wp-includes/plugin.php(453): WP_Hook->do_action(Array)
#4 /data/wwwroot/www.plastic-crate.co.uk/wp-includes/post.php(3694): do_action('add_attachment', 29294)
#5 /data/wwwroot/www.plastic-crate.co.uk/wp-includes/post.php(5082): wp_insert_post(Array, false)
#6 /data/wwwroot/www.plastic-crate.co.uk/wp-content/plugins/woocommerce/includes/class-wc-install.php(1190): wp_insert_attachment(Array, '/data/wwwroot/w...')
#7 /data/wwwroot/www.plasti in /data/wwwroot/www.plastic-crate.co.uk/wp-content/plugins/wp-all-import/models/model/record.php on line 78

2020-03-09T09:49:10+00:00 CRITICAL Uncaught Exception: Table 'plastic-crate.co.uk.wp_pmxi_images' doesn't exist in /data/wwwroot/www.plastic-crate.co.uk/wp-content/plugins/wp-all-import/models/model/record.php:78
Stack trace:
#0 /data/wwwroot/www.plastic-crate.co.uk/wp-content/plugins/wp-all-import/actions/add_attachment.php(22): PMXI_Model_Record->insert()
#1 /data/wwwroot/www.plastic-crate.co.uk/wp-includes/class-wp-hook.php(286): pmxi_add_attachment(29295)
#2 /data/wwwroot/www.plastic-crate.co.uk/wp-includes/class-wp-hook.php(310): WP_Hook->apply_filters('', Array)
#3 /data/wwwroot/www.plastic-crate.co.uk/wp-includes/plugin.php(453): WP_Hook->do_action(Array)
#4 /data/wwwroot/www.plastic-crate.co.uk/wp-includes/post.php(3694): do_action('add_attachment', 29295)
#5 /data/wwwroot/www.plastic-crate.co.uk/wp-includes/post.php(5082): wp_insert_post(Array, false)
#6 /data/wwwroot/www.plastic-crate.co.uk/wp-content/plugins/woocommerce/includes/class-wc-install.php(1190): wp_insert_attachment(Array, '/data/wwwroot/w...')
#7 /data/wwwroot/www.plasti in /data/wwwroot/www.plastic-crate.co.uk/wp-content/plugins/wp-all-import/models/model/record.php on line 78

2020-03-09T10:32:17+00:00 CRITICAL Uncaught Exception: Table 'plastic-crate.co.uk.wp_pmxi_images' doesn't exist in /data/wwwroot/www.plastic-crate.co.uk/wp-content/plugins/wp-all-import/models/model/record.php:78
Stack trace:
#0 /data/wwwroot/www.plastic-crate.co.uk/wp-content/plugins/wp-all-import/actions/add_attachment.php(22): PMXI_Model_Record->insert()
#1 /data/wwwroot/www.plastic-crate.co.uk/wp-includes/class-wp-hook.php(286): pmxi_add_attachment(29296)
#2 /data/wwwroot/www.plastic-crate.co.uk/wp-includes/class-wp-hook.php(310): WP_Hook->apply_filters('', Array)
#3 /data/wwwroot/www.plastic-crate.co.uk/wp-includes/plugin.php(453): WP_Hook->do_action(Array)
#4 /data/wwwroot/www.plastic-crate.co.uk/wp-includes/post.php(3694): do_action('add_attachment', 29296)
#5 /data/wwwroot/www.plastic-crate.co.uk/wp-includes/post.php(5082): wp_insert_post(Array, false)
#6 /data/wwwroot/www.plastic-crate.co.uk/wp-content/plugins/woocommerce/includes/class-wc-install.php(1190): wp_insert_attachment(Array, '/data/wwwroot/w...')
#7 /data/wwwroot/www.plasti in /data/wwwroot/www.plastic-crate.co.uk/wp-content/plugins/wp-all-import/models/model/record.php on line 78

2020-03-09T10:47:27+00:00 CRITICAL Uncaught Exception: Table 'plastic-crate.co.uk.wp_pmxi_images' doesn't exist in /data/wwwroot/www.plastic-crate.co.uk/wp-content/plugins/wp-all-import/models/model/record.php:78
Stack trace:
#0 /data/wwwroot/www.plastic-crate.co.uk/wp-content/plugins/wp-all-import/actions/add_attachment.php(22): PMXI_Model_Record->insert()
#1 /data/wwwroot/www.plastic-crate.co.uk/wp-includes/class-wp-hook.php(286): pmxi_add_attachment(29297)
#2 /data/wwwroot/www.plastic-crate.co.uk/wp-includes/class-wp-hook.php(310): WP_Hook->apply_filters('', Array)
#3 /data/wwwroot/www.plastic-crate.co.uk/wp-includes/plugin.php(453): WP_Hook->do_action(Array)
#4 /data/wwwroot/www.plastic-crate.co.uk/wp-includes/post.php(3694): do_action('add_attachment', 29297)
#5 /data/wwwroot/www.plastic-crate.co.uk/wp-includes/post.php(5082): wp_insert_post(Array, false)
#6 /data/wwwroot/www.plastic-crate.co.uk/wp-content/plugins/woocommerce/includes/class-wc-install.php(1190): wp_insert_attachment(Array, '/data/wwwroot/w...')
#7 /data/wwwroot/www.plasti in /data/wwwroot/www.plastic-crate.co.uk/wp-content/plugins/wp-all-import/models/model/record.php on line 78

2020-03-09T11:00:38+00:00 CRITICAL Uncaught Exception: Table 'plastic-crate.co.uk.wp_pmxi_images' doesn't exist in /data/wwwroot/www.plastic-crate.co.uk/wp-content/plugins/wp-all-import/models/model/record.php:78
Stack trace:
#0 /data/wwwroot/www.plastic-crate.co.uk/wp-content/plugins/wp-all-import/actions/add_attachment.php(22): PMXI_Model_Record->insert()
#1 /data/wwwroot/www.plastic-crate.co.uk/wp-includes/class-wp-hook.php(286): pmxi_add_attachment(29298)
#2 /data/wwwroot/www.plastic-crate.co.uk/wp-includes/class-wp-hook.php(310): WP_Hook->apply_filters('', Array)
#3 /data/wwwroot/www.plastic-crate.co.uk/wp-includes/plugin.php(453): WP_Hook->do_action(Array)
#4 /data/wwwroot/www.plastic-crate.co.uk/wp-includes/post.php(3694): do_action('add_attachment', 29298)
#5 /data/wwwroot/www.plastic-crate.co.uk/wp-includes/post.php(5082): wp_insert_post(Array, false)
#6 /data/wwwroot/www.plastic-crate.co.uk/wp-content/plugins/woocommerce/includes/class-wc-install.php(1190): wp_insert_attachment(Array, '/data/wwwroot/w...')
#7 /data/wwwroot/www.plasti in /data/wwwroot/www.plastic-crate.co.uk/wp-content/plugins/wp-all-import/models/model/record.php on line 78

2020-03-09T11:21:12+00:00 CRITICAL Uncaught Exception: Table 'plastic-crate.co.uk.wp_pmxi_images' doesn't exist in /data/wwwroot/www.plastic-crate.co.uk/wp-content/plugins/wp-all-import/models/model/record.php:78
Stack trace:
#0 /data/wwwroot/www.plastic-crate.co.uk/wp-content/plugins/wp-all-import/actions/add_attachment.php(22): PMXI_Model_Record->insert()
#1 /data/wwwroot/www.plastic-crate.co.uk/wp-includes/class-wp-hook.php(286): pmxi_add_attachment(29299)
#2 /data/wwwroot/www.plastic-crate.co.uk/wp-includes/class-wp-hook.php(310): WP_Hook->apply_filters('', Array)
#3 /data/wwwroot/www.plastic-crate.co.uk/wp-includes/plugin.php(453): WP_Hook->do_action(Array)
#4 /data/wwwroot/www.plastic-crate.co.uk/wp-includes/post.php(3694): do_action('add_attachment', 29299)
#5 /data/wwwroot/www.plastic-crate.co.uk/wp-includes/post.php(5082): wp_insert_post(Array, false)
#6 /data/wwwroot/www.plastic-crate.co.uk/wp-content/plugins/woocommerce/includes/class-wc-install.php(1190): wp_insert_attachment(Array, '/data/wwwroot/w...')
#7 /data/wwwroot/www.plasti in /data/wwwroot/www.plastic-crate.co.uk/wp-content/plugins/wp-all-import/models/model/record.php on line 78

2020-03-09T11:40:45+00:00 CRITICAL Uncaught Exception: Table 'plastic-crate.co.uk.wp_pmxi_images' doesn't exist in /data/wwwroot/www.plastic-crate.co.uk/wp-content/plugins/wp-all-import/models/model/record.php:78
Stack trace:
#0 /data/wwwroot/www.plastic-crate.co.uk/wp-content/plugins/wp-all-import/actions/add_attachment.php(22): PMXI_Model_Record->insert()
#1 /data/wwwroot/www.plastic-crate.co.uk/wp-includes/class-wp-hook.php(286): pmxi_add_attachment(29300)
#2 /data/wwwroot/www.plastic-crate.co.uk/wp-includes/class-wp-hook.php(310): WP_Hook->apply_filters('', Array)
#3 /data/wwwroot/www.plastic-crate.co.uk/wp-includes/plugin.php(453): WP_Hook->do_action(Array)
#4 /data/wwwroot/www.plastic-crate.co.uk/wp-includes/post.php(3694): do_action('add_attachment', 29300)
#5 /data/wwwroot/www.plastic-crate.co.uk/wp-includes/post.php(5082): wp_insert_post(Array, false)
#6 /data/wwwroot/www.plastic-crate.co.uk/wp-content/plugins/woocommerce/includes/class-wc-install.php(1190): wp_insert_attachment(Array, '/data/wwwroot/w...')
#7 /data/wwwroot/www.plasti in /data/wwwroot/www.plastic-crate.co.uk/wp-content/plugins/wp-all-import/models/model/record.php on line 78

2020-03-09T12:05:20+00:00 CRITICAL Uncaught Exception: Table 'plastic-crate.co.uk.wp_pmxi_images' doesn't exist in /data/wwwroot/www.plastic-crate.co.uk/wp-content/plugins/wp-all-import/models/model/record.php:78
Stack trace:
#0 /data/wwwroot/www.plastic-crate.co.uk/wp-content/plugins/wp-all-import/actions/add_attachment.php(22): PMXI_Model_Record->insert()
#1 /data/wwwroot/www.plastic-crate.co.uk/wp-includes/class-wp-hook.php(286): pmxi_add_attachment(29301)
#2 /data/wwwroot/www.plastic-crate.co.uk/wp-includes/class-wp-hook.php(310): WP_Hook->apply_filters('', Array)
#3 /data/wwwroot/www.plastic-crate.co.uk/wp-includes/plugin.php(453): WP_Hook->do_action(Array)
#4 /data/wwwroot/www.plastic-crate.co.uk/wp-includes/post.php(3694): do_action('add_attachment', 29301)
#5 /data/wwwroot/www.plastic-crate.co.uk/wp-includes/post.php(5082): wp_insert_post(Array, false)
#6 /data/wwwroot/www.plastic-crate.co.uk/wp-content/plugins/woocommerce/includes/class-wc-install.php(1190): wp_insert_attachment(Array, '/data/wwwroot/w...')
#7 /data/wwwroot/www.plasti in /data/wwwroot/www.plastic-crate.co.uk/wp-content/plugins/wp-all-import/models/model/record.php on line 78

2020-03-09T12:17:08+00:00 CRITICAL Uncaught Exception: Table 'plastic-crate.co.uk.wp_pmxi_images' doesn't exist in /data/wwwroot/www.plastic-crate.co.uk/wp-content/plugins/wp-all-import/models/model/record.php:78
Stack trace:
#0 /data/wwwroot/www.plastic-crate.co.uk/wp-content/plugins/wp-all-import/actions/add_attachment.php(22): PMXI_Model_Record->insert()
#1 /data/wwwroot/www.plastic-crate.co.uk/wp-includes/class-wp-hook.php(286): pmxi_add_attachment(29302)
#2 /data/wwwroot/www.plastic-crate.co.uk/wp-includes/class-wp-hook.php(310): WP_Hook->apply_filters('', Array)
#3 /data/wwwroot/www.plastic-crate.co.uk/wp-includes/plugin.php(453): WP_Hook->do_action(Array)
#4 /data/wwwroot/www.plastic-crate.co.uk/wp-includes/post.php(3694): do_action('add_attachment', 29302)
#5 /data/wwwroot/www.plastic-crate.co.uk/wp-includes/post.php(5082): wp_insert_post(Array, false)
#6 /data/wwwroot/www.plastic-crate.co.uk/wp-content/plugins/woocommerce/includes/class-wc-install.php(1190): wp_insert_attachment(Array, '/data/wwwroot/w...')
#7 /data/wwwroot/www.plasti in /data/wwwroot/www.plastic-crate.co.uk/wp-content/plugins/wp-all-import/models/model/record.php on line 78

2020-03-09T12:28:56+00:00 CRITICAL Uncaught Exception: Table 'plastic-crate.co.uk.wp_pmxi_images' doesn't exist in /data/wwwroot/www.plastic-crate.co.uk/wp-content/plugins/wp-all-import/models/model/record.php:78
Stack trace:
#0 /data/wwwroot/www.plastic-crate.co.uk/wp-content/plugins/wp-all-import/actions/add_attachment.php(22): PMXI_Model_Record->insert()
#1 /data/wwwroot/www.plastic-crate.co.uk/wp-includes/class-wp-hook.php(286): pmxi_add_attachment(29303)
#2 /data/wwwroot/www.plastic-crate.co.uk/wp-includes/class-wp-hook.php(310): WP_Hook->apply_filters('', Array)
#3 /data/wwwroot/www.plastic-crate.co.uk/wp-includes/plugin.php(453): WP_Hook->do_action(Array)
#4 /data/wwwroot/www.plastic-crate.co.uk/wp-includes/post.php(3694): do_action('add_attachment', 29303)
#5 /data/wwwroot/www.plastic-crate.co.uk/wp-includes/post.php(5082): wp_insert_post(Array, false)
#6 /data/wwwroot/www.plastic-crate.co.uk/wp-content/plugins/woocommerce/includes/class-wc-install.php(1190): wp_insert_attachment(Array, '/data/wwwroot/w...')
#7 /data/wwwroot/www.plasti in /data/wwwroot/www.plastic-crate.co.uk/wp-content/plugins/wp-all-import/models/model/record.php on line 78

2020-03-09T12:42:27+00:00 CRITICAL Uncaught Exception: Table 'plastic-crate.co.uk.wp_pmxi_images' doesn't exist in /data/wwwroot/www.plastic-crate.co.uk/wp-content/plugins/wp-all-import/models/model/record.php:78
Stack trace:
#0 /data/wwwroot/www.plastic-crate.co.uk/wp-content/plugins/wp-all-import/actions/add_attachment.php(22): PMXI_Model_Record->insert()
#1 /data/wwwroot/www.plastic-crate.co.uk/wp-includes/class-wp-hook.php(286): pmxi_add_attachment(29304)
#2 /data/wwwroot/www.plastic-crate.co.uk/wp-includes/class-wp-hook.php(310): WP_Hook->apply_filters('', Array)
#3 /data/wwwroot/www.plastic-crate.co.uk/wp-includes/plugin.php(453): WP_Hook->do_action(Array)
#4 /data/wwwroot/www.plastic-crate.co.uk/wp-includes/post.php(3694): do_action('add_attachment', 29304)
#5 /data/wwwroot/www.plastic-crate.co.uk/wp-includes/post.php(5082): wp_insert_post(Array, false)
#6 /data/wwwroot/www.plastic-crate.co.uk/wp-content/plugins/woocommerce/includes/class-wc-install.php(1190): wp_insert_attachment(Array, '/data/wwwroot/w...')
#7 /data/wwwroot/www.plasti in /data/wwwroot/www.plastic-crate.co.uk/wp-content/plugins/wp-all-import/models/model/record.php on line 78

2020-03-09T12:59:07+00:00 CRITICAL Uncaught Exception: Table 'plastic-crate.co.uk.wp_pmxi_images' doesn't exist in /data/wwwroot/www.plastic-crate.co.uk/wp-content/plugins/wp-all-import/models/model/record.php:78
Stack trace:
#0 /data/wwwroot/www.plastic-crate.co.uk/wp-content/plugins/wp-all-import/actions/add_attachment.php(22): PMXI_Model_Record->insert()
#1 /data/wwwroot/www.plastic-crate.co.uk/wp-includes/class-wp-hook.php(286): pmxi_add_attachment(29305)
#2 /data/wwwroot/www.plastic-crate.co.uk/wp-includes/class-wp-hook.php(310): WP_Hook->apply_filters('', Array)
#3 /data/wwwroot/www.plastic-crate.co.uk/wp-includes/plugin.php(453): WP_Hook->do_action(Array)
#4 /data/wwwroot/www.plastic-crate.co.uk/wp-includes/post.php(3694): do_action('add_attachment', 29305)
#5 /data/wwwroot/www.plastic-crate.co.uk/wp-includes/post.php(5082): wp_insert_post(Array, false)
#6 /data/wwwroot/www.plastic-crate.co.uk/wp-content/plugins/woocommerce/includes/class-wc-install.php(1190): wp_insert_attachment(Array, '/data/wwwroot/w...')
#7 /data/wwwroot/www.plasti in /data/wwwroot/www.plastic-crate.co.uk/wp-content/plugins/wp-all-import/models/model/record.php on line 78

2020-03-09T13:13:47+00:00 CRITICAL Uncaught Exception: Table 'plastic-crate.co.uk.wp_pmxi_images' doesn't exist in /data/wwwroot/www.plastic-crate.co.uk/wp-content/plugins/wp-all-import/models/model/record.php:78
Stack trace:
#0 /data/wwwroot/www.plastic-crate.co.uk/wp-content/plugins/wp-all-import/actions/add_attachment.php(22): PMXI_Model_Record->insert()
#1 /data/wwwroot/www.plastic-crate.co.uk/wp-includes/class-wp-hook.php(286): pmxi_add_attachment(29306)
#2 /data/wwwroot/www.plastic-crate.co.uk/wp-includes/class-wp-hook.php(310): WP_Hook->apply_filters('', Array)
#3 /data/wwwroot/www.plastic-crate.co.uk/wp-includes/plugin.php(453): WP_Hook->do_action(Array)
#4 /data/wwwroot/www.plastic-crate.co.uk/wp-includes/post.php(3694): do_action('add_attachment', 29306)
#5 /data/wwwroot/www.plastic-crate.co.uk/wp-includes/post.php(5082): wp_insert_post(Array, false)
#6 /data/wwwroot/www.plastic-crate.co.uk/wp-content/plugins/woocommerce/includes/class-wc-install.php(1190): wp_insert_attachment(Array, '/data/wwwroot/w...')
#7 /data/wwwroot/www.plasti in /data/wwwroot/www.plastic-crate.co.uk/wp-content/plugins/wp-all-import/models/model/record.php on line 78

2020-03-09T13:24:09+00:00 CRITICAL Uncaught Exception: Table 'plastic-crate.co.uk.wp_pmxi_images' doesn't exist in /data/wwwroot/www.plastic-crate.co.uk/wp-content/plugins/wp-all-import/models/model/record.php:78
Stack trace:
#0 /data/wwwroot/www.plastic-crate.co.uk/wp-content/plugins/wp-all-import/actions/add_attachment.php(22): PMXI_Model_Record->insert()
#1 /data/wwwroot/www.plastic-crate.co.uk/wp-includes/class-wp-hook.php(286): pmxi_add_attachment(29307)
#2 /data/wwwroot/www.plastic-crate.co.uk/wp-includes/class-wp-hook.php(310): WP_Hook->apply_filters('', Array)
#3 /data/wwwroot/www.plastic-crate.co.uk/wp-includes/plugin.php(453): WP_Hook->do_action(Array)
#4 /data/wwwroot/www.plastic-crate.co.uk/wp-includes/post.php(3694): do_action('add_attachment', 29307)
#5 /data/wwwroot/www.plastic-crate.co.uk/wp-includes/post.php(5082): wp_insert_post(Array, false)
#6 /data/wwwroot/www.plastic-crate.co.uk/wp-content/plugins/woocommerce/includes/class-wc-install.php(1190): wp_insert_attachment(Array, '/data/wwwroot/w...')
#7 /data/wwwroot/www.plasti in /data/wwwroot/www.plastic-crate.co.uk/wp-content/plugins/wp-all-import/models/model/record.php on line 78

2020-03-09T13:57:28+00:00 CRITICAL Uncaught Exception: Table 'plastic-crate.co.uk.wp_pmxi_images' doesn't exist in /data/wwwroot/www.plastic-crate.co.uk/wp-content/plugins/wp-all-import/models/model/record.php:78
Stack trace:
#0 /data/wwwroot/www.plastic-crate.co.uk/wp-content/plugins/wp-all-import/actions/add_attachment.php(22): PMXI_Model_Record->insert()
#1 /data/wwwroot/www.plastic-crate.co.uk/wp-includes/class-wp-hook.php(286): pmxi_add_attachment(29308)
#2 /data/wwwroot/www.plastic-crate.co.uk/wp-includes/class-wp-hook.php(310): WP_Hook->apply_filters('', Array)
#3 /data/wwwroot/www.plastic-crate.co.uk/wp-includes/plugin.php(453): WP_Hook->do_action(Array)
#4 /data/wwwroot/www.plastic-crate.co.uk/wp-includes/post.php(3694): do_action('add_attachment', 29308)
#5 /data/wwwroot/www.plastic-crate.co.uk/wp-includes/post.php(5082): wp_insert_post(Array, false)
#6 /data/wwwroot/www.plastic-crate.co.uk/wp-content/plugins/woocommerce/includes/class-wc-install.php(1190): wp_insert_attachment(Array, '/data/wwwroot/w...')
#7 /data/wwwroot/www.plasti in /data/wwwroot/www.plastic-crate.co.uk/wp-content/plugins/wp-all-import/models/model/record.php on line 78

2020-03-09T14:43:56+00:00 CRITICAL Uncaught Exception: Table 'plastic-crate.co.uk.wp_pmxi_images' doesn't exist in /data/wwwroot/www.plastic-crate.co.uk/wp-content/plugins/wp-all-import/models/model/record.php:78
Stack trace:
#0 /data/wwwroot/www.plastic-crate.co.uk/wp-content/plugins/wp-all-import/actions/add_attachment.php(22): PMXI_Model_Record->insert()
#1 /data/wwwroot/www.plastic-crate.co.uk/wp-includes/class-wp-hook.php(286): pmxi_add_attachment(29309)
#2 /data/wwwroot/www.plastic-crate.co.uk/wp-includes/class-wp-hook.php(310): WP_Hook->apply_filters('', Array)
#3 /data/wwwroot/www.plastic-crate.co.uk/wp-includes/plugin.php(453): WP_Hook->do_action(Array)
#4 /data/wwwroot/www.plastic-crate.co.uk/wp-includes/post.php(3694): do_action('add_attachment', 29309)
#5 /data/wwwroot/www.plastic-crate.co.uk/wp-includes/post.php(5082): wp_insert_post(Array, false)
#6 /data/wwwroot/www.plastic-crate.co.uk/wp-content/plugins/woocommerce/includes/class-wc-install.php(1190): wp_insert_attachment(Array, '/data/wwwroot/w...')
#7 /data/wwwroot/www.plasti in /data/wwwroot/www.plastic-crate.co.uk/wp-content/plugins/wp-all-import/models/model/record.php on line 78

2020-03-09T15:24:04+00:00 CRITICAL Uncaught Exception: Table 'plastic-crate.co.uk.wp_pmxi_images' doesn't exist in /data/wwwroot/www.plastic-crate.co.uk/wp-content/plugins/wp-all-import/models/model/record.php:78
Stack trace:
#0 /data/wwwroot/www.plastic-crate.co.uk/wp-content/plugins/wp-all-import/actions/add_attachment.php(22): PMXI_Model_Record->insert()
#1 /data/wwwroot/www.plastic-crate.co.uk/wp-includes/class-wp-hook.php(286): pmxi_add_attachment(29310)
#2 /data/wwwroot/www.plastic-crate.co.uk/wp-includes/class-wp-hook.php(310): WP_Hook->apply_filters('', Array)
#3 /data/wwwroot/www.plastic-crate.co.uk/wp-includes/plugin.php(453): WP_Hook->do_action(Array)
#4 /data/wwwroot/www.plastic-crate.co.uk/wp-includes/post.php(3694): do_action('add_attachment', 29310)
#5 /data/wwwroot/www.plastic-crate.co.uk/wp-includes/post.php(5082): wp_insert_post(Array, false)
#6 /data/wwwroot/www.plastic-crate.co.uk/wp-content/plugins/woocommerce/includes/class-wc-install.php(1190): wp_insert_attachment(Array, '/data/wwwroot/w...')
#7 /data/wwwroot/www.plasti in /data/wwwroot/www.plastic-crate.co.uk/wp-content/plugins/wp-all-import/models/model/record.php on line 78

2020-03-09T15:44:18+00:00 CRITICAL Uncaught Exception: Table 'plastic-crate.co.uk.wp_pmxi_images' doesn't exist in /data/wwwroot/www.plastic-crate.co.uk/wp-content/plugins/wp-all-import/models/model/record.php:78
Stack trace:
#0 /data/wwwroot/www.plastic-crate.co.uk/wp-content/plugins/wp-all-import/actions/add_attachment.php(22): PMXI_Model_Record->insert()
#1 /data/wwwroot/www.plastic-crate.co.uk/wp-includes/class-wp-hook.php(286): pmxi_add_attachment(29311)
#2 /data/wwwroot/www.plastic-crate.co.uk/wp-includes/class-wp-hook.php(310): WP_Hook->apply_filters('', Array)
#3 /data/wwwroot/www.plastic-crate.co.uk/wp-includes/plugin.php(453): WP_Hook->do_action(Array)
#4 /data/wwwroot/www.plastic-crate.co.uk/wp-includes/post.php(3694): do_action('add_attachment', 29311)
#5 /data/wwwroot/www.plastic-crate.co.uk/wp-includes/post.php(5082): wp_insert_post(Array, false)
#6 /data/wwwroot/www.plastic-crate.co.uk/wp-content/plugins/woocommerce/includes/class-wc-install.php(1190): wp_insert_attachment(Array, '/data/wwwroot/w...')
#7 /data/wwwroot/www.plasti in /data/wwwroot/www.plastic-crate.co.uk/wp-content/plugins/wp-all-import/models/model/record.php on line 78

2020-03-09T16:02:20+00:00 CRITICAL Uncaught Exception: Table 'plastic-crate.co.uk.wp_pmxi_images' doesn't exist in /data/wwwroot/www.plastic-crate.co.uk/wp-content/plugins/wp-all-import/models/model/record.php:78
Stack trace:
#0 /data/wwwroot/www.plastic-crate.co.uk/wp-content/plugins/wp-all-import/actions/add_attachment.php(22): PMXI_Model_Record->insert()
#1 /data/wwwroot/www.plastic-crate.co.uk/wp-includes/class-wp-hook.php(286): pmxi_add_attachment(29312)
#2 /data/wwwroot/www.plastic-crate.co.uk/wp-includes/class-wp-hook.php(310): WP_Hook->apply_filters('', Array)
#3 /data/wwwroot/www.plastic-crate.co.uk/wp-includes/plugin.php(453): WP_Hook->do_action(Array)
#4 /data/wwwroot/www.plastic-crate.co.uk/wp-includes/post.php(3694): do_action('add_attachment', 29312)
#5 /data/wwwroot/www.plastic-crate.co.uk/wp-includes/post.php(5082): wp_insert_post(Array, false)
#6 /data/wwwroot/www.plastic-crate.co.uk/wp-content/plugins/woocommerce/includes/class-wc-install.php(1190): wp_insert_attachment(Array, '/data/wwwroot/w...')
#7 /data/wwwroot/www.plasti in /data/wwwroot/www.plastic-crate.co.uk/wp-content/plugins/wp-all-import/models/model/record.php on line 78

2020-03-09T16:13:05+00:00 CRITICAL Uncaught Exception: Table 'plastic-crate.co.uk.wp_pmxi_images' doesn't exist in /data/wwwroot/www.plastic-crate.co.uk/wp-content/plugins/wp-all-import/models/model/record.php:78
Stack trace:
#0 /data/wwwroot/www.plastic-crate.co.uk/wp-content/plugins/wp-all-import/actions/add_attachment.php(22): PMXI_Model_Record->insert()
#1 /data/wwwroot/www.plastic-crate.co.uk/wp-includes/class-wp-hook.php(286): pmxi_add_attachment(29313)
#2 /data/wwwroot/www.plastic-crate.co.uk/wp-includes/class-wp-hook.php(310): WP_Hook->apply_filters('', Array)
#3 /data/wwwroot/www.plastic-crate.co.uk/wp-includes/plugin.php(453): WP_Hook->do_action(Array)
#4 /data/wwwroot/www.plastic-crate.co.uk/wp-includes/post.php(3694): do_action('add_attachment', 29313)
#5 /data/wwwroot/www.plastic-crate.co.uk/wp-includes/post.php(5082): wp_insert_post(Array, false)
#6 /data/wwwroot/www.plastic-crate.co.uk/wp-content/plugins/woocommerce/includes/class-wc-install.php(1190): wp_insert_attachment(Array, '/data/wwwroot/w...')
#7 /data/wwwroot/www.plasti in /data/wwwroot/www.plastic-crate.co.uk/wp-content/plugins/wp-all-import/models/model/record.php on line 78

2020-03-09T16:24:36+00:00 CRITICAL Uncaught Exception: Table 'plastic-crate.co.uk.wp_pmxi_images' doesn't exist in /data/wwwroot/www.plastic-crate.co.uk/wp-content/plugins/wp-all-import/models/model/record.php:78
Stack trace:
#0 /data/wwwroot/www.plastic-crate.co.uk/wp-content/plugins/wp-all-import/actions/add_attachment.php(22): PMXI_Model_Record->insert()
#1 /data/wwwroot/www.plastic-crate.co.uk/wp-includes/class-wp-hook.php(286): pmxi_add_attachment(29314)
#2 /data/wwwroot/www.plastic-crate.co.uk/wp-includes/class-wp-hook.php(310): WP_Hook->apply_filters('', Array)
#3 /data/wwwroot/www.plastic-crate.co.uk/wp-includes/plugin.php(453): WP_Hook->do_action(Array)
#4 /data/wwwroot/www.plastic-crate.co.uk/wp-includes/post.php(3694): do_action('add_attachment', 29314)
#5 /data/wwwroot/www.plastic-crate.co.uk/wp-includes/post.php(5082): wp_insert_post(Array, false)
#6 /data/wwwroot/www.plastic-crate.co.uk/wp-content/plugins/woocommerce/includes/class-wc-install.php(1190): wp_insert_attachment(Array, '/data/wwwroot/w...')
#7 /data/wwwroot/www.plasti in /data/wwwroot/www.plastic-crate.co.uk/wp-content/plugins/wp-all-import/models/model/record.php on line 78

2020-03-09T16:41:10+00:00 CRITICAL Uncaught Exception: Table 'plastic-crate.co.uk.wp_pmxi_images' doesn't exist in /data/wwwroot/www.plastic-crate.co.uk/wp-content/plugins/wp-all-import/models/model/record.php:78
Stack trace:
#0 /data/wwwroot/www.plastic-crate.co.uk/wp-content/plugins/wp-all-import/actions/add_attachment.php(22): PMXI_Model_Record->insert()
#1 /data/wwwroot/www.plastic-crate.co.uk/wp-includes/class-wp-hook.php(286): pmxi_add_attachment(29315)
#2 /data/wwwroot/www.plastic-crate.co.uk/wp-includes/class-wp-hook.php(310): WP_Hook->apply_filters('', Array)
#3 /data/wwwroot/www.plastic-crate.co.uk/wp-includes/plugin.php(453): WP_Hook->do_action(Array)
#4 /data/wwwroot/www.plastic-crate.co.uk/wp-includes/post.php(3694): do_action('add_attachment', 29315)
#5 /data/wwwroot/www.plastic-crate.co.uk/wp-includes/post.php(5082): wp_insert_post(Array, false)
#6 /data/wwwroot/www.plastic-crate.co.uk/wp-content/plugins/woocommerce/includes/class-wc-install.php(1190): wp_insert_attachment(Array, '/data/wwwroot/w...')
#7 /data/wwwroot/www.plasti in /data/wwwroot/www.plastic-crate.co.uk/wp-content/plugins/wp-all-import/models/model/record.php on line 78

2020-03-09T16:55:21+00:00 CRITICAL Uncaught Exception: Table 'plastic-crate.co.uk.wp_pmxi_images' doesn't exist in /data/wwwroot/www.plastic-crate.co.uk/wp-content/plugins/wp-all-import/models/model/record.php:78
Stack trace:
#0 /data/wwwroot/www.plastic-crate.co.uk/wp-content/plugins/wp-all-import/actions/add_attachment.php(22): PMXI_Model_Record->insert()
#1 /data/wwwroot/www.plastic-crate.co.uk/wp-includes/class-wp-hook.php(286): pmxi_add_attachment(29316)
#2 /data/wwwroot/www.plastic-crate.co.uk/wp-includes/class-wp-hook.php(310): WP_Hook->apply_filters('', Array)
#3 /data/wwwroot/www.plastic-crate.co.uk/wp-includes/plugin.php(453): WP_Hook->do_action(Array)
#4 /data/wwwroot/www.plastic-crate.co.uk/wp-includes/post.php(3694): do_action('add_attachment', 29316)
#5 /data/wwwroot/www.plastic-crate.co.uk/wp-includes/post.php(5082): wp_insert_post(Array, false)
#6 /data/wwwroot/www.plastic-crate.co.uk/wp-content/plugins/woocommerce/includes/class-wc-install.php(1190): wp_insert_attachment(Array, '/data/wwwroot/w...')
#7 /data/wwwroot/www.plasti in /data/wwwroot/www.plastic-crate.co.uk/wp-content/plugins/wp-all-import/models/model/record.php on line 78

2020-03-09T17:05:34+00:00 CRITICAL Uncaught Exception: Table 'plastic-crate.co.uk.wp_pmxi_images' doesn't exist in /data/wwwroot/www.plastic-crate.co.uk/wp-content/plugins/wp-all-import/models/model/record.php:78
Stack trace:
#0 /data/wwwroot/www.plastic-crate.co.uk/wp-content/plugins/wp-all-import/actions/add_attachment.php(22): PMXI_Model_Record->insert()
#1 /data/wwwroot/www.plastic-crate.co.uk/wp-includes/class-wp-hook.php(286): pmxi_add_attachment(29317)
#2 /data/wwwroot/www.plastic-crate.co.uk/wp-includes/class-wp-hook.php(310): WP_Hook->apply_filters('', Array)
#3 /data/wwwroot/www.plastic-crate.co.uk/wp-includes/plugin.php(453): WP_Hook->do_action(Array)
#4 /data/wwwroot/www.plastic-crate.co.uk/wp-includes/post.php(3694): do_action('add_attachment', 29317)
#5 /data/wwwroot/www.plastic-crate.co.uk/wp-includes/post.php(5082): wp_insert_post(Array, false)
#6 /data/wwwroot/www.plastic-crate.co.uk/wp-content/plugins/woocommerce/includes/class-wc-install.php(1190): wp_insert_attachment(Array, '/data/wwwroot/w...')
#7 /data/wwwroot/www.plasti in /data/wwwroot/www.plastic-crate.co.uk/wp-content/plugins/wp-all-import/models/model/record.php on line 78

2020-03-09T17:20:42+00:00 CRITICAL Uncaught Exception: Table 'plastic-crate.co.uk.wp_pmxi_images' doesn't exist in /data/wwwroot/www.plastic-crate.co.uk/wp-content/plugins/wp-all-import/models/model/record.php:78
Stack trace:
#0 /data/wwwroot/www.plastic-crate.co.uk/wp-content/plugins/wp-all-import/actions/add_attachment.php(22): PMXI_Model_Record->insert()
#1 /data/wwwroot/www.plastic-crate.co.uk/wp-includes/class-wp-hook.php(286): pmxi_add_attachment(29318)
#2 /data/wwwroot/www.plastic-crate.co.uk/wp-includes/class-wp-hook.php(310): WP_Hook->apply_filters('', Array)
#3 /data/wwwroot/www.plastic-crate.co.uk/wp-includes/plugin.php(453): WP_Hook->do_action(Array)
#4 /data/wwwroot/www.plastic-crate.co.uk/wp-includes/post.php(3694): do_action('add_attachment', 29318)
#5 /data/wwwroot/www.plastic-crate.co.uk/wp-includes/post.php(5082): wp_insert_post(Array, false)
#6 /data/wwwroot/www.plastic-crate.co.uk/wp-content/plugins/woocommerce/includes/class-wc-install.php(1190): wp_insert_attachment(Array, '/data/wwwroot/w...')
#7 /data/wwwroot/www.plasti in /data/wwwroot/www.plastic-crate.co.uk/wp-content/plugins/wp-all-import/models/model/record.php on line 78

2020-03-09T17:32:18+00:00 CRITICAL Uncaught Exception: Table 'plastic-crate.co.uk.wp_pmxi_images' doesn't exist in /data/wwwroot/www.plastic-crate.co.uk/wp-content/plugins/wp-all-import/models/model/record.php:78
Stack trace:
#0 /data/wwwroot/www.plastic-crate.co.uk/wp-content/plugins/wp-all-import/actions/add_attachment.php(22): PMXI_Model_Record->insert()
#1 /data/wwwroot/www.plastic-crate.co.uk/wp-includes/class-wp-hook.php(286): pmxi_add_attachment(29319)
#2 /data/wwwroot/www.plastic-crate.co.uk/wp-includes/class-wp-hook.php(310): WP_Hook->apply_filters('', Array)
#3 /data/wwwroot/www.plastic-crate.co.uk/wp-includes/plugin.php(453): WP_Hook->do_action(Array)
#4 /data/wwwroot/www.plastic-crate.co.uk/wp-includes/post.php(3694): do_action('add_attachment', 29319)
#5 /data/wwwroot/www.plastic-crate.co.uk/wp-includes/post.php(5082): wp_insert_post(Array, false)
#6 /data/wwwroot/www.plastic-crate.co.uk/wp-content/plugins/woocommerce/includes/class-wc-install.php(1190): wp_insert_attachment(Array, '/data/wwwroot/w...')
#7 /data/wwwroot/www.plasti in /data/wwwroot/www.plastic-crate.co.uk/wp-content/plugins/wp-all-import/models/model/record.php on line 78

2020-03-09T17:47:20+00:00 CRITICAL Uncaught Exception: Table 'plastic-crate.co.uk.wp_pmxi_images' doesn't exist in /data/wwwroot/www.plastic-crate.co.uk/wp-content/plugins/wp-all-import/models/model/record.php:78
Stack trace:
#0 /data/wwwroot/www.plastic-crate.co.uk/wp-content/plugins/wp-all-import/actions/add_attachment.php(22): PMXI_Model_Record->insert()
#1 /data/wwwroot/www.plastic-crate.co.uk/wp-includes/class-wp-hook.php(286): pmxi_add_attachment(29320)
#2 /data/wwwroot/www.plastic-crate.co.uk/wp-includes/class-wp-hook.php(310): WP_Hook->apply_filters('', Array)
#3 /data/wwwroot/www.plastic-crate.co.uk/wp-includes/plugin.php(453): WP_Hook->do_action(Array)
#4 /data/wwwroot/www.plastic-crate.co.uk/wp-includes/post.php(3694): do_action('add_attachment', 29320)
#5 /data/wwwroot/www.plastic-crate.co.uk/wp-includes/post.php(5082): wp_insert_post(Array, false)
#6 /data/wwwroot/www.plastic-crate.co.uk/wp-content/plugins/woocommerce/includes/class-wc-install.php(1190): wp_insert_attachment(Array, '/data/wwwroot/w...')
#7 /data/wwwroot/www.plasti in /data/wwwroot/www.plastic-crate.co.uk/wp-content/plugins/wp-all-import/models/model/record.php on line 78

2020-03-09T18:08:28+00:00 CRITICAL Uncaught Exception: Table 'plastic-crate.co.uk.wp_pmxi_images' doesn't exist in /data/wwwroot/www.plastic-crate.co.uk/wp-content/plugins/wp-all-import/models/model/record.php:78
Stack trace:
#0 /data/wwwroot/www.plastic-crate.co.uk/wp-content/plugins/wp-all-import/actions/add_attachment.php(22): PMXI_Model_Record->insert()
#1 /data/wwwroot/www.plastic-crate.co.uk/wp-includes/class-wp-hook.php(286): pmxi_add_attachment(29321)
#2 /data/wwwroot/www.plastic-crate.co.uk/wp-includes/class-wp-hook.php(310): WP_Hook->apply_filters('', Array)
#3 /data/wwwroot/www.plastic-crate.co.uk/wp-includes/plugin.php(453): WP_Hook->do_action(Array)
#4 /data/wwwroot/www.plastic-crate.co.uk/wp-includes/post.php(3694): do_action('add_attachment', 29321)
#5 /data/wwwroot/www.plastic-crate.co.uk/wp-includes/post.php(5082): wp_insert_post(Array, false)
#6 /data/wwwroot/www.plastic-crate.co.uk/wp-content/plugins/woocommerce/includes/class-wc-install.php(1190): wp_insert_attachment(Array, '/data/wwwroot/w...')
#7 /data/wwwroot/www.plasti in /data/wwwroot/www.plastic-crate.co.uk/wp-content/plugins/wp-all-import/models/model/record.php on line 78

2020-03-09T18:22:06+00:00 CRITICAL Uncaught Exception: Table 'plastic-crate.co.uk.wp_pmxi_images' doesn't exist in /data/wwwroot/www.plastic-crate.co.uk/wp-content/plugins/wp-all-import/models/model/record.php:78
Stack trace:
#0 /data/wwwroot/www.plastic-crate.co.uk/wp-content/plugins/wp-all-import/actions/add_attachment.php(22): PMXI_Model_Record->insert()
#1 /data/wwwroot/www.plastic-crate.co.uk/wp-includes/class-wp-hook.php(286): pmxi_add_attachment(29322)
#2 /data/wwwroot/www.plastic-crate.co.uk/wp-includes/class-wp-hook.php(310): WP_Hook->apply_filters('', Array)
#3 /data/wwwroot/www.plastic-crate.co.uk/wp-includes/plugin.php(453): WP_Hook->do_action(Array)
#4 /data/wwwroot/www.plastic-crate.co.uk/wp-includes/post.php(3694): do_action('add_attachment', 29322)
#5 /data/wwwroot/www.plastic-crate.co.uk/wp-includes/post.php(5082): wp_insert_post(Array, false)
#6 /data/wwwroot/www.plastic-crate.co.uk/wp-content/plugins/woocommerce/includes/class-wc-install.php(1190): wp_insert_attachment(Array, '/data/wwwroot/w...')
#7 /data/wwwroot/www.plasti in /data/wwwroot/www.plastic-crate.co.uk/wp-content/plugins/wp-all-import/models/model/record.php on line 78

2020-03-09T18:32:31+00:00 CRITICAL Uncaught Exception: Table 'plastic-crate.co.uk.wp_pmxi_images' doesn't exist in /data/wwwroot/www.plastic-crate.co.uk/wp-content/plugins/wp-all-import/models/model/record.php:78
Stack trace:
#0 /data/wwwroot/www.plastic-crate.co.uk/wp-content/plugins/wp-all-import/actions/add_attachment.php(22): PMXI_Model_Record->insert()
#1 /data/wwwroot/www.plastic-crate.co.uk/wp-includes/class-wp-hook.php(286): pmxi_add_attachment(29323)
#2 /data/wwwroot/www.plastic-crate.co.uk/wp-includes/class-wp-hook.php(310): WP_Hook->apply_filters('', Array)
#3 /data/wwwroot/www.plastic-crate.co.uk/wp-includes/plugin.php(453): WP_Hook->do_action(Array)
#4 /data/wwwroot/www.plastic-crate.co.uk/wp-includes/post.php(3694): do_action('add_attachment', 29323)
#5 /data/wwwroot/www.plastic-crate.co.uk/wp-includes/post.php(5082): wp_insert_post(Array, false)
#6 /data/wwwroot/www.plastic-crate.co.uk/wp-content/plugins/woocommerce/includes/class-wc-install.php(1190): wp_insert_attachment(Array, '/data/wwwroot/w...')
#7 /data/wwwroot/www.plasti in /data/wwwroot/www.plastic-crate.co.uk/wp-content/plugins/wp-all-import/models/model/record.php on line 78

2020-03-09T19:00:25+00:00 CRITICAL Uncaught Exception: Table 'plastic-crate.co.uk.wp_pmxi_images' doesn't exist in /data/wwwroot/www.plastic-crate.co.uk/wp-content/plugins/wp-all-import/models/model/record.php:78
Stack trace:
#0 /data/wwwroot/www.plastic-crate.co.uk/wp-content/plugins/wp-all-import/actions/add_attachment.php(22): PMXI_Model_Record->insert()
#1 /data/wwwroot/www.plastic-crate.co.uk/wp-includes/class-wp-hook.php(286): pmxi_add_attachment(29324)
#2 /data/wwwroot/www.plastic-crate.co.uk/wp-includes/class-wp-hook.php(310): WP_Hook->apply_filters('', Array)
#3 /data/wwwroot/www.plastic-crate.co.uk/wp-includes/plugin.php(453): WP_Hook->do_action(Array)
#4 /data/wwwroot/www.plastic-crate.co.uk/wp-includes/post.php(3694): do_action('add_attachment', 29324)
#5 /data/wwwroot/www.plastic-crate.co.uk/wp-includes/post.php(5082): wp_insert_post(Array, false)
#6 /data/wwwroot/www.plastic-crate.co.uk/wp-content/plugins/woocommerce/includes/class-wc-install.php(1190): wp_insert_attachment(Array, '/data/wwwroot/w...')
#7 /data/wwwroot/www.plasti in /data/wwwroot/www.plastic-crate.co.uk/wp-content/plugins/wp-all-import/models/model/record.php on line 78

2020-03-09T19:12:28+00:00 CRITICAL Uncaught Exception: Table 'plastic-crate.co.uk.wp_pmxi_images' doesn't exist in /data/wwwroot/www.plastic-crate.co.uk/wp-content/plugins/wp-all-import/models/model/record.php:78
Stack trace:
#0 /data/wwwroot/www.plastic-crate.co.uk/wp-content/plugins/wp-all-import/actions/add_attachment.php(22): PMXI_Model_Record->insert()
#1 /data/wwwroot/www.plastic-crate.co.uk/wp-includes/class-wp-hook.php(286): pmxi_add_attachment(29325)
#2 /data/wwwroot/www.plastic-crate.co.uk/wp-includes/class-wp-hook.php(310): WP_Hook->apply_filters('', Array)
#3 /data/wwwroot/www.plastic-crate.co.uk/wp-includes/plugin.php(453): WP_Hook->do_action(Array)
#4 /data/wwwroot/www.plastic-crate.co.uk/wp-includes/post.php(3694): do_action('add_attachment', 29325)
#5 /data/wwwroot/www.plastic-crate.co.uk/wp-includes/post.php(5082): wp_insert_post(Array, false)
#6 /data/wwwroot/www.plastic-crate.co.uk/wp-content/plugins/woocommerce/includes/class-wc-install.php(1190): wp_insert_attachment(Array, '/data/wwwroot/w...')
#7 /data/wwwroot/www.plasti in /data/wwwroot/www.plastic-crate.co.uk/wp-content/plugins/wp-all-import/models/model/record.php on line 78

2020-03-09T19:39:44+00:00 CRITICAL Uncaught Exception: Table 'plastic-crate.co.uk.wp_pmxi_images' doesn't exist in /data/wwwroot/www.plastic-crate.co.uk/wp-content/plugins/wp-all-import/models/model/record.php:78
Stack trace:
#0 /data/wwwroot/www.plastic-crate.co.uk/wp-content/plugins/wp-all-import/actions/add_attachment.php(22): PMXI_Model_Record->insert()
#1 /data/wwwroot/www.plastic-crate.co.uk/wp-includes/class-wp-hook.php(286): pmxi_add_attachment(29326)
#2 /data/wwwroot/www.plastic-crate.co.uk/wp-includes/class-wp-hook.php(310): WP_Hook->apply_filters('', Array)
#3 /data/wwwroot/www.plastic-crate.co.uk/wp-includes/plugin.php(453): WP_Hook->do_action(Array)
#4 /data/wwwroot/www.plastic-crate.co.uk/wp-includes/post.php(3694): do_action('add_attachment', 29326)
#5 /data/wwwroot/www.plastic-crate.co.uk/wp-includes/post.php(5082): wp_insert_post(Array, false)
#6 /data/wwwroot/www.plastic-crate.co.uk/wp-content/plugins/woocommerce/includes/class-wc-install.php(1190): wp_insert_attachment(Array, '/data/wwwroot/w...')
#7 /data/wwwroot/www.plasti in /data/wwwroot/www.plastic-crate.co.uk/wp-content/plugins/wp-all-import/models/model/record.php on line 78

2020-03-09T19:58:17+00:00 CRITICAL Uncaught Exception: Table 'plastic-crate.co.uk.wp_pmxi_images' doesn't exist in /data/wwwroot/www.plastic-crate.co.uk/wp-content/plugins/wp-all-import/models/model/record.php:78
Stack trace:
#0 /data/wwwroot/www.plastic-crate.co.uk/wp-content/plugins/wp-all-import/actions/add_attachment.php(22): PMXI_Model_Record->insert()
#1 /data/wwwroot/www.plastic-crate.co.uk/wp-includes/class-wp-hook.php(286): pmxi_add_attachment(29327)
#2 /data/wwwroot/www.plastic-crate.co.uk/wp-includes/class-wp-hook.php(310): WP_Hook->apply_filters('', Array)
#3 /data/wwwroot/www.plastic-crate.co.uk/wp-includes/plugin.php(453): WP_Hook->do_action(Array)
#4 /data/wwwroot/www.plastic-crate.co.uk/wp-includes/post.php(3694): do_action('add_attachment', 29327)
#5 /data/wwwroot/www.plastic-crate.co.uk/wp-includes/post.php(5082): wp_insert_post(Array, false)
#6 /data/wwwroot/www.plastic-crate.co.uk/wp-content/plugins/woocommerce/includes/class-wc-install.php(1190): wp_insert_attachment(Array, '/data/wwwroot/w...')
#7 /data/wwwroot/www.plasti in /data/wwwroot/www.plastic-crate.co.uk/wp-content/plugins/wp-all-import/models/model/record.php on line 78

2020-03-09T20:14:52+00:00 CRITICAL Uncaught Exception: Table 'plastic-crate.co.uk.wp_pmxi_images' doesn't exist in /data/wwwroot/www.plastic-crate.co.uk/wp-content/plugins/wp-all-import/models/model/record.php:78
Stack trace:
#0 /data/wwwroot/www.plastic-crate.co.uk/wp-content/plugins/wp-all-import/actions/add_attachment.php(22): PMXI_Model_Record->insert()
#1 /data/wwwroot/www.plastic-crate.co.uk/wp-includes/class-wp-hook.php(286): pmxi_add_attachment(29328)
#2 /data/wwwroot/www.plastic-crate.co.uk/wp-includes/class-wp-hook.php(310): WP_Hook->apply_filters('', Array)
#3 /data/wwwroot/www.plastic-crate.co.uk/wp-includes/plugin.php(453): WP_Hook->do_action(Array)
#4 /data/wwwroot/www.plastic-crate.co.uk/wp-includes/post.php(3694): do_action('add_attachment', 29328)
#5 /data/wwwroot/www.plastic-crate.co.uk/wp-includes/post.php(5082): wp_insert_post(Array, false)
#6 /data/wwwroot/www.plastic-crate.co.uk/wp-content/plugins/woocommerce/includes/class-wc-install.php(1190): wp_insert_attachment(Array, '/data/wwwroot/w...')
#7 /data/wwwroot/www.plasti in /data/wwwroot/www.plastic-crate.co.uk/wp-content/plugins/wp-all-import/models/model/record.php on line 78

2020-03-09T20:26:27+00:00 CRITICAL Uncaught Exception: Table 'plastic-crate.co.uk.wp_pmxi_images' doesn't exist in /data/wwwroot/www.plastic-crate.co.uk/wp-content/plugins/wp-all-import/models/model/record.php:78
Stack trace:
#0 /data/wwwroot/www.plastic-crate.co.uk/wp-content/plugins/wp-all-import/actions/add_attachment.php(22): PMXI_Model_Record->insert()
#1 /data/wwwroot/www.plastic-crate.co.uk/wp-includes/class-wp-hook.php(286): pmxi_add_attachment(29329)
#2 /data/wwwroot/www.plastic-crate.co.uk/wp-includes/class-wp-hook.php(310): WP_Hook->apply_filters('', Array)
#3 /data/wwwroot/www.plastic-crate.co.uk/wp-includes/plugin.php(453): WP_Hook->do_action(Array)
#4 /data/wwwroot/www.plastic-crate.co.uk/wp-includes/post.php(3694): do_action('add_attachment', 29329)
#5 /data/wwwroot/www.plastic-crate.co.uk/wp-includes/post.php(5082): wp_insert_post(Array, false)
#6 /data/wwwroot/www.plastic-crate.co.uk/wp-content/plugins/woocommerce/includes/class-wc-install.php(1190): wp_insert_attachment(Array, '/data/wwwroot/w...')
#7 /data/wwwroot/www.plasti in /data/wwwroot/www.plastic-crate.co.uk/wp-content/plugins/wp-all-import/models/model/record.php on line 78

2020-03-09T20:46:03+00:00 CRITICAL Uncaught Exception: Table 'plastic-crate.co.uk.wp_pmxi_images' doesn't exist in /data/wwwroot/www.plastic-crate.co.uk/wp-content/plugins/wp-all-import/models/model/record.php:78
Stack trace:
#0 /data/wwwroot/www.plastic-crate.co.uk/wp-content/plugins/wp-all-import/actions/add_attachment.php(22): PMXI_Model_Record->insert()
#1 /data/wwwroot/www.plastic-crate.co.uk/wp-includes/class-wp-hook.php(286): pmxi_add_attachment(29330)
#2 /data/wwwroot/www.plastic-crate.co.uk/wp-includes/class-wp-hook.php(310): WP_Hook->apply_filters('', Array)
#3 /data/wwwroot/www.plastic-crate.co.uk/wp-includes/plugin.php(453): WP_Hook->do_action(Array)
#4 /data/wwwroot/www.plastic-crate.co.uk/wp-includes/post.php(3694): do_action('add_attachment', 29330)
#5 /data/wwwroot/www.plastic-crate.co.uk/wp-includes/post.php(5082): wp_insert_post(Array, false)
#6 /data/wwwroot/www.plastic-crate.co.uk/wp-content/plugins/woocommerce/includes/class-wc-install.php(1190): wp_insert_attachment(Array, '/data/wwwroot/w...')
#7 /data/wwwroot/www.plasti in /data/wwwroot/www.plastic-crate.co.uk/wp-content/plugins/wp-all-import/models/model/record.php on line 78

2020-03-09T21:01:52+00:00 CRITICAL Uncaught Exception: Table 'plastic-crate.co.uk.wp_pmxi_images' doesn't exist in /data/wwwroot/www.plastic-crate.co.uk/wp-content/plugins/wp-all-import/models/model/record.php:78
Stack trace:
#0 /data/wwwroot/www.plastic-crate.co.uk/wp-content/plugins/wp-all-import/actions/add_attachment.php(22): PMXI_Model_Record->insert()
#1 /data/wwwroot/www.plastic-crate.co.uk/wp-includes/class-wp-hook.php(286): pmxi_add_attachment(29331)
#2 /data/wwwroot/www.plastic-crate.co.uk/wp-includes/class-wp-hook.php(310): WP_Hook->apply_filters('', Array)
#3 /data/wwwroot/www.plastic-crate.co.uk/wp-includes/plugin.php(453): WP_Hook->do_action(Array)
#4 /data/wwwroot/www.plastic-crate.co.uk/wp-includes/post.php(3694): do_action('add_attachment', 29331)
#5 /data/wwwroot/www.plastic-crate.co.uk/wp-includes/post.php(5082): wp_insert_post(Array, false)
#6 /data/wwwroot/www.plastic-crate.co.uk/wp-content/plugins/woocommerce/includes/class-wc-install.php(1190): wp_insert_attachment(Array, '/data/wwwroot/w...')
#7 /data/wwwroot/www.plasti in /data/wwwroot/www.plastic-crate.co.uk/wp-content/plugins/wp-all-import/models/model/record.php on line 78

2020-03-09T21:29:18+00:00 CRITICAL Uncaught Exception: Table 'plastic-crate.co.uk.wp_pmxi_images' doesn't exist in /data/wwwroot/www.plastic-crate.co.uk/wp-content/plugins/wp-all-import/models/model/record.php:78
Stack trace:
#0 /data/wwwroot/www.plastic-crate.co.uk/wp-content/plugins/wp-all-import/actions/add_attachment.php(22): PMXI_Model_Record->insert()
#1 /data/wwwroot/www.plastic-crate.co.uk/wp-includes/class-wp-hook.php(286): pmxi_add_attachment(29332)
#2 /data/wwwroot/www.plastic-crate.co.uk/wp-includes/class-wp-hook.php(310): WP_Hook->apply_filters('', Array)
#3 /data/wwwroot/www.plastic-crate.co.uk/wp-includes/plugin.php(453): WP_Hook->do_action(Array)
#4 /data/wwwroot/www.plastic-crate.co.uk/wp-includes/post.php(3694): do_action('add_attachment', 29332)
#5 /data/wwwroot/www.plastic-crate.co.uk/wp-includes/post.php(5082): wp_insert_post(Array, false)
#6 /data/wwwroot/www.plastic-crate.co.uk/wp-content/plugins/woocommerce/includes/class-wc-install.php(1190): wp_insert_attachment(Array, '/data/wwwroot/w...')
#7 /data/wwwroot/www.plasti in /data/wwwroot/www.plastic-crate.co.uk/wp-content/plugins/wp-all-import/models/model/record.php on line 78

2020-03-09T21:51:36+00:00 CRITICAL Uncaught Exception: Table 'plastic-crate.co.uk.wp_pmxi_images' doesn't exist in /data/wwwroot/www.plastic-crate.co.uk/wp-content/plugins/wp-all-import/models/model/record.php:78
Stack trace:
#0 /data/wwwroot/www.plastic-crate.co.uk/wp-content/plugins/wp-all-import/actions/add_attachment.php(22): PMXI_Model_Record->insert()
#1 /data/wwwroot/www.plastic-crate.co.uk/wp-includes/class-wp-hook.php(286): pmxi_add_attachment(29333)
#2 /data/wwwroot/www.plastic-crate.co.uk/wp-includes/class-wp-hook.php(310): WP_Hook->apply_filters('', Array)
#3 /data/wwwroot/www.plastic-crate.co.uk/wp-includes/plugin.php(453): WP_Hook->do_action(Array)
#4 /data/wwwroot/www.plastic-crate.co.uk/wp-includes/post.php(3694): do_action('add_attachment', 29333)
#5 /data/wwwroot/www.plastic-crate.co.uk/wp-includes/post.php(5082): wp_insert_post(Array, false)
#6 /data/wwwroot/www.plastic-crate.co.uk/wp-content/plugins/woocommerce/includes/class-wc-install.php(1190): wp_insert_attachment(Array, '/data/wwwroot/w...')
#7 /data/wwwroot/www.plasti in /data/wwwroot/www.plastic-crate.co.uk/wp-content/plugins/wp-all-import/models/model/record.php on line 78

2020-03-09T22:11:11+00:00 CRITICAL Uncaught Exception: Table 'plastic-crate.co.uk.wp_pmxi_images' doesn't exist in /data/wwwroot/www.plastic-crate.co.uk/wp-content/plugins/wp-all-import/models/model/record.php:78
Stack trace:
#0 /data/wwwroot/www.plastic-crate.co.uk/wp-content/plugins/wp-all-import/actions/add_attachment.php(22): PMXI_Model_Record->insert()
#1 /data/wwwroot/www.plastic-crate.co.uk/wp-includes/class-wp-hook.php(286): pmxi_add_attachment(29334)
#2 /data/wwwroot/www.plastic-crate.co.uk/wp-includes/class-wp-hook.php(310): WP_Hook->apply_filters('', Array)
#3 /data/wwwroot/www.plastic-crate.co.uk/wp-includes/plugin.php(453): WP_Hook->do_action(Array)
#4 /data/wwwroot/www.plastic-crate.co.uk/wp-includes/post.php(3694): do_action('add_attachment', 29334)
#5 /data/wwwroot/www.plastic-crate.co.uk/wp-includes/post.php(5082): wp_insert_post(Array, false)
#6 /data/wwwroot/www.plastic-crate.co.uk/wp-content/plugins/woocommerce/includes/class-wc-install.php(1190): wp_insert_attachment(Array, '/data/wwwroot/w...')
#7 /data/wwwroot/www.plasti in /data/wwwroot/www.plastic-crate.co.uk/wp-content/plugins/wp-all-import/models/model/record.php on line 78

2020-03-09T22:26:49+00:00 CRITICAL Uncaught Exception: Table 'plastic-crate.co.uk.wp_pmxi_images' doesn't exist in /data/wwwroot/www.plastic-crate.co.uk/wp-content/plugins/wp-all-import/models/model/record.php:78
Stack trace:
#0 /data/wwwroot/www.plastic-crate.co.uk/wp-content/plugins/wp-all-import/actions/add_attachment.php(22): PMXI_Model_Record->insert()
#1 /data/wwwroot/www.plastic-crate.co.uk/wp-includes/class-wp-hook.php(286): pmxi_add_attachment(29335)
#2 /data/wwwroot/www.plastic-crate.co.uk/wp-includes/class-wp-hook.php(310): WP_Hook->apply_filters('', Array)
#3 /data/wwwroot/www.plastic-crate.co.uk/wp-includes/plugin.php(453): WP_Hook->do_action(Array)
#4 /data/wwwroot/www.plastic-crate.co.uk/wp-includes/post.php(3694): do_action('add_attachment', 29335)
#5 /data/wwwroot/www.plastic-crate.co.uk/wp-includes/post.php(5082): wp_insert_post(Array, false)
#6 /data/wwwroot/www.plastic-crate.co.uk/wp-content/plugins/woocommerce/includes/class-wc-install.php(1190): wp_insert_attachment(Array, '/data/wwwroot/w...')
#7 /data/wwwroot/www.plasti in /data/wwwroot/www.plastic-crate.co.uk/wp-content/plugins/wp-all-import/models/model/record.php on line 78

2020-03-09T22:39:08+00:00 CRITICAL Uncaught Exception: Table 'plastic-crate.co.uk.wp_pmxi_images' doesn't exist in /data/wwwroot/www.plastic-crate.co.uk/wp-content/plugins/wp-all-import/models/model/record.php:78
Stack trace:
#0 /data/wwwroot/www.plastic-crate.co.uk/wp-content/plugins/wp-all-import/actions/add_attachment.php(22): PMXI_Model_Record->insert()
#1 /data/wwwroot/www.plastic-crate.co.uk/wp-includes/class-wp-hook.php(286): pmxi_add_attachment(29336)
#2 /data/wwwroot/www.plastic-crate.co.uk/wp-includes/class-wp-hook.php(310): WP_Hook->apply_filters('', Array)
#3 /data/wwwroot/www.plastic-crate.co.uk/wp-includes/plugin.php(453): WP_Hook->do_action(Array)
#4 /data/wwwroot/www.plastic-crate.co.uk/wp-includes/post.php(3694): do_action('add_attachment', 29336)
#5 /data/wwwroot/www.plastic-crate.co.uk/wp-includes/post.php(5082): wp_insert_post(Array, false)
#6 /data/wwwroot/www.plastic-crate.co.uk/wp-content/plugins/woocommerce/includes/class-wc-install.php(1190): wp_insert_attachment(Array, '/data/wwwroot/w...')
#7 /data/wwwroot/www.plasti in /data/wwwroot/www.plastic-crate.co.uk/wp-content/plugins/wp-all-import/models/model/record.php on line 78

2020-03-09T22:51:20+00:00 CRITICAL Uncaught Exception: Table 'plastic-crate.co.uk.wp_pmxi_images' doesn't exist in /data/wwwroot/www.plastic-crate.co.uk/wp-content/plugins/wp-all-import/models/model/record.php:78
Stack trace:
#0 /data/wwwroot/www.plastic-crate.co.uk/wp-content/plugins/wp-all-import/actions/add_attachment.php(22): PMXI_Model_Record->insert()
#1 /data/wwwroot/www.plastic-crate.co.uk/wp-includes/class-wp-hook.php(286): pmxi_add_attachment(29337)
#2 /data/wwwroot/www.plastic-crate.co.uk/wp-includes/class-wp-hook.php(310): WP_Hook->apply_filters('', Array)
#3 /data/wwwroot/www.plastic-crate.co.uk/wp-includes/plugin.php(453): WP_Hook->do_action(Array)
#4 /data/wwwroot/www.plastic-crate.co.uk/wp-includes/post.php(3694): do_action('add_attachment', 29337)
#5 /data/wwwroot/www.plastic-crate.co.uk/wp-includes/post.php(5082): wp_insert_post(Array, false)
#6 /data/wwwroot/www.plastic-crate.co.uk/wp-content/plugins/woocommerce/includes/class-wc-install.php(1190): wp_insert_attachment(Array, '/data/wwwroot/w...')
#7 /data/wwwroot/www.plasti in /data/wwwroot/www.plastic-crate.co.uk/wp-content/plugins/wp-all-import/models/model/record.php on line 78

2020-03-09T23:02:36+00:00 CRITICAL Uncaught Exception: Table 'plastic-crate.co.uk.wp_pmxi_images' doesn't exist in /data/wwwroot/www.plastic-crate.co.uk/wp-content/plugins/wp-all-import/models/model/record.php:78
Stack trace:
#0 /data/wwwroot/www.plastic-crate.co.uk/wp-content/plugins/wp-all-import/actions/add_attachment.php(22): PMXI_Model_Record->insert()
#1 /data/wwwroot/www.plastic-crate.co.uk/wp-includes/class-wp-hook.php(286): pmxi_add_attachment(29338)
#2 /data/wwwroot/www.plastic-crate.co.uk/wp-includes/class-wp-hook.php(310): WP_Hook->apply_filters('', Array)
#3 /data/wwwroot/www.plastic-crate.co.uk/wp-includes/plugin.php(453): WP_Hook->do_action(Array)
#4 /data/wwwroot/www.plastic-crate.co.uk/wp-includes/post.php(3694): do_action('add_attachment', 29338)
#5 /data/wwwroot/www.plastic-crate.co.uk/wp-includes/post.php(5082): wp_insert_post(Array, false)
#6 /data/wwwroot/www.plastic-crate.co.uk/wp-content/plugins/woocommerce/includes/class-wc-install.php(1190): wp_insert_attachment(Array, '/data/wwwroot/w...')
#7 /data/wwwroot/www.plasti in /data/wwwroot/www.plastic-crate.co.uk/wp-content/plugins/wp-all-import/models/model/record.php on line 78

2020-03-09T23:15:40+00:00 CRITICAL Uncaught Exception: Table 'plastic-crate.co.uk.wp_pmxi_images' doesn't exist in /data/wwwroot/www.plastic-crate.co.uk/wp-content/plugins/wp-all-import/models/model/record.php:78
Stack trace:
#0 /data/wwwroot/www.plastic-crate.co.uk/wp-content/plugins/wp-all-import/actions/add_attachment.php(22): PMXI_Model_Record->insert()
#1 /data/wwwroot/www.plastic-crate.co.uk/wp-includes/class-wp-hook.php(286): pmxi_add_attachment(29339)
#2 /data/wwwroot/www.plastic-crate.co.uk/wp-includes/class-wp-hook.php(310): WP_Hook->apply_filters('', Array)
#3 /data/wwwroot/www.plastic-crate.co.uk/wp-includes/plugin.php(453): WP_Hook->do_action(Array)
#4 /data/wwwroot/www.plastic-crate.co.uk/wp-includes/post.php(3694): do_action('add_attachment', 29339)
#5 /data/wwwroot/www.plastic-crate.co.uk/wp-includes/post.php(5082): wp_insert_post(Array, false)
#6 /data/wwwroot/www.plastic-crate.co.uk/wp-content/plugins/woocommerce/includes/class-wc-install.php(1190): wp_insert_attachment(Array, '/data/wwwroot/w...')
#7 /data/wwwroot/www.plasti in /data/wwwroot/www.plastic-crate.co.uk/wp-content/plugins/wp-all-import/models/model/record.php on line 78

2020-03-09T23:26:20+00:00 CRITICAL Uncaught Exception: Table 'plastic-crate.co.uk.wp_pmxi_images' doesn't exist in /data/wwwroot/www.plastic-crate.co.uk/wp-content/plugins/wp-all-import/models/model/record.php:78
Stack trace:
#0 /data/wwwroot/www.plastic-crate.co.uk/wp-content/plugins/wp-all-import/actions/add_attachment.php(22): PMXI_Model_Record->insert()
#1 /data/wwwroot/www.plastic-crate.co.uk/wp-includes/class-wp-hook.php(286): pmxi_add_attachment(29340)
#2 /data/wwwroot/www.plastic-crate.co.uk/wp-includes/class-wp-hook.php(310): WP_Hook->apply_filters('', Array)
#3 /data/wwwroot/www.plastic-crate.co.uk/wp-includes/plugin.php(453): WP_Hook->do_action(Array)
#4 /data/wwwroot/www.plastic-crate.co.uk/wp-includes/post.php(3694): do_action('add_attachment', 29340)
#5 /data/wwwroot/www.plastic-crate.co.uk/wp-includes/post.php(5082): wp_insert_post(Array, false)
#6 /data/wwwroot/www.plastic-crate.co.uk/wp-content/plugins/woocommerce/includes/class-wc-install.php(1190): wp_insert_attachment(Array, '/data/wwwroot/w...')
#7 /data/wwwroot/www.plasti in /data/wwwroot/www.plastic-crate.co.uk/wp-content/plugins/wp-all-import/models/model/record.php on line 78

2020-03-09T23:38:43+00:00 CRITICAL Uncaught Exception: Table 'plastic-crate.co.uk.wp_pmxi_images' doesn't exist in /data/wwwroot/www.plastic-crate.co.uk/wp-content/plugins/wp-all-import/models/model/record.php:78
Stack trace:
#0 /data/wwwroot/www.plastic-crate.co.uk/wp-content/plugins/wp-all-import/actions/add_attachment.php(22): PMXI_Model_Record->insert()
#1 /data/wwwroot/www.plastic-crate.co.uk/wp-includes/class-wp-hook.php(286): pmxi_add_attachment(29341)
#2 /data/wwwroot/www.plastic-crate.co.uk/wp-includes/class-wp-hook.php(310): WP_Hook->apply_filters('', Array)
#3 /data/wwwroot/www.plastic-crate.co.uk/wp-includes/plugin.php(453): WP_Hook->do_action(Array)
#4 /data/wwwroot/www.plastic-crate.co.uk/wp-includes/post.php(3694): do_action('add_attachment', 29341)
#5 /data/wwwroot/www.plastic-crate.co.uk/wp-includes/post.php(5082): wp_insert_post(Array, false)
#6 /data/wwwroot/www.plastic-crate.co.uk/wp-content/plugins/woocommerce/includes/class-wc-install.php(1190): wp_insert_attachment(Array, '/data/wwwroot/w...')
#7 /data/wwwroot/www.plasti in /data/wwwroot/www.plastic-crate.co.uk/wp-content/plugins/wp-all-import/models/model/record.php on line 78

2020-03-09T23:51:14+00:00 CRITICAL Uncaught Exception: Table 'plastic-crate.co.uk.wp_pmxi_images' doesn't exist in /data/wwwroot/www.plastic-crate.co.uk/wp-content/plugins/wp-all-import/models/model/record.php:78
Stack trace:
#0 /data/wwwroot/www.plastic-crate.co.uk/wp-content/plugins/wp-all-import/actions/add_attachment.php(22): PMXI_Model_Record->insert()
#1 /data/wwwroot/www.plastic-crate.co.uk/wp-includes/class-wp-hook.php(286): pmxi_add_attachment(29342)
#2 /data/wwwroot/www.plastic-crate.co.uk/wp-includes/class-wp-hook.php(310): WP_Hook->apply_filters('', Array)
#3 /data/wwwroot/www.plastic-crate.co.uk/wp-includes/plugin.php(453): WP_Hook->do_action(Array)
#4 /data/wwwroot/www.plastic-crate.co.uk/wp-includes/post.php(3694): do_action('add_attachment', 29342)
#5 /data/wwwroot/www.plastic-crate.co.uk/wp-includes/post.php(5082): wp_insert_post(Array, false)
#6 /data/wwwroot/www.plastic-crate.co.uk/wp-content/plugins/woocommerce/includes/class-wc-install.php(1190): wp_insert_attachment(Array, '/data/wwwroot/w...')
#7 /data/wwwroot/www.plasti in /data/wwwroot/www.plastic-crate.co.uk/wp-content/plugins/wp-all-import/models/model/record.php on line 78

