2019-11-18T00:05:21+00:00 CRITICAL Uncaught Exception: Table 'plastic-crate.co.uk.wp_pmxi_images' doesn't exist in /data/wwwroot/www.plastic-crate.co.uk/wp-content/plugins/wp-all-import/models/model/record.php:78
Stack trace:
#0 /data/wwwroot/www.plastic-crate.co.uk/wp-content/plugins/wp-all-import/actions/add_attachment.php(22): PMXI_Model_Record->insert()
#1 /data/wwwroot/www.plastic-crate.co.uk/wp-includes/class-wp-hook.php(286): pmxi_add_attachment(17733)
#2 /data/wwwroot/www.plastic-crate.co.uk/wp-includes/class-wp-hook.php(310): WP_Hook->apply_filters('', Array)
#3 /data/wwwroot/www.plastic-crate.co.uk/wp-includes/plugin.php(453): WP_Hook->do_action(Array)
#4 /data/wwwroot/www.plastic-crate.co.uk/wp-includes/post.php(3694): do_action('add_attachment', 17733)
#5 /data/wwwroot/www.plastic-crate.co.uk/wp-includes/post.php(5082): wp_insert_post(Array, false)
#6 /data/wwwroot/www.plastic-crate.co.uk/wp-content/plugins/woocommerce/includes/class-wc-install.php(1190): wp_insert_attachment(Array, '/data/wwwroot/w...')
#7 /data/wwwroot/www.plasti in /data/wwwroot/www.plastic-crate.co.uk/wp-content/plugins/wp-all-import/models/model/record.php on line 78

2019-11-18T00:26:42+00:00 CRITICAL Uncaught Exception: Table 'plastic-crate.co.uk.wp_pmxi_images' doesn't exist in /data/wwwroot/www.plastic-crate.co.uk/wp-content/plugins/wp-all-import/models/model/record.php:78
Stack trace:
#0 /data/wwwroot/www.plastic-crate.co.uk/wp-content/plugins/wp-all-import/actions/add_attachment.php(22): PMXI_Model_Record->insert()
#1 /data/wwwroot/www.plastic-crate.co.uk/wp-includes/class-wp-hook.php(286): pmxi_add_attachment(17734)
#2 /data/wwwroot/www.plastic-crate.co.uk/wp-includes/class-wp-hook.php(310): WP_Hook->apply_filters('', Array)
#3 /data/wwwroot/www.plastic-crate.co.uk/wp-includes/plugin.php(453): WP_Hook->do_action(Array)
#4 /data/wwwroot/www.plastic-crate.co.uk/wp-includes/post.php(3694): do_action('add_attachment', 17734)
#5 /data/wwwroot/www.plastic-crate.co.uk/wp-includes/post.php(5082): wp_insert_post(Array, false)
#6 /data/wwwroot/www.plastic-crate.co.uk/wp-content/plugins/woocommerce/includes/class-wc-install.php(1190): wp_insert_attachment(Array, '/data/wwwroot/w...')
#7 /data/wwwroot/www.plasti in /data/wwwroot/www.plastic-crate.co.uk/wp-content/plugins/wp-all-import/models/model/record.php on line 78

2019-11-18T00:52:36+00:00 CRITICAL Uncaught Exception: Table 'plastic-crate.co.uk.wp_pmxi_images' doesn't exist in /data/wwwroot/www.plastic-crate.co.uk/wp-content/plugins/wp-all-import/models/model/record.php:78
Stack trace:
#0 /data/wwwroot/www.plastic-crate.co.uk/wp-content/plugins/wp-all-import/actions/add_attachment.php(22): PMXI_Model_Record->insert()
#1 /data/wwwroot/www.plastic-crate.co.uk/wp-includes/class-wp-hook.php(286): pmxi_add_attachment(17735)
#2 /data/wwwroot/www.plastic-crate.co.uk/wp-includes/class-wp-hook.php(310): WP_Hook->apply_filters('', Array)
#3 /data/wwwroot/www.plastic-crate.co.uk/wp-includes/plugin.php(453): WP_Hook->do_action(Array)
#4 /data/wwwroot/www.plastic-crate.co.uk/wp-includes/post.php(3694): do_action('add_attachment', 17735)
#5 /data/wwwroot/www.plastic-crate.co.uk/wp-includes/post.php(5082): wp_insert_post(Array, false)
#6 /data/wwwroot/www.plastic-crate.co.uk/wp-content/plugins/woocommerce/includes/class-wc-install.php(1190): wp_insert_attachment(Array, '/data/wwwroot/w...')
#7 /data/wwwroot/www.plasti in /data/wwwroot/www.plastic-crate.co.uk/wp-content/plugins/wp-all-import/models/model/record.php on line 78

2019-11-18T01:25:57+00:00 CRITICAL Uncaught Exception: Table 'plastic-crate.co.uk.wp_pmxi_images' doesn't exist in /data/wwwroot/www.plastic-crate.co.uk/wp-content/plugins/wp-all-import/models/model/record.php:78
Stack trace:
#0 /data/wwwroot/www.plastic-crate.co.uk/wp-content/plugins/wp-all-import/actions/add_attachment.php(22): PMXI_Model_Record->insert()
#1 /data/wwwroot/www.plastic-crate.co.uk/wp-includes/class-wp-hook.php(286): pmxi_add_attachment(17736)
#2 /data/wwwroot/www.plastic-crate.co.uk/wp-includes/class-wp-hook.php(310): WP_Hook->apply_filters('', Array)
#3 /data/wwwroot/www.plastic-crate.co.uk/wp-includes/plugin.php(453): WP_Hook->do_action(Array)
#4 /data/wwwroot/www.plastic-crate.co.uk/wp-includes/post.php(3694): do_action('add_attachment', 17736)
#5 /data/wwwroot/www.plastic-crate.co.uk/wp-includes/post.php(5082): wp_insert_post(Array, false)
#6 /data/wwwroot/www.plastic-crate.co.uk/wp-content/plugins/woocommerce/includes/class-wc-install.php(1190): wp_insert_attachment(Array, '/data/wwwroot/w...')
#7 /data/wwwroot/www.plasti in /data/wwwroot/www.plastic-crate.co.uk/wp-content/plugins/wp-all-import/models/model/record.php on line 78

2019-11-18T01:36:53+00:00 CRITICAL Uncaught Exception: Table 'plastic-crate.co.uk.wp_pmxi_images' doesn't exist in /data/wwwroot/www.plastic-crate.co.uk/wp-content/plugins/wp-all-import/models/model/record.php:78
Stack trace:
#0 /data/wwwroot/www.plastic-crate.co.uk/wp-content/plugins/wp-all-import/actions/add_attachment.php(22): PMXI_Model_Record->insert()
#1 /data/wwwroot/www.plastic-crate.co.uk/wp-includes/class-wp-hook.php(286): pmxi_add_attachment(17737)
#2 /data/wwwroot/www.plastic-crate.co.uk/wp-includes/class-wp-hook.php(310): WP_Hook->apply_filters('', Array)
#3 /data/wwwroot/www.plastic-crate.co.uk/wp-includes/plugin.php(453): WP_Hook->do_action(Array)
#4 /data/wwwroot/www.plastic-crate.co.uk/wp-includes/post.php(3694): do_action('add_attachment', 17737)
#5 /data/wwwroot/www.plastic-crate.co.uk/wp-includes/post.php(5082): wp_insert_post(Array, false)
#6 /data/wwwroot/www.plastic-crate.co.uk/wp-content/plugins/woocommerce/includes/class-wc-install.php(1190): wp_insert_attachment(Array, '/data/wwwroot/w...')
#7 /data/wwwroot/www.plasti in /data/wwwroot/www.plastic-crate.co.uk/wp-content/plugins/wp-all-import/models/model/record.php on line 78

2019-11-18T01:49:59+00:00 CRITICAL Uncaught Exception: Table 'plastic-crate.co.uk.wp_pmxi_images' doesn't exist in /data/wwwroot/www.plastic-crate.co.uk/wp-content/plugins/wp-all-import/models/model/record.php:78
Stack trace:
#0 /data/wwwroot/www.plastic-crate.co.uk/wp-content/plugins/wp-all-import/actions/add_attachment.php(22): PMXI_Model_Record->insert()
#1 /data/wwwroot/www.plastic-crate.co.uk/wp-includes/class-wp-hook.php(286): pmxi_add_attachment(17738)
#2 /data/wwwroot/www.plastic-crate.co.uk/wp-includes/class-wp-hook.php(310): WP_Hook->apply_filters('', Array)
#3 /data/wwwroot/www.plastic-crate.co.uk/wp-includes/plugin.php(453): WP_Hook->do_action(Array)
#4 /data/wwwroot/www.plastic-crate.co.uk/wp-includes/post.php(3694): do_action('add_attachment', 17738)
#5 /data/wwwroot/www.plastic-crate.co.uk/wp-includes/post.php(5082): wp_insert_post(Array, false)
#6 /data/wwwroot/www.plastic-crate.co.uk/wp-content/plugins/woocommerce/includes/class-wc-install.php(1190): wp_insert_attachment(Array, '/data/wwwroot/w...')
#7 /data/wwwroot/www.plasti in /data/wwwroot/www.plastic-crate.co.uk/wp-content/plugins/wp-all-import/models/model/record.php on line 78

2019-11-18T02:00:25+00:00 CRITICAL Uncaught Exception: Table 'plastic-crate.co.uk.wp_pmxi_images' doesn't exist in /data/wwwroot/www.plastic-crate.co.uk/wp-content/plugins/wp-all-import/models/model/record.php:78
Stack trace:
#0 /data/wwwroot/www.plastic-crate.co.uk/wp-content/plugins/wp-all-import/actions/add_attachment.php(22): PMXI_Model_Record->insert()
#1 /data/wwwroot/www.plastic-crate.co.uk/wp-includes/class-wp-hook.php(286): pmxi_add_attachment(17739)
#2 /data/wwwroot/www.plastic-crate.co.uk/wp-includes/class-wp-hook.php(310): WP_Hook->apply_filters('', Array)
#3 /data/wwwroot/www.plastic-crate.co.uk/wp-includes/plugin.php(453): WP_Hook->do_action(Array)
#4 /data/wwwroot/www.plastic-crate.co.uk/wp-includes/post.php(3694): do_action('add_attachment', 17739)
#5 /data/wwwroot/www.plastic-crate.co.uk/wp-includes/post.php(5082): wp_insert_post(Array, false)
#6 /data/wwwroot/www.plastic-crate.co.uk/wp-content/plugins/woocommerce/includes/class-wc-install.php(1190): wp_insert_attachment(Array, '/data/wwwroot/w...')
#7 /data/wwwroot/www.plasti in /data/wwwroot/www.plastic-crate.co.uk/wp-content/plugins/wp-all-import/models/model/record.php on line 78

2019-11-18T02:11:39+00:00 CRITICAL Uncaught Exception: Table 'plastic-crate.co.uk.wp_pmxi_images' doesn't exist in /data/wwwroot/www.plastic-crate.co.uk/wp-content/plugins/wp-all-import/models/model/record.php:78
Stack trace:
#0 /data/wwwroot/www.plastic-crate.co.uk/wp-content/plugins/wp-all-import/actions/add_attachment.php(22): PMXI_Model_Record->insert()
#1 /data/wwwroot/www.plastic-crate.co.uk/wp-includes/class-wp-hook.php(286): pmxi_add_attachment(17740)
#2 /data/wwwroot/www.plastic-crate.co.uk/wp-includes/class-wp-hook.php(310): WP_Hook->apply_filters('', Array)
#3 /data/wwwroot/www.plastic-crate.co.uk/wp-includes/plugin.php(453): WP_Hook->do_action(Array)
#4 /data/wwwroot/www.plastic-crate.co.uk/wp-includes/post.php(3694): do_action('add_attachment', 17740)
#5 /data/wwwroot/www.plastic-crate.co.uk/wp-includes/post.php(5082): wp_insert_post(Array, false)
#6 /data/wwwroot/www.plastic-crate.co.uk/wp-content/plugins/woocommerce/includes/class-wc-install.php(1190): wp_insert_attachment(Array, '/data/wwwroot/w...')
#7 /data/wwwroot/www.plasti in /data/wwwroot/www.plastic-crate.co.uk/wp-content/plugins/wp-all-import/models/model/record.php on line 78

2019-11-18T02:26:16+00:00 CRITICAL Uncaught Exception: Table 'plastic-crate.co.uk.wp_pmxi_images' doesn't exist in /data/wwwroot/www.plastic-crate.co.uk/wp-content/plugins/wp-all-import/models/model/record.php:78
Stack trace:
#0 /data/wwwroot/www.plastic-crate.co.uk/wp-content/plugins/wp-all-import/actions/add_attachment.php(22): PMXI_Model_Record->insert()
#1 /data/wwwroot/www.plastic-crate.co.uk/wp-includes/class-wp-hook.php(286): pmxi_add_attachment(17741)
#2 /data/wwwroot/www.plastic-crate.co.uk/wp-includes/class-wp-hook.php(310): WP_Hook->apply_filters('', Array)
#3 /data/wwwroot/www.plastic-crate.co.uk/wp-includes/plugin.php(453): WP_Hook->do_action(Array)
#4 /data/wwwroot/www.plastic-crate.co.uk/wp-includes/post.php(3694): do_action('add_attachment', 17741)
#5 /data/wwwroot/www.plastic-crate.co.uk/wp-includes/post.php(5082): wp_insert_post(Array, false)
#6 /data/wwwroot/www.plastic-crate.co.uk/wp-content/plugins/woocommerce/includes/class-wc-install.php(1190): wp_insert_attachment(Array, '/data/wwwroot/w...')
#7 /data/wwwroot/www.plasti in /data/wwwroot/www.plastic-crate.co.uk/wp-content/plugins/wp-all-import/models/model/record.php on line 78

2019-11-18T02:41:13+00:00 CRITICAL Uncaught Exception: Table 'plastic-crate.co.uk.wp_pmxi_images' doesn't exist in /data/wwwroot/www.plastic-crate.co.uk/wp-content/plugins/wp-all-import/models/model/record.php:78
Stack trace:
#0 /data/wwwroot/www.plastic-crate.co.uk/wp-content/plugins/wp-all-import/actions/add_attachment.php(22): PMXI_Model_Record->insert()
#1 /data/wwwroot/www.plastic-crate.co.uk/wp-includes/class-wp-hook.php(286): pmxi_add_attachment(17742)
#2 /data/wwwroot/www.plastic-crate.co.uk/wp-includes/class-wp-hook.php(310): WP_Hook->apply_filters('', Array)
#3 /data/wwwroot/www.plastic-crate.co.uk/wp-includes/plugin.php(453): WP_Hook->do_action(Array)
#4 /data/wwwroot/www.plastic-crate.co.uk/wp-includes/post.php(3694): do_action('add_attachment', 17742)
#5 /data/wwwroot/www.plastic-crate.co.uk/wp-includes/post.php(5082): wp_insert_post(Array, false)
#6 /data/wwwroot/www.plastic-crate.co.uk/wp-content/plugins/woocommerce/includes/class-wc-install.php(1190): wp_insert_attachment(Array, '/data/wwwroot/w...')
#7 /data/wwwroot/www.plasti in /data/wwwroot/www.plastic-crate.co.uk/wp-content/plugins/wp-all-import/models/model/record.php on line 78

2019-11-18T02:51:43+00:00 CRITICAL Uncaught Exception: Table 'plastic-crate.co.uk.wp_pmxi_images' doesn't exist in /data/wwwroot/www.plastic-crate.co.uk/wp-content/plugins/wp-all-import/models/model/record.php:78
Stack trace:
#0 /data/wwwroot/www.plastic-crate.co.uk/wp-content/plugins/wp-all-import/actions/add_attachment.php(22): PMXI_Model_Record->insert()
#1 /data/wwwroot/www.plastic-crate.co.uk/wp-includes/class-wp-hook.php(286): pmxi_add_attachment(17743)
#2 /data/wwwroot/www.plastic-crate.co.uk/wp-includes/class-wp-hook.php(310): WP_Hook->apply_filters('', Array)
#3 /data/wwwroot/www.plastic-crate.co.uk/wp-includes/plugin.php(453): WP_Hook->do_action(Array)
#4 /data/wwwroot/www.plastic-crate.co.uk/wp-includes/post.php(3694): do_action('add_attachment', 17743)
#5 /data/wwwroot/www.plastic-crate.co.uk/wp-includes/post.php(5082): wp_insert_post(Array, false)
#6 /data/wwwroot/www.plastic-crate.co.uk/wp-content/plugins/woocommerce/includes/class-wc-install.php(1190): wp_insert_attachment(Array, '/data/wwwroot/w...')
#7 /data/wwwroot/www.plasti in /data/wwwroot/www.plastic-crate.co.uk/wp-content/plugins/wp-all-import/models/model/record.php on line 78

2019-11-18T03:06:50+00:00 CRITICAL Uncaught Exception: Table 'plastic-crate.co.uk.wp_pmxi_images' doesn't exist in /data/wwwroot/www.plastic-crate.co.uk/wp-content/plugins/wp-all-import/models/model/record.php:78
Stack trace:
#0 /data/wwwroot/www.plastic-crate.co.uk/wp-content/plugins/wp-all-import/actions/add_attachment.php(22): PMXI_Model_Record->insert()
#1 /data/wwwroot/www.plastic-crate.co.uk/wp-includes/class-wp-hook.php(286): pmxi_add_attachment(17744)
#2 /data/wwwroot/www.plastic-crate.co.uk/wp-includes/class-wp-hook.php(310): WP_Hook->apply_filters('', Array)
#3 /data/wwwroot/www.plastic-crate.co.uk/wp-includes/plugin.php(453): WP_Hook->do_action(Array)
#4 /data/wwwroot/www.plastic-crate.co.uk/wp-includes/post.php(3694): do_action('add_attachment', 17744)
#5 /data/wwwroot/www.plastic-crate.co.uk/wp-includes/post.php(5082): wp_insert_post(Array, false)
#6 /data/wwwroot/www.plastic-crate.co.uk/wp-content/plugins/woocommerce/includes/class-wc-install.php(1190): wp_insert_attachment(Array, '/data/wwwroot/w...')
#7 /data/wwwroot/www.plasti in /data/wwwroot/www.plastic-crate.co.uk/wp-content/plugins/wp-all-import/models/model/record.php on line 78

2019-11-18T03:17:10+00:00 CRITICAL Uncaught Exception: Table 'plastic-crate.co.uk.wp_pmxi_images' doesn't exist in /data/wwwroot/www.plastic-crate.co.uk/wp-content/plugins/wp-all-import/models/model/record.php:78
Stack trace:
#0 /data/wwwroot/www.plastic-crate.co.uk/wp-content/plugins/wp-all-import/actions/add_attachment.php(22): PMXI_Model_Record->insert()
#1 /data/wwwroot/www.plastic-crate.co.uk/wp-includes/class-wp-hook.php(286): pmxi_add_attachment(17745)
#2 /data/wwwroot/www.plastic-crate.co.uk/wp-includes/class-wp-hook.php(310): WP_Hook->apply_filters('', Array)
#3 /data/wwwroot/www.plastic-crate.co.uk/wp-includes/plugin.php(453): WP_Hook->do_action(Array)
#4 /data/wwwroot/www.plastic-crate.co.uk/wp-includes/post.php(3694): do_action('add_attachment', 17745)
#5 /data/wwwroot/www.plastic-crate.co.uk/wp-includes/post.php(5082): wp_insert_post(Array, false)
#6 /data/wwwroot/www.plastic-crate.co.uk/wp-content/plugins/woocommerce/includes/class-wc-install.php(1190): wp_insert_attachment(Array, '/data/wwwroot/w...')
#7 /data/wwwroot/www.plasti in /data/wwwroot/www.plastic-crate.co.uk/wp-content/plugins/wp-all-import/models/model/record.php on line 78

2019-11-18T03:29:46+00:00 CRITICAL Uncaught Exception: Table 'plastic-crate.co.uk.wp_pmxi_images' doesn't exist in /data/wwwroot/www.plastic-crate.co.uk/wp-content/plugins/wp-all-import/models/model/record.php:78
Stack trace:
#0 /data/wwwroot/www.plastic-crate.co.uk/wp-content/plugins/wp-all-import/actions/add_attachment.php(22): PMXI_Model_Record->insert()
#1 /data/wwwroot/www.plastic-crate.co.uk/wp-includes/class-wp-hook.php(286): pmxi_add_attachment(17746)
#2 /data/wwwroot/www.plastic-crate.co.uk/wp-includes/class-wp-hook.php(310): WP_Hook->apply_filters('', Array)
#3 /data/wwwroot/www.plastic-crate.co.uk/wp-includes/plugin.php(453): WP_Hook->do_action(Array)
#4 /data/wwwroot/www.plastic-crate.co.uk/wp-includes/post.php(3694): do_action('add_attachment', 17746)
#5 /data/wwwroot/www.plastic-crate.co.uk/wp-includes/post.php(5082): wp_insert_post(Array, false)
#6 /data/wwwroot/www.plastic-crate.co.uk/wp-content/plugins/woocommerce/includes/class-wc-install.php(1190): wp_insert_attachment(Array, '/data/wwwroot/w...')
#7 /data/wwwroot/www.plasti in /data/wwwroot/www.plastic-crate.co.uk/wp-content/plugins/wp-all-import/models/model/record.php on line 78

2019-11-18T03:40:24+00:00 CRITICAL Uncaught Exception: Table 'plastic-crate.co.uk.wp_pmxi_images' doesn't exist in /data/wwwroot/www.plastic-crate.co.uk/wp-content/plugins/wp-all-import/models/model/record.php:78
Stack trace:
#0 /data/wwwroot/www.plastic-crate.co.uk/wp-content/plugins/wp-all-import/actions/add_attachment.php(22): PMXI_Model_Record->insert()
#1 /data/wwwroot/www.plastic-crate.co.uk/wp-includes/class-wp-hook.php(286): pmxi_add_attachment(17747)
#2 /data/wwwroot/www.plastic-crate.co.uk/wp-includes/class-wp-hook.php(310): WP_Hook->apply_filters('', Array)
#3 /data/wwwroot/www.plastic-crate.co.uk/wp-includes/plugin.php(453): WP_Hook->do_action(Array)
#4 /data/wwwroot/www.plastic-crate.co.uk/wp-includes/post.php(3694): do_action('add_attachment', 17747)
#5 /data/wwwroot/www.plastic-crate.co.uk/wp-includes/post.php(5082): wp_insert_post(Array, false)
#6 /data/wwwroot/www.plastic-crate.co.uk/wp-content/plugins/woocommerce/includes/class-wc-install.php(1190): wp_insert_attachment(Array, '/data/wwwroot/w...')
#7 /data/wwwroot/www.plasti in /data/wwwroot/www.plastic-crate.co.uk/wp-content/plugins/wp-all-import/models/model/record.php on line 78

2019-11-18T04:06:28+00:00 CRITICAL Uncaught Exception: Table 'plastic-crate.co.uk.wp_pmxi_images' doesn't exist in /data/wwwroot/www.plastic-crate.co.uk/wp-content/plugins/wp-all-import/models/model/record.php:78
Stack trace:
#0 /data/wwwroot/www.plastic-crate.co.uk/wp-content/plugins/wp-all-import/actions/add_attachment.php(22): PMXI_Model_Record->insert()
#1 /data/wwwroot/www.plastic-crate.co.uk/wp-includes/class-wp-hook.php(286): pmxi_add_attachment(17748)
#2 /data/wwwroot/www.plastic-crate.co.uk/wp-includes/class-wp-hook.php(310): WP_Hook->apply_filters('', Array)
#3 /data/wwwroot/www.plastic-crate.co.uk/wp-includes/plugin.php(453): WP_Hook->do_action(Array)
#4 /data/wwwroot/www.plastic-crate.co.uk/wp-includes/post.php(3694): do_action('add_attachment', 17748)
#5 /data/wwwroot/www.plastic-crate.co.uk/wp-includes/post.php(5082): wp_insert_post(Array, false)
#6 /data/wwwroot/www.plastic-crate.co.uk/wp-content/plugins/woocommerce/includes/class-wc-install.php(1190): wp_insert_attachment(Array, '/data/wwwroot/w...')
#7 /data/wwwroot/www.plasti in /data/wwwroot/www.plastic-crate.co.uk/wp-content/plugins/wp-all-import/models/model/record.php on line 78

2019-11-18T04:21:42+00:00 CRITICAL Uncaught Exception: Table 'plastic-crate.co.uk.wp_pmxi_images' doesn't exist in /data/wwwroot/www.plastic-crate.co.uk/wp-content/plugins/wp-all-import/models/model/record.php:78
Stack trace:
#0 /data/wwwroot/www.plastic-crate.co.uk/wp-content/plugins/wp-all-import/actions/add_attachment.php(22): PMXI_Model_Record->insert()
#1 /data/wwwroot/www.plastic-crate.co.uk/wp-includes/class-wp-hook.php(286): pmxi_add_attachment(17749)
#2 /data/wwwroot/www.plastic-crate.co.uk/wp-includes/class-wp-hook.php(310): WP_Hook->apply_filters('', Array)
#3 /data/wwwroot/www.plastic-crate.co.uk/wp-includes/plugin.php(453): WP_Hook->do_action(Array)
#4 /data/wwwroot/www.plastic-crate.co.uk/wp-includes/post.php(3694): do_action('add_attachment', 17749)
#5 /data/wwwroot/www.plastic-crate.co.uk/wp-includes/post.php(5082): wp_insert_post(Array, false)
#6 /data/wwwroot/www.plastic-crate.co.uk/wp-content/plugins/woocommerce/includes/class-wc-install.php(1190): wp_insert_attachment(Array, '/data/wwwroot/w...')
#7 /data/wwwroot/www.plasti in /data/wwwroot/www.plastic-crate.co.uk/wp-content/plugins/wp-all-import/models/model/record.php on line 78

2019-11-18T04:41:18+00:00 CRITICAL Uncaught Exception: Table 'plastic-crate.co.uk.wp_pmxi_images' doesn't exist in /data/wwwroot/www.plastic-crate.co.uk/wp-content/plugins/wp-all-import/models/model/record.php:78
Stack trace:
#0 /data/wwwroot/www.plastic-crate.co.uk/wp-content/plugins/wp-all-import/actions/add_attachment.php(22): PMXI_Model_Record->insert()
#1 /data/wwwroot/www.plastic-crate.co.uk/wp-includes/class-wp-hook.php(286): pmxi_add_attachment(17750)
#2 /data/wwwroot/www.plastic-crate.co.uk/wp-includes/class-wp-hook.php(310): WP_Hook->apply_filters('', Array)
#3 /data/wwwroot/www.plastic-crate.co.uk/wp-includes/plugin.php(453): WP_Hook->do_action(Array)
#4 /data/wwwroot/www.plastic-crate.co.uk/wp-includes/post.php(3694): do_action('add_attachment', 17750)
#5 /data/wwwroot/www.plastic-crate.co.uk/wp-includes/post.php(5082): wp_insert_post(Array, false)
#6 /data/wwwroot/www.plastic-crate.co.uk/wp-content/plugins/woocommerce/includes/class-wc-install.php(1190): wp_insert_attachment(Array, '/data/wwwroot/w...')
#7 /data/wwwroot/www.plasti in /data/wwwroot/www.plastic-crate.co.uk/wp-content/plugins/wp-all-import/models/model/record.php on line 78

2019-11-18T04:55:04+00:00 CRITICAL Uncaught Exception: Table 'plastic-crate.co.uk.wp_pmxi_images' doesn't exist in /data/wwwroot/www.plastic-crate.co.uk/wp-content/plugins/wp-all-import/models/model/record.php:78
Stack trace:
#0 /data/wwwroot/www.plastic-crate.co.uk/wp-content/plugins/wp-all-import/actions/add_attachment.php(22): PMXI_Model_Record->insert()
#1 /data/wwwroot/www.plastic-crate.co.uk/wp-includes/class-wp-hook.php(286): pmxi_add_attachment(17751)
#2 /data/wwwroot/www.plastic-crate.co.uk/wp-includes/class-wp-hook.php(310): WP_Hook->apply_filters('', Array)
#3 /data/wwwroot/www.plastic-crate.co.uk/wp-includes/plugin.php(453): WP_Hook->do_action(Array)
#4 /data/wwwroot/www.plastic-crate.co.uk/wp-includes/post.php(3694): do_action('add_attachment', 17751)
#5 /data/wwwroot/www.plastic-crate.co.uk/wp-includes/post.php(5082): wp_insert_post(Array, false)
#6 /data/wwwroot/www.plastic-crate.co.uk/wp-content/plugins/woocommerce/includes/class-wc-install.php(1190): wp_insert_attachment(Array, '/data/wwwroot/w...')
#7 /data/wwwroot/www.plasti in /data/wwwroot/www.plastic-crate.co.uk/wp-content/plugins/wp-all-import/models/model/record.php on line 78

2019-11-18T05:21:21+00:00 CRITICAL Uncaught Exception: Table 'plastic-crate.co.uk.wp_pmxi_images' doesn't exist in /data/wwwroot/www.plastic-crate.co.uk/wp-content/plugins/wp-all-import/models/model/record.php:78
Stack trace:
#0 /data/wwwroot/www.plastic-crate.co.uk/wp-content/plugins/wp-all-import/actions/add_attachment.php(22): PMXI_Model_Record->insert()
#1 /data/wwwroot/www.plastic-crate.co.uk/wp-includes/class-wp-hook.php(286): pmxi_add_attachment(17752)
#2 /data/wwwroot/www.plastic-crate.co.uk/wp-includes/class-wp-hook.php(310): WP_Hook->apply_filters('', Array)
#3 /data/wwwroot/www.plastic-crate.co.uk/wp-includes/plugin.php(453): WP_Hook->do_action(Array)
#4 /data/wwwroot/www.plastic-crate.co.uk/wp-includes/post.php(3694): do_action('add_attachment', 17752)
#5 /data/wwwroot/www.plastic-crate.co.uk/wp-includes/post.php(5082): wp_insert_post(Array, false)
#6 /data/wwwroot/www.plastic-crate.co.uk/wp-content/plugins/woocommerce/includes/class-wc-install.php(1190): wp_insert_attachment(Array, '/data/wwwroot/w...')
#7 /data/wwwroot/www.plasti in /data/wwwroot/www.plastic-crate.co.uk/wp-content/plugins/wp-all-import/models/model/record.php on line 78

2019-11-18T05:35:19+00:00 CRITICAL Uncaught Exception: Table 'plastic-crate.co.uk.wp_pmxi_images' doesn't exist in /data/wwwroot/www.plastic-crate.co.uk/wp-content/plugins/wp-all-import/models/model/record.php:78
Stack trace:
#0 /data/wwwroot/www.plastic-crate.co.uk/wp-content/plugins/wp-all-import/actions/add_attachment.php(22): PMXI_Model_Record->insert()
#1 /data/wwwroot/www.plastic-crate.co.uk/wp-includes/class-wp-hook.php(286): pmxi_add_attachment(17753)
#2 /data/wwwroot/www.plastic-crate.co.uk/wp-includes/class-wp-hook.php(310): WP_Hook->apply_filters('', Array)
#3 /data/wwwroot/www.plastic-crate.co.uk/wp-includes/plugin.php(453): WP_Hook->do_action(Array)
#4 /data/wwwroot/www.plastic-crate.co.uk/wp-includes/post.php(3694): do_action('add_attachment', 17753)
#5 /data/wwwroot/www.plastic-crate.co.uk/wp-includes/post.php(5082): wp_insert_post(Array, false)
#6 /data/wwwroot/www.plastic-crate.co.uk/wp-content/plugins/woocommerce/includes/class-wc-install.php(1190): wp_insert_attachment(Array, '/data/wwwroot/w...')
#7 /data/wwwroot/www.plasti in /data/wwwroot/www.plastic-crate.co.uk/wp-content/plugins/wp-all-import/models/model/record.php on line 78

2019-11-18T05:48:04+00:00 CRITICAL Uncaught Exception: Table 'plastic-crate.co.uk.wp_pmxi_images' doesn't exist in /data/wwwroot/www.plastic-crate.co.uk/wp-content/plugins/wp-all-import/models/model/record.php:78
Stack trace:
#0 /data/wwwroot/www.plastic-crate.co.uk/wp-content/plugins/wp-all-import/actions/add_attachment.php(22): PMXI_Model_Record->insert()
#1 /data/wwwroot/www.plastic-crate.co.uk/wp-includes/class-wp-hook.php(286): pmxi_add_attachment(17754)
#2 /data/wwwroot/www.plastic-crate.co.uk/wp-includes/class-wp-hook.php(310): WP_Hook->apply_filters('', Array)
#3 /data/wwwroot/www.plastic-crate.co.uk/wp-includes/plugin.php(453): WP_Hook->do_action(Array)
#4 /data/wwwroot/www.plastic-crate.co.uk/wp-includes/post.php(3694): do_action('add_attachment', 17754)
#5 /data/wwwroot/www.plastic-crate.co.uk/wp-includes/post.php(5082): wp_insert_post(Array, false)
#6 /data/wwwroot/www.plastic-crate.co.uk/wp-content/plugins/woocommerce/includes/class-wc-install.php(1190): wp_insert_attachment(Array, '/data/wwwroot/w...')
#7 /data/wwwroot/www.plasti in /data/wwwroot/www.plastic-crate.co.uk/wp-content/plugins/wp-all-import/models/model/record.php on line 78

2019-11-18T06:01:02+00:00 CRITICAL Uncaught Exception: Table 'plastic-crate.co.uk.wp_pmxi_images' doesn't exist in /data/wwwroot/www.plastic-crate.co.uk/wp-content/plugins/wp-all-import/models/model/record.php:78
Stack trace:
#0 /data/wwwroot/www.plastic-crate.co.uk/wp-content/plugins/wp-all-import/actions/add_attachment.php(22): PMXI_Model_Record->insert()
#1 /data/wwwroot/www.plastic-crate.co.uk/wp-includes/class-wp-hook.php(286): pmxi_add_attachment(17755)
#2 /data/wwwroot/www.plastic-crate.co.uk/wp-includes/class-wp-hook.php(310): WP_Hook->apply_filters('', Array)
#3 /data/wwwroot/www.plastic-crate.co.uk/wp-includes/plugin.php(453): WP_Hook->do_action(Array)
#4 /data/wwwroot/www.plastic-crate.co.uk/wp-includes/post.php(3694): do_action('add_attachment', 17755)
#5 /data/wwwroot/www.plastic-crate.co.uk/wp-includes/post.php(5082): wp_insert_post(Array, false)
#6 /data/wwwroot/www.plastic-crate.co.uk/wp-content/plugins/woocommerce/includes/class-wc-install.php(1190): wp_insert_attachment(Array, '/data/wwwroot/w...')
#7 /data/wwwroot/www.plasti in /data/wwwroot/www.plastic-crate.co.uk/wp-content/plugins/wp-all-import/models/model/record.php on line 78

2019-11-18T06:14:28+00:00 CRITICAL Uncaught Exception: Table 'plastic-crate.co.uk.wp_pmxi_images' doesn't exist in /data/wwwroot/www.plastic-crate.co.uk/wp-content/plugins/wp-all-import/models/model/record.php:78
Stack trace:
#0 /data/wwwroot/www.plastic-crate.co.uk/wp-content/plugins/wp-all-import/actions/add_attachment.php(22): PMXI_Model_Record->insert()
#1 /data/wwwroot/www.plastic-crate.co.uk/wp-includes/class-wp-hook.php(286): pmxi_add_attachment(17756)
#2 /data/wwwroot/www.plastic-crate.co.uk/wp-includes/class-wp-hook.php(310): WP_Hook->apply_filters('', Array)
#3 /data/wwwroot/www.plastic-crate.co.uk/wp-includes/plugin.php(453): WP_Hook->do_action(Array)
#4 /data/wwwroot/www.plastic-crate.co.uk/wp-includes/post.php(3694): do_action('add_attachment', 17756)
#5 /data/wwwroot/www.plastic-crate.co.uk/wp-includes/post.php(5082): wp_insert_post(Array, false)
#6 /data/wwwroot/www.plastic-crate.co.uk/wp-content/plugins/woocommerce/includes/class-wc-install.php(1190): wp_insert_attachment(Array, '/data/wwwroot/w...')
#7 /data/wwwroot/www.plasti in /data/wwwroot/www.plastic-crate.co.uk/wp-content/plugins/wp-all-import/models/model/record.php on line 78

2019-11-18T06:39:07+00:00 CRITICAL Uncaught Exception: Table 'plastic-crate.co.uk.wp_pmxi_images' doesn't exist in /data/wwwroot/www.plastic-crate.co.uk/wp-content/plugins/wp-all-import/models/model/record.php:78
Stack trace:
#0 /data/wwwroot/www.plastic-crate.co.uk/wp-content/plugins/wp-all-import/actions/add_attachment.php(22): PMXI_Model_Record->insert()
#1 /data/wwwroot/www.plastic-crate.co.uk/wp-includes/class-wp-hook.php(286): pmxi_add_attachment(17757)
#2 /data/wwwroot/www.plastic-crate.co.uk/wp-includes/class-wp-hook.php(310): WP_Hook->apply_filters('', Array)
#3 /data/wwwroot/www.plastic-crate.co.uk/wp-includes/plugin.php(453): WP_Hook->do_action(Array)
#4 /data/wwwroot/www.plastic-crate.co.uk/wp-includes/post.php(3694): do_action('add_attachment', 17757)
#5 /data/wwwroot/www.plastic-crate.co.uk/wp-includes/post.php(5082): wp_insert_post(Array, false)
#6 /data/wwwroot/www.plastic-crate.co.uk/wp-content/plugins/woocommerce/includes/class-wc-install.php(1190): wp_insert_attachment(Array, '/data/wwwroot/w...')
#7 /data/wwwroot/www.plasti in /data/wwwroot/www.plastic-crate.co.uk/wp-content/plugins/wp-all-import/models/model/record.php on line 78

2019-11-18T06:54:30+00:00 CRITICAL Uncaught Exception: Table 'plastic-crate.co.uk.wp_pmxi_images' doesn't exist in /data/wwwroot/www.plastic-crate.co.uk/wp-content/plugins/wp-all-import/models/model/record.php:78
Stack trace:
#0 /data/wwwroot/www.plastic-crate.co.uk/wp-content/plugins/wp-all-import/actions/add_attachment.php(22): PMXI_Model_Record->insert()
#1 /data/wwwroot/www.plastic-crate.co.uk/wp-includes/class-wp-hook.php(286): pmxi_add_attachment(17758)
#2 /data/wwwroot/www.plastic-crate.co.uk/wp-includes/class-wp-hook.php(310): WP_Hook->apply_filters('', Array)
#3 /data/wwwroot/www.plastic-crate.co.uk/wp-includes/plugin.php(453): WP_Hook->do_action(Array)
#4 /data/wwwroot/www.plastic-crate.co.uk/wp-includes/post.php(3694): do_action('add_attachment', 17758)
#5 /data/wwwroot/www.plastic-crate.co.uk/wp-includes/post.php(5082): wp_insert_post(Array, false)
#6 /data/wwwroot/www.plastic-crate.co.uk/wp-content/plugins/woocommerce/includes/class-wc-install.php(1190): wp_insert_attachment(Array, '/data/wwwroot/w...')
#7 /data/wwwroot/www.plasti in /data/wwwroot/www.plastic-crate.co.uk/wp-content/plugins/wp-all-import/models/model/record.php on line 78

2019-11-18T07:09:12+00:00 CRITICAL Uncaught Exception: Table 'plastic-crate.co.uk.wp_pmxi_images' doesn't exist in /data/wwwroot/www.plastic-crate.co.uk/wp-content/plugins/wp-all-import/models/model/record.php:78
Stack trace:
#0 /data/wwwroot/www.plastic-crate.co.uk/wp-content/plugins/wp-all-import/actions/add_attachment.php(22): PMXI_Model_Record->insert()
#1 /data/wwwroot/www.plastic-crate.co.uk/wp-includes/class-wp-hook.php(286): pmxi_add_attachment(17759)
#2 /data/wwwroot/www.plastic-crate.co.uk/wp-includes/class-wp-hook.php(310): WP_Hook->apply_filters('', Array)
#3 /data/wwwroot/www.plastic-crate.co.uk/wp-includes/plugin.php(453): WP_Hook->do_action(Array)
#4 /data/wwwroot/www.plastic-crate.co.uk/wp-includes/post.php(3694): do_action('add_attachment', 17759)
#5 /data/wwwroot/www.plastic-crate.co.uk/wp-includes/post.php(5082): wp_insert_post(Array, false)
#6 /data/wwwroot/www.plastic-crate.co.uk/wp-content/plugins/woocommerce/includes/class-wc-install.php(1190): wp_insert_attachment(Array, '/data/wwwroot/w...')
#7 /data/wwwroot/www.plasti in /data/wwwroot/www.plastic-crate.co.uk/wp-content/plugins/wp-all-import/models/model/record.php on line 78

2019-11-18T07:27:46+00:00 CRITICAL Uncaught Exception: Table 'plastic-crate.co.uk.wp_pmxi_images' doesn't exist in /data/wwwroot/www.plastic-crate.co.uk/wp-content/plugins/wp-all-import/models/model/record.php:78
Stack trace:
#0 /data/wwwroot/www.plastic-crate.co.uk/wp-content/plugins/wp-all-import/actions/add_attachment.php(22): PMXI_Model_Record->insert()
#1 /data/wwwroot/www.plastic-crate.co.uk/wp-includes/class-wp-hook.php(286): pmxi_add_attachment(17760)
#2 /data/wwwroot/www.plastic-crate.co.uk/wp-includes/class-wp-hook.php(310): WP_Hook->apply_filters('', Array)
#3 /data/wwwroot/www.plastic-crate.co.uk/wp-includes/plugin.php(453): WP_Hook->do_action(Array)
#4 /data/wwwroot/www.plastic-crate.co.uk/wp-includes/post.php(3694): do_action('add_attachment', 17760)
#5 /data/wwwroot/www.plastic-crate.co.uk/wp-includes/post.php(5082): wp_insert_post(Array, false)
#6 /data/wwwroot/www.plastic-crate.co.uk/wp-content/plugins/woocommerce/includes/class-wc-install.php(1190): wp_insert_attachment(Array, '/data/wwwroot/w...')
#7 /data/wwwroot/www.plasti in /data/wwwroot/www.plastic-crate.co.uk/wp-content/plugins/wp-all-import/models/model/record.php on line 78

2019-11-18T07:41:19+00:00 CRITICAL Uncaught Exception: Table 'plastic-crate.co.uk.wp_pmxi_images' doesn't exist in /data/wwwroot/www.plastic-crate.co.uk/wp-content/plugins/wp-all-import/models/model/record.php:78
Stack trace:
#0 /data/wwwroot/www.plastic-crate.co.uk/wp-content/plugins/wp-all-import/actions/add_attachment.php(22): PMXI_Model_Record->insert()
#1 /data/wwwroot/www.plastic-crate.co.uk/wp-includes/class-wp-hook.php(286): pmxi_add_attachment(17761)
#2 /data/wwwroot/www.plastic-crate.co.uk/wp-includes/class-wp-hook.php(310): WP_Hook->apply_filters('', Array)
#3 /data/wwwroot/www.plastic-crate.co.uk/wp-includes/plugin.php(453): WP_Hook->do_action(Array)
#4 /data/wwwroot/www.plastic-crate.co.uk/wp-includes/post.php(3694): do_action('add_attachment', 17761)
#5 /data/wwwroot/www.plastic-crate.co.uk/wp-includes/post.php(5082): wp_insert_post(Array, false)
#6 /data/wwwroot/www.plastic-crate.co.uk/wp-content/plugins/woocommerce/includes/class-wc-install.php(1190): wp_insert_attachment(Array, '/data/wwwroot/w...')
#7 /data/wwwroot/www.plasti in /data/wwwroot/www.plastic-crate.co.uk/wp-content/plugins/wp-all-import/models/model/record.php on line 78

2019-11-18T07:51:48+00:00 CRITICAL Uncaught Exception: Table 'plastic-crate.co.uk.wp_pmxi_images' doesn't exist in /data/wwwroot/www.plastic-crate.co.uk/wp-content/plugins/wp-all-import/models/model/record.php:78
Stack trace:
#0 /data/wwwroot/www.plastic-crate.co.uk/wp-content/plugins/wp-all-import/actions/add_attachment.php(22): PMXI_Model_Record->insert()
#1 /data/wwwroot/www.plastic-crate.co.uk/wp-includes/class-wp-hook.php(286): pmxi_add_attachment(17762)
#2 /data/wwwroot/www.plastic-crate.co.uk/wp-includes/class-wp-hook.php(310): WP_Hook->apply_filters('', Array)
#3 /data/wwwroot/www.plastic-crate.co.uk/wp-includes/plugin.php(453): WP_Hook->do_action(Array)
#4 /data/wwwroot/www.plastic-crate.co.uk/wp-includes/post.php(3694): do_action('add_attachment', 17762)
#5 /data/wwwroot/www.plastic-crate.co.uk/wp-includes/post.php(5082): wp_insert_post(Array, false)
#6 /data/wwwroot/www.plastic-crate.co.uk/wp-content/plugins/woocommerce/includes/class-wc-install.php(1190): wp_insert_attachment(Array, '/data/wwwroot/w...')
#7 /data/wwwroot/www.plasti in /data/wwwroot/www.plastic-crate.co.uk/wp-content/plugins/wp-all-import/models/model/record.php on line 78

2019-11-18T08:08:07+00:00 CRITICAL Uncaught Exception: Table 'plastic-crate.co.uk.wp_pmxi_images' doesn't exist in /data/wwwroot/www.plastic-crate.co.uk/wp-content/plugins/wp-all-import/models/model/record.php:78
Stack trace:
#0 /data/wwwroot/www.plastic-crate.co.uk/wp-content/plugins/wp-all-import/actions/add_attachment.php(22): PMXI_Model_Record->insert()
#1 /data/wwwroot/www.plastic-crate.co.uk/wp-includes/class-wp-hook.php(286): pmxi_add_attachment(17763)
#2 /data/wwwroot/www.plastic-crate.co.uk/wp-includes/class-wp-hook.php(310): WP_Hook->apply_filters('', Array)
#3 /data/wwwroot/www.plastic-crate.co.uk/wp-includes/plugin.php(453): WP_Hook->do_action(Array)
#4 /data/wwwroot/www.plastic-crate.co.uk/wp-includes/post.php(3694): do_action('add_attachment', 17763)
#5 /data/wwwroot/www.plastic-crate.co.uk/wp-includes/post.php(5082): wp_insert_post(Array, false)
#6 /data/wwwroot/www.plastic-crate.co.uk/wp-content/plugins/woocommerce/includes/class-wc-install.php(1190): wp_insert_attachment(Array, '/data/wwwroot/w...')
#7 /data/wwwroot/www.plasti in /data/wwwroot/www.plastic-crate.co.uk/wp-content/plugins/wp-all-import/models/model/record.php on line 78

2019-11-18T08:19:10+00:00 CRITICAL Uncaught Exception: Table 'plastic-crate.co.uk.wp_pmxi_images' doesn't exist in /data/wwwroot/www.plastic-crate.co.uk/wp-content/plugins/wp-all-import/models/model/record.php:78
Stack trace:
#0 /data/wwwroot/www.plastic-crate.co.uk/wp-content/plugins/wp-all-import/actions/add_attachment.php(22): PMXI_Model_Record->insert()
#1 /data/wwwroot/www.plastic-crate.co.uk/wp-includes/class-wp-hook.php(286): pmxi_add_attachment(17764)
#2 /data/wwwroot/www.plastic-crate.co.uk/wp-includes/class-wp-hook.php(310): WP_Hook->apply_filters('', Array)
#3 /data/wwwroot/www.plastic-crate.co.uk/wp-includes/plugin.php(453): WP_Hook->do_action(Array)
#4 /data/wwwroot/www.plastic-crate.co.uk/wp-includes/post.php(3694): do_action('add_attachment', 17764)
#5 /data/wwwroot/www.plastic-crate.co.uk/wp-includes/post.php(5082): wp_insert_post(Array, false)
#6 /data/wwwroot/www.plastic-crate.co.uk/wp-content/plugins/woocommerce/includes/class-wc-install.php(1190): wp_insert_attachment(Array, '/data/wwwroot/w...')
#7 /data/wwwroot/www.plasti in /data/wwwroot/www.plastic-crate.co.uk/wp-content/plugins/wp-all-import/models/model/record.php on line 78

2019-11-18T08:34:27+00:00 CRITICAL Uncaught Exception: Table 'plastic-crate.co.uk.wp_pmxi_images' doesn't exist in /data/wwwroot/www.plastic-crate.co.uk/wp-content/plugins/wp-all-import/models/model/record.php:78
Stack trace:
#0 /data/wwwroot/www.plastic-crate.co.uk/wp-content/plugins/wp-all-import/actions/add_attachment.php(22): PMXI_Model_Record->insert()
#1 /data/wwwroot/www.plastic-crate.co.uk/wp-includes/class-wp-hook.php(286): pmxi_add_attachment(17765)
#2 /data/wwwroot/www.plastic-crate.co.uk/wp-includes/class-wp-hook.php(310): WP_Hook->apply_filters('', Array)
#3 /data/wwwroot/www.plastic-crate.co.uk/wp-includes/plugin.php(453): WP_Hook->do_action(Array)
#4 /data/wwwroot/www.plastic-crate.co.uk/wp-includes/post.php(3694): do_action('add_attachment', 17765)
#5 /data/wwwroot/www.plastic-crate.co.uk/wp-includes/post.php(5082): wp_insert_post(Array, false)
#6 /data/wwwroot/www.plastic-crate.co.uk/wp-content/plugins/woocommerce/includes/class-wc-install.php(1190): wp_insert_attachment(Array, '/data/wwwroot/w...')
#7 /data/wwwroot/www.plasti in /data/wwwroot/www.plastic-crate.co.uk/wp-content/plugins/wp-all-import/models/model/record.php on line 78

2019-11-18T08:58:41+00:00 CRITICAL Uncaught Exception: Table 'plastic-crate.co.uk.wp_pmxi_images' doesn't exist in /data/wwwroot/www.plastic-crate.co.uk/wp-content/plugins/wp-all-import/models/model/record.php:78
Stack trace:
#0 /data/wwwroot/www.plastic-crate.co.uk/wp-content/plugins/wp-all-import/actions/add_attachment.php(22): PMXI_Model_Record->insert()
#1 /data/wwwroot/www.plastic-crate.co.uk/wp-includes/class-wp-hook.php(286): pmxi_add_attachment(17766)
#2 /data/wwwroot/www.plastic-crate.co.uk/wp-includes/class-wp-hook.php(310): WP_Hook->apply_filters('', Array)
#3 /data/wwwroot/www.plastic-crate.co.uk/wp-includes/plugin.php(453): WP_Hook->do_action(Array)
#4 /data/wwwroot/www.plastic-crate.co.uk/wp-includes/post.php(3694): do_action('add_attachment', 17766)
#5 /data/wwwroot/www.plastic-crate.co.uk/wp-includes/post.php(5082): wp_insert_post(Array, false)
#6 /data/wwwroot/www.plastic-crate.co.uk/wp-content/plugins/woocommerce/includes/class-wc-install.php(1190): wp_insert_attachment(Array, '/data/wwwroot/w...')
#7 /data/wwwroot/www.plasti in /data/wwwroot/www.plastic-crate.co.uk/wp-content/plugins/wp-all-import/models/model/record.php on line 78

2019-11-18T09:13:06+00:00 CRITICAL Uncaught Exception: Table 'plastic-crate.co.uk.wp_pmxi_images' doesn't exist in /data/wwwroot/www.plastic-crate.co.uk/wp-content/plugins/wp-all-import/models/model/record.php:78
Stack trace:
#0 /data/wwwroot/www.plastic-crate.co.uk/wp-content/plugins/wp-all-import/actions/add_attachment.php(22): PMXI_Model_Record->insert()
#1 /data/wwwroot/www.plastic-crate.co.uk/wp-includes/class-wp-hook.php(286): pmxi_add_attachment(17767)
#2 /data/wwwroot/www.plastic-crate.co.uk/wp-includes/class-wp-hook.php(310): WP_Hook->apply_filters('', Array)
#3 /data/wwwroot/www.plastic-crate.co.uk/wp-includes/plugin.php(453): WP_Hook->do_action(Array)
#4 /data/wwwroot/www.plastic-crate.co.uk/wp-includes/post.php(3694): do_action('add_attachment', 17767)
#5 /data/wwwroot/www.plastic-crate.co.uk/wp-includes/post.php(5082): wp_insert_post(Array, false)
#6 /data/wwwroot/www.plastic-crate.co.uk/wp-content/plugins/woocommerce/includes/class-wc-install.php(1190): wp_insert_attachment(Array, '/data/wwwroot/w...')
#7 /data/wwwroot/www.plasti in /data/wwwroot/www.plastic-crate.co.uk/wp-content/plugins/wp-all-import/models/model/record.php on line 78

2019-11-18T09:30:58+00:00 CRITICAL Uncaught Exception: Table 'plastic-crate.co.uk.wp_pmxi_images' doesn't exist in /data/wwwroot/www.plastic-crate.co.uk/wp-content/plugins/wp-all-import/models/model/record.php:78
Stack trace:
#0 /data/wwwroot/www.plastic-crate.co.uk/wp-content/plugins/wp-all-import/actions/add_attachment.php(22): PMXI_Model_Record->insert()
#1 /data/wwwroot/www.plastic-crate.co.uk/wp-includes/class-wp-hook.php(286): pmxi_add_attachment(17768)
#2 /data/wwwroot/www.plastic-crate.co.uk/wp-includes/class-wp-hook.php(310): WP_Hook->apply_filters('', Array)
#3 /data/wwwroot/www.plastic-crate.co.uk/wp-includes/plugin.php(453): WP_Hook->do_action(Array)
#4 /data/wwwroot/www.plastic-crate.co.uk/wp-includes/post.php(3694): do_action('add_attachment', 17768)
#5 /data/wwwroot/www.plastic-crate.co.uk/wp-includes/post.php(5082): wp_insert_post(Array, false)
#6 /data/wwwroot/www.plastic-crate.co.uk/wp-content/plugins/woocommerce/includes/class-wc-install.php(1190): wp_insert_attachment(Array, '/data/wwwroot/w...')
#7 /data/wwwroot/www.plasti in /data/wwwroot/www.plastic-crate.co.uk/wp-content/plugins/wp-all-import/models/model/record.php on line 78

2019-11-18T09:48:16+00:00 CRITICAL Uncaught Exception: Table 'plastic-crate.co.uk.wp_pmxi_images' doesn't exist in /data/wwwroot/www.plastic-crate.co.uk/wp-content/plugins/wp-all-import/models/model/record.php:78
Stack trace:
#0 /data/wwwroot/www.plastic-crate.co.uk/wp-content/plugins/wp-all-import/actions/add_attachment.php(22): PMXI_Model_Record->insert()
#1 /data/wwwroot/www.plastic-crate.co.uk/wp-includes/class-wp-hook.php(286): pmxi_add_attachment(17769)
#2 /data/wwwroot/www.plastic-crate.co.uk/wp-includes/class-wp-hook.php(310): WP_Hook->apply_filters('', Array)
#3 /data/wwwroot/www.plastic-crate.co.uk/wp-includes/plugin.php(453): WP_Hook->do_action(Array)
#4 /data/wwwroot/www.plastic-crate.co.uk/wp-includes/post.php(3694): do_action('add_attachment', 17769)
#5 /data/wwwroot/www.plastic-crate.co.uk/wp-includes/post.php(5082): wp_insert_post(Array, false)
#6 /data/wwwroot/www.plastic-crate.co.uk/wp-content/plugins/woocommerce/includes/class-wc-install.php(1190): wp_insert_attachment(Array, '/data/wwwroot/w...')
#7 /data/wwwroot/www.plasti in /data/wwwroot/www.plastic-crate.co.uk/wp-content/plugins/wp-all-import/models/model/record.php on line 78

2019-11-18T09:59:22+00:00 CRITICAL Uncaught Exception: Table 'plastic-crate.co.uk.wp_pmxi_images' doesn't exist in /data/wwwroot/www.plastic-crate.co.uk/wp-content/plugins/wp-all-import/models/model/record.php:78
Stack trace:
#0 /data/wwwroot/www.plastic-crate.co.uk/wp-content/plugins/wp-all-import/actions/add_attachment.php(22): PMXI_Model_Record->insert()
#1 /data/wwwroot/www.plastic-crate.co.uk/wp-includes/class-wp-hook.php(286): pmxi_add_attachment(17770)
#2 /data/wwwroot/www.plastic-crate.co.uk/wp-includes/class-wp-hook.php(310): WP_Hook->apply_filters('', Array)
#3 /data/wwwroot/www.plastic-crate.co.uk/wp-includes/plugin.php(453): WP_Hook->do_action(Array)
#4 /data/wwwroot/www.plastic-crate.co.uk/wp-includes/post.php(3694): do_action('add_attachment', 17770)
#5 /data/wwwroot/www.plastic-crate.co.uk/wp-includes/post.php(5082): wp_insert_post(Array, false)
#6 /data/wwwroot/www.plastic-crate.co.uk/wp-content/plugins/woocommerce/includes/class-wc-install.php(1190): wp_insert_attachment(Array, '/data/wwwroot/w...')
#7 /data/wwwroot/www.plasti in /data/wwwroot/www.plastic-crate.co.uk/wp-content/plugins/wp-all-import/models/model/record.php on line 78

2019-11-18T10:24:41+00:00 CRITICAL Uncaught Exception: Table 'plastic-crate.co.uk.wp_pmxi_images' doesn't exist in /data/wwwroot/www.plastic-crate.co.uk/wp-content/plugins/wp-all-import/models/model/record.php:78
Stack trace:
#0 /data/wwwroot/www.plastic-crate.co.uk/wp-content/plugins/wp-all-import/actions/add_attachment.php(22): PMXI_Model_Record->insert()
#1 /data/wwwroot/www.plastic-crate.co.uk/wp-includes/class-wp-hook.php(286): pmxi_add_attachment(17771)
#2 /data/wwwroot/www.plastic-crate.co.uk/wp-includes/class-wp-hook.php(310): WP_Hook->apply_filters('', Array)
#3 /data/wwwroot/www.plastic-crate.co.uk/wp-includes/plugin.php(453): WP_Hook->do_action(Array)
#4 /data/wwwroot/www.plastic-crate.co.uk/wp-includes/post.php(3694): do_action('add_attachment', 17771)
#5 /data/wwwroot/www.plastic-crate.co.uk/wp-includes/post.php(5082): wp_insert_post(Array, false)
#6 /data/wwwroot/www.plastic-crate.co.uk/wp-content/plugins/woocommerce/includes/class-wc-install.php(1190): wp_insert_attachment(Array, '/data/wwwroot/w...')
#7 /data/wwwroot/www.plasti in /data/wwwroot/www.plastic-crate.co.uk/wp-content/plugins/wp-all-import/models/model/record.php on line 78

2019-11-18T10:43:55+00:00 CRITICAL Uncaught Exception: Table 'plastic-crate.co.uk.wp_pmxi_images' doesn't exist in /data/wwwroot/www.plastic-crate.co.uk/wp-content/plugins/wp-all-import/models/model/record.php:78
Stack trace:
#0 /data/wwwroot/www.plastic-crate.co.uk/wp-content/plugins/wp-all-import/actions/add_attachment.php(22): PMXI_Model_Record->insert()
#1 /data/wwwroot/www.plastic-crate.co.uk/wp-includes/class-wp-hook.php(286): pmxi_add_attachment(17772)
#2 /data/wwwroot/www.plastic-crate.co.uk/wp-includes/class-wp-hook.php(310): WP_Hook->apply_filters('', Array)
#3 /data/wwwroot/www.plastic-crate.co.uk/wp-includes/plugin.php(453): WP_Hook->do_action(Array)
#4 /data/wwwroot/www.plastic-crate.co.uk/wp-includes/post.php(3694): do_action('add_attachment', 17772)
#5 /data/wwwroot/www.plastic-crate.co.uk/wp-includes/post.php(5082): wp_insert_post(Array, false)
#6 /data/wwwroot/www.plastic-crate.co.uk/wp-content/plugins/woocommerce/includes/class-wc-install.php(1190): wp_insert_attachment(Array, '/data/wwwroot/w...')
#7 /data/wwwroot/www.plasti in /data/wwwroot/www.plastic-crate.co.uk/wp-content/plugins/wp-all-import/models/model/record.php on line 78

2019-11-18T11:10:23+00:00 CRITICAL Uncaught Exception: Table 'plastic-crate.co.uk.wp_pmxi_images' doesn't exist in /data/wwwroot/www.plastic-crate.co.uk/wp-content/plugins/wp-all-import/models/model/record.php:78
Stack trace:
#0 /data/wwwroot/www.plastic-crate.co.uk/wp-content/plugins/wp-all-import/actions/add_attachment.php(22): PMXI_Model_Record->insert()
#1 /data/wwwroot/www.plastic-crate.co.uk/wp-includes/class-wp-hook.php(286): pmxi_add_attachment(17773)
#2 /data/wwwroot/www.plastic-crate.co.uk/wp-includes/class-wp-hook.php(310): WP_Hook->apply_filters('', Array)
#3 /data/wwwroot/www.plastic-crate.co.uk/wp-includes/plugin.php(453): WP_Hook->do_action(Array)
#4 /data/wwwroot/www.plastic-crate.co.uk/wp-includes/post.php(3694): do_action('add_attachment', 17773)
#5 /data/wwwroot/www.plastic-crate.co.uk/wp-includes/post.php(5082): wp_insert_post(Array, false)
#6 /data/wwwroot/www.plastic-crate.co.uk/wp-content/plugins/woocommerce/includes/class-wc-install.php(1190): wp_insert_attachment(Array, '/data/wwwroot/w...')
#7 /data/wwwroot/www.plasti in /data/wwwroot/www.plastic-crate.co.uk/wp-content/plugins/wp-all-import/models/model/record.php on line 78

2019-11-18T11:34:22+00:00 CRITICAL Uncaught Exception: Table 'plastic-crate.co.uk.wp_pmxi_images' doesn't exist in /data/wwwroot/www.plastic-crate.co.uk/wp-content/plugins/wp-all-import/models/model/record.php:78
Stack trace:
#0 /data/wwwroot/www.plastic-crate.co.uk/wp-content/plugins/wp-all-import/actions/add_attachment.php(22): PMXI_Model_Record->insert()
#1 /data/wwwroot/www.plastic-crate.co.uk/wp-includes/class-wp-hook.php(286): pmxi_add_attachment(17774)
#2 /data/wwwroot/www.plastic-crate.co.uk/wp-includes/class-wp-hook.php(310): WP_Hook->apply_filters('', Array)
#3 /data/wwwroot/www.plastic-crate.co.uk/wp-includes/plugin.php(453): WP_Hook->do_action(Array)
#4 /data/wwwroot/www.plastic-crate.co.uk/wp-includes/post.php(3694): do_action('add_attachment', 17774)
#5 /data/wwwroot/www.plastic-crate.co.uk/wp-includes/post.php(5082): wp_insert_post(Array, false)
#6 /data/wwwroot/www.plastic-crate.co.uk/wp-content/plugins/woocommerce/includes/class-wc-install.php(1190): wp_insert_attachment(Array, '/data/wwwroot/w...')
#7 /data/wwwroot/www.plasti in /data/wwwroot/www.plastic-crate.co.uk/wp-content/plugins/wp-all-import/models/model/record.php on line 78

2019-11-18T11:47:18+00:00 CRITICAL Uncaught Exception: Table 'plastic-crate.co.uk.wp_pmxi_images' doesn't exist in /data/wwwroot/www.plastic-crate.co.uk/wp-content/plugins/wp-all-import/models/model/record.php:78
Stack trace:
#0 /data/wwwroot/www.plastic-crate.co.uk/wp-content/plugins/wp-all-import/actions/add_attachment.php(22): PMXI_Model_Record->insert()
#1 /data/wwwroot/www.plastic-crate.co.uk/wp-includes/class-wp-hook.php(286): pmxi_add_attachment(17775)
#2 /data/wwwroot/www.plastic-crate.co.uk/wp-includes/class-wp-hook.php(310): WP_Hook->apply_filters('', Array)
#3 /data/wwwroot/www.plastic-crate.co.uk/wp-includes/plugin.php(453): WP_Hook->do_action(Array)
#4 /data/wwwroot/www.plastic-crate.co.uk/wp-includes/post.php(3694): do_action('add_attachment', 17775)
#5 /data/wwwroot/www.plastic-crate.co.uk/wp-includes/post.php(5082): wp_insert_post(Array, false)
#6 /data/wwwroot/www.plastic-crate.co.uk/wp-content/plugins/woocommerce/includes/class-wc-install.php(1190): wp_insert_attachment(Array, '/data/wwwroot/w...')
#7 /data/wwwroot/www.plasti in /data/wwwroot/www.plastic-crate.co.uk/wp-content/plugins/wp-all-import/models/model/record.php on line 78

2019-11-18T12:00:36+00:00 CRITICAL Uncaught Exception: Table 'plastic-crate.co.uk.wp_pmxi_images' doesn't exist in /data/wwwroot/www.plastic-crate.co.uk/wp-content/plugins/wp-all-import/models/model/record.php:78
Stack trace:
#0 /data/wwwroot/www.plastic-crate.co.uk/wp-content/plugins/wp-all-import/actions/add_attachment.php(22): PMXI_Model_Record->insert()
#1 /data/wwwroot/www.plastic-crate.co.uk/wp-includes/class-wp-hook.php(286): pmxi_add_attachment(17776)
#2 /data/wwwroot/www.plastic-crate.co.uk/wp-includes/class-wp-hook.php(310): WP_Hook->apply_filters('', Array)
#3 /data/wwwroot/www.plastic-crate.co.uk/wp-includes/plugin.php(453): WP_Hook->do_action(Array)
#4 /data/wwwroot/www.plastic-crate.co.uk/wp-includes/post.php(3694): do_action('add_attachment', 17776)
#5 /data/wwwroot/www.plastic-crate.co.uk/wp-includes/post.php(5082): wp_insert_post(Array, false)
#6 /data/wwwroot/www.plastic-crate.co.uk/wp-content/plugins/woocommerce/includes/class-wc-install.php(1190): wp_insert_attachment(Array, '/data/wwwroot/w...')
#7 /data/wwwroot/www.plasti in /data/wwwroot/www.plastic-crate.co.uk/wp-content/plugins/wp-all-import/models/model/record.php on line 78

2019-11-18T12:10:40+00:00 CRITICAL Uncaught Exception: Table 'plastic-crate.co.uk.wp_pmxi_images' doesn't exist in /data/wwwroot/www.plastic-crate.co.uk/wp-content/plugins/wp-all-import/models/model/record.php:78
Stack trace:
#0 /data/wwwroot/www.plastic-crate.co.uk/wp-content/plugins/wp-all-import/actions/add_attachment.php(22): PMXI_Model_Record->insert()
#1 /data/wwwroot/www.plastic-crate.co.uk/wp-includes/class-wp-hook.php(286): pmxi_add_attachment(17777)
#2 /data/wwwroot/www.plastic-crate.co.uk/wp-includes/class-wp-hook.php(310): WP_Hook->apply_filters('', Array)
#3 /data/wwwroot/www.plastic-crate.co.uk/wp-includes/plugin.php(453): WP_Hook->do_action(Array)
#4 /data/wwwroot/www.plastic-crate.co.uk/wp-includes/post.php(3694): do_action('add_attachment', 17777)
#5 /data/wwwroot/www.plastic-crate.co.uk/wp-includes/post.php(5082): wp_insert_post(Array, false)
#6 /data/wwwroot/www.plastic-crate.co.uk/wp-content/plugins/woocommerce/includes/class-wc-install.php(1190): wp_insert_attachment(Array, '/data/wwwroot/w...')
#7 /data/wwwroot/www.plasti in /data/wwwroot/www.plastic-crate.co.uk/wp-content/plugins/wp-all-import/models/model/record.php on line 78

2019-11-18T12:38:46+00:00 CRITICAL Uncaught Exception: Table 'plastic-crate.co.uk.wp_pmxi_images' doesn't exist in /data/wwwroot/www.plastic-crate.co.uk/wp-content/plugins/wp-all-import/models/model/record.php:78
Stack trace:
#0 /data/wwwroot/www.plastic-crate.co.uk/wp-content/plugins/wp-all-import/actions/add_attachment.php(22): PMXI_Model_Record->insert()
#1 /data/wwwroot/www.plastic-crate.co.uk/wp-includes/class-wp-hook.php(286): pmxi_add_attachment(17778)
#2 /data/wwwroot/www.plastic-crate.co.uk/wp-includes/class-wp-hook.php(310): WP_Hook->apply_filters('', Array)
#3 /data/wwwroot/www.plastic-crate.co.uk/wp-includes/plugin.php(453): WP_Hook->do_action(Array)
#4 /data/wwwroot/www.plastic-crate.co.uk/wp-includes/post.php(3694): do_action('add_attachment', 17778)
#5 /data/wwwroot/www.plastic-crate.co.uk/wp-includes/post.php(5082): wp_insert_post(Array, false)
#6 /data/wwwroot/www.plastic-crate.co.uk/wp-content/plugins/woocommerce/includes/class-wc-install.php(1190): wp_insert_attachment(Array, '/data/wwwroot/w...')
#7 /data/wwwroot/www.plasti in /data/wwwroot/www.plastic-crate.co.uk/wp-content/plugins/wp-all-import/models/model/record.php on line 78

2019-11-18T12:50:31+00:00 CRITICAL Uncaught Exception: Table 'plastic-crate.co.uk.wp_pmxi_images' doesn't exist in /data/wwwroot/www.plastic-crate.co.uk/wp-content/plugins/wp-all-import/models/model/record.php:78
Stack trace:
#0 /data/wwwroot/www.plastic-crate.co.uk/wp-content/plugins/wp-all-import/actions/add_attachment.php(22): PMXI_Model_Record->insert()
#1 /data/wwwroot/www.plastic-crate.co.uk/wp-includes/class-wp-hook.php(286): pmxi_add_attachment(17779)
#2 /data/wwwroot/www.plastic-crate.co.uk/wp-includes/class-wp-hook.php(310): WP_Hook->apply_filters('', Array)
#3 /data/wwwroot/www.plastic-crate.co.uk/wp-includes/plugin.php(453): WP_Hook->do_action(Array)
#4 /data/wwwroot/www.plastic-crate.co.uk/wp-includes/post.php(3694): do_action('add_attachment', 17779)
#5 /data/wwwroot/www.plastic-crate.co.uk/wp-includes/post.php(5082): wp_insert_post(Array, false)
#6 /data/wwwroot/www.plastic-crate.co.uk/wp-content/plugins/woocommerce/includes/class-wc-install.php(1190): wp_insert_attachment(Array, '/data/wwwroot/w...')
#7 /data/wwwroot/www.plasti in /data/wwwroot/www.plastic-crate.co.uk/wp-content/plugins/wp-all-import/models/model/record.php on line 78

2019-11-18T13:01:59+00:00 CRITICAL Uncaught Exception: Table 'plastic-crate.co.uk.wp_pmxi_images' doesn't exist in /data/wwwroot/www.plastic-crate.co.uk/wp-content/plugins/wp-all-import/models/model/record.php:78
Stack trace:
#0 /data/wwwroot/www.plastic-crate.co.uk/wp-content/plugins/wp-all-import/actions/add_attachment.php(22): PMXI_Model_Record->insert()
#1 /data/wwwroot/www.plastic-crate.co.uk/wp-includes/class-wp-hook.php(286): pmxi_add_attachment(17780)
#2 /data/wwwroot/www.plastic-crate.co.uk/wp-includes/class-wp-hook.php(310): WP_Hook->apply_filters('', Array)
#3 /data/wwwroot/www.plastic-crate.co.uk/wp-includes/plugin.php(453): WP_Hook->do_action(Array)
#4 /data/wwwroot/www.plastic-crate.co.uk/wp-includes/post.php(3694): do_action('add_attachment', 17780)
#5 /data/wwwroot/www.plastic-crate.co.uk/wp-includes/post.php(5082): wp_insert_post(Array, false)
#6 /data/wwwroot/www.plastic-crate.co.uk/wp-content/plugins/woocommerce/includes/class-wc-install.php(1190): wp_insert_attachment(Array, '/data/wwwroot/w...')
#7 /data/wwwroot/www.plasti in /data/wwwroot/www.plastic-crate.co.uk/wp-content/plugins/wp-all-import/models/model/record.php on line 78

2019-11-18T13:13:37+00:00 CRITICAL Uncaught Exception: Table 'plastic-crate.co.uk.wp_pmxi_images' doesn't exist in /data/wwwroot/www.plastic-crate.co.uk/wp-content/plugins/wp-all-import/models/model/record.php:78
Stack trace:
#0 /data/wwwroot/www.plastic-crate.co.uk/wp-content/plugins/wp-all-import/actions/add_attachment.php(22): PMXI_Model_Record->insert()
#1 /data/wwwroot/www.plastic-crate.co.uk/wp-includes/class-wp-hook.php(286): pmxi_add_attachment(17781)
#2 /data/wwwroot/www.plastic-crate.co.uk/wp-includes/class-wp-hook.php(310): WP_Hook->apply_filters('', Array)
#3 /data/wwwroot/www.plastic-crate.co.uk/wp-includes/plugin.php(453): WP_Hook->do_action(Array)
#4 /data/wwwroot/www.plastic-crate.co.uk/wp-includes/post.php(3694): do_action('add_attachment', 17781)
#5 /data/wwwroot/www.plastic-crate.co.uk/wp-includes/post.php(5082): wp_insert_post(Array, false)
#6 /data/wwwroot/www.plastic-crate.co.uk/wp-content/plugins/woocommerce/includes/class-wc-install.php(1190): wp_insert_attachment(Array, '/data/wwwroot/w...')
#7 /data/wwwroot/www.plasti in /data/wwwroot/www.plastic-crate.co.uk/wp-content/plugins/wp-all-import/models/model/record.php on line 78

2019-11-18T13:34:09+00:00 CRITICAL Uncaught Exception: Table 'plastic-crate.co.uk.wp_pmxi_images' doesn't exist in /data/wwwroot/www.plastic-crate.co.uk/wp-content/plugins/wp-all-import/models/model/record.php:78
Stack trace:
#0 /data/wwwroot/www.plastic-crate.co.uk/wp-content/plugins/wp-all-import/actions/add_attachment.php(22): PMXI_Model_Record->insert()
#1 /data/wwwroot/www.plastic-crate.co.uk/wp-includes/class-wp-hook.php(286): pmxi_add_attachment(17782)
#2 /data/wwwroot/www.plastic-crate.co.uk/wp-includes/class-wp-hook.php(310): WP_Hook->apply_filters('', Array)
#3 /data/wwwroot/www.plastic-crate.co.uk/wp-includes/plugin.php(453): WP_Hook->do_action(Array)
#4 /data/wwwroot/www.plastic-crate.co.uk/wp-includes/post.php(3694): do_action('add_attachment', 17782)
#5 /data/wwwroot/www.plastic-crate.co.uk/wp-includes/post.php(5082): wp_insert_post(Array, false)
#6 /data/wwwroot/www.plastic-crate.co.uk/wp-content/plugins/woocommerce/includes/class-wc-install.php(1190): wp_insert_attachment(Array, '/data/wwwroot/w...')
#7 /data/wwwroot/www.plasti in /data/wwwroot/www.plastic-crate.co.uk/wp-content/plugins/wp-all-import/models/model/record.php on line 78

2019-11-18T13:59:07+00:00 CRITICAL Uncaught Exception: Table 'plastic-crate.co.uk.wp_pmxi_images' doesn't exist in /data/wwwroot/www.plastic-crate.co.uk/wp-content/plugins/wp-all-import/models/model/record.php:78
Stack trace:
#0 /data/wwwroot/www.plastic-crate.co.uk/wp-content/plugins/wp-all-import/actions/add_attachment.php(22): PMXI_Model_Record->insert()
#1 /data/wwwroot/www.plastic-crate.co.uk/wp-includes/class-wp-hook.php(286): pmxi_add_attachment(17783)
#2 /data/wwwroot/www.plastic-crate.co.uk/wp-includes/class-wp-hook.php(310): WP_Hook->apply_filters('', Array)
#3 /data/wwwroot/www.plastic-crate.co.uk/wp-includes/plugin.php(453): WP_Hook->do_action(Array)
#4 /data/wwwroot/www.plastic-crate.co.uk/wp-includes/post.php(3694): do_action('add_attachment', 17783)
#5 /data/wwwroot/www.plastic-crate.co.uk/wp-includes/post.php(5082): wp_insert_post(Array, false)
#6 /data/wwwroot/www.plastic-crate.co.uk/wp-content/plugins/woocommerce/includes/class-wc-install.php(1190): wp_insert_attachment(Array, '/data/wwwroot/w...')
#7 /data/wwwroot/www.plasti in /data/wwwroot/www.plastic-crate.co.uk/wp-content/plugins/wp-all-import/models/model/record.php on line 78

2019-11-18T14:13:45+00:00 CRITICAL Uncaught Exception: Table 'plastic-crate.co.uk.wp_pmxi_images' doesn't exist in /data/wwwroot/www.plastic-crate.co.uk/wp-content/plugins/wp-all-import/models/model/record.php:78
Stack trace:
#0 /data/wwwroot/www.plastic-crate.co.uk/wp-content/plugins/wp-all-import/actions/add_attachment.php(22): PMXI_Model_Record->insert()
#1 /data/wwwroot/www.plastic-crate.co.uk/wp-includes/class-wp-hook.php(286): pmxi_add_attachment(17784)
#2 /data/wwwroot/www.plastic-crate.co.uk/wp-includes/class-wp-hook.php(310): WP_Hook->apply_filters('', Array)
#3 /data/wwwroot/www.plastic-crate.co.uk/wp-includes/plugin.php(453): WP_Hook->do_action(Array)
#4 /data/wwwroot/www.plastic-crate.co.uk/wp-includes/post.php(3694): do_action('add_attachment', 17784)
#5 /data/wwwroot/www.plastic-crate.co.uk/wp-includes/post.php(5082): wp_insert_post(Array, false)
#6 /data/wwwroot/www.plastic-crate.co.uk/wp-content/plugins/woocommerce/includes/class-wc-install.php(1190): wp_insert_attachment(Array, '/data/wwwroot/w...')
#7 /data/wwwroot/www.plasti in /data/wwwroot/www.plastic-crate.co.uk/wp-content/plugins/wp-all-import/models/model/record.php on line 78

2019-11-18T14:23:50+00:00 CRITICAL Uncaught Exception: Table 'plastic-crate.co.uk.wp_pmxi_images' doesn't exist in /data/wwwroot/www.plastic-crate.co.uk/wp-content/plugins/wp-all-import/models/model/record.php:78
Stack trace:
#0 /data/wwwroot/www.plastic-crate.co.uk/wp-content/plugins/wp-all-import/actions/add_attachment.php(22): PMXI_Model_Record->insert()
#1 /data/wwwroot/www.plastic-crate.co.uk/wp-includes/class-wp-hook.php(286): pmxi_add_attachment(17785)
#2 /data/wwwroot/www.plastic-crate.co.uk/wp-includes/class-wp-hook.php(310): WP_Hook->apply_filters('', Array)
#3 /data/wwwroot/www.plastic-crate.co.uk/wp-includes/plugin.php(453): WP_Hook->do_action(Array)
#4 /data/wwwroot/www.plastic-crate.co.uk/wp-includes/post.php(3694): do_action('add_attachment', 17785)
#5 /data/wwwroot/www.plastic-crate.co.uk/wp-includes/post.php(5082): wp_insert_post(Array, false)
#6 /data/wwwroot/www.plastic-crate.co.uk/wp-content/plugins/woocommerce/includes/class-wc-install.php(1190): wp_insert_attachment(Array, '/data/wwwroot/w...')
#7 /data/wwwroot/www.plasti in /data/wwwroot/www.plastic-crate.co.uk/wp-content/plugins/wp-all-import/models/model/record.php on line 78

2019-11-18T14:34:41+00:00 CRITICAL Uncaught Exception: Table 'plastic-crate.co.uk.wp_pmxi_images' doesn't exist in /data/wwwroot/www.plastic-crate.co.uk/wp-content/plugins/wp-all-import/models/model/record.php:78
Stack trace:
#0 /data/wwwroot/www.plastic-crate.co.uk/wp-content/plugins/wp-all-import/actions/add_attachment.php(22): PMXI_Model_Record->insert()
#1 /data/wwwroot/www.plastic-crate.co.uk/wp-includes/class-wp-hook.php(286): pmxi_add_attachment(17786)
#2 /data/wwwroot/www.plastic-crate.co.uk/wp-includes/class-wp-hook.php(310): WP_Hook->apply_filters('', Array)
#3 /data/wwwroot/www.plastic-crate.co.uk/wp-includes/plugin.php(453): WP_Hook->do_action(Array)
#4 /data/wwwroot/www.plastic-crate.co.uk/wp-includes/post.php(3694): do_action('add_attachment', 17786)
#5 /data/wwwroot/www.plastic-crate.co.uk/wp-includes/post.php(5082): wp_insert_post(Array, false)
#6 /data/wwwroot/www.plastic-crate.co.uk/wp-content/plugins/woocommerce/includes/class-wc-install.php(1190): wp_insert_attachment(Array, '/data/wwwroot/w...')
#7 /data/wwwroot/www.plasti in /data/wwwroot/www.plastic-crate.co.uk/wp-content/plugins/wp-all-import/models/model/record.php on line 78

2019-11-18T14:47:31+00:00 CRITICAL Uncaught Exception: Table 'plastic-crate.co.uk.wp_pmxi_images' doesn't exist in /data/wwwroot/www.plastic-crate.co.uk/wp-content/plugins/wp-all-import/models/model/record.php:78
Stack trace:
#0 /data/wwwroot/www.plastic-crate.co.uk/wp-content/plugins/wp-all-import/actions/add_attachment.php(22): PMXI_Model_Record->insert()
#1 /data/wwwroot/www.plastic-crate.co.uk/wp-includes/class-wp-hook.php(286): pmxi_add_attachment(17787)
#2 /data/wwwroot/www.plastic-crate.co.uk/wp-includes/class-wp-hook.php(310): WP_Hook->apply_filters('', Array)
#3 /data/wwwroot/www.plastic-crate.co.uk/wp-includes/plugin.php(453): WP_Hook->do_action(Array)
#4 /data/wwwroot/www.plastic-crate.co.uk/wp-includes/post.php(3694): do_action('add_attachment', 17787)
#5 /data/wwwroot/www.plastic-crate.co.uk/wp-includes/post.php(5082): wp_insert_post(Array, false)
#6 /data/wwwroot/www.plastic-crate.co.uk/wp-content/plugins/woocommerce/includes/class-wc-install.php(1190): wp_insert_attachment(Array, '/data/wwwroot/w...')
#7 /data/wwwroot/www.plasti in /data/wwwroot/www.plastic-crate.co.uk/wp-content/plugins/wp-all-import/models/model/record.php on line 78

2019-11-18T14:59:28+00:00 CRITICAL Uncaught Exception: Table 'plastic-crate.co.uk.wp_pmxi_images' doesn't exist in /data/wwwroot/www.plastic-crate.co.uk/wp-content/plugins/wp-all-import/models/model/record.php:78
Stack trace:
#0 /data/wwwroot/www.plastic-crate.co.uk/wp-content/plugins/wp-all-import/actions/add_attachment.php(22): PMXI_Model_Record->insert()
#1 /data/wwwroot/www.plastic-crate.co.uk/wp-includes/class-wp-hook.php(286): pmxi_add_attachment(17788)
#2 /data/wwwroot/www.plastic-crate.co.uk/wp-includes/class-wp-hook.php(310): WP_Hook->apply_filters('', Array)
#3 /data/wwwroot/www.plastic-crate.co.uk/wp-includes/plugin.php(453): WP_Hook->do_action(Array)
#4 /data/wwwroot/www.plastic-crate.co.uk/wp-includes/post.php(3694): do_action('add_attachment', 17788)
#5 /data/wwwroot/www.plastic-crate.co.uk/wp-includes/post.php(5082): wp_insert_post(Array, false)
#6 /data/wwwroot/www.plastic-crate.co.uk/wp-content/plugins/woocommerce/includes/class-wc-install.php(1190): wp_insert_attachment(Array, '/data/wwwroot/w...')
#7 /data/wwwroot/www.plasti in /data/wwwroot/www.plastic-crate.co.uk/wp-content/plugins/wp-all-import/models/model/record.php on line 78

2019-11-18T15:16:33+00:00 CRITICAL Uncaught Exception: Table 'plastic-crate.co.uk.wp_pmxi_images' doesn't exist in /data/wwwroot/www.plastic-crate.co.uk/wp-content/plugins/wp-all-import/models/model/record.php:78
Stack trace:
#0 /data/wwwroot/www.plastic-crate.co.uk/wp-content/plugins/wp-all-import/actions/add_attachment.php(22): PMXI_Model_Record->insert()
#1 /data/wwwroot/www.plastic-crate.co.uk/wp-includes/class-wp-hook.php(286): pmxi_add_attachment(17789)
#2 /data/wwwroot/www.plastic-crate.co.uk/wp-includes/class-wp-hook.php(310): WP_Hook->apply_filters('', Array)
#3 /data/wwwroot/www.plastic-crate.co.uk/wp-includes/plugin.php(453): WP_Hook->do_action(Array)
#4 /data/wwwroot/www.plastic-crate.co.uk/wp-includes/post.php(3694): do_action('add_attachment', 17789)
#5 /data/wwwroot/www.plastic-crate.co.uk/wp-includes/post.php(5082): wp_insert_post(Array, false)
#6 /data/wwwroot/www.plastic-crate.co.uk/wp-content/plugins/woocommerce/includes/class-wc-install.php(1190): wp_insert_attachment(Array, '/data/wwwroot/w...')
#7 /data/wwwroot/www.plasti in /data/wwwroot/www.plastic-crate.co.uk/wp-content/plugins/wp-all-import/models/model/record.php on line 78

2019-11-18T15:28:11+00:00 CRITICAL Uncaught Exception: Table 'plastic-crate.co.uk.wp_pmxi_images' doesn't exist in /data/wwwroot/www.plastic-crate.co.uk/wp-content/plugins/wp-all-import/models/model/record.php:78
Stack trace:
#0 /data/wwwroot/www.plastic-crate.co.uk/wp-content/plugins/wp-all-import/actions/add_attachment.php(22): PMXI_Model_Record->insert()
#1 /data/wwwroot/www.plastic-crate.co.uk/wp-includes/class-wp-hook.php(286): pmxi_add_attachment(17790)
#2 /data/wwwroot/www.plastic-crate.co.uk/wp-includes/class-wp-hook.php(310): WP_Hook->apply_filters('', Array)
#3 /data/wwwroot/www.plastic-crate.co.uk/wp-includes/plugin.php(453): WP_Hook->do_action(Array)
#4 /data/wwwroot/www.plastic-crate.co.uk/wp-includes/post.php(3694): do_action('add_attachment', 17790)
#5 /data/wwwroot/www.plastic-crate.co.uk/wp-includes/post.php(5082): wp_insert_post(Array, false)
#6 /data/wwwroot/www.plastic-crate.co.uk/wp-content/plugins/woocommerce/includes/class-wc-install.php(1190): wp_insert_attachment(Array, '/data/wwwroot/w...')
#7 /data/wwwroot/www.plasti in /data/wwwroot/www.plastic-crate.co.uk/wp-content/plugins/wp-all-import/models/model/record.php on line 78

2019-11-18T15:40:21+00:00 CRITICAL Uncaught Exception: Table 'plastic-crate.co.uk.wp_pmxi_images' doesn't exist in /data/wwwroot/www.plastic-crate.co.uk/wp-content/plugins/wp-all-import/models/model/record.php:78
Stack trace:
#0 /data/wwwroot/www.plastic-crate.co.uk/wp-content/plugins/wp-all-import/actions/add_attachment.php(22): PMXI_Model_Record->insert()
#1 /data/wwwroot/www.plastic-crate.co.uk/wp-includes/class-wp-hook.php(286): pmxi_add_attachment(17791)
#2 /data/wwwroot/www.plastic-crate.co.uk/wp-includes/class-wp-hook.php(310): WP_Hook->apply_filters('', Array)
#3 /data/wwwroot/www.plastic-crate.co.uk/wp-includes/plugin.php(453): WP_Hook->do_action(Array)
#4 /data/wwwroot/www.plastic-crate.co.uk/wp-includes/post.php(3694): do_action('add_attachment', 17791)
#5 /data/wwwroot/www.plastic-crate.co.uk/wp-includes/post.php(5082): wp_insert_post(Array, false)
#6 /data/wwwroot/www.plastic-crate.co.uk/wp-content/plugins/woocommerce/includes/class-wc-install.php(1190): wp_insert_attachment(Array, '/data/wwwroot/w...')
#7 /data/wwwroot/www.plasti in /data/wwwroot/www.plastic-crate.co.uk/wp-content/plugins/wp-all-import/models/model/record.php on line 78

2019-11-18T16:16:42+00:00 CRITICAL Uncaught Exception: Table 'plastic-crate.co.uk.wp_pmxi_images' doesn't exist in /data/wwwroot/www.plastic-crate.co.uk/wp-content/plugins/wp-all-import/models/model/record.php:78
Stack trace:
#0 /data/wwwroot/www.plastic-crate.co.uk/wp-content/plugins/wp-all-import/actions/add_attachment.php(22): PMXI_Model_Record->insert()
#1 /data/wwwroot/www.plastic-crate.co.uk/wp-includes/class-wp-hook.php(286): pmxi_add_attachment(17792)
#2 /data/wwwroot/www.plastic-crate.co.uk/wp-includes/class-wp-hook.php(310): WP_Hook->apply_filters('', Array)
#3 /data/wwwroot/www.plastic-crate.co.uk/wp-includes/plugin.php(453): WP_Hook->do_action(Array)
#4 /data/wwwroot/www.plastic-crate.co.uk/wp-includes/post.php(3694): do_action('add_attachment', 17792)
#5 /data/wwwroot/www.plastic-crate.co.uk/wp-includes/post.php(5082): wp_insert_post(Array, false)
#6 /data/wwwroot/www.plastic-crate.co.uk/wp-content/plugins/woocommerce/includes/class-wc-install.php(1190): wp_insert_attachment(Array, '/data/wwwroot/w...')
#7 /data/wwwroot/www.plasti in /data/wwwroot/www.plastic-crate.co.uk/wp-content/plugins/wp-all-import/models/model/record.php on line 78

2019-11-18T16:41:03+00:00 CRITICAL Uncaught Exception: Table 'plastic-crate.co.uk.wp_pmxi_images' doesn't exist in /data/wwwroot/www.plastic-crate.co.uk/wp-content/plugins/wp-all-import/models/model/record.php:78
Stack trace:
#0 /data/wwwroot/www.plastic-crate.co.uk/wp-content/plugins/wp-all-import/actions/add_attachment.php(22): PMXI_Model_Record->insert()
#1 /data/wwwroot/www.plastic-crate.co.uk/wp-includes/class-wp-hook.php(286): pmxi_add_attachment(17793)
#2 /data/wwwroot/www.plastic-crate.co.uk/wp-includes/class-wp-hook.php(310): WP_Hook->apply_filters('', Array)
#3 /data/wwwroot/www.plastic-crate.co.uk/wp-includes/plugin.php(453): WP_Hook->do_action(Array)
#4 /data/wwwroot/www.plastic-crate.co.uk/wp-includes/post.php(3694): do_action('add_attachment', 17793)
#5 /data/wwwroot/www.plastic-crate.co.uk/wp-includes/post.php(5082): wp_insert_post(Array, false)
#6 /data/wwwroot/www.plastic-crate.co.uk/wp-content/plugins/woocommerce/includes/class-wc-install.php(1190): wp_insert_attachment(Array, '/data/wwwroot/w...')
#7 /data/wwwroot/www.plasti in /data/wwwroot/www.plastic-crate.co.uk/wp-content/plugins/wp-all-import/models/model/record.php on line 78

2019-11-18T17:11:32+00:00 CRITICAL Uncaught Exception: Table 'plastic-crate.co.uk.wp_pmxi_images' doesn't exist in /data/wwwroot/www.plastic-crate.co.uk/wp-content/plugins/wp-all-import/models/model/record.php:78
Stack trace:
#0 /data/wwwroot/www.plastic-crate.co.uk/wp-content/plugins/wp-all-import/actions/add_attachment.php(22): PMXI_Model_Record->insert()
#1 /data/wwwroot/www.plastic-crate.co.uk/wp-includes/class-wp-hook.php(286): pmxi_add_attachment(17794)
#2 /data/wwwroot/www.plastic-crate.co.uk/wp-includes/class-wp-hook.php(310): WP_Hook->apply_filters('', Array)
#3 /data/wwwroot/www.plastic-crate.co.uk/wp-includes/plugin.php(453): WP_Hook->do_action(Array)
#4 /data/wwwroot/www.plastic-crate.co.uk/wp-includes/post.php(3694): do_action('add_attachment', 17794)
#5 /data/wwwroot/www.plastic-crate.co.uk/wp-includes/post.php(5082): wp_insert_post(Array, false)
#6 /data/wwwroot/www.plastic-crate.co.uk/wp-content/plugins/woocommerce/includes/class-wc-install.php(1190): wp_insert_attachment(Array, '/data/wwwroot/w...')
#7 /data/wwwroot/www.plasti in /data/wwwroot/www.plastic-crate.co.uk/wp-content/plugins/wp-all-import/models/model/record.php on line 78

2019-11-18T17:25:15+00:00 CRITICAL Uncaught Exception: Table 'plastic-crate.co.uk.wp_pmxi_images' doesn't exist in /data/wwwroot/www.plastic-crate.co.uk/wp-content/plugins/wp-all-import/models/model/record.php:78
Stack trace:
#0 /data/wwwroot/www.plastic-crate.co.uk/wp-content/plugins/wp-all-import/actions/add_attachment.php(22): PMXI_Model_Record->insert()
#1 /data/wwwroot/www.plastic-crate.co.uk/wp-includes/class-wp-hook.php(286): pmxi_add_attachment(17795)
#2 /data/wwwroot/www.plastic-crate.co.uk/wp-includes/class-wp-hook.php(310): WP_Hook->apply_filters('', Array)
#3 /data/wwwroot/www.plastic-crate.co.uk/wp-includes/plugin.php(453): WP_Hook->do_action(Array)
#4 /data/wwwroot/www.plastic-crate.co.uk/wp-includes/post.php(3694): do_action('add_attachment', 17795)
#5 /data/wwwroot/www.plastic-crate.co.uk/wp-includes/post.php(5082): wp_insert_post(Array, false)
#6 /data/wwwroot/www.plastic-crate.co.uk/wp-content/plugins/woocommerce/includes/class-wc-install.php(1190): wp_insert_attachment(Array, '/data/wwwroot/w...')
#7 /data/wwwroot/www.plasti in /data/wwwroot/www.plastic-crate.co.uk/wp-content/plugins/wp-all-import/models/model/record.php on line 78

2019-11-18T17:35:40+00:00 CRITICAL Uncaught Exception: Table 'plastic-crate.co.uk.wp_pmxi_images' doesn't exist in /data/wwwroot/www.plastic-crate.co.uk/wp-content/plugins/wp-all-import/models/model/record.php:78
Stack trace:
#0 /data/wwwroot/www.plastic-crate.co.uk/wp-content/plugins/wp-all-import/actions/add_attachment.php(22): PMXI_Model_Record->insert()
#1 /data/wwwroot/www.plastic-crate.co.uk/wp-includes/class-wp-hook.php(286): pmxi_add_attachment(17796)
#2 /data/wwwroot/www.plastic-crate.co.uk/wp-includes/class-wp-hook.php(310): WP_Hook->apply_filters('', Array)
#3 /data/wwwroot/www.plastic-crate.co.uk/wp-includes/plugin.php(453): WP_Hook->do_action(Array)
#4 /data/wwwroot/www.plastic-crate.co.uk/wp-includes/post.php(3694): do_action('add_attachment', 17796)
#5 /data/wwwroot/www.plastic-crate.co.uk/wp-includes/post.php(5082): wp_insert_post(Array, false)
#6 /data/wwwroot/www.plastic-crate.co.uk/wp-content/plugins/woocommerce/includes/class-wc-install.php(1190): wp_insert_attachment(Array, '/data/wwwroot/w...')
#7 /data/wwwroot/www.plasti in /data/wwwroot/www.plastic-crate.co.uk/wp-content/plugins/wp-all-import/models/model/record.php on line 78

2019-11-18T17:50:05+00:00 CRITICAL Uncaught Exception: Table 'plastic-crate.co.uk.wp_pmxi_images' doesn't exist in /data/wwwroot/www.plastic-crate.co.uk/wp-content/plugins/wp-all-import/models/model/record.php:78
Stack trace:
#0 /data/wwwroot/www.plastic-crate.co.uk/wp-content/plugins/wp-all-import/actions/add_attachment.php(22): PMXI_Model_Record->insert()
#1 /data/wwwroot/www.plastic-crate.co.uk/wp-includes/class-wp-hook.php(286): pmxi_add_attachment(17797)
#2 /data/wwwroot/www.plastic-crate.co.uk/wp-includes/class-wp-hook.php(310): WP_Hook->apply_filters('', Array)
#3 /data/wwwroot/www.plastic-crate.co.uk/wp-includes/plugin.php(453): WP_Hook->do_action(Array)
#4 /data/wwwroot/www.plastic-crate.co.uk/wp-includes/post.php(3694): do_action('add_attachment', 17797)
#5 /data/wwwroot/www.plastic-crate.co.uk/wp-includes/post.php(5082): wp_insert_post(Array, false)
#6 /data/wwwroot/www.plastic-crate.co.uk/wp-content/plugins/woocommerce/includes/class-wc-install.php(1190): wp_insert_attachment(Array, '/data/wwwroot/w...')
#7 /data/wwwroot/www.plasti in /data/wwwroot/www.plastic-crate.co.uk/wp-content/plugins/wp-all-import/models/model/record.php on line 78

2019-11-18T18:07:33+00:00 CRITICAL Uncaught Exception: Table 'plastic-crate.co.uk.wp_pmxi_images' doesn't exist in /data/wwwroot/www.plastic-crate.co.uk/wp-content/plugins/wp-all-import/models/model/record.php:78
Stack trace:
#0 /data/wwwroot/www.plastic-crate.co.uk/wp-content/plugins/wp-all-import/actions/add_attachment.php(22): PMXI_Model_Record->insert()
#1 /data/wwwroot/www.plastic-crate.co.uk/wp-includes/class-wp-hook.php(286): pmxi_add_attachment(17798)
#2 /data/wwwroot/www.plastic-crate.co.uk/wp-includes/class-wp-hook.php(310): WP_Hook->apply_filters('', Array)
#3 /data/wwwroot/www.plastic-crate.co.uk/wp-includes/plugin.php(453): WP_Hook->do_action(Array)
#4 /data/wwwroot/www.plastic-crate.co.uk/wp-includes/post.php(3694): do_action('add_attachment', 17798)
#5 /data/wwwroot/www.plastic-crate.co.uk/wp-includes/post.php(5082): wp_insert_post(Array, false)
#6 /data/wwwroot/www.plastic-crate.co.uk/wp-content/plugins/woocommerce/includes/class-wc-install.php(1190): wp_insert_attachment(Array, '/data/wwwroot/w...')
#7 /data/wwwroot/www.plasti in /data/wwwroot/www.plastic-crate.co.uk/wp-content/plugins/wp-all-import/models/model/record.php on line 78

2019-11-18T18:49:29+00:00 CRITICAL Uncaught Exception: Table 'plastic-crate.co.uk.wp_pmxi_images' doesn't exist in /data/wwwroot/www.plastic-crate.co.uk/wp-content/plugins/wp-all-import/models/model/record.php:78
Stack trace:
#0 /data/wwwroot/www.plastic-crate.co.uk/wp-content/plugins/wp-all-import/actions/add_attachment.php(22): PMXI_Model_Record->insert()
#1 /data/wwwroot/www.plastic-crate.co.uk/wp-includes/class-wp-hook.php(286): pmxi_add_attachment(17799)
#2 /data/wwwroot/www.plastic-crate.co.uk/wp-includes/class-wp-hook.php(310): WP_Hook->apply_filters('', Array)
#3 /data/wwwroot/www.plastic-crate.co.uk/wp-includes/plugin.php(453): WP_Hook->do_action(Array)
#4 /data/wwwroot/www.plastic-crate.co.uk/wp-includes/post.php(3694): do_action('add_attachment', 17799)
#5 /data/wwwroot/www.plastic-crate.co.uk/wp-includes/post.php(5082): wp_insert_post(Array, false)
#6 /data/wwwroot/www.plastic-crate.co.uk/wp-content/plugins/woocommerce/includes/class-wc-install.php(1190): wp_insert_attachment(Array, '/data/wwwroot/w...')
#7 /data/wwwroot/www.plasti in /data/wwwroot/www.plastic-crate.co.uk/wp-content/plugins/wp-all-import/models/model/record.php on line 78

2019-11-18T19:05:35+00:00 CRITICAL Uncaught Exception: Table 'plastic-crate.co.uk.wp_pmxi_images' doesn't exist in /data/wwwroot/www.plastic-crate.co.uk/wp-content/plugins/wp-all-import/models/model/record.php:78
Stack trace:
#0 /data/wwwroot/www.plastic-crate.co.uk/wp-content/plugins/wp-all-import/actions/add_attachment.php(22): PMXI_Model_Record->insert()
#1 /data/wwwroot/www.plastic-crate.co.uk/wp-includes/class-wp-hook.php(286): pmxi_add_attachment(17800)
#2 /data/wwwroot/www.plastic-crate.co.uk/wp-includes/class-wp-hook.php(310): WP_Hook->apply_filters('', Array)
#3 /data/wwwroot/www.plastic-crate.co.uk/wp-includes/plugin.php(453): WP_Hook->do_action(Array)
#4 /data/wwwroot/www.plastic-crate.co.uk/wp-includes/post.php(3694): do_action('add_attachment', 17800)
#5 /data/wwwroot/www.plastic-crate.co.uk/wp-includes/post.php(5082): wp_insert_post(Array, false)
#6 /data/wwwroot/www.plastic-crate.co.uk/wp-content/plugins/woocommerce/includes/class-wc-install.php(1190): wp_insert_attachment(Array, '/data/wwwroot/w...')
#7 /data/wwwroot/www.plasti in /data/wwwroot/www.plastic-crate.co.uk/wp-content/plugins/wp-all-import/models/model/record.php on line 78

2019-11-18T19:16:33+00:00 CRITICAL Uncaught Exception: Table 'plastic-crate.co.uk.wp_pmxi_images' doesn't exist in /data/wwwroot/www.plastic-crate.co.uk/wp-content/plugins/wp-all-import/models/model/record.php:78
Stack trace:
#0 /data/wwwroot/www.plastic-crate.co.uk/wp-content/plugins/wp-all-import/actions/add_attachment.php(22): PMXI_Model_Record->insert()
#1 /data/wwwroot/www.plastic-crate.co.uk/wp-includes/class-wp-hook.php(286): pmxi_add_attachment(17801)
#2 /data/wwwroot/www.plastic-crate.co.uk/wp-includes/class-wp-hook.php(310): WP_Hook->apply_filters('', Array)
#3 /data/wwwroot/www.plastic-crate.co.uk/wp-includes/plugin.php(453): WP_Hook->do_action(Array)
#4 /data/wwwroot/www.plastic-crate.co.uk/wp-includes/post.php(3694): do_action('add_attachment', 17801)
#5 /data/wwwroot/www.plastic-crate.co.uk/wp-includes/post.php(5082): wp_insert_post(Array, false)
#6 /data/wwwroot/www.plastic-crate.co.uk/wp-content/plugins/woocommerce/includes/class-wc-install.php(1190): wp_insert_attachment(Array, '/data/wwwroot/w...')
#7 /data/wwwroot/www.plasti in /data/wwwroot/www.plastic-crate.co.uk/wp-content/plugins/wp-all-import/models/model/record.php on line 78

2019-11-18T19:27:49+00:00 CRITICAL Uncaught Exception: Table 'plastic-crate.co.uk.wp_pmxi_images' doesn't exist in /data/wwwroot/www.plastic-crate.co.uk/wp-content/plugins/wp-all-import/models/model/record.php:78
Stack trace:
#0 /data/wwwroot/www.plastic-crate.co.uk/wp-content/plugins/wp-all-import/actions/add_attachment.php(22): PMXI_Model_Record->insert()
#1 /data/wwwroot/www.plastic-crate.co.uk/wp-includes/class-wp-hook.php(286): pmxi_add_attachment(17802)
#2 /data/wwwroot/www.plastic-crate.co.uk/wp-includes/class-wp-hook.php(310): WP_Hook->apply_filters('', Array)
#3 /data/wwwroot/www.plastic-crate.co.uk/wp-includes/plugin.php(453): WP_Hook->do_action(Array)
#4 /data/wwwroot/www.plastic-crate.co.uk/wp-includes/post.php(3694): do_action('add_attachment', 17802)
#5 /data/wwwroot/www.plastic-crate.co.uk/wp-includes/post.php(5082): wp_insert_post(Array, false)
#6 /data/wwwroot/www.plastic-crate.co.uk/wp-content/plugins/woocommerce/includes/class-wc-install.php(1190): wp_insert_attachment(Array, '/data/wwwroot/w...')
#7 /data/wwwroot/www.plasti in /data/wwwroot/www.plastic-crate.co.uk/wp-content/plugins/wp-all-import/models/model/record.php on line 78

2019-11-18T19:39:49+00:00 CRITICAL Uncaught Exception: Table 'plastic-crate.co.uk.wp_pmxi_images' doesn't exist in /data/wwwroot/www.plastic-crate.co.uk/wp-content/plugins/wp-all-import/models/model/record.php:78
Stack trace:
#0 /data/wwwroot/www.plastic-crate.co.uk/wp-content/plugins/wp-all-import/actions/add_attachment.php(22): PMXI_Model_Record->insert()
#1 /data/wwwroot/www.plastic-crate.co.uk/wp-includes/class-wp-hook.php(286): pmxi_add_attachment(17803)
#2 /data/wwwroot/www.plastic-crate.co.uk/wp-includes/class-wp-hook.php(310): WP_Hook->apply_filters('', Array)
#3 /data/wwwroot/www.plastic-crate.co.uk/wp-includes/plugin.php(453): WP_Hook->do_action(Array)
#4 /data/wwwroot/www.plastic-crate.co.uk/wp-includes/post.php(3694): do_action('add_attachment', 17803)
#5 /data/wwwroot/www.plastic-crate.co.uk/wp-includes/post.php(5082): wp_insert_post(Array, false)
#6 /data/wwwroot/www.plastic-crate.co.uk/wp-content/plugins/woocommerce/includes/class-wc-install.php(1190): wp_insert_attachment(Array, '/data/wwwroot/w...')
#7 /data/wwwroot/www.plasti in /data/wwwroot/www.plastic-crate.co.uk/wp-content/plugins/wp-all-import/models/model/record.php on line 78

2019-11-18T19:58:11+00:00 CRITICAL Uncaught Exception: Table 'plastic-crate.co.uk.wp_pmxi_images' doesn't exist in /data/wwwroot/www.plastic-crate.co.uk/wp-content/plugins/wp-all-import/models/model/record.php:78
Stack trace:
#0 /data/wwwroot/www.plastic-crate.co.uk/wp-content/plugins/wp-all-import/actions/add_attachment.php(22): PMXI_Model_Record->insert()
#1 /data/wwwroot/www.plastic-crate.co.uk/wp-includes/class-wp-hook.php(286): pmxi_add_attachment(17804)
#2 /data/wwwroot/www.plastic-crate.co.uk/wp-includes/class-wp-hook.php(310): WP_Hook->apply_filters('', Array)
#3 /data/wwwroot/www.plastic-crate.co.uk/wp-includes/plugin.php(453): WP_Hook->do_action(Array)
#4 /data/wwwroot/www.plastic-crate.co.uk/wp-includes/post.php(3694): do_action('add_attachment', 17804)
#5 /data/wwwroot/www.plastic-crate.co.uk/wp-includes/post.php(5082): wp_insert_post(Array, false)
#6 /data/wwwroot/www.plastic-crate.co.uk/wp-content/plugins/woocommerce/includes/class-wc-install.php(1190): wp_insert_attachment(Array, '/data/wwwroot/w...')
#7 /data/wwwroot/www.plasti in /data/wwwroot/www.plastic-crate.co.uk/wp-content/plugins/wp-all-import/models/model/record.php on line 78

2019-11-18T20:17:47+00:00 CRITICAL Uncaught Exception: Table 'plastic-crate.co.uk.wp_pmxi_images' doesn't exist in /data/wwwroot/www.plastic-crate.co.uk/wp-content/plugins/wp-all-import/models/model/record.php:78
Stack trace:
#0 /data/wwwroot/www.plastic-crate.co.uk/wp-content/plugins/wp-all-import/actions/add_attachment.php(22): PMXI_Model_Record->insert()
#1 /data/wwwroot/www.plastic-crate.co.uk/wp-includes/class-wp-hook.php(286): pmxi_add_attachment(17805)
#2 /data/wwwroot/www.plastic-crate.co.uk/wp-includes/class-wp-hook.php(310): WP_Hook->apply_filters('', Array)
#3 /data/wwwroot/www.plastic-crate.co.uk/wp-includes/plugin.php(453): WP_Hook->do_action(Array)
#4 /data/wwwroot/www.plastic-crate.co.uk/wp-includes/post.php(3694): do_action('add_attachment', 17805)
#5 /data/wwwroot/www.plastic-crate.co.uk/wp-includes/post.php(5082): wp_insert_post(Array, false)
#6 /data/wwwroot/www.plastic-crate.co.uk/wp-content/plugins/woocommerce/includes/class-wc-install.php(1190): wp_insert_attachment(Array, '/data/wwwroot/w...')
#7 /data/wwwroot/www.plasti in /data/wwwroot/www.plastic-crate.co.uk/wp-content/plugins/wp-all-import/models/model/record.php on line 78

2019-11-18T20:29:44+00:00 CRITICAL Uncaught Exception: Table 'plastic-crate.co.uk.wp_pmxi_images' doesn't exist in /data/wwwroot/www.plastic-crate.co.uk/wp-content/plugins/wp-all-import/models/model/record.php:78
Stack trace:
#0 /data/wwwroot/www.plastic-crate.co.uk/wp-content/plugins/wp-all-import/actions/add_attachment.php(22): PMXI_Model_Record->insert()
#1 /data/wwwroot/www.plastic-crate.co.uk/wp-includes/class-wp-hook.php(286): pmxi_add_attachment(17806)
#2 /data/wwwroot/www.plastic-crate.co.uk/wp-includes/class-wp-hook.php(310): WP_Hook->apply_filters('', Array)
#3 /data/wwwroot/www.plastic-crate.co.uk/wp-includes/plugin.php(453): WP_Hook->do_action(Array)
#4 /data/wwwroot/www.plastic-crate.co.uk/wp-includes/post.php(3694): do_action('add_attachment', 17806)
#5 /data/wwwroot/www.plastic-crate.co.uk/wp-includes/post.php(5082): wp_insert_post(Array, false)
#6 /data/wwwroot/www.plastic-crate.co.uk/wp-content/plugins/woocommerce/includes/class-wc-install.php(1190): wp_insert_attachment(Array, '/data/wwwroot/w...')
#7 /data/wwwroot/www.plasti in /data/wwwroot/www.plastic-crate.co.uk/wp-content/plugins/wp-all-import/models/model/record.php on line 78

2019-11-18T20:45:16+00:00 CRITICAL Uncaught Exception: Table 'plastic-crate.co.uk.wp_pmxi_images' doesn't exist in /data/wwwroot/www.plastic-crate.co.uk/wp-content/plugins/wp-all-import/models/model/record.php:78
Stack trace:
#0 /data/wwwroot/www.plastic-crate.co.uk/wp-content/plugins/wp-all-import/actions/add_attachment.php(22): PMXI_Model_Record->insert()
#1 /data/wwwroot/www.plastic-crate.co.uk/wp-includes/class-wp-hook.php(286): pmxi_add_attachment(17807)
#2 /data/wwwroot/www.plastic-crate.co.uk/wp-includes/class-wp-hook.php(310): WP_Hook->apply_filters('', Array)
#3 /data/wwwroot/www.plastic-crate.co.uk/wp-includes/plugin.php(453): WP_Hook->do_action(Array)
#4 /data/wwwroot/www.plastic-crate.co.uk/wp-includes/post.php(3694): do_action('add_attachment', 17807)
#5 /data/wwwroot/www.plastic-crate.co.uk/wp-includes/post.php(5082): wp_insert_post(Array, false)
#6 /data/wwwroot/www.plastic-crate.co.uk/wp-content/plugins/woocommerce/includes/class-wc-install.php(1190): wp_insert_attachment(Array, '/data/wwwroot/w...')
#7 /data/wwwroot/www.plasti in /data/wwwroot/www.plastic-crate.co.uk/wp-content/plugins/wp-all-import/models/model/record.php on line 78

2019-11-18T21:04:21+00:00 CRITICAL Uncaught Exception: Table 'plastic-crate.co.uk.wp_pmxi_images' doesn't exist in /data/wwwroot/www.plastic-crate.co.uk/wp-content/plugins/wp-all-import/models/model/record.php:78
Stack trace:
#0 /data/wwwroot/www.plastic-crate.co.uk/wp-content/plugins/wp-all-import/actions/add_attachment.php(22): PMXI_Model_Record->insert()
#1 /data/wwwroot/www.plastic-crate.co.uk/wp-includes/class-wp-hook.php(286): pmxi_add_attachment(17808)
#2 /data/wwwroot/www.plastic-crate.co.uk/wp-includes/class-wp-hook.php(310): WP_Hook->apply_filters('', Array)
#3 /data/wwwroot/www.plastic-crate.co.uk/wp-includes/plugin.php(453): WP_Hook->do_action(Array)
#4 /data/wwwroot/www.plastic-crate.co.uk/wp-includes/post.php(3694): do_action('add_attachment', 17808)
#5 /data/wwwroot/www.plastic-crate.co.uk/wp-includes/post.php(5082): wp_insert_post(Array, false)
#6 /data/wwwroot/www.plastic-crate.co.uk/wp-content/plugins/woocommerce/includes/class-wc-install.php(1190): wp_insert_attachment(Array, '/data/wwwroot/w...')
#7 /data/wwwroot/www.plasti in /data/wwwroot/www.plastic-crate.co.uk/wp-content/plugins/wp-all-import/models/model/record.php on line 78

2019-11-18T21:18:19+00:00 CRITICAL Uncaught Exception: Table 'plastic-crate.co.uk.wp_pmxi_images' doesn't exist in /data/wwwroot/www.plastic-crate.co.uk/wp-content/plugins/wp-all-import/models/model/record.php:78
Stack trace:
#0 /data/wwwroot/www.plastic-crate.co.uk/wp-content/plugins/wp-all-import/actions/add_attachment.php(22): PMXI_Model_Record->insert()
#1 /data/wwwroot/www.plastic-crate.co.uk/wp-includes/class-wp-hook.php(286): pmxi_add_attachment(17809)
#2 /data/wwwroot/www.plastic-crate.co.uk/wp-includes/class-wp-hook.php(310): WP_Hook->apply_filters('', Array)
#3 /data/wwwroot/www.plastic-crate.co.uk/wp-includes/plugin.php(453): WP_Hook->do_action(Array)
#4 /data/wwwroot/www.plastic-crate.co.uk/wp-includes/post.php(3694): do_action('add_attachment', 17809)
#5 /data/wwwroot/www.plastic-crate.co.uk/wp-includes/post.php(5082): wp_insert_post(Array, false)
#6 /data/wwwroot/www.plastic-crate.co.uk/wp-content/plugins/woocommerce/includes/class-wc-install.php(1190): wp_insert_attachment(Array, '/data/wwwroot/w...')
#7 /data/wwwroot/www.plasti in /data/wwwroot/www.plastic-crate.co.uk/wp-content/plugins/wp-all-import/models/model/record.php on line 78

2019-11-18T21:47:52+00:00 CRITICAL Uncaught Exception: Table 'plastic-crate.co.uk.wp_pmxi_images' doesn't exist in /data/wwwroot/www.plastic-crate.co.uk/wp-content/plugins/wp-all-import/models/model/record.php:78
Stack trace:
#0 /data/wwwroot/www.plastic-crate.co.uk/wp-content/plugins/wp-all-import/actions/add_attachment.php(22): PMXI_Model_Record->insert()
#1 /data/wwwroot/www.plastic-crate.co.uk/wp-includes/class-wp-hook.php(286): pmxi_add_attachment(17810)
#2 /data/wwwroot/www.plastic-crate.co.uk/wp-includes/class-wp-hook.php(310): WP_Hook->apply_filters('', Array)
#3 /data/wwwroot/www.plastic-crate.co.uk/wp-includes/plugin.php(453): WP_Hook->do_action(Array)
#4 /data/wwwroot/www.plastic-crate.co.uk/wp-includes/post.php(3694): do_action('add_attachment', 17810)
#5 /data/wwwroot/www.plastic-crate.co.uk/wp-includes/post.php(5082): wp_insert_post(Array, false)
#6 /data/wwwroot/www.plastic-crate.co.uk/wp-content/plugins/woocommerce/includes/class-wc-install.php(1190): wp_insert_attachment(Array, '/data/wwwroot/w...')
#7 /data/wwwroot/www.plasti in /data/wwwroot/www.plastic-crate.co.uk/wp-content/plugins/wp-all-import/models/model/record.php on line 78

2019-11-18T21:58:20+00:00 CRITICAL Uncaught Exception: Table 'plastic-crate.co.uk.wp_pmxi_images' doesn't exist in /data/wwwroot/www.plastic-crate.co.uk/wp-content/plugins/wp-all-import/models/model/record.php:78
Stack trace:
#0 /data/wwwroot/www.plastic-crate.co.uk/wp-content/plugins/wp-all-import/actions/add_attachment.php(22): PMXI_Model_Record->insert()
#1 /data/wwwroot/www.plastic-crate.co.uk/wp-includes/class-wp-hook.php(286): pmxi_add_attachment(17811)
#2 /data/wwwroot/www.plastic-crate.co.uk/wp-includes/class-wp-hook.php(310): WP_Hook->apply_filters('', Array)
#3 /data/wwwroot/www.plastic-crate.co.uk/wp-includes/plugin.php(453): WP_Hook->do_action(Array)
#4 /data/wwwroot/www.plastic-crate.co.uk/wp-includes/post.php(3694): do_action('add_attachment', 17811)
#5 /data/wwwroot/www.plastic-crate.co.uk/wp-includes/post.php(5082): wp_insert_post(Array, false)
#6 /data/wwwroot/www.plastic-crate.co.uk/wp-content/plugins/woocommerce/includes/class-wc-install.php(1190): wp_insert_attachment(Array, '/data/wwwroot/w...')
#7 /data/wwwroot/www.plasti in /data/wwwroot/www.plastic-crate.co.uk/wp-content/plugins/wp-all-import/models/model/record.php on line 78

2019-11-18T22:16:51+00:00 CRITICAL Uncaught Exception: Table 'plastic-crate.co.uk.wp_pmxi_images' doesn't exist in /data/wwwroot/www.plastic-crate.co.uk/wp-content/plugins/wp-all-import/models/model/record.php:78
Stack trace:
#0 /data/wwwroot/www.plastic-crate.co.uk/wp-content/plugins/wp-all-import/actions/add_attachment.php(22): PMXI_Model_Record->insert()
#1 /data/wwwroot/www.plastic-crate.co.uk/wp-includes/class-wp-hook.php(286): pmxi_add_attachment(17812)
#2 /data/wwwroot/www.plastic-crate.co.uk/wp-includes/class-wp-hook.php(310): WP_Hook->apply_filters('', Array)
#3 /data/wwwroot/www.plastic-crate.co.uk/wp-includes/plugin.php(453): WP_Hook->do_action(Array)
#4 /data/wwwroot/www.plastic-crate.co.uk/wp-includes/post.php(3694): do_action('add_attachment', 17812)
#5 /data/wwwroot/www.plastic-crate.co.uk/wp-includes/post.php(5082): wp_insert_post(Array, false)
#6 /data/wwwroot/www.plastic-crate.co.uk/wp-content/plugins/woocommerce/includes/class-wc-install.php(1190): wp_insert_attachment(Array, '/data/wwwroot/w...')
#7 /data/wwwroot/www.plasti in /data/wwwroot/www.plastic-crate.co.uk/wp-content/plugins/wp-all-import/models/model/record.php on line 78

2019-11-18T22:28:11+00:00 CRITICAL Uncaught Exception: Table 'plastic-crate.co.uk.wp_pmxi_images' doesn't exist in /data/wwwroot/www.plastic-crate.co.uk/wp-content/plugins/wp-all-import/models/model/record.php:78
Stack trace:
#0 /data/wwwroot/www.plastic-crate.co.uk/wp-content/plugins/wp-all-import/actions/add_attachment.php(22): PMXI_Model_Record->insert()
#1 /data/wwwroot/www.plastic-crate.co.uk/wp-includes/class-wp-hook.php(286): pmxi_add_attachment(17813)
#2 /data/wwwroot/www.plastic-crate.co.uk/wp-includes/class-wp-hook.php(310): WP_Hook->apply_filters('', Array)
#3 /data/wwwroot/www.plastic-crate.co.uk/wp-includes/plugin.php(453): WP_Hook->do_action(Array)
#4 /data/wwwroot/www.plastic-crate.co.uk/wp-includes/post.php(3694): do_action('add_attachment', 17813)
#5 /data/wwwroot/www.plastic-crate.co.uk/wp-includes/post.php(5082): wp_insert_post(Array, false)
#6 /data/wwwroot/www.plastic-crate.co.uk/wp-content/plugins/woocommerce/includes/class-wc-install.php(1190): wp_insert_attachment(Array, '/data/wwwroot/w...')
#7 /data/wwwroot/www.plasti in /data/wwwroot/www.plastic-crate.co.uk/wp-content/plugins/wp-all-import/models/model/record.php on line 78

2019-11-18T22:41:42+00:00 CRITICAL Uncaught Exception: Table 'plastic-crate.co.uk.wp_pmxi_images' doesn't exist in /data/wwwroot/www.plastic-crate.co.uk/wp-content/plugins/wp-all-import/models/model/record.php:78
Stack trace:
#0 /data/wwwroot/www.plastic-crate.co.uk/wp-content/plugins/wp-all-import/actions/add_attachment.php(22): PMXI_Model_Record->insert()
#1 /data/wwwroot/www.plastic-crate.co.uk/wp-includes/class-wp-hook.php(286): pmxi_add_attachment(17814)
#2 /data/wwwroot/www.plastic-crate.co.uk/wp-includes/class-wp-hook.php(310): WP_Hook->apply_filters('', Array)
#3 /data/wwwroot/www.plastic-crate.co.uk/wp-includes/plugin.php(453): WP_Hook->do_action(Array)
#4 /data/wwwroot/www.plastic-crate.co.uk/wp-includes/post.php(3694): do_action('add_attachment', 17814)
#5 /data/wwwroot/www.plastic-crate.co.uk/wp-includes/post.php(5082): wp_insert_post(Array, false)
#6 /data/wwwroot/www.plastic-crate.co.uk/wp-content/plugins/woocommerce/includes/class-wc-install.php(1190): wp_insert_attachment(Array, '/data/wwwroot/w...')
#7 /data/wwwroot/www.plasti in /data/wwwroot/www.plastic-crate.co.uk/wp-content/plugins/wp-all-import/models/model/record.php on line 78

2019-11-18T23:32:22+00:00 CRITICAL Uncaught Exception: Table 'plastic-crate.co.uk.wp_pmxi_images' doesn't exist in /data/wwwroot/www.plastic-crate.co.uk/wp-content/plugins/wp-all-import/models/model/record.php:78
Stack trace:
#0 /data/wwwroot/www.plastic-crate.co.uk/wp-content/plugins/wp-all-import/actions/add_attachment.php(22): PMXI_Model_Record->insert()
#1 /data/wwwroot/www.plastic-crate.co.uk/wp-includes/class-wp-hook.php(286): pmxi_add_attachment(17815)
#2 /data/wwwroot/www.plastic-crate.co.uk/wp-includes/class-wp-hook.php(310): WP_Hook->apply_filters('', Array)
#3 /data/wwwroot/www.plastic-crate.co.uk/wp-includes/plugin.php(453): WP_Hook->do_action(Array)
#4 /data/wwwroot/www.plastic-crate.co.uk/wp-includes/post.php(3694): do_action('add_attachment', 17815)
#5 /data/wwwroot/www.plastic-crate.co.uk/wp-includes/post.php(5082): wp_insert_post(Array, false)
#6 /data/wwwroot/www.plastic-crate.co.uk/wp-content/plugins/woocommerce/includes/class-wc-install.php(1190): wp_insert_attachment(Array, '/data/wwwroot/w...')
#7 /data/wwwroot/www.plasti in /data/wwwroot/www.plastic-crate.co.uk/wp-content/plugins/wp-all-import/models/model/record.php on line 78

2019-11-18T23:58:10+00:00 CRITICAL Uncaught Exception: Table 'plastic-crate.co.uk.wp_pmxi_images' doesn't exist in /data/wwwroot/www.plastic-crate.co.uk/wp-content/plugins/wp-all-import/models/model/record.php:78
Stack trace:
#0 /data/wwwroot/www.plastic-crate.co.uk/wp-content/plugins/wp-all-import/actions/add_attachment.php(22): PMXI_Model_Record->insert()
#1 /data/wwwroot/www.plastic-crate.co.uk/wp-includes/class-wp-hook.php(286): pmxi_add_attachment(17816)
#2 /data/wwwroot/www.plastic-crate.co.uk/wp-includes/class-wp-hook.php(310): WP_Hook->apply_filters('', Array)
#3 /data/wwwroot/www.plastic-crate.co.uk/wp-includes/plugin.php(453): WP_Hook->do_action(Array)
#4 /data/wwwroot/www.plastic-crate.co.uk/wp-includes/post.php(3694): do_action('add_attachment', 17816)
#5 /data/wwwroot/www.plastic-crate.co.uk/wp-includes/post.php(5082): wp_insert_post(Array, false)
#6 /data/wwwroot/www.plastic-crate.co.uk/wp-content/plugins/woocommerce/includes/class-wc-install.php(1190): wp_insert_attachment(Array, '/data/wwwroot/w...')
#7 /data/wwwroot/www.plasti in /data/wwwroot/www.plastic-crate.co.uk/wp-content/plugins/wp-all-import/models/model/record.php on line 78

