2019-10-29T00:07:48+00:00 CRITICAL Uncaught Exception: Table 'plastic-crate.co.uk.wp_pmxi_images' doesn't exist in /data/wwwroot/www.plastic-crate.co.uk/wp-content/plugins/wp-all-import/models/model/record.php:78
Stack trace:
#0 /data/wwwroot/www.plastic-crate.co.uk/wp-content/plugins/wp-all-import/actions/add_attachment.php(22): PMXI_Model_Record->insert()
#1 /data/wwwroot/www.plastic-crate.co.uk/wp-includes/class-wp-hook.php(286): pmxi_add_attachment(15680)
#2 /data/wwwroot/www.plastic-crate.co.uk/wp-includes/class-wp-hook.php(310): WP_Hook->apply_filters('', Array)
#3 /data/wwwroot/www.plastic-crate.co.uk/wp-includes/plugin.php(453): WP_Hook->do_action(Array)
#4 /data/wwwroot/www.plastic-crate.co.uk/wp-includes/post.php(3694): do_action('add_attachment', 15680)
#5 /data/wwwroot/www.plastic-crate.co.uk/wp-includes/post.php(5082): wp_insert_post(Array, false)
#6 /data/wwwroot/www.plastic-crate.co.uk/wp-content/plugins/woocommerce/includes/class-wc-install.php(1190): wp_insert_attachment(Array, '/data/wwwroot/w...')
#7 /data/wwwroot/www.plasti in /data/wwwroot/www.plastic-crate.co.uk/wp-content/plugins/wp-all-import/models/model/record.php on line 78

2019-10-29T00:18:33+00:00 CRITICAL Uncaught Exception: Table 'plastic-crate.co.uk.wp_pmxi_images' doesn't exist in /data/wwwroot/www.plastic-crate.co.uk/wp-content/plugins/wp-all-import/models/model/record.php:78
Stack trace:
#0 /data/wwwroot/www.plastic-crate.co.uk/wp-content/plugins/wp-all-import/actions/add_attachment.php(22): PMXI_Model_Record->insert()
#1 /data/wwwroot/www.plastic-crate.co.uk/wp-includes/class-wp-hook.php(286): pmxi_add_attachment(15681)
#2 /data/wwwroot/www.plastic-crate.co.uk/wp-includes/class-wp-hook.php(310): WP_Hook->apply_filters('', Array)
#3 /data/wwwroot/www.plastic-crate.co.uk/wp-includes/plugin.php(453): WP_Hook->do_action(Array)
#4 /data/wwwroot/www.plastic-crate.co.uk/wp-includes/post.php(3694): do_action('add_attachment', 15681)
#5 /data/wwwroot/www.plastic-crate.co.uk/wp-includes/post.php(5082): wp_insert_post(Array, false)
#6 /data/wwwroot/www.plastic-crate.co.uk/wp-content/plugins/woocommerce/includes/class-wc-install.php(1190): wp_insert_attachment(Array, '/data/wwwroot/w...')
#7 /data/wwwroot/www.plasti in /data/wwwroot/www.plastic-crate.co.uk/wp-content/plugins/wp-all-import/models/model/record.php on line 78

2019-10-29T00:28:53+00:00 CRITICAL Uncaught Exception: Table 'plastic-crate.co.uk.wp_pmxi_images' doesn't exist in /data/wwwroot/www.plastic-crate.co.uk/wp-content/plugins/wp-all-import/models/model/record.php:78
Stack trace:
#0 /data/wwwroot/www.plastic-crate.co.uk/wp-content/plugins/wp-all-import/actions/add_attachment.php(22): PMXI_Model_Record->insert()
#1 /data/wwwroot/www.plastic-crate.co.uk/wp-includes/class-wp-hook.php(286): pmxi_add_attachment(15682)
#2 /data/wwwroot/www.plastic-crate.co.uk/wp-includes/class-wp-hook.php(310): WP_Hook->apply_filters('', Array)
#3 /data/wwwroot/www.plastic-crate.co.uk/wp-includes/plugin.php(453): WP_Hook->do_action(Array)
#4 /data/wwwroot/www.plastic-crate.co.uk/wp-includes/post.php(3694): do_action('add_attachment', 15682)
#5 /data/wwwroot/www.plastic-crate.co.uk/wp-includes/post.php(5082): wp_insert_post(Array, false)
#6 /data/wwwroot/www.plastic-crate.co.uk/wp-content/plugins/woocommerce/includes/class-wc-install.php(1190): wp_insert_attachment(Array, '/data/wwwroot/w...')
#7 /data/wwwroot/www.plasti in /data/wwwroot/www.plastic-crate.co.uk/wp-content/plugins/wp-all-import/models/model/record.php on line 78

2019-10-29T00:43:17+00:00 CRITICAL Uncaught Exception: Table 'plastic-crate.co.uk.wp_pmxi_images' doesn't exist in /data/wwwroot/www.plastic-crate.co.uk/wp-content/plugins/wp-all-import/models/model/record.php:78
Stack trace:
#0 /data/wwwroot/www.plastic-crate.co.uk/wp-content/plugins/wp-all-import/actions/add_attachment.php(22): PMXI_Model_Record->insert()
#1 /data/wwwroot/www.plastic-crate.co.uk/wp-includes/class-wp-hook.php(286): pmxi_add_attachment(15683)
#2 /data/wwwroot/www.plastic-crate.co.uk/wp-includes/class-wp-hook.php(310): WP_Hook->apply_filters('', Array)
#3 /data/wwwroot/www.plastic-crate.co.uk/wp-includes/plugin.php(453): WP_Hook->do_action(Array)
#4 /data/wwwroot/www.plastic-crate.co.uk/wp-includes/post.php(3694): do_action('add_attachment', 15683)
#5 /data/wwwroot/www.plastic-crate.co.uk/wp-includes/post.php(5082): wp_insert_post(Array, false)
#6 /data/wwwroot/www.plastic-crate.co.uk/wp-content/plugins/woocommerce/includes/class-wc-install.php(1190): wp_insert_attachment(Array, '/data/wwwroot/w...')
#7 /data/wwwroot/www.plasti in /data/wwwroot/www.plastic-crate.co.uk/wp-content/plugins/wp-all-import/models/model/record.php on line 78

2019-10-29T00:53:45+00:00 CRITICAL Uncaught Exception: Table 'plastic-crate.co.uk.wp_pmxi_images' doesn't exist in /data/wwwroot/www.plastic-crate.co.uk/wp-content/plugins/wp-all-import/models/model/record.php:78
Stack trace:
#0 /data/wwwroot/www.plastic-crate.co.uk/wp-content/plugins/wp-all-import/actions/add_attachment.php(22): PMXI_Model_Record->insert()
#1 /data/wwwroot/www.plastic-crate.co.uk/wp-includes/class-wp-hook.php(286): pmxi_add_attachment(15684)
#2 /data/wwwroot/www.plastic-crate.co.uk/wp-includes/class-wp-hook.php(310): WP_Hook->apply_filters('', Array)
#3 /data/wwwroot/www.plastic-crate.co.uk/wp-includes/plugin.php(453): WP_Hook->do_action(Array)
#4 /data/wwwroot/www.plastic-crate.co.uk/wp-includes/post.php(3694): do_action('add_attachment', 15684)
#5 /data/wwwroot/www.plastic-crate.co.uk/wp-includes/post.php(5082): wp_insert_post(Array, false)
#6 /data/wwwroot/www.plastic-crate.co.uk/wp-content/plugins/woocommerce/includes/class-wc-install.php(1190): wp_insert_attachment(Array, '/data/wwwroot/w...')
#7 /data/wwwroot/www.plasti in /data/wwwroot/www.plastic-crate.co.uk/wp-content/plugins/wp-all-import/models/model/record.php on line 78

2019-10-29T01:13:04+00:00 CRITICAL Uncaught Exception: Table 'plastic-crate.co.uk.wp_pmxi_images' doesn't exist in /data/wwwroot/www.plastic-crate.co.uk/wp-content/plugins/wp-all-import/models/model/record.php:78
Stack trace:
#0 /data/wwwroot/www.plastic-crate.co.uk/wp-content/plugins/wp-all-import/actions/add_attachment.php(22): PMXI_Model_Record->insert()
#1 /data/wwwroot/www.plastic-crate.co.uk/wp-includes/class-wp-hook.php(286): pmxi_add_attachment(15685)
#2 /data/wwwroot/www.plastic-crate.co.uk/wp-includes/class-wp-hook.php(310): WP_Hook->apply_filters('', Array)
#3 /data/wwwroot/www.plastic-crate.co.uk/wp-includes/plugin.php(453): WP_Hook->do_action(Array)
#4 /data/wwwroot/www.plastic-crate.co.uk/wp-includes/post.php(3694): do_action('add_attachment', 15685)
#5 /data/wwwroot/www.plastic-crate.co.uk/wp-includes/post.php(5082): wp_insert_post(Array, false)
#6 /data/wwwroot/www.plastic-crate.co.uk/wp-content/plugins/woocommerce/includes/class-wc-install.php(1190): wp_insert_attachment(Array, '/data/wwwroot/w...')
#7 /data/wwwroot/www.plasti in /data/wwwroot/www.plastic-crate.co.uk/wp-content/plugins/wp-all-import/models/model/record.php on line 78

2019-10-29T01:46:24+00:00 CRITICAL Uncaught Exception: Table 'plastic-crate.co.uk.wp_pmxi_images' doesn't exist in /data/wwwroot/www.plastic-crate.co.uk/wp-content/plugins/wp-all-import/models/model/record.php:78
Stack trace:
#0 /data/wwwroot/www.plastic-crate.co.uk/wp-content/plugins/wp-all-import/actions/add_attachment.php(22): PMXI_Model_Record->insert()
#1 /data/wwwroot/www.plastic-crate.co.uk/wp-includes/class-wp-hook.php(286): pmxi_add_attachment(15686)
#2 /data/wwwroot/www.plastic-crate.co.uk/wp-includes/class-wp-hook.php(310): WP_Hook->apply_filters('', Array)
#3 /data/wwwroot/www.plastic-crate.co.uk/wp-includes/plugin.php(453): WP_Hook->do_action(Array)
#4 /data/wwwroot/www.plastic-crate.co.uk/wp-includes/post.php(3694): do_action('add_attachment', 15686)
#5 /data/wwwroot/www.plastic-crate.co.uk/wp-includes/post.php(5082): wp_insert_post(Array, false)
#6 /data/wwwroot/www.plastic-crate.co.uk/wp-content/plugins/woocommerce/includes/class-wc-install.php(1190): wp_insert_attachment(Array, '/data/wwwroot/w...')
#7 /data/wwwroot/www.plasti in /data/wwwroot/www.plastic-crate.co.uk/wp-content/plugins/wp-all-import/models/model/record.php on line 78

2019-10-29T02:19:45+00:00 CRITICAL Uncaught Exception: Table 'plastic-crate.co.uk.wp_pmxi_images' doesn't exist in /data/wwwroot/www.plastic-crate.co.uk/wp-content/plugins/wp-all-import/models/model/record.php:78
Stack trace:
#0 /data/wwwroot/www.plastic-crate.co.uk/wp-content/plugins/wp-all-import/actions/add_attachment.php(22): PMXI_Model_Record->insert()
#1 /data/wwwroot/www.plastic-crate.co.uk/wp-includes/class-wp-hook.php(286): pmxi_add_attachment(15687)
#2 /data/wwwroot/www.plastic-crate.co.uk/wp-includes/class-wp-hook.php(310): WP_Hook->apply_filters('', Array)
#3 /data/wwwroot/www.plastic-crate.co.uk/wp-includes/plugin.php(453): WP_Hook->do_action(Array)
#4 /data/wwwroot/www.plastic-crate.co.uk/wp-includes/post.php(3694): do_action('add_attachment', 15687)
#5 /data/wwwroot/www.plastic-crate.co.uk/wp-includes/post.php(5082): wp_insert_post(Array, false)
#6 /data/wwwroot/www.plastic-crate.co.uk/wp-content/plugins/woocommerce/includes/class-wc-install.php(1190): wp_insert_attachment(Array, '/data/wwwroot/w...')
#7 /data/wwwroot/www.plasti in /data/wwwroot/www.plastic-crate.co.uk/wp-content/plugins/wp-all-import/models/model/record.php on line 78

2019-10-29T02:33:31+00:00 CRITICAL Uncaught Exception: Table 'plastic-crate.co.uk.wp_pmxi_images' doesn't exist in /data/wwwroot/www.plastic-crate.co.uk/wp-content/plugins/wp-all-import/models/model/record.php:78
Stack trace:
#0 /data/wwwroot/www.plastic-crate.co.uk/wp-content/plugins/wp-all-import/actions/add_attachment.php(22): PMXI_Model_Record->insert()
#1 /data/wwwroot/www.plastic-crate.co.uk/wp-includes/class-wp-hook.php(286): pmxi_add_attachment(15688)
#2 /data/wwwroot/www.plastic-crate.co.uk/wp-includes/class-wp-hook.php(310): WP_Hook->apply_filters('', Array)
#3 /data/wwwroot/www.plastic-crate.co.uk/wp-includes/plugin.php(453): WP_Hook->do_action(Array)
#4 /data/wwwroot/www.plastic-crate.co.uk/wp-includes/post.php(3694): do_action('add_attachment', 15688)
#5 /data/wwwroot/www.plastic-crate.co.uk/wp-includes/post.php(5082): wp_insert_post(Array, false)
#6 /data/wwwroot/www.plastic-crate.co.uk/wp-content/plugins/woocommerce/includes/class-wc-install.php(1190): wp_insert_attachment(Array, '/data/wwwroot/w...')
#7 /data/wwwroot/www.plasti in /data/wwwroot/www.plastic-crate.co.uk/wp-content/plugins/wp-all-import/models/model/record.php on line 78

2019-10-29T02:57:51+00:00 CRITICAL Uncaught Exception: Table 'plastic-crate.co.uk.wp_pmxi_images' doesn't exist in /data/wwwroot/www.plastic-crate.co.uk/wp-content/plugins/wp-all-import/models/model/record.php:78
Stack trace:
#0 /data/wwwroot/www.plastic-crate.co.uk/wp-content/plugins/wp-all-import/actions/add_attachment.php(22): PMXI_Model_Record->insert()
#1 /data/wwwroot/www.plastic-crate.co.uk/wp-includes/class-wp-hook.php(286): pmxi_add_attachment(15689)
#2 /data/wwwroot/www.plastic-crate.co.uk/wp-includes/class-wp-hook.php(310): WP_Hook->apply_filters('', Array)
#3 /data/wwwroot/www.plastic-crate.co.uk/wp-includes/plugin.php(453): WP_Hook->do_action(Array)
#4 /data/wwwroot/www.plastic-crate.co.uk/wp-includes/post.php(3694): do_action('add_attachment', 15689)
#5 /data/wwwroot/www.plastic-crate.co.uk/wp-includes/post.php(5082): wp_insert_post(Array, false)
#6 /data/wwwroot/www.plastic-crate.co.uk/wp-content/plugins/woocommerce/includes/class-wc-install.php(1190): wp_insert_attachment(Array, '/data/wwwroot/w...')
#7 /data/wwwroot/www.plasti in /data/wwwroot/www.plastic-crate.co.uk/wp-content/plugins/wp-all-import/models/model/record.php on line 78

2019-10-29T03:11:05+00:00 CRITICAL Uncaught Exception: Table 'plastic-crate.co.uk.wp_pmxi_images' doesn't exist in /data/wwwroot/www.plastic-crate.co.uk/wp-content/plugins/wp-all-import/models/model/record.php:78
Stack trace:
#0 /data/wwwroot/www.plastic-crate.co.uk/wp-content/plugins/wp-all-import/actions/add_attachment.php(22): PMXI_Model_Record->insert()
#1 /data/wwwroot/www.plastic-crate.co.uk/wp-includes/class-wp-hook.php(286): pmxi_add_attachment(15690)
#2 /data/wwwroot/www.plastic-crate.co.uk/wp-includes/class-wp-hook.php(310): WP_Hook->apply_filters('', Array)
#3 /data/wwwroot/www.plastic-crate.co.uk/wp-includes/plugin.php(453): WP_Hook->do_action(Array)
#4 /data/wwwroot/www.plastic-crate.co.uk/wp-includes/post.php(3694): do_action('add_attachment', 15690)
#5 /data/wwwroot/www.plastic-crate.co.uk/wp-includes/post.php(5082): wp_insert_post(Array, false)
#6 /data/wwwroot/www.plastic-crate.co.uk/wp-content/plugins/woocommerce/includes/class-wc-install.php(1190): wp_insert_attachment(Array, '/data/wwwroot/w...')
#7 /data/wwwroot/www.plasti in /data/wwwroot/www.plastic-crate.co.uk/wp-content/plugins/wp-all-import/models/model/record.php on line 78

2019-10-29T03:25:20+00:00 CRITICAL Uncaught Exception: Table 'plastic-crate.co.uk.wp_pmxi_images' doesn't exist in /data/wwwroot/www.plastic-crate.co.uk/wp-content/plugins/wp-all-import/models/model/record.php:78
Stack trace:
#0 /data/wwwroot/www.plastic-crate.co.uk/wp-content/plugins/wp-all-import/actions/add_attachment.php(22): PMXI_Model_Record->insert()
#1 /data/wwwroot/www.plastic-crate.co.uk/wp-includes/class-wp-hook.php(286): pmxi_add_attachment(15691)
#2 /data/wwwroot/www.plastic-crate.co.uk/wp-includes/class-wp-hook.php(310): WP_Hook->apply_filters('', Array)
#3 /data/wwwroot/www.plastic-crate.co.uk/wp-includes/plugin.php(453): WP_Hook->do_action(Array)
#4 /data/wwwroot/www.plastic-crate.co.uk/wp-includes/post.php(3694): do_action('add_attachment', 15691)
#5 /data/wwwroot/www.plastic-crate.co.uk/wp-includes/post.php(5082): wp_insert_post(Array, false)
#6 /data/wwwroot/www.plastic-crate.co.uk/wp-content/plugins/woocommerce/includes/class-wc-install.php(1190): wp_insert_attachment(Array, '/data/wwwroot/w...')
#7 /data/wwwroot/www.plasti in /data/wwwroot/www.plastic-crate.co.uk/wp-content/plugins/wp-all-import/models/model/record.php on line 78

2019-10-29T03:36:35+00:00 CRITICAL Uncaught Exception: Table 'plastic-crate.co.uk.wp_pmxi_images' doesn't exist in /data/wwwroot/www.plastic-crate.co.uk/wp-content/plugins/wp-all-import/models/model/record.php:78
Stack trace:
#0 /data/wwwroot/www.plastic-crate.co.uk/wp-content/plugins/wp-all-import/actions/add_attachment.php(22): PMXI_Model_Record->insert()
#1 /data/wwwroot/www.plastic-crate.co.uk/wp-includes/class-wp-hook.php(286): pmxi_add_attachment(15692)
#2 /data/wwwroot/www.plastic-crate.co.uk/wp-includes/class-wp-hook.php(310): WP_Hook->apply_filters('', Array)
#3 /data/wwwroot/www.plastic-crate.co.uk/wp-includes/plugin.php(453): WP_Hook->do_action(Array)
#4 /data/wwwroot/www.plastic-crate.co.uk/wp-includes/post.php(3694): do_action('add_attachment', 15692)
#5 /data/wwwroot/www.plastic-crate.co.uk/wp-includes/post.php(5082): wp_insert_post(Array, false)
#6 /data/wwwroot/www.plastic-crate.co.uk/wp-content/plugins/woocommerce/includes/class-wc-install.php(1190): wp_insert_attachment(Array, '/data/wwwroot/w...')
#7 /data/wwwroot/www.plasti in /data/wwwroot/www.plastic-crate.co.uk/wp-content/plugins/wp-all-import/models/model/record.php on line 78

2019-10-29T03:50:23+00:00 CRITICAL Uncaught Exception: Table 'plastic-crate.co.uk.wp_pmxi_images' doesn't exist in /data/wwwroot/www.plastic-crate.co.uk/wp-content/plugins/wp-all-import/models/model/record.php:78
Stack trace:
#0 /data/wwwroot/www.plastic-crate.co.uk/wp-content/plugins/wp-all-import/actions/add_attachment.php(22): PMXI_Model_Record->insert()
#1 /data/wwwroot/www.plastic-crate.co.uk/wp-includes/class-wp-hook.php(286): pmxi_add_attachment(15693)
#2 /data/wwwroot/www.plastic-crate.co.uk/wp-includes/class-wp-hook.php(310): WP_Hook->apply_filters('', Array)
#3 /data/wwwroot/www.plastic-crate.co.uk/wp-includes/plugin.php(453): WP_Hook->do_action(Array)
#4 /data/wwwroot/www.plastic-crate.co.uk/wp-includes/post.php(3694): do_action('add_attachment', 15693)
#5 /data/wwwroot/www.plastic-crate.co.uk/wp-includes/post.php(5082): wp_insert_post(Array, false)
#6 /data/wwwroot/www.plastic-crate.co.uk/wp-content/plugins/woocommerce/includes/class-wc-install.php(1190): wp_insert_attachment(Array, '/data/wwwroot/w...')
#7 /data/wwwroot/www.plasti in /data/wwwroot/www.plastic-crate.co.uk/wp-content/plugins/wp-all-import/models/model/record.php on line 78

2019-10-29T04:01:10+00:00 CRITICAL Uncaught Exception: Table 'plastic-crate.co.uk.wp_pmxi_images' doesn't exist in /data/wwwroot/www.plastic-crate.co.uk/wp-content/plugins/wp-all-import/models/model/record.php:78
Stack trace:
#0 /data/wwwroot/www.plastic-crate.co.uk/wp-content/plugins/wp-all-import/actions/add_attachment.php(22): PMXI_Model_Record->insert()
#1 /data/wwwroot/www.plastic-crate.co.uk/wp-includes/class-wp-hook.php(286): pmxi_add_attachment(15694)
#2 /data/wwwroot/www.plastic-crate.co.uk/wp-includes/class-wp-hook.php(310): WP_Hook->apply_filters('', Array)
#3 /data/wwwroot/www.plastic-crate.co.uk/wp-includes/plugin.php(453): WP_Hook->do_action(Array)
#4 /data/wwwroot/www.plastic-crate.co.uk/wp-includes/post.php(3694): do_action('add_attachment', 15694)
#5 /data/wwwroot/www.plastic-crate.co.uk/wp-includes/post.php(5082): wp_insert_post(Array, false)
#6 /data/wwwroot/www.plastic-crate.co.uk/wp-content/plugins/woocommerce/includes/class-wc-install.php(1190): wp_insert_attachment(Array, '/data/wwwroot/w...')
#7 /data/wwwroot/www.plasti in /data/wwwroot/www.plastic-crate.co.uk/wp-content/plugins/wp-all-import/models/model/record.php on line 78

2019-10-29T04:16:37+00:00 CRITICAL Uncaught Exception: Table 'plastic-crate.co.uk.wp_pmxi_images' doesn't exist in /data/wwwroot/www.plastic-crate.co.uk/wp-content/plugins/wp-all-import/models/model/record.php:78
Stack trace:
#0 /data/wwwroot/www.plastic-crate.co.uk/wp-content/plugins/wp-all-import/actions/add_attachment.php(22): PMXI_Model_Record->insert()
#1 /data/wwwroot/www.plastic-crate.co.uk/wp-includes/class-wp-hook.php(286): pmxi_add_attachment(15695)
#2 /data/wwwroot/www.plastic-crate.co.uk/wp-includes/class-wp-hook.php(310): WP_Hook->apply_filters('', Array)
#3 /data/wwwroot/www.plastic-crate.co.uk/wp-includes/plugin.php(453): WP_Hook->do_action(Array)
#4 /data/wwwroot/www.plastic-crate.co.uk/wp-includes/post.php(3694): do_action('add_attachment', 15695)
#5 /data/wwwroot/www.plastic-crate.co.uk/wp-includes/post.php(5082): wp_insert_post(Array, false)
#6 /data/wwwroot/www.plastic-crate.co.uk/wp-content/plugins/woocommerce/includes/class-wc-install.php(1190): wp_insert_attachment(Array, '/data/wwwroot/w...')
#7 /data/wwwroot/www.plasti in /data/wwwroot/www.plastic-crate.co.uk/wp-content/plugins/wp-all-import/models/model/record.php on line 78

2019-10-29T04:26:58+00:00 CRITICAL Uncaught Exception: Table 'plastic-crate.co.uk.wp_pmxi_images' doesn't exist in /data/wwwroot/www.plastic-crate.co.uk/wp-content/plugins/wp-all-import/models/model/record.php:78
Stack trace:
#0 /data/wwwroot/www.plastic-crate.co.uk/wp-content/plugins/wp-all-import/actions/add_attachment.php(22): PMXI_Model_Record->insert()
#1 /data/wwwroot/www.plastic-crate.co.uk/wp-includes/class-wp-hook.php(286): pmxi_add_attachment(15696)
#2 /data/wwwroot/www.plastic-crate.co.uk/wp-includes/class-wp-hook.php(310): WP_Hook->apply_filters('', Array)
#3 /data/wwwroot/www.plastic-crate.co.uk/wp-includes/plugin.php(453): WP_Hook->do_action(Array)
#4 /data/wwwroot/www.plastic-crate.co.uk/wp-includes/post.php(3694): do_action('add_attachment', 15696)
#5 /data/wwwroot/www.plastic-crate.co.uk/wp-includes/post.php(5082): wp_insert_post(Array, false)
#6 /data/wwwroot/www.plastic-crate.co.uk/wp-content/plugins/woocommerce/includes/class-wc-install.php(1190): wp_insert_attachment(Array, '/data/wwwroot/w...')
#7 /data/wwwroot/www.plasti in /data/wwwroot/www.plastic-crate.co.uk/wp-content/plugins/wp-all-import/models/model/record.php on line 78

2019-10-29T04:44:50+00:00 CRITICAL Uncaught Exception: Table 'plastic-crate.co.uk.wp_pmxi_images' doesn't exist in /data/wwwroot/www.plastic-crate.co.uk/wp-content/plugins/wp-all-import/models/model/record.php:78
Stack trace:
#0 /data/wwwroot/www.plastic-crate.co.uk/wp-content/plugins/wp-all-import/actions/add_attachment.php(22): PMXI_Model_Record->insert()
#1 /data/wwwroot/www.plastic-crate.co.uk/wp-includes/class-wp-hook.php(286): pmxi_add_attachment(15697)
#2 /data/wwwroot/www.plastic-crate.co.uk/wp-includes/class-wp-hook.php(310): WP_Hook->apply_filters('', Array)
#3 /data/wwwroot/www.plastic-crate.co.uk/wp-includes/plugin.php(453): WP_Hook->do_action(Array)
#4 /data/wwwroot/www.plastic-crate.co.uk/wp-includes/post.php(3694): do_action('add_attachment', 15697)
#5 /data/wwwroot/www.plastic-crate.co.uk/wp-includes/post.php(5082): wp_insert_post(Array, false)
#6 /data/wwwroot/www.plastic-crate.co.uk/wp-content/plugins/woocommerce/includes/class-wc-install.php(1190): wp_insert_attachment(Array, '/data/wwwroot/w...')
#7 /data/wwwroot/www.plasti in /data/wwwroot/www.plastic-crate.co.uk/wp-content/plugins/wp-all-import/models/model/record.php on line 78

2019-10-29T05:27:03+00:00 CRITICAL Uncaught Exception: Table 'plastic-crate.co.uk.wp_pmxi_images' doesn't exist in /data/wwwroot/www.plastic-crate.co.uk/wp-content/plugins/wp-all-import/models/model/record.php:78
Stack trace:
#0 /data/wwwroot/www.plastic-crate.co.uk/wp-content/plugins/wp-all-import/actions/add_attachment.php(22): PMXI_Model_Record->insert()
#1 /data/wwwroot/www.plastic-crate.co.uk/wp-includes/class-wp-hook.php(286): pmxi_add_attachment(15698)
#2 /data/wwwroot/www.plastic-crate.co.uk/wp-includes/class-wp-hook.php(310): WP_Hook->apply_filters('', Array)
#3 /data/wwwroot/www.plastic-crate.co.uk/wp-includes/plugin.php(453): WP_Hook->do_action(Array)
#4 /data/wwwroot/www.plastic-crate.co.uk/wp-includes/post.php(3694): do_action('add_attachment', 15698)
#5 /data/wwwroot/www.plastic-crate.co.uk/wp-includes/post.php(5082): wp_insert_post(Array, false)
#6 /data/wwwroot/www.plastic-crate.co.uk/wp-content/plugins/woocommerce/includes/class-wc-install.php(1190): wp_insert_attachment(Array, '/data/wwwroot/w...')
#7 /data/wwwroot/www.plasti in /data/wwwroot/www.plastic-crate.co.uk/wp-content/plugins/wp-all-import/models/model/record.php on line 78

2019-10-29T05:43:47+00:00 CRITICAL Uncaught Exception: Table 'plastic-crate.co.uk.wp_pmxi_images' doesn't exist in /data/wwwroot/www.plastic-crate.co.uk/wp-content/plugins/wp-all-import/models/model/record.php:78
Stack trace:
#0 /data/wwwroot/www.plastic-crate.co.uk/wp-content/plugins/wp-all-import/actions/add_attachment.php(22): PMXI_Model_Record->insert()
#1 /data/wwwroot/www.plastic-crate.co.uk/wp-includes/class-wp-hook.php(286): pmxi_add_attachment(15699)
#2 /data/wwwroot/www.plastic-crate.co.uk/wp-includes/class-wp-hook.php(310): WP_Hook->apply_filters('', Array)
#3 /data/wwwroot/www.plastic-crate.co.uk/wp-includes/plugin.php(453): WP_Hook->do_action(Array)
#4 /data/wwwroot/www.plastic-crate.co.uk/wp-includes/post.php(3694): do_action('add_attachment', 15699)
#5 /data/wwwroot/www.plastic-crate.co.uk/wp-includes/post.php(5082): wp_insert_post(Array, false)
#6 /data/wwwroot/www.plastic-crate.co.uk/wp-content/plugins/woocommerce/includes/class-wc-install.php(1190): wp_insert_attachment(Array, '/data/wwwroot/w...')
#7 /data/wwwroot/www.plasti in /data/wwwroot/www.plastic-crate.co.uk/wp-content/plugins/wp-all-import/models/model/record.php on line 78

2019-10-29T06:07:18+00:00 CRITICAL Uncaught Exception: Table 'plastic-crate.co.uk.wp_pmxi_images' doesn't exist in /data/wwwroot/www.plastic-crate.co.uk/wp-content/plugins/wp-all-import/models/model/record.php:78
Stack trace:
#0 /data/wwwroot/www.plastic-crate.co.uk/wp-content/plugins/wp-all-import/actions/add_attachment.php(22): PMXI_Model_Record->insert()
#1 /data/wwwroot/www.plastic-crate.co.uk/wp-includes/class-wp-hook.php(286): pmxi_add_attachment(15700)
#2 /data/wwwroot/www.plastic-crate.co.uk/wp-includes/class-wp-hook.php(310): WP_Hook->apply_filters('', Array)
#3 /data/wwwroot/www.plastic-crate.co.uk/wp-includes/plugin.php(453): WP_Hook->do_action(Array)
#4 /data/wwwroot/www.plastic-crate.co.uk/wp-includes/post.php(3694): do_action('add_attachment', 15700)
#5 /data/wwwroot/www.plastic-crate.co.uk/wp-includes/post.php(5082): wp_insert_post(Array, false)
#6 /data/wwwroot/www.plastic-crate.co.uk/wp-content/plugins/woocommerce/includes/class-wc-install.php(1190): wp_insert_attachment(Array, '/data/wwwroot/w...')
#7 /data/wwwroot/www.plasti in /data/wwwroot/www.plastic-crate.co.uk/wp-content/plugins/wp-all-import/models/model/record.php on line 78

2019-10-29T06:18:38+00:00 CRITICAL Uncaught Exception: Table 'plastic-crate.co.uk.wp_pmxi_images' doesn't exist in /data/wwwroot/www.plastic-crate.co.uk/wp-content/plugins/wp-all-import/models/model/record.php:78
Stack trace:
#0 /data/wwwroot/www.plastic-crate.co.uk/wp-content/plugins/wp-all-import/actions/add_attachment.php(22): PMXI_Model_Record->insert()
#1 /data/wwwroot/www.plastic-crate.co.uk/wp-includes/class-wp-hook.php(286): pmxi_add_attachment(15701)
#2 /data/wwwroot/www.plastic-crate.co.uk/wp-includes/class-wp-hook.php(310): WP_Hook->apply_filters('', Array)
#3 /data/wwwroot/www.plastic-crate.co.uk/wp-includes/plugin.php(453): WP_Hook->do_action(Array)
#4 /data/wwwroot/www.plastic-crate.co.uk/wp-includes/post.php(3694): do_action('add_attachment', 15701)
#5 /data/wwwroot/www.plastic-crate.co.uk/wp-includes/post.php(5082): wp_insert_post(Array, false)
#6 /data/wwwroot/www.plastic-crate.co.uk/wp-content/plugins/woocommerce/includes/class-wc-install.php(1190): wp_insert_attachment(Array, '/data/wwwroot/w...')
#7 /data/wwwroot/www.plasti in /data/wwwroot/www.plastic-crate.co.uk/wp-content/plugins/wp-all-import/models/model/record.php on line 78

2019-10-29T06:37:49+00:00 CRITICAL Uncaught Exception: Table 'plastic-crate.co.uk.wp_pmxi_images' doesn't exist in /data/wwwroot/www.plastic-crate.co.uk/wp-content/plugins/wp-all-import/models/model/record.php:78
Stack trace:
#0 /data/wwwroot/www.plastic-crate.co.uk/wp-content/plugins/wp-all-import/actions/add_attachment.php(22): PMXI_Model_Record->insert()
#1 /data/wwwroot/www.plastic-crate.co.uk/wp-includes/class-wp-hook.php(286): pmxi_add_attachment(15702)
#2 /data/wwwroot/www.plastic-crate.co.uk/wp-includes/class-wp-hook.php(310): WP_Hook->apply_filters('', Array)
#3 /data/wwwroot/www.plastic-crate.co.uk/wp-includes/plugin.php(453): WP_Hook->do_action(Array)
#4 /data/wwwroot/www.plastic-crate.co.uk/wp-includes/post.php(3694): do_action('add_attachment', 15702)
#5 /data/wwwroot/www.plastic-crate.co.uk/wp-includes/post.php(5082): wp_insert_post(Array, false)
#6 /data/wwwroot/www.plastic-crate.co.uk/wp-content/plugins/woocommerce/includes/class-wc-install.php(1190): wp_insert_attachment(Array, '/data/wwwroot/w...')
#7 /data/wwwroot/www.plasti in /data/wwwroot/www.plastic-crate.co.uk/wp-content/plugins/wp-all-import/models/model/record.php on line 78

2019-10-29T07:03:40+00:00 CRITICAL Uncaught Exception: Table 'plastic-crate.co.uk.wp_pmxi_images' doesn't exist in /data/wwwroot/www.plastic-crate.co.uk/wp-content/plugins/wp-all-import/models/model/record.php:78
Stack trace:
#0 /data/wwwroot/www.plastic-crate.co.uk/wp-content/plugins/wp-all-import/actions/add_attachment.php(22): PMXI_Model_Record->insert()
#1 /data/wwwroot/www.plastic-crate.co.uk/wp-includes/class-wp-hook.php(286): pmxi_add_attachment(15703)
#2 /data/wwwroot/www.plastic-crate.co.uk/wp-includes/class-wp-hook.php(310): WP_Hook->apply_filters('', Array)
#3 /data/wwwroot/www.plastic-crate.co.uk/wp-includes/plugin.php(453): WP_Hook->do_action(Array)
#4 /data/wwwroot/www.plastic-crate.co.uk/wp-includes/post.php(3694): do_action('add_attachment', 15703)
#5 /data/wwwroot/www.plastic-crate.co.uk/wp-includes/post.php(5082): wp_insert_post(Array, false)
#6 /data/wwwroot/www.plastic-crate.co.uk/wp-content/plugins/woocommerce/includes/class-wc-install.php(1190): wp_insert_attachment(Array, '/data/wwwroot/w...')
#7 /data/wwwroot/www.plasti in /data/wwwroot/www.plastic-crate.co.uk/wp-content/plugins/wp-all-import/models/model/record.php on line 78

2019-10-29T07:16:28+00:00 CRITICAL Uncaught Exception: Table 'plastic-crate.co.uk.wp_pmxi_images' doesn't exist in /data/wwwroot/www.plastic-crate.co.uk/wp-content/plugins/wp-all-import/models/model/record.php:78
Stack trace:
#0 /data/wwwroot/www.plastic-crate.co.uk/wp-content/plugins/wp-all-import/actions/add_attachment.php(22): PMXI_Model_Record->insert()
#1 /data/wwwroot/www.plastic-crate.co.uk/wp-includes/class-wp-hook.php(286): pmxi_add_attachment(15704)
#2 /data/wwwroot/www.plastic-crate.co.uk/wp-includes/class-wp-hook.php(310): WP_Hook->apply_filters('', Array)
#3 /data/wwwroot/www.plastic-crate.co.uk/wp-includes/plugin.php(453): WP_Hook->do_action(Array)
#4 /data/wwwroot/www.plastic-crate.co.uk/wp-includes/post.php(3694): do_action('add_attachment', 15704)
#5 /data/wwwroot/www.plastic-crate.co.uk/wp-includes/post.php(5082): wp_insert_post(Array, false)
#6 /data/wwwroot/www.plastic-crate.co.uk/wp-content/plugins/woocommerce/includes/class-wc-install.php(1190): wp_insert_attachment(Array, '/data/wwwroot/w...')
#7 /data/wwwroot/www.plasti in /data/wwwroot/www.plastic-crate.co.uk/wp-content/plugins/wp-all-import/models/model/record.php on line 78

2019-10-29T07:28:36+00:00 CRITICAL Uncaught Exception: Table 'plastic-crate.co.uk.wp_pmxi_images' doesn't exist in /data/wwwroot/www.plastic-crate.co.uk/wp-content/plugins/wp-all-import/models/model/record.php:78
Stack trace:
#0 /data/wwwroot/www.plastic-crate.co.uk/wp-content/plugins/wp-all-import/actions/add_attachment.php(22): PMXI_Model_Record->insert()
#1 /data/wwwroot/www.plastic-crate.co.uk/wp-includes/class-wp-hook.php(286): pmxi_add_attachment(15705)
#2 /data/wwwroot/www.plastic-crate.co.uk/wp-includes/class-wp-hook.php(310): WP_Hook->apply_filters('', Array)
#3 /data/wwwroot/www.plastic-crate.co.uk/wp-includes/plugin.php(453): WP_Hook->do_action(Array)
#4 /data/wwwroot/www.plastic-crate.co.uk/wp-includes/post.php(3694): do_action('add_attachment', 15705)
#5 /data/wwwroot/www.plastic-crate.co.uk/wp-includes/post.php(5082): wp_insert_post(Array, false)
#6 /data/wwwroot/www.plastic-crate.co.uk/wp-content/plugins/woocommerce/includes/class-wc-install.php(1190): wp_insert_attachment(Array, '/data/wwwroot/w...')
#7 /data/wwwroot/www.plasti in /data/wwwroot/www.plastic-crate.co.uk/wp-content/plugins/wp-all-import/models/model/record.php on line 78

2019-10-29T07:43:04+00:00 CRITICAL Uncaught Exception: Table 'plastic-crate.co.uk.wp_pmxi_images' doesn't exist in /data/wwwroot/www.plastic-crate.co.uk/wp-content/plugins/wp-all-import/models/model/record.php:78
Stack trace:
#0 /data/wwwroot/www.plastic-crate.co.uk/wp-content/plugins/wp-all-import/actions/add_attachment.php(22): PMXI_Model_Record->insert()
#1 /data/wwwroot/www.plastic-crate.co.uk/wp-includes/class-wp-hook.php(286): pmxi_add_attachment(15706)
#2 /data/wwwroot/www.plastic-crate.co.uk/wp-includes/class-wp-hook.php(310): WP_Hook->apply_filters('', Array)
#3 /data/wwwroot/www.plastic-crate.co.uk/wp-includes/plugin.php(453): WP_Hook->do_action(Array)
#4 /data/wwwroot/www.plastic-crate.co.uk/wp-includes/post.php(3694): do_action('add_attachment', 15706)
#5 /data/wwwroot/www.plastic-crate.co.uk/wp-includes/post.php(5082): wp_insert_post(Array, false)
#6 /data/wwwroot/www.plastic-crate.co.uk/wp-content/plugins/woocommerce/includes/class-wc-install.php(1190): wp_insert_attachment(Array, '/data/wwwroot/w...')
#7 /data/wwwroot/www.plasti in /data/wwwroot/www.plastic-crate.co.uk/wp-content/plugins/wp-all-import/models/model/record.php on line 78

2019-10-29T07:54:44+00:00 CRITICAL Uncaught Exception: Table 'plastic-crate.co.uk.wp_pmxi_images' doesn't exist in /data/wwwroot/www.plastic-crate.co.uk/wp-content/plugins/wp-all-import/models/model/record.php:78
Stack trace:
#0 /data/wwwroot/www.plastic-crate.co.uk/wp-content/plugins/wp-all-import/actions/add_attachment.php(22): PMXI_Model_Record->insert()
#1 /data/wwwroot/www.plastic-crate.co.uk/wp-includes/class-wp-hook.php(286): pmxi_add_attachment(15707)
#2 /data/wwwroot/www.plastic-crate.co.uk/wp-includes/class-wp-hook.php(310): WP_Hook->apply_filters('', Array)
#3 /data/wwwroot/www.plastic-crate.co.uk/wp-includes/plugin.php(453): WP_Hook->do_action(Array)
#4 /data/wwwroot/www.plastic-crate.co.uk/wp-includes/post.php(3694): do_action('add_attachment', 15707)
#5 /data/wwwroot/www.plastic-crate.co.uk/wp-includes/post.php(5082): wp_insert_post(Array, false)
#6 /data/wwwroot/www.plastic-crate.co.uk/wp-content/plugins/woocommerce/includes/class-wc-install.php(1190): wp_insert_attachment(Array, '/data/wwwroot/w...')
#7 /data/wwwroot/www.plasti in /data/wwwroot/www.plastic-crate.co.uk/wp-content/plugins/wp-all-import/models/model/record.php on line 78

2019-10-29T08:15:18+00:00 CRITICAL Uncaught Exception: Table 'plastic-crate.co.uk.wp_pmxi_images' doesn't exist in /data/wwwroot/www.plastic-crate.co.uk/wp-content/plugins/wp-all-import/models/model/record.php:78
Stack trace:
#0 /data/wwwroot/www.plastic-crate.co.uk/wp-content/plugins/wp-all-import/actions/add_attachment.php(22): PMXI_Model_Record->insert()
#1 /data/wwwroot/www.plastic-crate.co.uk/wp-includes/class-wp-hook.php(286): pmxi_add_attachment(15708)
#2 /data/wwwroot/www.plastic-crate.co.uk/wp-includes/class-wp-hook.php(310): WP_Hook->apply_filters('', Array)
#3 /data/wwwroot/www.plastic-crate.co.uk/wp-includes/plugin.php(453): WP_Hook->do_action(Array)
#4 /data/wwwroot/www.plastic-crate.co.uk/wp-includes/post.php(3694): do_action('add_attachment', 15708)
#5 /data/wwwroot/www.plastic-crate.co.uk/wp-includes/post.php(5082): wp_insert_post(Array, false)
#6 /data/wwwroot/www.plastic-crate.co.uk/wp-content/plugins/woocommerce/includes/class-wc-install.php(1190): wp_insert_attachment(Array, '/data/wwwroot/w...')
#7 /data/wwwroot/www.plasti in /data/wwwroot/www.plastic-crate.co.uk/wp-content/plugins/wp-all-import/models/model/record.php on line 78

2019-10-29T08:28:25+00:00 CRITICAL Uncaught Exception: Table 'plastic-crate.co.uk.wp_pmxi_images' doesn't exist in /data/wwwroot/www.plastic-crate.co.uk/wp-content/plugins/wp-all-import/models/model/record.php:78
Stack trace:
#0 /data/wwwroot/www.plastic-crate.co.uk/wp-content/plugins/wp-all-import/actions/add_attachment.php(22): PMXI_Model_Record->insert()
#1 /data/wwwroot/www.plastic-crate.co.uk/wp-includes/class-wp-hook.php(286): pmxi_add_attachment(15709)
#2 /data/wwwroot/www.plastic-crate.co.uk/wp-includes/class-wp-hook.php(310): WP_Hook->apply_filters('', Array)
#3 /data/wwwroot/www.plastic-crate.co.uk/wp-includes/plugin.php(453): WP_Hook->do_action(Array)
#4 /data/wwwroot/www.plastic-crate.co.uk/wp-includes/post.php(3694): do_action('add_attachment', 15709)
#5 /data/wwwroot/www.plastic-crate.co.uk/wp-includes/post.php(5082): wp_insert_post(Array, false)
#6 /data/wwwroot/www.plastic-crate.co.uk/wp-content/plugins/woocommerce/includes/class-wc-install.php(1190): wp_insert_attachment(Array, '/data/wwwroot/w...')
#7 /data/wwwroot/www.plasti in /data/wwwroot/www.plastic-crate.co.uk/wp-content/plugins/wp-all-import/models/model/record.php on line 78

2019-10-29T08:40:25+00:00 CRITICAL Uncaught Exception: Table 'plastic-crate.co.uk.wp_pmxi_images' doesn't exist in /data/wwwroot/www.plastic-crate.co.uk/wp-content/plugins/wp-all-import/models/model/record.php:78
Stack trace:
#0 /data/wwwroot/www.plastic-crate.co.uk/wp-content/plugins/wp-all-import/actions/add_attachment.php(22): PMXI_Model_Record->insert()
#1 /data/wwwroot/www.plastic-crate.co.uk/wp-includes/class-wp-hook.php(286): pmxi_add_attachment(15710)
#2 /data/wwwroot/www.plastic-crate.co.uk/wp-includes/class-wp-hook.php(310): WP_Hook->apply_filters('', Array)
#3 /data/wwwroot/www.plastic-crate.co.uk/wp-includes/plugin.php(453): WP_Hook->do_action(Array)
#4 /data/wwwroot/www.plastic-crate.co.uk/wp-includes/post.php(3694): do_action('add_attachment', 15710)
#5 /data/wwwroot/www.plastic-crate.co.uk/wp-includes/post.php(5082): wp_insert_post(Array, false)
#6 /data/wwwroot/www.plastic-crate.co.uk/wp-content/plugins/woocommerce/includes/class-wc-install.php(1190): wp_insert_attachment(Array, '/data/wwwroot/w...')
#7 /data/wwwroot/www.plasti in /data/wwwroot/www.plastic-crate.co.uk/wp-content/plugins/wp-all-import/models/model/record.php on line 78

2019-10-29T08:51:02+00:00 CRITICAL Uncaught Exception: Table 'plastic-crate.co.uk.wp_pmxi_images' doesn't exist in /data/wwwroot/www.plastic-crate.co.uk/wp-content/plugins/wp-all-import/models/model/record.php:78
Stack trace:
#0 /data/wwwroot/www.plastic-crate.co.uk/wp-content/plugins/wp-all-import/actions/add_attachment.php(22): PMXI_Model_Record->insert()
#1 /data/wwwroot/www.plastic-crate.co.uk/wp-includes/class-wp-hook.php(286): pmxi_add_attachment(15711)
#2 /data/wwwroot/www.plastic-crate.co.uk/wp-includes/class-wp-hook.php(310): WP_Hook->apply_filters('', Array)
#3 /data/wwwroot/www.plastic-crate.co.uk/wp-includes/plugin.php(453): WP_Hook->do_action(Array)
#4 /data/wwwroot/www.plastic-crate.co.uk/wp-includes/post.php(3694): do_action('add_attachment', 15711)
#5 /data/wwwroot/www.plastic-crate.co.uk/wp-includes/post.php(5082): wp_insert_post(Array, false)
#6 /data/wwwroot/www.plastic-crate.co.uk/wp-content/plugins/woocommerce/includes/class-wc-install.php(1190): wp_insert_attachment(Array, '/data/wwwroot/w...')
#7 /data/wwwroot/www.plasti in /data/wwwroot/www.plastic-crate.co.uk/wp-content/plugins/wp-all-import/models/model/record.php on line 78

2019-10-29T09:03:01+00:00 CRITICAL Uncaught Exception: Table 'plastic-crate.co.uk.wp_pmxi_images' doesn't exist in /data/wwwroot/www.plastic-crate.co.uk/wp-content/plugins/wp-all-import/models/model/record.php:78
Stack trace:
#0 /data/wwwroot/www.plastic-crate.co.uk/wp-content/plugins/wp-all-import/actions/add_attachment.php(22): PMXI_Model_Record->insert()
#1 /data/wwwroot/www.plastic-crate.co.uk/wp-includes/class-wp-hook.php(286): pmxi_add_attachment(15712)
#2 /data/wwwroot/www.plastic-crate.co.uk/wp-includes/class-wp-hook.php(310): WP_Hook->apply_filters('', Array)
#3 /data/wwwroot/www.plastic-crate.co.uk/wp-includes/plugin.php(453): WP_Hook->do_action(Array)
#4 /data/wwwroot/www.plastic-crate.co.uk/wp-includes/post.php(3694): do_action('add_attachment', 15712)
#5 /data/wwwroot/www.plastic-crate.co.uk/wp-includes/post.php(5082): wp_insert_post(Array, false)
#6 /data/wwwroot/www.plastic-crate.co.uk/wp-content/plugins/woocommerce/includes/class-wc-install.php(1190): wp_insert_attachment(Array, '/data/wwwroot/w...')
#7 /data/wwwroot/www.plasti in /data/wwwroot/www.plastic-crate.co.uk/wp-content/plugins/wp-all-import/models/model/record.php on line 78

2019-10-29T09:17:30+00:00 CRITICAL Uncaught Exception: Table 'plastic-crate.co.uk.wp_pmxi_images' doesn't exist in /data/wwwroot/www.plastic-crate.co.uk/wp-content/plugins/wp-all-import/models/model/record.php:78
Stack trace:
#0 /data/wwwroot/www.plastic-crate.co.uk/wp-content/plugins/wp-all-import/actions/add_attachment.php(22): PMXI_Model_Record->insert()
#1 /data/wwwroot/www.plastic-crate.co.uk/wp-includes/class-wp-hook.php(286): pmxi_add_attachment(15713)
#2 /data/wwwroot/www.plastic-crate.co.uk/wp-includes/class-wp-hook.php(310): WP_Hook->apply_filters('', Array)
#3 /data/wwwroot/www.plastic-crate.co.uk/wp-includes/plugin.php(453): WP_Hook->do_action(Array)
#4 /data/wwwroot/www.plastic-crate.co.uk/wp-includes/post.php(3694): do_action('add_attachment', 15713)
#5 /data/wwwroot/www.plastic-crate.co.uk/wp-includes/post.php(5082): wp_insert_post(Array, false)
#6 /data/wwwroot/www.plastic-crate.co.uk/wp-content/plugins/woocommerce/includes/class-wc-install.php(1190): wp_insert_attachment(Array, '/data/wwwroot/w...')
#7 /data/wwwroot/www.plasti in /data/wwwroot/www.plastic-crate.co.uk/wp-content/plugins/wp-all-import/models/model/record.php on line 78

2019-10-29T09:39:32+00:00 CRITICAL Uncaught Exception: Table 'plastic-crate.co.uk.wp_pmxi_images' doesn't exist in /data/wwwroot/www.plastic-crate.co.uk/wp-content/plugins/wp-all-import/models/model/record.php:78
Stack trace:
#0 /data/wwwroot/www.plastic-crate.co.uk/wp-content/plugins/wp-all-import/actions/add_attachment.php(22): PMXI_Model_Record->insert()
#1 /data/wwwroot/www.plastic-crate.co.uk/wp-includes/class-wp-hook.php(286): pmxi_add_attachment(15714)
#2 /data/wwwroot/www.plastic-crate.co.uk/wp-includes/class-wp-hook.php(310): WP_Hook->apply_filters('', Array)
#3 /data/wwwroot/www.plastic-crate.co.uk/wp-includes/plugin.php(453): WP_Hook->do_action(Array)
#4 /data/wwwroot/www.plastic-crate.co.uk/wp-includes/post.php(3694): do_action('add_attachment', 15714)
#5 /data/wwwroot/www.plastic-crate.co.uk/wp-includes/post.php(5082): wp_insert_post(Array, false)
#6 /data/wwwroot/www.plastic-crate.co.uk/wp-content/plugins/woocommerce/includes/class-wc-install.php(1190): wp_insert_attachment(Array, '/data/wwwroot/w...')
#7 /data/wwwroot/www.plasti in /data/wwwroot/www.plastic-crate.co.uk/wp-content/plugins/wp-all-import/models/model/record.php on line 78

2019-10-29T09:51:00+00:00 CRITICAL Uncaught Exception: Table 'plastic-crate.co.uk.wp_pmxi_images' doesn't exist in /data/wwwroot/www.plastic-crate.co.uk/wp-content/plugins/wp-all-import/models/model/record.php:78
Stack trace:
#0 /data/wwwroot/www.plastic-crate.co.uk/wp-content/plugins/wp-all-import/actions/add_attachment.php(22): PMXI_Model_Record->insert()
#1 /data/wwwroot/www.plastic-crate.co.uk/wp-includes/class-wp-hook.php(286): pmxi_add_attachment(15715)
#2 /data/wwwroot/www.plastic-crate.co.uk/wp-includes/class-wp-hook.php(310): WP_Hook->apply_filters('', Array)
#3 /data/wwwroot/www.plastic-crate.co.uk/wp-includes/plugin.php(453): WP_Hook->do_action(Array)
#4 /data/wwwroot/www.plastic-crate.co.uk/wp-includes/post.php(3694): do_action('add_attachment', 15715)
#5 /data/wwwroot/www.plastic-crate.co.uk/wp-includes/post.php(5082): wp_insert_post(Array, false)
#6 /data/wwwroot/www.plastic-crate.co.uk/wp-content/plugins/woocommerce/includes/class-wc-install.php(1190): wp_insert_attachment(Array, '/data/wwwroot/w...')
#7 /data/wwwroot/www.plasti in /data/wwwroot/www.plastic-crate.co.uk/wp-content/plugins/wp-all-import/models/model/record.php on line 78

2019-10-29T10:02:45+00:00 CRITICAL Uncaught Exception: Table 'plastic-crate.co.uk.wp_pmxi_images' doesn't exist in /data/wwwroot/www.plastic-crate.co.uk/wp-content/plugins/wp-all-import/models/model/record.php:78
Stack trace:
#0 /data/wwwroot/www.plastic-crate.co.uk/wp-content/plugins/wp-all-import/actions/add_attachment.php(22): PMXI_Model_Record->insert()
#1 /data/wwwroot/www.plastic-crate.co.uk/wp-includes/class-wp-hook.php(286): pmxi_add_attachment(15716)
#2 /data/wwwroot/www.plastic-crate.co.uk/wp-includes/class-wp-hook.php(310): WP_Hook->apply_filters('', Array)
#3 /data/wwwroot/www.plastic-crate.co.uk/wp-includes/plugin.php(453): WP_Hook->do_action(Array)
#4 /data/wwwroot/www.plastic-crate.co.uk/wp-includes/post.php(3694): do_action('add_attachment', 15716)
#5 /data/wwwroot/www.plastic-crate.co.uk/wp-includes/post.php(5082): wp_insert_post(Array, false)
#6 /data/wwwroot/www.plastic-crate.co.uk/wp-content/plugins/woocommerce/includes/class-wc-install.php(1190): wp_insert_attachment(Array, '/data/wwwroot/w...')
#7 /data/wwwroot/www.plasti in /data/wwwroot/www.plastic-crate.co.uk/wp-content/plugins/wp-all-import/models/model/record.php on line 78

2019-10-29T10:18:02+00:00 CRITICAL Uncaught Exception: Table 'plastic-crate.co.uk.wp_pmxi_images' doesn't exist in /data/wwwroot/www.plastic-crate.co.uk/wp-content/plugins/wp-all-import/models/model/record.php:78
Stack trace:
#0 /data/wwwroot/www.plastic-crate.co.uk/wp-content/plugins/wp-all-import/actions/add_attachment.php(22): PMXI_Model_Record->insert()
#1 /data/wwwroot/www.plastic-crate.co.uk/wp-includes/class-wp-hook.php(286): pmxi_add_attachment(15717)
#2 /data/wwwroot/www.plastic-crate.co.uk/wp-includes/class-wp-hook.php(310): WP_Hook->apply_filters('', Array)
#3 /data/wwwroot/www.plastic-crate.co.uk/wp-includes/plugin.php(453): WP_Hook->do_action(Array)
#4 /data/wwwroot/www.plastic-crate.co.uk/wp-includes/post.php(3694): do_action('add_attachment', 15717)
#5 /data/wwwroot/www.plastic-crate.co.uk/wp-includes/post.php(5082): wp_insert_post(Array, false)
#6 /data/wwwroot/www.plastic-crate.co.uk/wp-content/plugins/woocommerce/includes/class-wc-install.php(1190): wp_insert_attachment(Array, '/data/wwwroot/w...')
#7 /data/wwwroot/www.plasti in /data/wwwroot/www.plastic-crate.co.uk/wp-content/plugins/wp-all-import/models/model/record.php on line 78

2019-10-29T10:34:53+00:00 CRITICAL Uncaught Exception: Table 'plastic-crate.co.uk.wp_pmxi_images' doesn't exist in /data/wwwroot/www.plastic-crate.co.uk/wp-content/plugins/wp-all-import/models/model/record.php:78
Stack trace:
#0 /data/wwwroot/www.plastic-crate.co.uk/wp-content/plugins/wp-all-import/actions/add_attachment.php(22): PMXI_Model_Record->insert()
#1 /data/wwwroot/www.plastic-crate.co.uk/wp-includes/class-wp-hook.php(286): pmxi_add_attachment(15718)
#2 /data/wwwroot/www.plastic-crate.co.uk/wp-includes/class-wp-hook.php(310): WP_Hook->apply_filters('', Array)
#3 /data/wwwroot/www.plastic-crate.co.uk/wp-includes/plugin.php(453): WP_Hook->do_action(Array)
#4 /data/wwwroot/www.plastic-crate.co.uk/wp-includes/post.php(3694): do_action('add_attachment', 15718)
#5 /data/wwwroot/www.plastic-crate.co.uk/wp-includes/post.php(5082): wp_insert_post(Array, false)
#6 /data/wwwroot/www.plastic-crate.co.uk/wp-content/plugins/woocommerce/includes/class-wc-install.php(1190): wp_insert_attachment(Array, '/data/wwwroot/w...')
#7 /data/wwwroot/www.plasti in /data/wwwroot/www.plastic-crate.co.uk/wp-content/plugins/wp-all-import/models/model/record.php on line 78

2019-10-29T10:55:14+00:00 CRITICAL Uncaught Exception: Table 'plastic-crate.co.uk.wp_pmxi_images' doesn't exist in /data/wwwroot/www.plastic-crate.co.uk/wp-content/plugins/wp-all-import/models/model/record.php:78
Stack trace:
#0 /data/wwwroot/www.plastic-crate.co.uk/wp-content/plugins/wp-all-import/actions/add_attachment.php(22): PMXI_Model_Record->insert()
#1 /data/wwwroot/www.plastic-crate.co.uk/wp-includes/class-wp-hook.php(286): pmxi_add_attachment(15719)
#2 /data/wwwroot/www.plastic-crate.co.uk/wp-includes/class-wp-hook.php(310): WP_Hook->apply_filters('', Array)
#3 /data/wwwroot/www.plastic-crate.co.uk/wp-includes/plugin.php(453): WP_Hook->do_action(Array)
#4 /data/wwwroot/www.plastic-crate.co.uk/wp-includes/post.php(3694): do_action('add_attachment', 15719)
#5 /data/wwwroot/www.plastic-crate.co.uk/wp-includes/post.php(5082): wp_insert_post(Array, false)
#6 /data/wwwroot/www.plastic-crate.co.uk/wp-content/plugins/woocommerce/includes/class-wc-install.php(1190): wp_insert_attachment(Array, '/data/wwwroot/w...')
#7 /data/wwwroot/www.plasti in /data/wwwroot/www.plastic-crate.co.uk/wp-content/plugins/wp-all-import/models/model/record.php on line 78

2019-10-29T11:06:23+00:00 CRITICAL Uncaught Exception: Table 'plastic-crate.co.uk.wp_pmxi_images' doesn't exist in /data/wwwroot/www.plastic-crate.co.uk/wp-content/plugins/wp-all-import/models/model/record.php:78
Stack trace:
#0 /data/wwwroot/www.plastic-crate.co.uk/wp-content/plugins/wp-all-import/actions/add_attachment.php(22): PMXI_Model_Record->insert()
#1 /data/wwwroot/www.plastic-crate.co.uk/wp-includes/class-wp-hook.php(286): pmxi_add_attachment(15720)
#2 /data/wwwroot/www.plastic-crate.co.uk/wp-includes/class-wp-hook.php(310): WP_Hook->apply_filters('', Array)
#3 /data/wwwroot/www.plastic-crate.co.uk/wp-includes/plugin.php(453): WP_Hook->do_action(Array)
#4 /data/wwwroot/www.plastic-crate.co.uk/wp-includes/post.php(3694): do_action('add_attachment', 15720)
#5 /data/wwwroot/www.plastic-crate.co.uk/wp-includes/post.php(5082): wp_insert_post(Array, false)
#6 /data/wwwroot/www.plastic-crate.co.uk/wp-content/plugins/woocommerce/includes/class-wc-install.php(1190): wp_insert_attachment(Array, '/data/wwwroot/w...')
#7 /data/wwwroot/www.plasti in /data/wwwroot/www.plastic-crate.co.uk/wp-content/plugins/wp-all-import/models/model/record.php on line 78

2019-10-29T11:19:00+00:00 CRITICAL Uncaught Exception: Table 'plastic-crate.co.uk.wp_pmxi_images' doesn't exist in /data/wwwroot/www.plastic-crate.co.uk/wp-content/plugins/wp-all-import/models/model/record.php:78
Stack trace:
#0 /data/wwwroot/www.plastic-crate.co.uk/wp-content/plugins/wp-all-import/actions/add_attachment.php(22): PMXI_Model_Record->insert()
#1 /data/wwwroot/www.plastic-crate.co.uk/wp-includes/class-wp-hook.php(286): pmxi_add_attachment(15721)
#2 /data/wwwroot/www.plastic-crate.co.uk/wp-includes/class-wp-hook.php(310): WP_Hook->apply_filters('', Array)
#3 /data/wwwroot/www.plastic-crate.co.uk/wp-includes/plugin.php(453): WP_Hook->do_action(Array)
#4 /data/wwwroot/www.plastic-crate.co.uk/wp-includes/post.php(3694): do_action('add_attachment', 15721)
#5 /data/wwwroot/www.plastic-crate.co.uk/wp-includes/post.php(5082): wp_insert_post(Array, false)
#6 /data/wwwroot/www.plastic-crate.co.uk/wp-content/plugins/woocommerce/includes/class-wc-install.php(1190): wp_insert_attachment(Array, '/data/wwwroot/w...')
#7 /data/wwwroot/www.plasti in /data/wwwroot/www.plastic-crate.co.uk/wp-content/plugins/wp-all-import/models/model/record.php on line 78

2019-10-29T11:32:42+00:00 CRITICAL Uncaught Exception: Table 'plastic-crate.co.uk.wp_pmxi_images' doesn't exist in /data/wwwroot/www.plastic-crate.co.uk/wp-content/plugins/wp-all-import/models/model/record.php:78
Stack trace:
#0 /data/wwwroot/www.plastic-crate.co.uk/wp-content/plugins/wp-all-import/actions/add_attachment.php(22): PMXI_Model_Record->insert()
#1 /data/wwwroot/www.plastic-crate.co.uk/wp-includes/class-wp-hook.php(286): pmxi_add_attachment(15722)
#2 /data/wwwroot/www.plastic-crate.co.uk/wp-includes/class-wp-hook.php(310): WP_Hook->apply_filters('', Array)
#3 /data/wwwroot/www.plastic-crate.co.uk/wp-includes/plugin.php(453): WP_Hook->do_action(Array)
#4 /data/wwwroot/www.plastic-crate.co.uk/wp-includes/post.php(3694): do_action('add_attachment', 15722)
#5 /data/wwwroot/www.plastic-crate.co.uk/wp-includes/post.php(5082): wp_insert_post(Array, false)
#6 /data/wwwroot/www.plastic-crate.co.uk/wp-content/plugins/woocommerce/includes/class-wc-install.php(1190): wp_insert_attachment(Array, '/data/wwwroot/w...')
#7 /data/wwwroot/www.plasti in /data/wwwroot/www.plastic-crate.co.uk/wp-content/plugins/wp-all-import/models/model/record.php on line 78

2019-10-29T11:43:56+00:00 CRITICAL Uncaught Exception: Table 'plastic-crate.co.uk.wp_pmxi_images' doesn't exist in /data/wwwroot/www.plastic-crate.co.uk/wp-content/plugins/wp-all-import/models/model/record.php:78
Stack trace:
#0 /data/wwwroot/www.plastic-crate.co.uk/wp-content/plugins/wp-all-import/actions/add_attachment.php(22): PMXI_Model_Record->insert()
#1 /data/wwwroot/www.plastic-crate.co.uk/wp-includes/class-wp-hook.php(286): pmxi_add_attachment(15723)
#2 /data/wwwroot/www.plastic-crate.co.uk/wp-includes/class-wp-hook.php(310): WP_Hook->apply_filters('', Array)
#3 /data/wwwroot/www.plastic-crate.co.uk/wp-includes/plugin.php(453): WP_Hook->do_action(Array)
#4 /data/wwwroot/www.plastic-crate.co.uk/wp-includes/post.php(3694): do_action('add_attachment', 15723)
#5 /data/wwwroot/www.plastic-crate.co.uk/wp-includes/post.php(5082): wp_insert_post(Array, false)
#6 /data/wwwroot/www.plastic-crate.co.uk/wp-content/plugins/woocommerce/includes/class-wc-install.php(1190): wp_insert_attachment(Array, '/data/wwwroot/w...')
#7 /data/wwwroot/www.plasti in /data/wwwroot/www.plastic-crate.co.uk/wp-content/plugins/wp-all-import/models/model/record.php on line 78

2019-10-29T12:00:47+00:00 CRITICAL Uncaught Exception: Table 'plastic-crate.co.uk.wp_pmxi_images' doesn't exist in /data/wwwroot/www.plastic-crate.co.uk/wp-content/plugins/wp-all-import/models/model/record.php:78
Stack trace:
#0 /data/wwwroot/www.plastic-crate.co.uk/wp-content/plugins/wp-all-import/actions/add_attachment.php(22): PMXI_Model_Record->insert()
#1 /data/wwwroot/www.plastic-crate.co.uk/wp-includes/class-wp-hook.php(286): pmxi_add_attachment(15724)
#2 /data/wwwroot/www.plastic-crate.co.uk/wp-includes/class-wp-hook.php(310): WP_Hook->apply_filters('', Array)
#3 /data/wwwroot/www.plastic-crate.co.uk/wp-includes/plugin.php(453): WP_Hook->do_action(Array)
#4 /data/wwwroot/www.plastic-crate.co.uk/wp-includes/post.php(3694): do_action('add_attachment', 15724)
#5 /data/wwwroot/www.plastic-crate.co.uk/wp-includes/post.php(5082): wp_insert_post(Array, false)
#6 /data/wwwroot/www.plastic-crate.co.uk/wp-content/plugins/woocommerce/includes/class-wc-install.php(1190): wp_insert_attachment(Array, '/data/wwwroot/w...')
#7 /data/wwwroot/www.plasti in /data/wwwroot/www.plastic-crate.co.uk/wp-content/plugins/wp-all-import/models/model/record.php on line 78

2019-10-29T12:44:37+00:00 CRITICAL Uncaught Exception: Table 'plastic-crate.co.uk.wp_pmxi_images' doesn't exist in /data/wwwroot/www.plastic-crate.co.uk/wp-content/plugins/wp-all-import/models/model/record.php:78
Stack trace:
#0 /data/wwwroot/www.plastic-crate.co.uk/wp-content/plugins/wp-all-import/actions/add_attachment.php(22): PMXI_Model_Record->insert()
#1 /data/wwwroot/www.plastic-crate.co.uk/wp-includes/class-wp-hook.php(286): pmxi_add_attachment(15725)
#2 /data/wwwroot/www.plastic-crate.co.uk/wp-includes/class-wp-hook.php(310): WP_Hook->apply_filters('', Array)
#3 /data/wwwroot/www.plastic-crate.co.uk/wp-includes/plugin.php(453): WP_Hook->do_action(Array)
#4 /data/wwwroot/www.plastic-crate.co.uk/wp-includes/post.php(3694): do_action('add_attachment', 15725)
#5 /data/wwwroot/www.plastic-crate.co.uk/wp-includes/post.php(5082): wp_insert_post(Array, false)
#6 /data/wwwroot/www.plastic-crate.co.uk/wp-content/plugins/woocommerce/includes/class-wc-install.php(1190): wp_insert_attachment(Array, '/data/wwwroot/w...')
#7 /data/wwwroot/www.plasti in /data/wwwroot/www.plastic-crate.co.uk/wp-content/plugins/wp-all-import/models/model/record.php on line 78

2019-10-29T12:56:19+00:00 CRITICAL Uncaught Exception: Table 'plastic-crate.co.uk.wp_pmxi_images' doesn't exist in /data/wwwroot/www.plastic-crate.co.uk/wp-content/plugins/wp-all-import/models/model/record.php:78
Stack trace:
#0 /data/wwwroot/www.plastic-crate.co.uk/wp-content/plugins/wp-all-import/actions/add_attachment.php(22): PMXI_Model_Record->insert()
#1 /data/wwwroot/www.plastic-crate.co.uk/wp-includes/class-wp-hook.php(286): pmxi_add_attachment(15726)
#2 /data/wwwroot/www.plastic-crate.co.uk/wp-includes/class-wp-hook.php(310): WP_Hook->apply_filters('', Array)
#3 /data/wwwroot/www.plastic-crate.co.uk/wp-includes/plugin.php(453): WP_Hook->do_action(Array)
#4 /data/wwwroot/www.plastic-crate.co.uk/wp-includes/post.php(3694): do_action('add_attachment', 15726)
#5 /data/wwwroot/www.plastic-crate.co.uk/wp-includes/post.php(5082): wp_insert_post(Array, false)
#6 /data/wwwroot/www.plastic-crate.co.uk/wp-content/plugins/woocommerce/includes/class-wc-install.php(1190): wp_insert_attachment(Array, '/data/wwwroot/w...')
#7 /data/wwwroot/www.plasti in /data/wwwroot/www.plastic-crate.co.uk/wp-content/plugins/wp-all-import/models/model/record.php on line 78

2019-10-29T13:10:38+00:00 CRITICAL Uncaught Exception: Table 'plastic-crate.co.uk.wp_pmxi_images' doesn't exist in /data/wwwroot/www.plastic-crate.co.uk/wp-content/plugins/wp-all-import/models/model/record.php:78
Stack trace:
#0 /data/wwwroot/www.plastic-crate.co.uk/wp-content/plugins/wp-all-import/actions/add_attachment.php(22): PMXI_Model_Record->insert()
#1 /data/wwwroot/www.plastic-crate.co.uk/wp-includes/class-wp-hook.php(286): pmxi_add_attachment(15727)
#2 /data/wwwroot/www.plastic-crate.co.uk/wp-includes/class-wp-hook.php(310): WP_Hook->apply_filters('', Array)
#3 /data/wwwroot/www.plastic-crate.co.uk/wp-includes/plugin.php(453): WP_Hook->do_action(Array)
#4 /data/wwwroot/www.plastic-crate.co.uk/wp-includes/post.php(3694): do_action('add_attachment', 15727)
#5 /data/wwwroot/www.plastic-crate.co.uk/wp-includes/post.php(5082): wp_insert_post(Array, false)
#6 /data/wwwroot/www.plastic-crate.co.uk/wp-content/plugins/woocommerce/includes/class-wc-install.php(1190): wp_insert_attachment(Array, '/data/wwwroot/w...')
#7 /data/wwwroot/www.plasti in /data/wwwroot/www.plastic-crate.co.uk/wp-content/plugins/wp-all-import/models/model/record.php on line 78

2019-10-29T13:28:48+00:00 CRITICAL Uncaught Exception: Table 'plastic-crate.co.uk.wp_pmxi_images' doesn't exist in /data/wwwroot/www.plastic-crate.co.uk/wp-content/plugins/wp-all-import/models/model/record.php:78
Stack trace:
#0 /data/wwwroot/www.plastic-crate.co.uk/wp-content/plugins/wp-all-import/actions/add_attachment.php(22): PMXI_Model_Record->insert()
#1 /data/wwwroot/www.plastic-crate.co.uk/wp-includes/class-wp-hook.php(286): pmxi_add_attachment(15728)
#2 /data/wwwroot/www.plastic-crate.co.uk/wp-includes/class-wp-hook.php(310): WP_Hook->apply_filters('', Array)
#3 /data/wwwroot/www.plastic-crate.co.uk/wp-includes/plugin.php(453): WP_Hook->do_action(Array)
#4 /data/wwwroot/www.plastic-crate.co.uk/wp-includes/post.php(3694): do_action('add_attachment', 15728)
#5 /data/wwwroot/www.plastic-crate.co.uk/wp-includes/post.php(5082): wp_insert_post(Array, false)
#6 /data/wwwroot/www.plastic-crate.co.uk/wp-content/plugins/woocommerce/includes/class-wc-install.php(1190): wp_insert_attachment(Array, '/data/wwwroot/w...')
#7 /data/wwwroot/www.plasti in /data/wwwroot/www.plastic-crate.co.uk/wp-content/plugins/wp-all-import/models/model/record.php on line 78

2019-10-29T13:42:51+00:00 CRITICAL Uncaught Exception: Table 'plastic-crate.co.uk.wp_pmxi_images' doesn't exist in /data/wwwroot/www.plastic-crate.co.uk/wp-content/plugins/wp-all-import/models/model/record.php:78
Stack trace:
#0 /data/wwwroot/www.plastic-crate.co.uk/wp-content/plugins/wp-all-import/actions/add_attachment.php(22): PMXI_Model_Record->insert()
#1 /data/wwwroot/www.plastic-crate.co.uk/wp-includes/class-wp-hook.php(286): pmxi_add_attachment(15729)
#2 /data/wwwroot/www.plastic-crate.co.uk/wp-includes/class-wp-hook.php(310): WP_Hook->apply_filters('', Array)
#3 /data/wwwroot/www.plastic-crate.co.uk/wp-includes/plugin.php(453): WP_Hook->do_action(Array)
#4 /data/wwwroot/www.plastic-crate.co.uk/wp-includes/post.php(3694): do_action('add_attachment', 15729)
#5 /data/wwwroot/www.plastic-crate.co.uk/wp-includes/post.php(5082): wp_insert_post(Array, false)
#6 /data/wwwroot/www.plastic-crate.co.uk/wp-content/plugins/woocommerce/includes/class-wc-install.php(1190): wp_insert_attachment(Array, '/data/wwwroot/w...')
#7 /data/wwwroot/www.plasti in /data/wwwroot/www.plastic-crate.co.uk/wp-content/plugins/wp-all-import/models/model/record.php on line 78

2019-10-29T13:57:03+00:00 CRITICAL Uncaught Exception: Table 'plastic-crate.co.uk.wp_pmxi_images' doesn't exist in /data/wwwroot/www.plastic-crate.co.uk/wp-content/plugins/wp-all-import/models/model/record.php:78
Stack trace:
#0 /data/wwwroot/www.plastic-crate.co.uk/wp-content/plugins/wp-all-import/actions/add_attachment.php(22): PMXI_Model_Record->insert()
#1 /data/wwwroot/www.plastic-crate.co.uk/wp-includes/class-wp-hook.php(286): pmxi_add_attachment(15730)
#2 /data/wwwroot/www.plastic-crate.co.uk/wp-includes/class-wp-hook.php(310): WP_Hook->apply_filters('', Array)
#3 /data/wwwroot/www.plastic-crate.co.uk/wp-includes/plugin.php(453): WP_Hook->do_action(Array)
#4 /data/wwwroot/www.plastic-crate.co.uk/wp-includes/post.php(3694): do_action('add_attachment', 15730)
#5 /data/wwwroot/www.plastic-crate.co.uk/wp-includes/post.php(5082): wp_insert_post(Array, false)
#6 /data/wwwroot/www.plastic-crate.co.uk/wp-content/plugins/woocommerce/includes/class-wc-install.php(1190): wp_insert_attachment(Array, '/data/wwwroot/w...')
#7 /data/wwwroot/www.plasti in /data/wwwroot/www.plastic-crate.co.uk/wp-content/plugins/wp-all-import/models/model/record.php on line 78

2019-10-29T14:08:12+00:00 CRITICAL Uncaught Exception: Table 'plastic-crate.co.uk.wp_pmxi_images' doesn't exist in /data/wwwroot/www.plastic-crate.co.uk/wp-content/plugins/wp-all-import/models/model/record.php:78
Stack trace:
#0 /data/wwwroot/www.plastic-crate.co.uk/wp-content/plugins/wp-all-import/actions/add_attachment.php(22): PMXI_Model_Record->insert()
#1 /data/wwwroot/www.plastic-crate.co.uk/wp-includes/class-wp-hook.php(286): pmxi_add_attachment(15731)
#2 /data/wwwroot/www.plastic-crate.co.uk/wp-includes/class-wp-hook.php(310): WP_Hook->apply_filters('', Array)
#3 /data/wwwroot/www.plastic-crate.co.uk/wp-includes/plugin.php(453): WP_Hook->do_action(Array)
#4 /data/wwwroot/www.plastic-crate.co.uk/wp-includes/post.php(3694): do_action('add_attachment', 15731)
#5 /data/wwwroot/www.plastic-crate.co.uk/wp-includes/post.php(5082): wp_insert_post(Array, false)
#6 /data/wwwroot/www.plastic-crate.co.uk/wp-content/plugins/woocommerce/includes/class-wc-install.php(1190): wp_insert_attachment(Array, '/data/wwwroot/w...')
#7 /data/wwwroot/www.plasti in /data/wwwroot/www.plastic-crate.co.uk/wp-content/plugins/wp-all-import/models/model/record.php on line 78

2019-10-29T14:21:54+00:00 CRITICAL Uncaught Exception: Table 'plastic-crate.co.uk.wp_pmxi_images' doesn't exist in /data/wwwroot/www.plastic-crate.co.uk/wp-content/plugins/wp-all-import/models/model/record.php:78
Stack trace:
#0 /data/wwwroot/www.plastic-crate.co.uk/wp-content/plugins/wp-all-import/actions/add_attachment.php(22): PMXI_Model_Record->insert()
#1 /data/wwwroot/www.plastic-crate.co.uk/wp-includes/class-wp-hook.php(286): pmxi_add_attachment(15732)
#2 /data/wwwroot/www.plastic-crate.co.uk/wp-includes/class-wp-hook.php(310): WP_Hook->apply_filters('', Array)
#3 /data/wwwroot/www.plastic-crate.co.uk/wp-includes/plugin.php(453): WP_Hook->do_action(Array)
#4 /data/wwwroot/www.plastic-crate.co.uk/wp-includes/post.php(3694): do_action('add_attachment', 15732)
#5 /data/wwwroot/www.plastic-crate.co.uk/wp-includes/post.php(5082): wp_insert_post(Array, false)
#6 /data/wwwroot/www.plastic-crate.co.uk/wp-content/plugins/woocommerce/includes/class-wc-install.php(1190): wp_insert_attachment(Array, '/data/wwwroot/w...')
#7 /data/wwwroot/www.plasti in /data/wwwroot/www.plastic-crate.co.uk/wp-content/plugins/wp-all-import/models/model/record.php on line 78

2019-10-29T15:12:25+00:00 CRITICAL Uncaught Exception: Table 'plastic-crate.co.uk.wp_pmxi_images' doesn't exist in /data/wwwroot/www.plastic-crate.co.uk/wp-content/plugins/wp-all-import/models/model/record.php:78
Stack trace:
#0 /data/wwwroot/www.plastic-crate.co.uk/wp-content/plugins/wp-all-import/actions/add_attachment.php(22): PMXI_Model_Record->insert()
#1 /data/wwwroot/www.plastic-crate.co.uk/wp-includes/class-wp-hook.php(286): pmxi_add_attachment(15733)
#2 /data/wwwroot/www.plastic-crate.co.uk/wp-includes/class-wp-hook.php(310): WP_Hook->apply_filters('', Array)
#3 /data/wwwroot/www.plastic-crate.co.uk/wp-includes/plugin.php(453): WP_Hook->do_action(Array)
#4 /data/wwwroot/www.plastic-crate.co.uk/wp-includes/post.php(3694): do_action('add_attachment', 15733)
#5 /data/wwwroot/www.plastic-crate.co.uk/wp-includes/post.php(5082): wp_insert_post(Array, false)
#6 /data/wwwroot/www.plastic-crate.co.uk/wp-content/plugins/woocommerce/includes/class-wc-install.php(1190): wp_insert_attachment(Array, '/data/wwwroot/w...')
#7 /data/wwwroot/www.plasti in /data/wwwroot/www.plastic-crate.co.uk/wp-content/plugins/wp-all-import/models/model/record.php on line 78

2019-10-29T15:30:04+00:00 CRITICAL Uncaught Exception: Table 'plastic-crate.co.uk.wp_pmxi_images' doesn't exist in /data/wwwroot/www.plastic-crate.co.uk/wp-content/plugins/wp-all-import/models/model/record.php:78
Stack trace:
#0 /data/wwwroot/www.plastic-crate.co.uk/wp-content/plugins/wp-all-import/actions/add_attachment.php(22): PMXI_Model_Record->insert()
#1 /data/wwwroot/www.plastic-crate.co.uk/wp-includes/class-wp-hook.php(286): pmxi_add_attachment(15734)
#2 /data/wwwroot/www.plastic-crate.co.uk/wp-includes/class-wp-hook.php(310): WP_Hook->apply_filters('', Array)
#3 /data/wwwroot/www.plastic-crate.co.uk/wp-includes/plugin.php(453): WP_Hook->do_action(Array)
#4 /data/wwwroot/www.plastic-crate.co.uk/wp-includes/post.php(3694): do_action('add_attachment', 15734)
#5 /data/wwwroot/www.plastic-crate.co.uk/wp-includes/post.php(5082): wp_insert_post(Array, false)
#6 /data/wwwroot/www.plastic-crate.co.uk/wp-content/plugins/woocommerce/includes/class-wc-install.php(1190): wp_insert_attachment(Array, '/data/wwwroot/w...')
#7 /data/wwwroot/www.plasti in /data/wwwroot/www.plastic-crate.co.uk/wp-content/plugins/wp-all-import/models/model/record.php on line 78

2019-10-29T15:40:06+00:00 CRITICAL Uncaught Exception: Table 'plastic-crate.co.uk.wp_pmxi_images' doesn't exist in /data/wwwroot/www.plastic-crate.co.uk/wp-content/plugins/wp-all-import/models/model/record.php:78
Stack trace:
#0 /data/wwwroot/www.plastic-crate.co.uk/wp-content/plugins/wp-all-import/actions/add_attachment.php(22): PMXI_Model_Record->insert()
#1 /data/wwwroot/www.plastic-crate.co.uk/wp-includes/class-wp-hook.php(286): pmxi_add_attachment(15735)
#2 /data/wwwroot/www.plastic-crate.co.uk/wp-includes/class-wp-hook.php(310): WP_Hook->apply_filters('', Array)
#3 /data/wwwroot/www.plastic-crate.co.uk/wp-includes/plugin.php(453): WP_Hook->do_action(Array)
#4 /data/wwwroot/www.plastic-crate.co.uk/wp-includes/post.php(3694): do_action('add_attachment', 15735)
#5 /data/wwwroot/www.plastic-crate.co.uk/wp-includes/post.php(5082): wp_insert_post(Array, false)
#6 /data/wwwroot/www.plastic-crate.co.uk/wp-content/plugins/woocommerce/includes/class-wc-install.php(1190): wp_insert_attachment(Array, '/data/wwwroot/w...')
#7 /data/wwwroot/www.plasti in /data/wwwroot/www.plastic-crate.co.uk/wp-content/plugins/wp-all-import/models/model/record.php on line 78

2019-10-29T15:58:56+00:00 CRITICAL Uncaught Exception: Table 'plastic-crate.co.uk.wp_pmxi_images' doesn't exist in /data/wwwroot/www.plastic-crate.co.uk/wp-content/plugins/wp-all-import/models/model/record.php:78
Stack trace:
#0 /data/wwwroot/www.plastic-crate.co.uk/wp-content/plugins/wp-all-import/actions/add_attachment.php(22): PMXI_Model_Record->insert()
#1 /data/wwwroot/www.plastic-crate.co.uk/wp-includes/class-wp-hook.php(286): pmxi_add_attachment(15736)
#2 /data/wwwroot/www.plastic-crate.co.uk/wp-includes/class-wp-hook.php(310): WP_Hook->apply_filters('', Array)
#3 /data/wwwroot/www.plastic-crate.co.uk/wp-includes/plugin.php(453): WP_Hook->do_action(Array)
#4 /data/wwwroot/www.plastic-crate.co.uk/wp-includes/post.php(3694): do_action('add_attachment', 15736)
#5 /data/wwwroot/www.plastic-crate.co.uk/wp-includes/post.php(5082): wp_insert_post(Array, false)
#6 /data/wwwroot/www.plastic-crate.co.uk/wp-content/plugins/woocommerce/includes/class-wc-install.php(1190): wp_insert_attachment(Array, '/data/wwwroot/w...')
#7 /data/wwwroot/www.plasti in /data/wwwroot/www.plastic-crate.co.uk/wp-content/plugins/wp-all-import/models/model/record.php on line 78

2019-10-29T16:21:19+00:00 CRITICAL Uncaught Exception: Table 'plastic-crate.co.uk.wp_pmxi_images' doesn't exist in /data/wwwroot/www.plastic-crate.co.uk/wp-content/plugins/wp-all-import/models/model/record.php:78
Stack trace:
#0 /data/wwwroot/www.plastic-crate.co.uk/wp-content/plugins/wp-all-import/actions/add_attachment.php(22): PMXI_Model_Record->insert()
#1 /data/wwwroot/www.plastic-crate.co.uk/wp-includes/class-wp-hook.php(286): pmxi_add_attachment(15737)
#2 /data/wwwroot/www.plastic-crate.co.uk/wp-includes/class-wp-hook.php(310): WP_Hook->apply_filters('', Array)
#3 /data/wwwroot/www.plastic-crate.co.uk/wp-includes/plugin.php(453): WP_Hook->do_action(Array)
#4 /data/wwwroot/www.plastic-crate.co.uk/wp-includes/post.php(3694): do_action('add_attachment', 15737)
#5 /data/wwwroot/www.plastic-crate.co.uk/wp-includes/post.php(5082): wp_insert_post(Array, false)
#6 /data/wwwroot/www.plastic-crate.co.uk/wp-content/plugins/woocommerce/includes/class-wc-install.php(1190): wp_insert_attachment(Array, '/data/wwwroot/w...')
#7 /data/wwwroot/www.plasti in /data/wwwroot/www.plastic-crate.co.uk/wp-content/plugins/wp-all-import/models/model/record.php on line 78

2019-10-29T16:44:51+00:00 CRITICAL Uncaught Exception: Table 'plastic-crate.co.uk.wp_pmxi_images' doesn't exist in /data/wwwroot/www.plastic-crate.co.uk/wp-content/plugins/wp-all-import/models/model/record.php:78
Stack trace:
#0 /data/wwwroot/www.plastic-crate.co.uk/wp-content/plugins/wp-all-import/actions/add_attachment.php(22): PMXI_Model_Record->insert()
#1 /data/wwwroot/www.plastic-crate.co.uk/wp-includes/class-wp-hook.php(286): pmxi_add_attachment(15738)
#2 /data/wwwroot/www.plastic-crate.co.uk/wp-includes/class-wp-hook.php(310): WP_Hook->apply_filters('', Array)
#3 /data/wwwroot/www.plastic-crate.co.uk/wp-includes/plugin.php(453): WP_Hook->do_action(Array)
#4 /data/wwwroot/www.plastic-crate.co.uk/wp-includes/post.php(3694): do_action('add_attachment', 15738)
#5 /data/wwwroot/www.plastic-crate.co.uk/wp-includes/post.php(5082): wp_insert_post(Array, false)
#6 /data/wwwroot/www.plastic-crate.co.uk/wp-content/plugins/woocommerce/includes/class-wc-install.php(1190): wp_insert_attachment(Array, '/data/wwwroot/w...')
#7 /data/wwwroot/www.plasti in /data/wwwroot/www.plastic-crate.co.uk/wp-content/plugins/wp-all-import/models/model/record.php on line 78

2019-10-29T17:05:36+00:00 CRITICAL Uncaught Exception: Table 'plastic-crate.co.uk.wp_pmxi_images' doesn't exist in /data/wwwroot/www.plastic-crate.co.uk/wp-content/plugins/wp-all-import/models/model/record.php:78
Stack trace:
#0 /data/wwwroot/www.plastic-crate.co.uk/wp-content/plugins/wp-all-import/actions/add_attachment.php(22): PMXI_Model_Record->insert()
#1 /data/wwwroot/www.plastic-crate.co.uk/wp-includes/class-wp-hook.php(286): pmxi_add_attachment(15739)
#2 /data/wwwroot/www.plastic-crate.co.uk/wp-includes/class-wp-hook.php(310): WP_Hook->apply_filters('', Array)
#3 /data/wwwroot/www.plastic-crate.co.uk/wp-includes/plugin.php(453): WP_Hook->do_action(Array)
#4 /data/wwwroot/www.plastic-crate.co.uk/wp-includes/post.php(3694): do_action('add_attachment', 15739)
#5 /data/wwwroot/www.plastic-crate.co.uk/wp-includes/post.php(5082): wp_insert_post(Array, false)
#6 /data/wwwroot/www.plastic-crate.co.uk/wp-content/plugins/woocommerce/includes/class-wc-install.php(1190): wp_insert_attachment(Array, '/data/wwwroot/w...')
#7 /data/wwwroot/www.plasti in /data/wwwroot/www.plastic-crate.co.uk/wp-content/plugins/wp-all-import/models/model/record.php on line 78

2019-10-29T17:15:46+00:00 CRITICAL Uncaught Exception: Table 'plastic-crate.co.uk.wp_pmxi_images' doesn't exist in /data/wwwroot/www.plastic-crate.co.uk/wp-content/plugins/wp-all-import/models/model/record.php:78
Stack trace:
#0 /data/wwwroot/www.plastic-crate.co.uk/wp-content/plugins/wp-all-import/actions/add_attachment.php(22): PMXI_Model_Record->insert()
#1 /data/wwwroot/www.plastic-crate.co.uk/wp-includes/class-wp-hook.php(286): pmxi_add_attachment(15740)
#2 /data/wwwroot/www.plastic-crate.co.uk/wp-includes/class-wp-hook.php(310): WP_Hook->apply_filters('', Array)
#3 /data/wwwroot/www.plastic-crate.co.uk/wp-includes/plugin.php(453): WP_Hook->do_action(Array)
#4 /data/wwwroot/www.plastic-crate.co.uk/wp-includes/post.php(3694): do_action('add_attachment', 15740)
#5 /data/wwwroot/www.plastic-crate.co.uk/wp-includes/post.php(5082): wp_insert_post(Array, false)
#6 /data/wwwroot/www.plastic-crate.co.uk/wp-content/plugins/woocommerce/includes/class-wc-install.php(1190): wp_insert_attachment(Array, '/data/wwwroot/w...')
#7 /data/wwwroot/www.plasti in /data/wwwroot/www.plastic-crate.co.uk/wp-content/plugins/wp-all-import/models/model/record.php on line 78

2019-10-29T17:41:54+00:00 CRITICAL Uncaught Exception: Table 'plastic-crate.co.uk.wp_pmxi_images' doesn't exist in /data/wwwroot/www.plastic-crate.co.uk/wp-content/plugins/wp-all-import/models/model/record.php:78
Stack trace:
#0 /data/wwwroot/www.plastic-crate.co.uk/wp-content/plugins/wp-all-import/actions/add_attachment.php(22): PMXI_Model_Record->insert()
#1 /data/wwwroot/www.plastic-crate.co.uk/wp-includes/class-wp-hook.php(286): pmxi_add_attachment(15741)
#2 /data/wwwroot/www.plastic-crate.co.uk/wp-includes/class-wp-hook.php(310): WP_Hook->apply_filters('', Array)
#3 /data/wwwroot/www.plastic-crate.co.uk/wp-includes/plugin.php(453): WP_Hook->do_action(Array)
#4 /data/wwwroot/www.plastic-crate.co.uk/wp-includes/post.php(3694): do_action('add_attachment', 15741)
#5 /data/wwwroot/www.plastic-crate.co.uk/wp-includes/post.php(5082): wp_insert_post(Array, false)
#6 /data/wwwroot/www.plastic-crate.co.uk/wp-content/plugins/woocommerce/includes/class-wc-install.php(1190): wp_insert_attachment(Array, '/data/wwwroot/w...')
#7 /data/wwwroot/www.plasti in /data/wwwroot/www.plastic-crate.co.uk/wp-content/plugins/wp-all-import/models/model/record.php on line 78

2019-10-29T18:02:56+00:00 CRITICAL Uncaught Exception: Table 'plastic-crate.co.uk.wp_pmxi_images' doesn't exist in /data/wwwroot/www.plastic-crate.co.uk/wp-content/plugins/wp-all-import/models/model/record.php:78
Stack trace:
#0 /data/wwwroot/www.plastic-crate.co.uk/wp-content/plugins/wp-all-import/actions/add_attachment.php(22): PMXI_Model_Record->insert()
#1 /data/wwwroot/www.plastic-crate.co.uk/wp-includes/class-wp-hook.php(286): pmxi_add_attachment(15742)
#2 /data/wwwroot/www.plastic-crate.co.uk/wp-includes/class-wp-hook.php(310): WP_Hook->apply_filters('', Array)
#3 /data/wwwroot/www.plastic-crate.co.uk/wp-includes/plugin.php(453): WP_Hook->do_action(Array)
#4 /data/wwwroot/www.plastic-crate.co.uk/wp-includes/post.php(3694): do_action('add_attachment', 15742)
#5 /data/wwwroot/www.plastic-crate.co.uk/wp-includes/post.php(5082): wp_insert_post(Array, false)
#6 /data/wwwroot/www.plastic-crate.co.uk/wp-content/plugins/woocommerce/includes/class-wc-install.php(1190): wp_insert_attachment(Array, '/data/wwwroot/w...')
#7 /data/wwwroot/www.plasti in /data/wwwroot/www.plastic-crate.co.uk/wp-content/plugins/wp-all-import/models/model/record.php on line 78

2019-10-29T18:14:21+00:00 CRITICAL Uncaught Exception: Table 'plastic-crate.co.uk.wp_pmxi_images' doesn't exist in /data/wwwroot/www.plastic-crate.co.uk/wp-content/plugins/wp-all-import/models/model/record.php:78
Stack trace:
#0 /data/wwwroot/www.plastic-crate.co.uk/wp-content/plugins/wp-all-import/actions/add_attachment.php(22): PMXI_Model_Record->insert()
#1 /data/wwwroot/www.plastic-crate.co.uk/wp-includes/class-wp-hook.php(286): pmxi_add_attachment(15743)
#2 /data/wwwroot/www.plastic-crate.co.uk/wp-includes/class-wp-hook.php(310): WP_Hook->apply_filters('', Array)
#3 /data/wwwroot/www.plastic-crate.co.uk/wp-includes/plugin.php(453): WP_Hook->do_action(Array)
#4 /data/wwwroot/www.plastic-crate.co.uk/wp-includes/post.php(3694): do_action('add_attachment', 15743)
#5 /data/wwwroot/www.plastic-crate.co.uk/wp-includes/post.php(5082): wp_insert_post(Array, false)
#6 /data/wwwroot/www.plastic-crate.co.uk/wp-content/plugins/woocommerce/includes/class-wc-install.php(1190): wp_insert_attachment(Array, '/data/wwwroot/w...')
#7 /data/wwwroot/www.plasti in /data/wwwroot/www.plastic-crate.co.uk/wp-content/plugins/wp-all-import/models/model/record.php on line 78

2019-10-29T18:27:45+00:00 CRITICAL Uncaught Exception: Table 'plastic-crate.co.uk.wp_pmxi_images' doesn't exist in /data/wwwroot/www.plastic-crate.co.uk/wp-content/plugins/wp-all-import/models/model/record.php:78
Stack trace:
#0 /data/wwwroot/www.plastic-crate.co.uk/wp-content/plugins/wp-all-import/actions/add_attachment.php(22): PMXI_Model_Record->insert()
#1 /data/wwwroot/www.plastic-crate.co.uk/wp-includes/class-wp-hook.php(286): pmxi_add_attachment(15744)
#2 /data/wwwroot/www.plastic-crate.co.uk/wp-includes/class-wp-hook.php(310): WP_Hook->apply_filters('', Array)
#3 /data/wwwroot/www.plastic-crate.co.uk/wp-includes/plugin.php(453): WP_Hook->do_action(Array)
#4 /data/wwwroot/www.plastic-crate.co.uk/wp-includes/post.php(3694): do_action('add_attachment', 15744)
#5 /data/wwwroot/www.plastic-crate.co.uk/wp-includes/post.php(5082): wp_insert_post(Array, false)
#6 /data/wwwroot/www.plastic-crate.co.uk/wp-content/plugins/woocommerce/includes/class-wc-install.php(1190): wp_insert_attachment(Array, '/data/wwwroot/w...')
#7 /data/wwwroot/www.plasti in /data/wwwroot/www.plastic-crate.co.uk/wp-content/plugins/wp-all-import/models/model/record.php on line 78

2019-10-29T18:39:38+00:00 CRITICAL Uncaught Exception: Table 'plastic-crate.co.uk.wp_pmxi_images' doesn't exist in /data/wwwroot/www.plastic-crate.co.uk/wp-content/plugins/wp-all-import/models/model/record.php:78
Stack trace:
#0 /data/wwwroot/www.plastic-crate.co.uk/wp-content/plugins/wp-all-import/actions/add_attachment.php(22): PMXI_Model_Record->insert()
#1 /data/wwwroot/www.plastic-crate.co.uk/wp-includes/class-wp-hook.php(286): pmxi_add_attachment(15745)
#2 /data/wwwroot/www.plastic-crate.co.uk/wp-includes/class-wp-hook.php(310): WP_Hook->apply_filters('', Array)
#3 /data/wwwroot/www.plastic-crate.co.uk/wp-includes/plugin.php(453): WP_Hook->do_action(Array)
#4 /data/wwwroot/www.plastic-crate.co.uk/wp-includes/post.php(3694): do_action('add_attachment', 15745)
#5 /data/wwwroot/www.plastic-crate.co.uk/wp-includes/post.php(5082): wp_insert_post(Array, false)
#6 /data/wwwroot/www.plastic-crate.co.uk/wp-content/plugins/woocommerce/includes/class-wc-install.php(1190): wp_insert_attachment(Array, '/data/wwwroot/w...')
#7 /data/wwwroot/www.plasti in /data/wwwroot/www.plastic-crate.co.uk/wp-content/plugins/wp-all-import/models/model/record.php on line 78

2019-10-29T18:50:31+00:00 CRITICAL Uncaught Exception: Table 'plastic-crate.co.uk.wp_pmxi_images' doesn't exist in /data/wwwroot/www.plastic-crate.co.uk/wp-content/plugins/wp-all-import/models/model/record.php:78
Stack trace:
#0 /data/wwwroot/www.plastic-crate.co.uk/wp-content/plugins/wp-all-import/actions/add_attachment.php(22): PMXI_Model_Record->insert()
#1 /data/wwwroot/www.plastic-crate.co.uk/wp-includes/class-wp-hook.php(286): pmxi_add_attachment(15746)
#2 /data/wwwroot/www.plastic-crate.co.uk/wp-includes/class-wp-hook.php(310): WP_Hook->apply_filters('', Array)
#3 /data/wwwroot/www.plastic-crate.co.uk/wp-includes/plugin.php(453): WP_Hook->do_action(Array)
#4 /data/wwwroot/www.plastic-crate.co.uk/wp-includes/post.php(3694): do_action('add_attachment', 15746)
#5 /data/wwwroot/www.plastic-crate.co.uk/wp-includes/post.php(5082): wp_insert_post(Array, false)
#6 /data/wwwroot/www.plastic-crate.co.uk/wp-content/plugins/woocommerce/includes/class-wc-install.php(1190): wp_insert_attachment(Array, '/data/wwwroot/w...')
#7 /data/wwwroot/www.plasti in /data/wwwroot/www.plastic-crate.co.uk/wp-content/plugins/wp-all-import/models/model/record.php on line 78

2019-10-29T19:07:23+00:00 CRITICAL Uncaught Exception: Table 'plastic-crate.co.uk.wp_pmxi_images' doesn't exist in /data/wwwroot/www.plastic-crate.co.uk/wp-content/plugins/wp-all-import/models/model/record.php:78
Stack trace:
#0 /data/wwwroot/www.plastic-crate.co.uk/wp-content/plugins/wp-all-import/actions/add_attachment.php(22): PMXI_Model_Record->insert()
#1 /data/wwwroot/www.plastic-crate.co.uk/wp-includes/class-wp-hook.php(286): pmxi_add_attachment(15747)
#2 /data/wwwroot/www.plastic-crate.co.uk/wp-includes/class-wp-hook.php(310): WP_Hook->apply_filters('', Array)
#3 /data/wwwroot/www.plastic-crate.co.uk/wp-includes/plugin.php(453): WP_Hook->do_action(Array)
#4 /data/wwwroot/www.plastic-crate.co.uk/wp-includes/post.php(3694): do_action('add_attachment', 15747)
#5 /data/wwwroot/www.plastic-crate.co.uk/wp-includes/post.php(5082): wp_insert_post(Array, false)
#6 /data/wwwroot/www.plastic-crate.co.uk/wp-content/plugins/woocommerce/includes/class-wc-install.php(1190): wp_insert_attachment(Array, '/data/wwwroot/w...')
#7 /data/wwwroot/www.plasti in /data/wwwroot/www.plastic-crate.co.uk/wp-content/plugins/wp-all-import/models/model/record.php on line 78

2019-10-29T19:30:47+00:00 CRITICAL Uncaught Exception: Table 'plastic-crate.co.uk.wp_pmxi_images' doesn't exist in /data/wwwroot/www.plastic-crate.co.uk/wp-content/plugins/wp-all-import/models/model/record.php:78
Stack trace:
#0 /data/wwwroot/www.plastic-crate.co.uk/wp-content/plugins/wp-all-import/actions/add_attachment.php(22): PMXI_Model_Record->insert()
#1 /data/wwwroot/www.plastic-crate.co.uk/wp-includes/class-wp-hook.php(286): pmxi_add_attachment(15748)
#2 /data/wwwroot/www.plastic-crate.co.uk/wp-includes/class-wp-hook.php(310): WP_Hook->apply_filters('', Array)
#3 /data/wwwroot/www.plastic-crate.co.uk/wp-includes/plugin.php(453): WP_Hook->do_action(Array)
#4 /data/wwwroot/www.plastic-crate.co.uk/wp-includes/post.php(3694): do_action('add_attachment', 15748)
#5 /data/wwwroot/www.plastic-crate.co.uk/wp-includes/post.php(5082): wp_insert_post(Array, false)
#6 /data/wwwroot/www.plastic-crate.co.uk/wp-content/plugins/woocommerce/includes/class-wc-install.php(1190): wp_insert_attachment(Array, '/data/wwwroot/w...')
#7 /data/wwwroot/www.plasti in /data/wwwroot/www.plastic-crate.co.uk/wp-content/plugins/wp-all-import/models/model/record.php on line 78

2019-10-29T19:48:35+00:00 CRITICAL Uncaught Exception: Table 'plastic-crate.co.uk.wp_pmxi_images' doesn't exist in /data/wwwroot/www.plastic-crate.co.uk/wp-content/plugins/wp-all-import/models/model/record.php:78
Stack trace:
#0 /data/wwwroot/www.plastic-crate.co.uk/wp-content/plugins/wp-all-import/actions/add_attachment.php(22): PMXI_Model_Record->insert()
#1 /data/wwwroot/www.plastic-crate.co.uk/wp-includes/class-wp-hook.php(286): pmxi_add_attachment(15749)
#2 /data/wwwroot/www.plastic-crate.co.uk/wp-includes/class-wp-hook.php(310): WP_Hook->apply_filters('', Array)
#3 /data/wwwroot/www.plastic-crate.co.uk/wp-includes/plugin.php(453): WP_Hook->do_action(Array)
#4 /data/wwwroot/www.plastic-crate.co.uk/wp-includes/post.php(3694): do_action('add_attachment', 15749)
#5 /data/wwwroot/www.plastic-crate.co.uk/wp-includes/post.php(5082): wp_insert_post(Array, false)
#6 /data/wwwroot/www.plastic-crate.co.uk/wp-content/plugins/woocommerce/includes/class-wc-install.php(1190): wp_insert_attachment(Array, '/data/wwwroot/w...')
#7 /data/wwwroot/www.plasti in /data/wwwroot/www.plastic-crate.co.uk/wp-content/plugins/wp-all-import/models/model/record.php on line 78

2019-10-29T20:10:34+00:00 CRITICAL Uncaught Exception: Table 'plastic-crate.co.uk.wp_pmxi_images' doesn't exist in /data/wwwroot/www.plastic-crate.co.uk/wp-content/plugins/wp-all-import/models/model/record.php:78
Stack trace:
#0 /data/wwwroot/www.plastic-crate.co.uk/wp-content/plugins/wp-all-import/actions/add_attachment.php(22): PMXI_Model_Record->insert()
#1 /data/wwwroot/www.plastic-crate.co.uk/wp-includes/class-wp-hook.php(286): pmxi_add_attachment(15750)
#2 /data/wwwroot/www.plastic-crate.co.uk/wp-includes/class-wp-hook.php(310): WP_Hook->apply_filters('', Array)
#3 /data/wwwroot/www.plastic-crate.co.uk/wp-includes/plugin.php(453): WP_Hook->do_action(Array)
#4 /data/wwwroot/www.plastic-crate.co.uk/wp-includes/post.php(3694): do_action('add_attachment', 15750)
#5 /data/wwwroot/www.plastic-crate.co.uk/wp-includes/post.php(5082): wp_insert_post(Array, false)
#6 /data/wwwroot/www.plastic-crate.co.uk/wp-content/plugins/woocommerce/includes/class-wc-install.php(1190): wp_insert_attachment(Array, '/data/wwwroot/w...')
#7 /data/wwwroot/www.plasti in /data/wwwroot/www.plastic-crate.co.uk/wp-content/plugins/wp-all-import/models/model/record.php on line 78

2019-10-29T20:22:53+00:00 CRITICAL Uncaught Exception: Table 'plastic-crate.co.uk.wp_pmxi_images' doesn't exist in /data/wwwroot/www.plastic-crate.co.uk/wp-content/plugins/wp-all-import/models/model/record.php:78
Stack trace:
#0 /data/wwwroot/www.plastic-crate.co.uk/wp-content/plugins/wp-all-import/actions/add_attachment.php(22): PMXI_Model_Record->insert()
#1 /data/wwwroot/www.plastic-crate.co.uk/wp-includes/class-wp-hook.php(286): pmxi_add_attachment(15751)
#2 /data/wwwroot/www.plastic-crate.co.uk/wp-includes/class-wp-hook.php(310): WP_Hook->apply_filters('', Array)
#3 /data/wwwroot/www.plastic-crate.co.uk/wp-includes/plugin.php(453): WP_Hook->do_action(Array)
#4 /data/wwwroot/www.plastic-crate.co.uk/wp-includes/post.php(3694): do_action('add_attachment', 15751)
#5 /data/wwwroot/www.plastic-crate.co.uk/wp-includes/post.php(5082): wp_insert_post(Array, false)
#6 /data/wwwroot/www.plastic-crate.co.uk/wp-content/plugins/woocommerce/includes/class-wc-install.php(1190): wp_insert_attachment(Array, '/data/wwwroot/w...')
#7 /data/wwwroot/www.plasti in /data/wwwroot/www.plastic-crate.co.uk/wp-content/plugins/wp-all-import/models/model/record.php on line 78

2019-10-29T20:33:12+00:00 CRITICAL Uncaught Exception: Table 'plastic-crate.co.uk.wp_pmxi_images' doesn't exist in /data/wwwroot/www.plastic-crate.co.uk/wp-content/plugins/wp-all-import/models/model/record.php:78
Stack trace:
#0 /data/wwwroot/www.plastic-crate.co.uk/wp-content/plugins/wp-all-import/actions/add_attachment.php(22): PMXI_Model_Record->insert()
#1 /data/wwwroot/www.plastic-crate.co.uk/wp-includes/class-wp-hook.php(286): pmxi_add_attachment(15752)
#2 /data/wwwroot/www.plastic-crate.co.uk/wp-includes/class-wp-hook.php(310): WP_Hook->apply_filters('', Array)
#3 /data/wwwroot/www.plastic-crate.co.uk/wp-includes/plugin.php(453): WP_Hook->do_action(Array)
#4 /data/wwwroot/www.plastic-crate.co.uk/wp-includes/post.php(3694): do_action('add_attachment', 15752)
#5 /data/wwwroot/www.plastic-crate.co.uk/wp-includes/post.php(5082): wp_insert_post(Array, false)
#6 /data/wwwroot/www.plastic-crate.co.uk/wp-content/plugins/woocommerce/includes/class-wc-install.php(1190): wp_insert_attachment(Array, '/data/wwwroot/w...')
#7 /data/wwwroot/www.plasti in /data/wwwroot/www.plastic-crate.co.uk/wp-content/plugins/wp-all-import/models/model/record.php on line 78

2019-10-29T20:49:09+00:00 CRITICAL Uncaught Exception: Table 'plastic-crate.co.uk.wp_pmxi_images' doesn't exist in /data/wwwroot/www.plastic-crate.co.uk/wp-content/plugins/wp-all-import/models/model/record.php:78
Stack trace:
#0 /data/wwwroot/www.plastic-crate.co.uk/wp-content/plugins/wp-all-import/actions/add_attachment.php(22): PMXI_Model_Record->insert()
#1 /data/wwwroot/www.plastic-crate.co.uk/wp-includes/class-wp-hook.php(286): pmxi_add_attachment(15753)
#2 /data/wwwroot/www.plastic-crate.co.uk/wp-includes/class-wp-hook.php(310): WP_Hook->apply_filters('', Array)
#3 /data/wwwroot/www.plastic-crate.co.uk/wp-includes/plugin.php(453): WP_Hook->do_action(Array)
#4 /data/wwwroot/www.plastic-crate.co.uk/wp-includes/post.php(3694): do_action('add_attachment', 15753)
#5 /data/wwwroot/www.plastic-crate.co.uk/wp-includes/post.php(5082): wp_insert_post(Array, false)
#6 /data/wwwroot/www.plastic-crate.co.uk/wp-content/plugins/woocommerce/includes/class-wc-install.php(1190): wp_insert_attachment(Array, '/data/wwwroot/w...')
#7 /data/wwwroot/www.plasti in /data/wwwroot/www.plastic-crate.co.uk/wp-content/plugins/wp-all-import/models/model/record.php on line 78

2019-10-29T21:08:01+00:00 CRITICAL Uncaught Exception: Table 'plastic-crate.co.uk.wp_pmxi_images' doesn't exist in /data/wwwroot/www.plastic-crate.co.uk/wp-content/plugins/wp-all-import/models/model/record.php:78
Stack trace:
#0 /data/wwwroot/www.plastic-crate.co.uk/wp-content/plugins/wp-all-import/actions/add_attachment.php(22): PMXI_Model_Record->insert()
#1 /data/wwwroot/www.plastic-crate.co.uk/wp-includes/class-wp-hook.php(286): pmxi_add_attachment(15754)
#2 /data/wwwroot/www.plastic-crate.co.uk/wp-includes/class-wp-hook.php(310): WP_Hook->apply_filters('', Array)
#3 /data/wwwroot/www.plastic-crate.co.uk/wp-includes/plugin.php(453): WP_Hook->do_action(Array)
#4 /data/wwwroot/www.plastic-crate.co.uk/wp-includes/post.php(3694): do_action('add_attachment', 15754)
#5 /data/wwwroot/www.plastic-crate.co.uk/wp-includes/post.php(5082): wp_insert_post(Array, false)
#6 /data/wwwroot/www.plastic-crate.co.uk/wp-content/plugins/woocommerce/includes/class-wc-install.php(1190): wp_insert_attachment(Array, '/data/wwwroot/w...')
#7 /data/wwwroot/www.plasti in /data/wwwroot/www.plastic-crate.co.uk/wp-content/plugins/wp-all-import/models/model/record.php on line 78

2019-10-29T21:21:30+00:00 CRITICAL Uncaught Exception: Table 'plastic-crate.co.uk.wp_pmxi_images' doesn't exist in /data/wwwroot/www.plastic-crate.co.uk/wp-content/plugins/wp-all-import/models/model/record.php:78
Stack trace:
#0 /data/wwwroot/www.plastic-crate.co.uk/wp-content/plugins/wp-all-import/actions/add_attachment.php(22): PMXI_Model_Record->insert()
#1 /data/wwwroot/www.plastic-crate.co.uk/wp-includes/class-wp-hook.php(286): pmxi_add_attachment(15755)
#2 /data/wwwroot/www.plastic-crate.co.uk/wp-includes/class-wp-hook.php(310): WP_Hook->apply_filters('', Array)
#3 /data/wwwroot/www.plastic-crate.co.uk/wp-includes/plugin.php(453): WP_Hook->do_action(Array)
#4 /data/wwwroot/www.plastic-crate.co.uk/wp-includes/post.php(3694): do_action('add_attachment', 15755)
#5 /data/wwwroot/www.plastic-crate.co.uk/wp-includes/post.php(5082): wp_insert_post(Array, false)
#6 /data/wwwroot/www.plastic-crate.co.uk/wp-content/plugins/woocommerce/includes/class-wc-install.php(1190): wp_insert_attachment(Array, '/data/wwwroot/w...')
#7 /data/wwwroot/www.plasti in /data/wwwroot/www.plastic-crate.co.uk/wp-content/plugins/wp-all-import/models/model/record.php on line 78

2019-10-29T21:32:01+00:00 CRITICAL Uncaught Exception: Table 'plastic-crate.co.uk.wp_pmxi_images' doesn't exist in /data/wwwroot/www.plastic-crate.co.uk/wp-content/plugins/wp-all-import/models/model/record.php:78
Stack trace:
#0 /data/wwwroot/www.plastic-crate.co.uk/wp-content/plugins/wp-all-import/actions/add_attachment.php(22): PMXI_Model_Record->insert()
#1 /data/wwwroot/www.plastic-crate.co.uk/wp-includes/class-wp-hook.php(286): pmxi_add_attachment(15756)
#2 /data/wwwroot/www.plastic-crate.co.uk/wp-includes/class-wp-hook.php(310): WP_Hook->apply_filters('', Array)
#3 /data/wwwroot/www.plastic-crate.co.uk/wp-includes/plugin.php(453): WP_Hook->do_action(Array)
#4 /data/wwwroot/www.plastic-crate.co.uk/wp-includes/post.php(3694): do_action('add_attachment', 15756)
#5 /data/wwwroot/www.plastic-crate.co.uk/wp-includes/post.php(5082): wp_insert_post(Array, false)
#6 /data/wwwroot/www.plastic-crate.co.uk/wp-content/plugins/woocommerce/includes/class-wc-install.php(1190): wp_insert_attachment(Array, '/data/wwwroot/w...')
#7 /data/wwwroot/www.plasti in /data/wwwroot/www.plastic-crate.co.uk/wp-content/plugins/wp-all-import/models/model/record.php on line 78

2019-10-29T21:48:36+00:00 CRITICAL Uncaught Exception: Table 'plastic-crate.co.uk.wp_pmxi_images' doesn't exist in /data/wwwroot/www.plastic-crate.co.uk/wp-content/plugins/wp-all-import/models/model/record.php:78
Stack trace:
#0 /data/wwwroot/www.plastic-crate.co.uk/wp-content/plugins/wp-all-import/actions/add_attachment.php(22): PMXI_Model_Record->insert()
#1 /data/wwwroot/www.plastic-crate.co.uk/wp-includes/class-wp-hook.php(286): pmxi_add_attachment(15757)
#2 /data/wwwroot/www.plastic-crate.co.uk/wp-includes/class-wp-hook.php(310): WP_Hook->apply_filters('', Array)
#3 /data/wwwroot/www.plastic-crate.co.uk/wp-includes/plugin.php(453): WP_Hook->do_action(Array)
#4 /data/wwwroot/www.plastic-crate.co.uk/wp-includes/post.php(3694): do_action('add_attachment', 15757)
#5 /data/wwwroot/www.plastic-crate.co.uk/wp-includes/post.php(5082): wp_insert_post(Array, false)
#6 /data/wwwroot/www.plastic-crate.co.uk/wp-content/plugins/woocommerce/includes/class-wc-install.php(1190): wp_insert_attachment(Array, '/data/wwwroot/w...')
#7 /data/wwwroot/www.plasti in /data/wwwroot/www.plastic-crate.co.uk/wp-content/plugins/wp-all-import/models/model/record.php on line 78

2019-10-29T22:18:08+00:00 CRITICAL Uncaught Exception: Table 'plastic-crate.co.uk.wp_pmxi_images' doesn't exist in /data/wwwroot/www.plastic-crate.co.uk/wp-content/plugins/wp-all-import/models/model/record.php:78
Stack trace:
#0 /data/wwwroot/www.plastic-crate.co.uk/wp-content/plugins/wp-all-import/actions/add_attachment.php(22): PMXI_Model_Record->insert()
#1 /data/wwwroot/www.plastic-crate.co.uk/wp-includes/class-wp-hook.php(286): pmxi_add_attachment(15758)
#2 /data/wwwroot/www.plastic-crate.co.uk/wp-includes/class-wp-hook.php(310): WP_Hook->apply_filters('', Array)
#3 /data/wwwroot/www.plastic-crate.co.uk/wp-includes/plugin.php(453): WP_Hook->do_action(Array)
#4 /data/wwwroot/www.plastic-crate.co.uk/wp-includes/post.php(3694): do_action('add_attachment', 15758)
#5 /data/wwwroot/www.plastic-crate.co.uk/wp-includes/post.php(5082): wp_insert_post(Array, false)
#6 /data/wwwroot/www.plastic-crate.co.uk/wp-content/plugins/woocommerce/includes/class-wc-install.php(1190): wp_insert_attachment(Array, '/data/wwwroot/w...')
#7 /data/wwwroot/www.plasti in /data/wwwroot/www.plastic-crate.co.uk/wp-content/plugins/wp-all-import/models/model/record.php on line 78

2019-10-29T22:37:46+00:00 CRITICAL Uncaught Exception: Table 'plastic-crate.co.uk.wp_pmxi_images' doesn't exist in /data/wwwroot/www.plastic-crate.co.uk/wp-content/plugins/wp-all-import/models/model/record.php:78
Stack trace:
#0 /data/wwwroot/www.plastic-crate.co.uk/wp-content/plugins/wp-all-import/actions/add_attachment.php(22): PMXI_Model_Record->insert()
#1 /data/wwwroot/www.plastic-crate.co.uk/wp-includes/class-wp-hook.php(286): pmxi_add_attachment(15759)
#2 /data/wwwroot/www.plastic-crate.co.uk/wp-includes/class-wp-hook.php(310): WP_Hook->apply_filters('', Array)
#3 /data/wwwroot/www.plastic-crate.co.uk/wp-includes/plugin.php(453): WP_Hook->do_action(Array)
#4 /data/wwwroot/www.plastic-crate.co.uk/wp-includes/post.php(3694): do_action('add_attachment', 15759)
#5 /data/wwwroot/www.plastic-crate.co.uk/wp-includes/post.php(5082): wp_insert_post(Array, false)
#6 /data/wwwroot/www.plastic-crate.co.uk/wp-content/plugins/woocommerce/includes/class-wc-install.php(1190): wp_insert_attachment(Array, '/data/wwwroot/w...')
#7 /data/wwwroot/www.plasti in /data/wwwroot/www.plastic-crate.co.uk/wp-content/plugins/wp-all-import/models/model/record.php on line 78

2019-10-29T23:06:50+00:00 CRITICAL Uncaught Exception: Table 'plastic-crate.co.uk.wp_pmxi_images' doesn't exist in /data/wwwroot/www.plastic-crate.co.uk/wp-content/plugins/wp-all-import/models/model/record.php:78
Stack trace:
#0 /data/wwwroot/www.plastic-crate.co.uk/wp-content/plugins/wp-all-import/actions/add_attachment.php(22): PMXI_Model_Record->insert()
#1 /data/wwwroot/www.plastic-crate.co.uk/wp-includes/class-wp-hook.php(286): pmxi_add_attachment(15760)
#2 /data/wwwroot/www.plastic-crate.co.uk/wp-includes/class-wp-hook.php(310): WP_Hook->apply_filters('', Array)
#3 /data/wwwroot/www.plastic-crate.co.uk/wp-includes/plugin.php(453): WP_Hook->do_action(Array)
#4 /data/wwwroot/www.plastic-crate.co.uk/wp-includes/post.php(3694): do_action('add_attachment', 15760)
#5 /data/wwwroot/www.plastic-crate.co.uk/wp-includes/post.php(5082): wp_insert_post(Array, false)
#6 /data/wwwroot/www.plastic-crate.co.uk/wp-content/plugins/woocommerce/includes/class-wc-install.php(1190): wp_insert_attachment(Array, '/data/wwwroot/w...')
#7 /data/wwwroot/www.plasti in /data/wwwroot/www.plastic-crate.co.uk/wp-content/plugins/wp-all-import/models/model/record.php on line 78

2019-10-29T23:19:35+00:00 CRITICAL Uncaught Exception: Table 'plastic-crate.co.uk.wp_pmxi_images' doesn't exist in /data/wwwroot/www.plastic-crate.co.uk/wp-content/plugins/wp-all-import/models/model/record.php:78
Stack trace:
#0 /data/wwwroot/www.plastic-crate.co.uk/wp-content/plugins/wp-all-import/actions/add_attachment.php(22): PMXI_Model_Record->insert()
#1 /data/wwwroot/www.plastic-crate.co.uk/wp-includes/class-wp-hook.php(286): pmxi_add_attachment(15761)
#2 /data/wwwroot/www.plastic-crate.co.uk/wp-includes/class-wp-hook.php(310): WP_Hook->apply_filters('', Array)
#3 /data/wwwroot/www.plastic-crate.co.uk/wp-includes/plugin.php(453): WP_Hook->do_action(Array)
#4 /data/wwwroot/www.plastic-crate.co.uk/wp-includes/post.php(3694): do_action('add_attachment', 15761)
#5 /data/wwwroot/www.plastic-crate.co.uk/wp-includes/post.php(5082): wp_insert_post(Array, false)
#6 /data/wwwroot/www.plastic-crate.co.uk/wp-content/plugins/woocommerce/includes/class-wc-install.php(1190): wp_insert_attachment(Array, '/data/wwwroot/w...')
#7 /data/wwwroot/www.plasti in /data/wwwroot/www.plastic-crate.co.uk/wp-content/plugins/wp-all-import/models/model/record.php on line 78

2019-10-29T23:47:57+00:00 CRITICAL Uncaught Exception: Table 'plastic-crate.co.uk.wp_pmxi_images' doesn't exist in /data/wwwroot/www.plastic-crate.co.uk/wp-content/plugins/wp-all-import/models/model/record.php:78
Stack trace:
#0 /data/wwwroot/www.plastic-crate.co.uk/wp-content/plugins/wp-all-import/actions/add_attachment.php(22): PMXI_Model_Record->insert()
#1 /data/wwwroot/www.plastic-crate.co.uk/wp-includes/class-wp-hook.php(286): pmxi_add_attachment(15762)
#2 /data/wwwroot/www.plastic-crate.co.uk/wp-includes/class-wp-hook.php(310): WP_Hook->apply_filters('', Array)
#3 /data/wwwroot/www.plastic-crate.co.uk/wp-includes/plugin.php(453): WP_Hook->do_action(Array)
#4 /data/wwwroot/www.plastic-crate.co.uk/wp-includes/post.php(3694): do_action('add_attachment', 15762)
#5 /data/wwwroot/www.plastic-crate.co.uk/wp-includes/post.php(5082): wp_insert_post(Array, false)
#6 /data/wwwroot/www.plastic-crate.co.uk/wp-content/plugins/woocommerce/includes/class-wc-install.php(1190): wp_insert_attachment(Array, '/data/wwwroot/w...')
#7 /data/wwwroot/www.plasti in /data/wwwroot/www.plastic-crate.co.uk/wp-content/plugins/wp-all-import/models/model/record.php on line 78

